Divisors		1	10	10	10	10	10	10	10	10	1	1	10	10	10	100	1	10	10
Date	Time	Version	BT1	BT1 Mean	BT2	BT3	BT10	BT11	Calc Supply	GM	Alarm	RELAYS PCA BASE	BT12	BT14	BT17	Tot.int.add.	Prio	BT6	BT50
2012-12-30	14:07:08	1199	9	-4	336	317	68	53	350	336	0	2	331	340	264	0	10	470	200
2012-12-30	14:08:08	1199	9	-4	335	316	71	53	350	322	0	2	331	338	263	0	10	469	200
2012-12-30	14:09:08	1199	9	-4	334	316	72	55	350	307	0	2	330	336	263	0	10	469	200
2012-12-30	14:10:08	1199	9	-4	334	315	73	56	350	291	0	2	329	334	262	0	10	469	200
2012-12-30	14:11:09	1199	9	-4	333	314	76	56	350	274	0	2	327	332	262	0	10	468	200
2012-12-30	14:12:09	1199	9	-4	332	313	78	58	350	256	0	2	326	331	261	0	10	468	200
2012-12-30	14:13:09	1199	9	-4	331	311	79	59	347	238	0	2	325	330	261	0	10	468	201
2012-12-30	14:14:09	1199	9	-4	331	311	80	59	350	219	0	2	324	328	260	0	10	468	200
2012-12-30	14:15:09	1199	9	-4	330	309	82	60	347	200	0	2	323	327	259	0	10	467	201
2012-12-30	14:16:09	1199	9	-4	329	308	83	61	347	183	0	2	322	325	258	0	10	467	201
2012-12-30	14:17:09	1199	9	-4	328	307	85	62	347	162	0	2	321	324	258	0	10	467	201
2012-12-30	14:18:09	1199	9	-4	328	306	87	63	347	143	0	2	320	323	257	0	10	467	201
2012-12-30	14:19:09	1199	9	-4	326	305	88	63	347	123	0	2	319	321	256	0	10	467	201
2012-12-30	14:20:09	1199	9	-4	326	304	90	65	347	102	0	2	318	320	256	0	10	466	201
2012-12-30	14:21:09	1199	9	-4	325	303	91	65	347	83	0	2	317	319	255	0	10	466	201
2012-12-30	14:22:09	1199	9	-3	324	302	92	66	347	60	0	2	316	317	254	0	10	466	201
2012-12-30	14:23:09	1199	9	-3	323	301	92	66	347	39	0	2	315	316	254	0	10	465	201
2012-12-30	14:24:09	1199	9	-3	322	300	94	68	344	14	0	2	314	315	253	0	10	465	202
2012-12-30	14:25:09	1199	9	-3	321	299	95	68	347	-12	0	2	314	314	253	0	10	465	201
2012-12-30	14:26:09	1199	9	-3	320	297	96	69	344	-39	0	2	313	313	252	0	10	465	202
2012-12-30	14:27:09	1199	9	-3	319	296	98	69	347	-66	0	2	312	312	252	0	10	465	201
2012-12-30	14:28:09	1199	9	-3	318	295	99	71	344	-91	0	2	311	311	251	0	10	464	202
2012-12-30	14:29:09	1199	9	-3	317	294	100	71	344	-117	0	2	311	310	250	0	10	464	202
2012-12-30	14:30:09	1199	9	-3	317	294	102	72	344	-144	0	2	310	309	250	0	10	464	202
2012-12-30	14:31:09	1199	9	-3	316	293	103	72	344	-172	0	2	309	308	249	0	10	464	202
2012-12-30	14:32:09	1199	9	-3	315	292	103	73	344	-201	0	2	309	307	249	0	10	463	202
2012-12-30	14:33:09	1199	9	-3	314	291	104	73	344	-230	0	2	308	306	248	0	10	463	202
2012-12-30	14:34:09	1199	9	-3	313	291	106	73	344	-260	0	2	307	305	248	0	10	463	202
2012-12-30	14:35:09	1199	9	-3	313	290	106	75	344	-291	0	2	307	304	248	0	10	462	202
2012-12-30	14:36:09	1199	9	-3	312	289	107	75	344	-322	0	2	306	304	247	0	10	462	202
2012-12-30	14:37:09	1199	9	-3	311	288	108	75	344	-354	0	2	305	303	247	0	10	462	202
2012-12-30	14:38:09	1199	9	-3	311	288	109	76	344	-387	0	2	305	302	246	0	10	461	202
2012-12-30	14:39:09	1199	9	-3	310	287	109	76	344	-420	0	2	304	301	246	0	10	461	202
2012-12-30	14:40:09	1199	9	-3	309	286	111	78	344	-454	0	2	303	301	245	0	10	461	202
2012-12-30	14:41:09	1199	9	-3	309	285	112	78	344	-489	0	2	303	300	244	0	10	460	202
2012-12-30	14:42:09	1199	9	-3	308	284	113	78	344	-525	0	2	303	299	244	0	10	460	202
2012-12-30	14:43:09	1199	9	-3	308	284	113	79	344	-561	0	2	301	299	244	0	10	460	202
2012-12-30	14:44:09	1199	9	-3	307	283	115	79	344	-598	0	2	301	298	243	0	10	459	202
2012-12-30	14:45:09	1199	9	-3	296	270	50	75	342	-635	0	7	286	328	194	0	30	459	203
2012-12-30	14:46:09	1199	9	-3	311	264	29	13	342	-635	0	7	317	505	1	0	30	459	203
2012-12-30	14:47:09	1199	9	-3	317	267	29	-8	344	-635	0	7	319	554	33	0	30	458	202
2012-12-30	14:48:09	1199	9	-3	318	268	32	-10	342	-662	0	7	319	568	40	0	30	458	203
2012-12-30	14:49:09	1199	9	-3	321	271	34	-10	344	-687	0	7	326	578	36	0	30	458	202
2012-12-30	14:50:09	1199	9	-3	324	274	35	-10	344	-707	0	7	327	585	41	0	30	457	202
2012-12-30	14:51:09	1199	9	-3	328	279	34	-8	342	-726	0	7	332	593	37	0	30	457	203
2012-12-30	14:52:09	1199	9	-3	332	285	35	-8	344	-740	0	7	335	598	41	0	30	457	202
2012-12-30	14:53:09	1199	9	-3	337	289	34	-8	344	-748	0	7	342	605	38	0	30	457	202
2012-12-30	14:54:09	1199	9	-3	341	293	34	-8	342	-754	0	7	344	611	40	0	30	456	203
2012-12-30	14:55:09	1199	9	-3	344	295	32	-8	344	-756	0	7	348	616	38	0	30	456	202
2012-12-30	14:56:09	1199	9	-3	347	298	32	-8	344	-753	0	7	350	619	38	0	30	456	202
2012-12-30	14:57:09	1199	9	-3	350	300	32	-8	342	-749	0	7	352	624	40	0	30	455	203
2012-12-30	14:58:09	1199	9	-3	352	303	34	-7	342	-743	0	7	354	627	40	0	30	455	203
2012-12-30	14:59:09	1199	9	-3	355	305	32	-7	344	-734	0	7	357	631	37	0	30	455	202
2012-12-30	15:00:09	1199	9	-3	356	308	26	-10	344	-721	0	7	358	635	31	0	30	454	202
2012-12-30	15:01:09	1199	9	-3	358	311	23	-13	344	-708	0	7	358	641	32	0	30	454	202
2012-12-30	15:02:09	1199	9	-3	358	313	21	-15	342	-692	0	7	361	645	28	0	30	454	203
2012-12-30	15:03:09	1199	9	-3	360	315	19	-17	344	-677	0	7	361	647	27	0	30	453	202
2012-12-30	15:04:09	1199	9	-3	361	316	18	-16	344	-659	0	7	362	651	29	0	30	453	202
2012-12-30	15:05:09	1199	9	-3	363	318	18	-17	342	-639	0	7	364	654	26	0	30	453	203
2012-12-30	15:06:09	1199	9	-2	364	320	18	-17	344	-618	0	7	365	656	29	0	30	452	202
2012-12-30	15:07:09	1199	9	-2	366	321	18	-17	344	-597	0	7	367	659	26	0	30	452	202
2012-12-30	15:08:09	1199	9	-2	367	323	16	-19	342	-575	0	7	368	660	26	0	30	452	203
2012-12-30	15:09:09	1199	9	-2	368	324	16	-19	342	-551	0	7	369	664	27	0	30	451	203
2012-12-30	15:10:09	1199	9	-2	369	325	16	-19	342	-527	0	7	371	664	25	0	30	451	203
2012-12-30	15:11:09	1199	9	-2	371	326	16	-19	344	-499	0	7	371	667	28	0	30	451	202
2012-12-30	15:12:09	1199	9	-2	372	327	16	-19	344	-470	0	7	373	669	24	0	30	450	202
2012-12-30	15:13:09	1199	9	-2	373	328	14	-19	342	-440	0	7	373	671	26	0	30	450	203
2012-12-30	15:14:09	1199	9	-2	374	329	13	-20	342	-411	0	7	374	674	26	0	30	450	203
2012-12-30	15:15:09	1199	9	-2	375	331	13	-21	344	-381	0	7	376	674	21	0	30	450	202
2012-12-30	15:16:09	1199	9	-2	375	331	11	-21	342	-348	0	7	375	678	24	0	30	449	203
2012-12-30	15:17:09	1199	9	-2	376	331	11	-22	342	-316	0	7	377	680	22	0	30	449	203
2012-12-30	15:18:09	1199	9	-2	377	332	11	-22	344	-281	0	7	378	680	21	0	30	449	202
2012-12-30	15:19:09	1199	9	-2	378	333	9	-23	344	-246	0	7	378	682	23	0	30	449	202
2012-12-30	15:20:09	1199	9	-2	379	334	9	-23	342	-210	0	7	379	682	22	0	30	448	203
2012-12-30	15:21:09	1199	9	-2	379	334	10	-23	342	-173	0	7	380	684	22	0	30	448	203
2012-12-30	15:22:09	1199	9	-2	380	335	9	-23	342	-137	0	7	380	687	23	0	30	448	203
2012-12-30	15:23:09	1199	9	-2	381	335	8	-23	342	-99	0	7	381	687	19	0	30	448	203
2012-12-30	15:24:09	1199	9	-2	381	336	9	-23	342	-62	0	7	381	690	24	0	30	448	203
2012-12-30	15:25:09	1199	9	-2	382	337	8	-23	342	-23	0	7	382	688	19	0	30	448	203
2012-12-30	15:26:09	1199	9	-2	382	336	8	-5	342	17	0	2	382	669	37	0	10	447	203
2012-12-30	15:27:09	1199	9	-2	381	335	12	5	342	57	0	2	390	605	72	0	10	447	203
2012-12-30	15:28:10	1199	9	-2	381	335	15	11	342	96	0	2	396	547	103	0	10	447	203
2012-12-30	15:29:10	1199	9	-2	381	334	18	16	342	135	0	2	394	501	131	0	10	447	203
2012-12-30	15:30:10	1199	9	-2	378	334	21	18	342	173	0	2	389	468	155	0	10	447	203
2012-12-30	15:31:10	1199	9	-2	374	332	24	21	342	208	0	2	383	446	175	0	10	446	203
2012-12-30	15:32:10	1199	9	-2	371	331	26	26	342	239	0	2	375	429	195	0	10	446	203
2012-12-30	15:33:10	1199	9	-2	368	330	29	30	342	267	0	2	367	416	211	0	10	446	203
2012-12-30	15:34:10	1199	9	-2	364	328	32	34	342	291	0	2	361	404	223	0	10	446	203
2012-12-30	15:35:10	1199	9	-2	361	327	35	37	342	312	0	2	356	393	231	0	10	446	203
2012-12-30	15:36:10	1199	9	-2	358	325	38	40	342	329	0	2	351	385	238	0	10	446	203
2012-12-30	15:37:10	1199	9	-2	355	324	40	41	342	344	0	2	347	376	243	0	10	445	203
2012-12-30	15:38:10	1199	9	-2	351	323	43	43	342	356	0	2	343	368	249	0	10	445	203
2012-12-30	15:39:10	1199	9	-2	348	321	46	44	342	364	0	2	340	363	252	0	10	445	203
2012-12-30	15:40:10	1199	9	-2	345	320	47	46	342	369	0	2	337	358	254	0	10	445	203
2012-12-30	15:41:10	1199	9	-2	342	319	50	46	342	371	0	2	334	356	256	0	10	445	203
2012-12-30	15:42:10	1199	9	-2	339	318	52	47	342	370	0	2	332	352	257	0	10	445	203
2012-12-30	15:43:10	1199	9	-2	337	317	55	49	342	366	0	2	331	349	258	0	10	444	203
2012-12-30	15:44:10	1199	9	-2	335	316	56	49	342	360	0	2	331	346	259	0	10	444	203
2012-12-30	15:45:10	1199	9	-2	333	315	59	50	342	352	0	2	329	343	259	0	10	444	203
2012-12-30	15:46:10	1199	9	-2	331	314	61	52	342	342	0	2	329	341	259	0	10	444	203
2012-12-30	15:47:10	1199	9	-2	331	313	63	52	342	331	0	2	328	339	259	0	10	444	203
2012-12-30	15:48:10	1199	9	-2	331	312	65	53	342	320	0	2	327	336	259	0	10	444	203
2012-12-30	15:49:10	1199	9	-2	329	312	66	55	342	308	0	2	327	334	258	0	10	443	203
2012-12-30	15:50:10	1199	9	-2	329	311	69	55	342	295	0	2	326	333	258	0	10	443	203
2012-12-30	15:51:10	1199	9	-2	328	310	71	56	342	282	0	2	325	331	258	0	10	443	203
2012-12-30	15:52:10	1199	9	-2	328	309	72	57	342	271	0	2	324	330	257	0	10	443	203
2012-12-30	15:53:10	1199	9	-2	327	308	73	58	342	257	0	2	323	328	257	0	10	443	203
2012-12-30	15:54:10	1199	9	-2	327	306	76	59	342	245	0	2	322	327	256	0	10	443	203
2012-12-30	15:55:10	1199	9	-1	326	305	78	59	342	229	0	2	321	325	256	0	10	443	203
2012-12-30	15:56:10	1199	9	-1	326	305	79	61	342	213	0	2	320	323	255	0	10	443	203
2012-12-30	15:57:10	1199	9	-1	325	304	80	61	342	199	0	2	319	322	254	0	10	442	203
2012-12-30	15:58:10	1199	9	-1	324	303	82	62	342	182	0	2	318	320	254	0	10	442	203
2012-12-30	15:59:10	1199	9	-1	324	302	84	62	339	164	0	2	317	319	253	0	10	442	204
2012-12-30	16:00:10	1199	9	-1	323	300	84	63	342	145	0	2	316	317	252	0	10	442	203
2012-12-30	16:01:10	1199	9	-1	322	299	86	65	342	129	0	2	315	316	252	0	10	442	203
2012-12-30	16:02:10	1199	9	-1	321	298	88	65	339	109	0	2	314	315	251	0	10	442	204
2012-12-30	16:03:10	1199	9	-1	320	297	89	66	342	91	0	2	313	314	251	0	10	441	203
2012-12-30	16:04:10	1199	9	-1	320	296	91	66	339	69	0	2	312	313	250	0	10	441	204
2012-12-30	16:05:10	1199	9	-1	319	295	91	68	342	49	0	2	311	312	249	0	10	441	203
2012-12-30	16:06:10	1199	9	-1	318	294	92	68	342	26	0	2	310	311	249	0	10	441	203
2012-12-30	16:07:10	1199	9	-1	317	294	94	69	342	5	0	2	310	309	248	0	10	441	203
2012-12-30	16:08:10	1199	9	-1	317	293	95	70	342	-17	0	2	309	308	247	0	10	441	203
2012-12-30	16:09:10	1199	9	-1	316	292	96	71	342	-43	0	2	308	307	247	0	10	440	203
2012-12-30	16:10:10	1199	9	-1	315	291	98	71	339	-67	0	2	307	306	246	0	10	440	204
2012-12-30	16:11:10	1199	9	-1	314	290	99	72	342	-91	0	2	306	305	246	0	10	440	203
2012-12-30	16:12:10	1199	9	-1	313	289	100	72	339	-116	0	2	306	304	245	0	10	440	204
2012-12-30	16:13:10	1199	9	-1	313	288	102	73	339	-145	0	2	305	304	244	0	10	440	204
2012-12-30	16:14:10	1199	9	-1	312	287	102	73	339	-175	0	2	304	303	243	0	10	440	204
2012-12-30	16:15:10	1199	9	-1	311	286	103	73	342	-205	0	2	303	302	243	0	10	439	203
2012-12-30	16:16:10	1199	9	-1	310	286	104	75	339	-236	0	2	303	301	243	0	10	439	204
2012-12-30	16:17:10	1199	9	-1	310	285	106	75	342	-265	0	2	302	300	242	0	10	439	203
2012-12-30	16:18:10	1199	9	-1	309	284	106	75	339	-298	0	2	301	300	242	0	10	439	204
2012-12-30	16:19:10	1199	9	-1	308	284	107	76	342	-328	0	2	301	299	241	0	10	438	203
2012-12-30	16:20:10	1199	9	-1	307	283	108	76	342	-359	0	2	300	298	241	0	10	438	203
2012-12-30	16:21:10	1199	9	-1	307	282	109	76	339	-394	0	2	300	297	241	0	10	437	204
2012-12-30	16:22:10	1199	9	-1	306	281	109	78	342	-430	0	2	299	297	240	0	10	437	203
2012-12-30	16:23:10	1199	9	-1	306	281	111	78	339	-463	0	2	298	296	240	0	10	436	204
2012-12-30	16:24:10	1199	9	-1	305	280	112	78	342	-497	0	2	298	295	240	0	10	436	203
2012-12-30	16:25:10	1199	9	-1	304	279	112	79	342	-532	0	2	297	294	239	0	10	435	203
2012-12-30	16:26:10	1199	9	-1	303	279	113	79	342	-567	0	2	297	294	239	0	10	435	203
2012-12-30	16:27:10	1199	9	-1	294	270	50	76	342	-606	0	7	285	336	172	0	30	434	203
2012-12-30	16:28:10	1199	9	-1	312	265	29	14	342	-606	0	7	319	505	2	0	30	433	203
2012-12-30	16:29:10	1199	9	-1	317	268	30	-6	339	-606	0	7	320	553	34	0	30	433	204
2012-12-30	16:30:10	1199	9	-1	319	269	32	-10	342	-630	0	7	320	567	40	0	30	432	203
2012-12-30	16:31:10	1199	9	-1	322	272	34	-10	339	-652	0	7	327	579	37	0	30	432	204
2012-12-30	16:32:10	1199	9	-1	325	276	35	-8	339	-671	0	7	329	586	41	0	30	432	204
2012-12-30	16:33:10	1199	9	-1	329	281	35	-8	342	-684	0	7	334	593	38	0	30	431	203
2012-12-30	16:34:10	1199	9	-1	333	286	35	-7	342	-695	0	7	337	598	42	0	30	431	203
2012-12-30	16:35:10	1199	9	-1	338	290	34	-6	342	-699	0	7	343	605	39	0	30	431	203
2012-12-30	16:36:10	1199	9	-1	341	294	34	-6	339	-699	0	7	345	610	40	0	30	430	204
2012-12-30	16:37:10	1199	9	-1	345	296	34	-7	342	-698	0	7	349	616	40	0	30	430	203
2012-12-30	16:38:10	1199	9	-1	348	299	34	-7	339	-694	0	7	351	619	38	0	30	430	204
2012-12-30	16:39:10	1199	9	-1	350	302	34	-8	339	-687	0	7	353	624	41	0	30	430	204
2012-12-30	16:40:10	1199	9	-1	353	304	35	-6	339	-678	0	7	356	627	40	0	30	430	204
2012-12-30	16:41:10	1199	9	-1	355	307	32	-6	339	-666	0	7	358	632	40	0	30	429	204
2012-12-30	16:42:10	1199	9	-1	357	310	27	-10	342	-652	0	7	359	636	31	0	30	429	203
2012-12-30	16:43:10	1199	9	-1	358	312	24	-13	342	-634	0	7	359	640	32	0	30	429	203
2012-12-30	16:44:11	1199	9	-1	359	314	21	-15	339	-618	0	7	361	645	30	0	30	429	204
2012-12-30	16:45:11	1199	9	-1	361	316	19	-15	339	-598	0	7	362	647	27	0	30	428	204
2012-12-30	16:46:11	1199	9	-1	362	318	19	-17	342	-579	0	7	364	653	30	0	30	428	203
2012-12-30	16:47:11	1199	9	-1	363	319	19	-17	342	-555	0	7	366	654	26	0	30	428	203
2012-12-30	16:48:11	1199	9	0	365	321	18	-17	339	-533	0	7	366	656	29	0	30	427	204
2012-12-30	16:49:11	1199	9	0	366	322	18	-17	339	-506	0	7	369	659	27	0	30	427	204
2012-12-30	16:50:11	1199	9	0	368	324	18	-17	342	-478	0	7	369	660	27	0	30	427	203
2012-12-30	16:51:11	1199	9	0	369	325	18	-18	339	-452	0	7	370	664	27	0	30	426	204
2012-12-30	16:52:11	1199	9	0	370	326	16	-18	339	-421	0	7	372	665	24	0	30	426	204
2012-12-30	16:53:11	1199	9	0	371	327	16	-19	339	-389	0	7	372	669	29	0	30	426	204
2012-12-30	16:54:11	1199	9	0	373	329	16	-19	339	-359	0	7	374	669	25	0	30	425	204
2012-12-30	16:55:11	1199	9	0	374	330	16	-19	339	-328	0	7	374	671	27	0	30	425	204
2012-12-30	16:56:11	1199	9	0	375	331	14	-19	339	-296	0	7	376	674	25	0	30	425	204
2012-12-30	16:57:11	1199	9	0	376	331	13	-19	339	-263	0	7	376	674	23	0	30	425	204
2012-12-30	16:58:11	1199	9	0	376	332	11	-21	339	-226	0	7	377	678	24	0	30	425	204
2012-12-30	16:59:11	1199	9	0	377	332	11	-21	339	-191	0	7	378	678	22	0	30	425	204
2012-12-30	17:00:11	1199	9	0	378	333	9	-21	339	-155	0	7	379	680	21	0	30	425	204
2012-12-30	17:01:11	1199	9	0	379	334	11	-23	339	-116	0	7	379	682	24	0	30	425	204
2012-12-30	17:02:11	1199	9	0	380	335	10	-21	339	-76	0	7	381	682	21	0	30	424	204
2012-12-30	17:03:11	1199	9	0	380	335	10	-22	339	-35	0	7	380	685	24	0	30	424	204
2012-12-30	17:04:11	1199	9	0	381	335	9	-9	339	4	0	2	387	666	34	0	10	424	204
2012-12-30	17:05:11	1199	9	0	381	334	14	7	339	46	0	2	403	602	68	0	10	424	204
2012-12-30	17:06:11	1199	9	0	382	333	19	14	339	88	0	2	409	544	98	0	10	424	204
2012-12-30	17:07:11	1199	9	0	383	333	22	21	339	132	0	2	407	498	128	0	10	424	204
2012-12-30	17:08:11	1199	9	0	383	332	24	29	339	176	0	2	402	466	152	0	10	424	204
2012-12-30	17:09:11	1199	9	0	382	331	27	37	339	220	0	2	393	443	173	0	10	424	204
