Divisors		1	10	10	10	10	10	10	10	10	1	1	10	10	10	100	1	10	10
Date	Time	Version	BT1	BT1 Mean	BT2	BT3	BT10	BT11	Calc Supply	GM	Alarm	RELAYS PCA BASE	BT12	BT14	BT17	Tot.int.add.	Prio	BT6	BT50
2012-12-25	17:35:56	1199	-70	-98	383	340	-8	-38	373	-1045	0	7	383	710	12	0	30	463	198
2012-12-25	17:36:01	1199	-70	-98	383	341	-8	-38	373	-1035	0	7	383	710	13	0	30	463	198
2012-12-25	17:36:06	1199	-70	-98	383	340	-8	-38	373	-1035	0	7	383	710	12	0	30	463	198
2012-12-25	17:36:11	1199	-70	-98	383	340	-8	-38	373	-1035	0	7	383	710	11	0	30	463	198
2012-12-25	17:36:16	1199	-70	-98	383	340	-8	-38	373	-1035	0	7	383	710	10	0	30	463	198
2012-12-25	17:36:21	1199	-70	-98	383	341	-8	-38	373	-1035	0	7	383	708	9	0	30	463	198
2012-12-25	17:36:26	1199	-70	-98	383	340	-8	-38	373	-1035	0	7	383	708	8	0	30	463	198
2012-12-25	17:36:31	1199	-70	-98	383	341	-8	-38	373	-1035	0	7	383	708	8	0	30	463	198
2012-12-25	17:36:36	1199	-70	-98	383	340	-8	-38	373	-1035	0	7	384	707	6	0	30	463	198
2012-12-25	17:36:41	1199	-70	-98	383	341	-8	-38	373	-1035	0	7	384	707	4	0	30	462	198
2012-12-25	17:36:46	1199	-70	-98	383	340	-8	-38	373	-1035	0	7	384	707	4	0	30	462	198
2012-12-25	17:36:51	1199	-70	-98	384	340	-8	-38	373	-1035	0	7	384	707	4	0	30	462	198
2012-12-25	17:36:56	1199	-70	-98	383	340	-8	-38	373	-1035	0	7	384	708	6	0	30	462	198
2012-12-25	17:37:01	1199	-70	-98	383	340	-8	-38	373	-1025	0	7	384	708	6	0	30	462	198
2012-12-25	17:37:06	1199	-70	-98	383	340	-8	-38	373	-1025	0	7	383	708	8	0	30	462	198
2012-12-25	17:37:11	1199	-70	-98	383	340	-8	-38	373	-1025	0	7	384	710	8	0	30	462	198
2012-12-25	17:37:16	1199	-70	-98	383	340	-8	-38	373	-1025	0	7	383	710	9	0	30	462	198
2012-12-25	17:37:21	1199	-70	-98	383	341	-8	-38	373	-1025	0	7	383	710	11	0	30	462	198
2012-12-25	17:37:26	1199	-70	-98	383	340	-8	-38	373	-1025	0	7	383	710	12	0	30	462	198
2012-12-25	17:37:31	1199	-70	-98	383	341	-8	-38	373	-1025	0	7	383	710	13	0	30	462	198
2012-12-25	17:37:36	1199	-70	-98	383	340	-8	-38	373	-1025	0	7	383	710	13	0	30	462	198
2012-12-25	17:37:41	1199	-70	-98	383	341	-8	-38	373	-1025	0	7	383	710	13	0	30	462	198
2012-12-25	17:37:46	1199	-70	-98	383	340	-8	-38	373	-1025	0	7	383	710	13	0	30	462	198
2012-12-25	17:37:51	1199	-70	-98	383	341	-8	-38	373	-1025	0	7	383	710	12	0	30	462	198
2012-12-25	17:37:56	1199	-70	-98	383	341	-8	-38	373	-1025	0	7	383	710	11	0	30	462	198
2012-12-25	17:38:01	1199	-70	-98	383	340	-8	-38	373	-1015	0	7	383	710	10	0	30	462	198
2012-12-25	17:38:06	1199	-70	-98	383	340	-8	-38	373	-1015	0	7	383	708	9	0	30	462	198
2012-12-25	17:38:11	1199	-70	-98	384	340	-8	-37	373	-1015	0	7	384	708	8	0	30	462	198
2012-12-25	17:38:16	1199	-70	-98	383	341	-8	-38	373	-1015	0	7	384	708	7	0	30	462	198
2012-12-25	17:38:21	1199	-70	-98	383	340	-7	-37	373	-1015	0	7	384	707	6	0	30	462	198
2012-12-25	17:38:26	1199	-70	-98	384	340	-7	-37	373	-1015	0	7	384	707	6	0	30	462	198
2012-12-25	17:38:31	1199	-70	-98	383	341	-8	-38	373	-1015	0	7	384	708	6	0	30	462	198
2012-12-25	17:38:36	1199	-70	-98	383	340	-8	-38	373	-1015	0	7	384	708	7	0	30	461	198
2012-12-25	17:38:41	1199	-70	-98	384	341	-8	-38	373	-1015	0	7	384	708	8	0	30	461	198
2012-12-25	17:38:46	1199	-70	-98	383	341	-8	-38	373	-1015	0	7	384	708	9	0	30	461	198
2012-12-25	17:38:51	1199	-70	-98	383	341	-8	-38	373	-1015	0	7	384	709	9	0	30	462	198
2012-12-25	17:38:56	1199	-70	-98	383	340	-8	-38	373	-1015	0	7	383	710	11	0	30	461	198
2012-12-25	17:39:01	1199	-70	-98	383	340	-8	-38	373	-1005	0	7	383	710	11	0	30	461	198
2012-12-25	17:39:06	1199	-70	-98	383	341	-8	-38	373	-1005	0	7	383	710	11	0	30	461	198
2012-12-25	17:39:11	1199	-70	-98	383	341	-8	-37	373	-1005	0	7	383	710	12	0	30	461	198
2012-12-25	17:39:16	1199	-70	-98	383	341	-8	-37	373	-1005	0	7	383	710	13	0	30	461	198
2012-12-25	17:39:21	1199	-70	-98	383	341	-8	-38	373	-1005	0	7	383	710	11	0	30	461	198
2012-12-25	17:39:26	1199	-70	-98	383	341	-8	-38	373	-1005	0	7	383	710	11	0	30	461	198
