Divisors		1	10	10	10	10	10	10	10	10	1	1	10	10	10	100	1	10	10
Date	Time	Version	BT1	BT1 Mean	BT2	BT3	BT10	BT11	Calc Supply	GM	Alarm	RELAYS PCA BASE	BT12	BT14	BT17	Tot.int.add.	Prio	BT6	BT50
2014-03-08	18:37:50	1199	56	40	281	274	109	109	320	530	0	2	281	385	296	0	10	465	213
2014-03-08	18:38:50	1199	55	41	281	274	111	111	321	490	0	2	280	382	295	0	10	465	213
2014-03-08	18:39:50	1199	55	41	281	275	113	111	321	450	0	2	279	379	294	0	10	465	213
2014-03-08	18:40:50	1199	55	41	280	274	115	112	321	409	0	2	279	376	293	0	10	464	213
2014-03-08	18:41:50	1199	55	41	280	274	116	112	321	368	0	2	279	374	292	0	10	464	213
2014-03-08	18:42:50	1199	53	41	280	274	117	113	321	327	0	2	278	371	291	0	10	464	213
2014-03-08	18:43:50	1199	53	41	279	274	118	113	321	285	0	2	278	369	290	0	10	464	213
2014-03-08	18:44:50	1199	53	41	279	274	120	115	321	243	0	2	278	367	289	0	10	464	213
2014-03-08	18:45:50	1199	53	41	279	273	121	115	321	201	0	2	278	365	288	0	10	464	213
2014-03-08	18:46:50	1199	52	41	279	273	122	116	322	158	0	2	277	363	287	0	10	464	213
2014-03-08	18:47:50	1199	52	41	278	273	123	116	322	115	0	2	277	361	286	0	10	464	213
2014-03-08	18:48:50	1199	52	41	278	272	125	117	322	71	0	2	277	360	286	0	10	464	213
2014-03-08	18:49:50	1199	51	41	278	272	126	117	324	25	0	2	277	358	285	0	10	464	213
2014-03-08	18:50:50	1199	50	41	278	272	127	118	325	-22	0	2	277	358	284	0	10	464	213
2014-03-08	18:51:50	1199	50	41	278	271	128	118	325	-69	0	2	276	357	283	0	10	464	213
2014-03-08	18:52:50	1199	50	41	278	271	129	119	325	-116	0	2	276	355	283	0	10	464	213
2014-03-08	18:53:50	1199	49	41	277	270	131	120	325	-164	0	2	276	354	282	0	10	464	213
2014-03-08	18:54:50	1199	49	41	277	270	132	120	325	-212	0	2	276	353	281	0	10	464	213
2014-03-08	18:55:50	1199	49	41	277	270	133	121	325	-260	0	2	276	351	281	0	10	464	213
2014-03-08	18:56:50	1199	49	41	277	269	134	121	325	-308	0	2	276	350	280	0	10	464	213
2014-03-08	18:57:50	1199	47	41	277	269	136	122	326	-357	0	2	276	349	280	0	10	464	213
2014-03-08	18:58:50	1199	47	41	277	268	136	122	326	-406	0	2	276	347	279	0	10	464	213
2014-03-08	18:59:50	1199	47	41	277	268	137	123	326	-456	0	2	275	346	278	0	10	464	213
2014-03-08	19:00:50	1199	47	41	277	267	138	123	326	-506	0	2	275	345	278	0	10	464	213
2014-03-08	19:01:50	1199	46	41	276	267	139	125	327	-557	0	2	276	344	277	0	10	463	213
2014-03-08	19:02:50	1199	46	41	276	266	140	125	327	-608	0	2	275	342	277	0	30	463	213
2014-03-08	19:03:50	1199	46	41	279	251	46	72	327	-608	0	7	290	487	29	0	30	463	213
2014-03-08	19:04:50	1199	46	41	319	272	41	17	327	-608	0	7	331	545	11	0	30	463	213
2014-03-08	19:05:50	1199	46	41	335	280	42	2	327	-601	0	7	338	589	49	0	30	463	213
2014-03-08	19:06:50	1199	46	41	346	294	44	2	327	-583	0	7	351	608	45	0	30	463	213
2014-03-08	19:07:50	1199	46	41	358	307	44	2	327	-553	0	7	362	627	51	0	30	463	213
2014-03-08	19:08:50	1199	44	41	369	321	44	3	330	-515	0	7	375	640	46	0	30	463	213
2014-03-08	19:09:50	1199	44	41	383	332	46	4	330	-463	0	7	386	654	53	0	30	463	213
2014-03-08	19:10:50	1199	44	41	393	340	46	6	330	-400	0	7	396	663	49	0	30	463	213
2014-03-08	19:11:50	1199	44	41	387	323	46	6	330	-343	0	7	383	657	53	0	30	463	213
2014-03-08	19:12:50	1199	43	41	378	322	44	4	330	-294	0	7	379	653	46	0	30	463	213
2014-03-08	19:13:50	1199	43	41	377	323	43	3	330	-247	0	7	377	655	50	0	30	463	213
2014-03-08	19:14:50	1199	43	41	378	325	43	2	333	-202	0	7	380	656	46	0	30	463	212
2014-03-08	19:15:50	1199	43	41	386	340	43	2	330	-147	0	7	388	667	49	0	30	463	213
2014-03-08	19:16:50	1199	43	41	398	347	45	4	333	-83	0	7	401	677	50	0	30	463	212
2014-03-08	19:17:50	1199	42	41	403	350	42	5	334	-11	0	7	404	681	48	0	30	464	212
2014-03-08	19:18:50	1199	41	41	406	354	37	2	332	63	0	6	407	689	47	0	10	463	213
2014-03-08	19:19:50	1199	41	41	408	354	37	26	332	139	0	2	409	645	73	0	10	463	213
2014-03-08	19:20:50	1199	41	41	408	353	40	36	335	212	0	2	417	582	106	0	10	463	212
2014-03-08	19:21:50	1199	40	41	408	352	44	43	333	284	0	2	418	526	137	0	10	463	213
2014-03-08	19:22:50	1199	40	41	406	351	49	50	336	357	0	2	415	485	164	0	10	463	212
2014-03-08	19:23:50	1199	40	41	403	350	50	61	336	424	0	2	410	457	186	0	10	463	212
2014-03-08	19:24:50	1199	38	41	399	348	52	68	333	490	0	2	403	437	204	0	10	463	213
2014-03-08	19:25:50	1199	38	41	395	346	53	73	337	548	0	2	397	423	223	0	10	463	212
2014-03-08	19:26:50	1199	38	41	392	345	56	77	337	603	0	2	390	411	236	0	10	463	212
2014-03-08	19:27:50	1199	37	41	389	343	58	79	338	654	0	2	384	400	244	0	10	462	212
2014-03-08	19:28:50	1199	37	41	386	342	61	81	338	702	0	2	377	390	252	0	10	462	212
2014-03-08	19:29:50	1199	37	41	383	341	63	82	338	751	0	2	372	381	257	0	10	462	212
2014-03-08	19:30:50	1199	37	41	379	339	65	84	338	792	0	2	366	373	260	0	10	462	212
2014-03-08	19:31:50	1199	37	41	375	338	68	84	338	829	0	2	362	367	263	0	10	462	212
2014-03-08	19:32:50	1199	37	41	371	337	69	86	338	862	0	2	359	362	265	0	10	462	212
2014-03-08	19:33:50	1199	36	41	368	336	72	86	339	891	0	2	357	358	267	0	10	462	212
2014-03-08	19:34:50	1199	35	41	365	335	73	87	340	916	0	2	354	356	268	0	10	461	212
2014-03-08	19:35:50	1199	35	41	362	334	76	87	340	938	0	2	352	353	268	0	10	461	212
2014-03-08	19:36:50	1199	35	41	359	333	78	87	340	957	0	2	350	350	268	0	10	461	212
2014-03-08	19:37:51	1199	35	41	358	332	79	88	340	975	0	2	348	347	269	0	10	461	212
2014-03-08	19:38:51	1199	34	41	356	331	82	88	339	992	0	2	347	345	269	0	10	461	212
2014-03-08	19:39:51	1199	34	41	354	331	83	90	339	1000	0	2	345	343	268	0	10	461	212
2014-03-08	19:40:51	1199	34	41	352	330	85	90	339	1000	0	2	344	341	268	0	10	461	212
2014-03-08	19:41:51	1199	34	41	350	329	87	90	339	1000	0	2	343	339	268	0	10	460	212
2014-03-08	19:42:51	1199	34	41	348	328	88	91	339	1000	0	2	343	337	267	0	10	460	212
2014-03-08	19:43:51	1199	34	41	347	327	90	92	339	1000	0	2	342	336	267	0	10	460	212
2014-03-08	19:44:51	1199	34	41	346	326	92	91	339	1000	0	2	341	334	266	0	10	460	212
2014-03-08	19:45:51	1199	32	41	345	325	94	92	341	1000	0	2	340	333	266	0	10	460	212
2014-03-08	19:46:51	1199	32	41	344	324	95	92	341	1000	0	2	339	331	265	0	10	460	212
2014-03-08	19:47:51	1199	32	41	343	323	96	93	341	1000	0	2	338	331	265	0	10	459	212
2014-03-08	19:48:51	1199	32	41	342	322	99	94	341	1000	0	2	337	329	264	0	10	459	212
2014-03-08	19:49:51	1199	32	41	342	320	100	94	341	1000	0	2	336	328	263	0	10	459	212
2014-03-08	19:50:51	1199	32	41	341	319	102	94	341	1000	0	2	335	326	263	0	10	459	212
2014-03-08	19:51:51	1199	30	41	340	319	103	95	343	997	0	2	334	325	262	0	10	459	212
2014-03-08	19:52:51	1199	30	41	339	317	104	95	343	993	0	2	333	324	262	0	10	459	212
2014-03-08	19:53:51	1199	30	41	338	316	106	95	343	989	0	2	332	323	261	0	10	458	212
2014-03-08	19:54:51	1199	30	41	338	315	107	96	343	984	0	2	331	322	260	0	10	458	212
2014-03-08	19:55:51	1199	30	41	337	314	108	96	343	979	0	2	331	320	260	0	10	458	212
2014-03-08	19:56:51	1199	30	41	336	313	109	96	343	972	0	2	330	319	259	0	10	457	212
2014-03-08	19:57:51	1199	30	41	335	312	111	97	343	964	0	2	329	318	259	0	10	457	212
2014-03-08	19:58:51	1199	30	41	334	311	112	98	343	955	0	2	328	317	258	0	10	457	212
2014-03-08	19:59:51	1199	29	41	333	310	113	98	342	945	0	2	327	316	258	0	10	456	212
2014-03-08	20:00:51	1199	29	41	332	309	115	98	342	934	0	2	326	316	257	0	10	456	212
2014-03-08	20:01:51	1199	29	40	331	307	116	99	342	923	0	2	325	315	257	0	10	456	212
2014-03-08	20:02:51	1199	30	40	331	306	117	99	343	912	0	2	324	314	256	0	10	456	212
2014-03-08	20:03:51	1199	30	40	330	305	117	99	343	895	0	2	323	313	256	0	10	455	212
2014-03-08	20:04:51	1199	30	40	329	304	118	100	347	881	0	2	322	312	255	0	10	455	211
2014-03-08	20:05:51	1199	30	40	328	303	120	100	347	866	0	2	321	311	255	0	10	455	211
2014-03-08	20:06:51	1199	30	40	327	301	121	100	343	851	0	2	320	310	254	0	10	454	212
2014-03-08	20:07:51	1199	29	40	326	300	122	100	342	832	0	2	319	310	254	0	10	454	212
2014-03-08	20:08:51	1199	29	40	325	299	123	100	342	815	0	2	318	309	254	0	10	454	212
2014-03-08	20:09:51	1199	29	40	324	298	123	101	342	797	0	2	317	308	253	0	10	453	212
2014-03-08	20:10:51	1199	29	40	323	297	125	102	345	775	0	2	317	307	253	0	10	453	211
2014-03-08	20:11:51	1199	29	40	322	296	126	102	342	755	0	2	316	307	252	0	10	453	212
2014-03-08	20:12:51	1199	29	40	321	295	126	102	345	734	0	2	315	306	252	0	10	452	211
2014-03-08	20:13:51	1199	29	40	320	294	127	103	342	712	0	2	314	305	252	0	10	452	212
2014-03-08	20:14:51	1199	29	40	319	294	128	103	342	686	0	2	313	304	251	0	10	452	212
2014-03-08	20:15:51	1199	29	40	318	292	128	103	345	659	0	2	312	304	251	0	10	451	211
2014-03-08	20:16:51	1199	28	40	318	291	129	103	346	633	0	2	311	303	251	0	10	451	211
2014-03-08	20:17:51	1199	27	40	317	290	131	103	345	608	0	2	311	303	250	0	10	451	211
2014-03-08	20:18:51	1199	27	40	316	289	131	104	345	582	0	2	310	302	250	0	10	451	211
2014-03-08	20:19:51	1199	27	40	315	288	132	104	342	555	0	2	309	301	250	0	10	450	212
2014-03-08	20:20:51	1199	27	40	314	287	132	104	342	524	0	2	308	301	249	0	10	450	212
2014-03-08	20:21:51	1199	27	40	313	286	133	104	345	495	0	2	307	300	249	0	10	450	211
2014-03-08	20:22:51	1199	27	40	312	285	134	105	342	465	0	2	306	300	249	0	10	450	212
2014-03-08	20:23:51	1199	27	40	311	283	134	105	342	435	0	2	305	299	249	0	10	449	212
2014-03-08	20:24:51	1199	26	40	311	282	136	106	343	403	0	2	304	299	248	0	10	449	212
2014-03-08	20:25:51	1199	26	40	310	281	136	106	343	368	0	2	303	298	248	0	10	449	212
2014-03-08	20:26:51	1199	26	40	309	280	137	106	343	332	0	2	302	298	248	0	10	449	212
2014-03-08	20:27:51	1199	26	40	308	279	138	106	345	297	0	2	301	297	247	0	10	448	211
2014-03-08	20:28:51	1199	26	40	307	277	138	107	343	261	0	2	300	297	247	0	10	448	212
2014-03-08	20:29:51	1199	26	40	306	276	139	107	343	222	0	2	299	296	247	0	10	448	212
2014-03-08	20:30:51	1199	26	40	305	275	139	107	343	184	0	2	298	296	246	0	10	448	212
2014-03-08	20:31:51	1199	26	40	304	274	140	107	343	145	0	2	297	295	246	0	10	447	212
2014-03-08	20:32:51	1199	26	40	303	273	140	108	343	105	0	2	296	295	246	0	10	447	212
2014-03-08	20:33:51	1199	26	40	302	272	142	108	343	64	0	2	294	294	244	0	10	446	212
2014-03-08	20:34:51	1199	26	40	301	271	142	108	343	22	0	2	294	294	244	0	10	445	212
2014-03-08	20:35:51	1199	26	40	300	270	143	108	345	-23	0	2	293	294	244	0	10	444	211
2014-03-08	20:36:51	1199	26	40	299	269	143	108	343	-67	0	2	292	294	243	0	10	443	212
2014-03-08	20:37:51	1199	26	40	298	268	144	108	345	-114	0	2	291	293	243	0	10	442	211
2014-03-08	20:38:51	1199	26	40	297	267	144	109	345	-162	0	2	290	293	243	0	10	440	211
2014-03-08	20:39:51	1199	26	40	296	266	144	109	345	-209	0	2	289	292	243	0	10	439	211
2014-03-08	20:40:51	1199	26	40	295	265	145	109	345	-259	0	2	288	292	242	0	10	437	211
2014-03-08	20:41:51	1199	25	40	294	264	145	109	343	-308	0	2	287	291	242	0	10	436	212
2014-03-08	20:42:51	1199	26	40	294	263	146	109	343	-357	0	2	286	291	241	0	10	434	212
2014-03-08	20:43:51	1199	24	39	293	262	146	110	345	-410	0	2	285	291	241	0	10	433	211
2014-03-08	20:44:51	1199	24	39	292	262	147	110	345	-463	0	2	284	290	241	0	10	432	211
2014-03-08	20:45:51	1199	25	39	291	261	147	111	346	-514	0	2	283	290	241	0	10	431	211
2014-03-08	20:46:51	1199	24	39	290	260	147	111	342	-566	0	2	282	289	240	0	10	430	212
2014-03-08	20:47:51	1199	24	39	289	260	149	111	345	-619	0	2	281	289	240	0	30	429	211
2014-03-08	20:48:51	1199	24	39	279	246	46	69	345	-619	0	7	286	440	26	0	30	429	211
2014-03-08	20:49:51	1199	24	39	303	254	41	13	345	-619	0	7	310	509	17	0	30	428	211
2014-03-08	20:50:51	1199	24	39	311	256	44	1	342	-651	0	7	312	545	51	0	30	428	212
2014-03-08	20:51:51	1199	24	39	315	264	46	1	345	-681	0	7	320	558	47	0	30	428	211
2014-03-08	20:52:52	1199	24	39	324	274	47	1	345	-702	0	7	331	575	50	0	30	428	211
2014-03-08	20:53:52	1199	23	39	332	284	46	1	346	-716	0	7	339	586	47	0	30	428	211
2014-03-08	20:54:52	1199	22	39	342	293	47	2	342	-719	0	7	348	599	53	0	30	428	212
2014-03-08	20:55:52	1199	22	39	350	299	48	4	342	-711	0	7	355	607	50	0	30	428	212
2014-03-08	20:56:52	1199	22	39	356	306	47	4	345	-700	0	7	359	616	52	0	30	428	211
2014-03-08	20:57:52	1199	22	39	361	313	46	4	345	-684	0	7	364	623	49	0	30	428	211
2014-03-08	20:58:52	1199	22	39	367	319	46	4	345	-663	0	7	370	632	50	0	30	428	211
2014-03-08	20:59:52	1199	22	39	373	326	45	3	342	-632	0	7	376	638	48	0	30	428	212
2014-03-08	21:00:52	1199	22	39	380	331	45	3	342	-597	0	7	382	647	51	0	30	428	212
2014-03-08	21:01:52	1199	22	39	386	336	47	4	345	-556	0	7	387	653	50	0	30	428	211
2014-03-08	21:02:52	1199	22	39	390	341	43	4	345	-511	0	7	392	660	47	0	30	428	211
2014-03-08	21:03:52	1199	22	39	394	346	38	1	345	-459	0	7	397	667	43	0	30	428	211
2014-03-08	21:04:52	1199	21	39	398	350	35	-1	345	-403	0	7	399	674	41	0	30	428	211
2014-03-08	21:05:52	1199	21	39	402	353	34	-5	343	-346	0	7	402	680	41	0	30	428	212
2014-03-08	21:06:52	1199	21	39	405	357	31	-5	343	-284	0	7	406	685	38	0	30	428	212
2014-03-08	21:07:52	1199	21	39	409	359	30	-6	345	-218	0	7	410	692	40	0	30	428	211
2014-03-08	21:08:52	1199	21	39	412	362	29	-6	345	-149	0	7	413	696	37	0	30	428	211
2014-03-08	21:09:52	1199	21	39	416	366	29	-6	345	-78	0	7	416	702	39	0	30	428	211
2014-03-08	21:10:52	1199	20	39	419	369	29	-6	343	-2	0	7	419	707	37	0	30	428	212
2014-03-08	21:11:52	1199	20	39	421	372	27	-6	346	76	0	6	421	712	39	0	10	428	211
2014-03-08	21:12:52	1199	20	39	422	371	29	18	343	157	0	2	432	668	66	0	10	428	212
2014-03-08	21:13:52	1199	19	39	422	370	32	27	341	234	0	2	444	600	101	0	10	428	212
2014-03-08	21:14:52	1199	19	39	423	368	35	37	345	316	0	2	445	540	134	0	10	428	211
2014-03-08	21:15:52	1199	19	38	423	367	38	47	341	398	0	2	441	496	163	0	10	428	212
2014-03-08	21:16:52	1199	19	38	421	366	41	58	341	479	0	2	434	467	184	0	10	428	212
2014-03-08	21:17:52	1199	19	38	420	364	45	66	341	558	0	2	426	447	204	0	10	428	212
2014-03-08	21:18:52	1199	19	38	417	362	46	71	345	634	0	2	418	432	223	0	10	428	211
2014-03-08	21:19:52	1199	19	38	412	360	47	73	341	705	0	2	410	419	237	0	10	428	212
2014-03-08	21:20:52	1199	19	38	407	359	49	75	341	772	0	2	402	407	248	0	10	428	212
2014-03-08	21:21:52	1199	19	38	402	358	51	78	341	833	0	2	395	397	254	0	10	428	212
2014-03-08	21:22:52	1199	19	38	397	356	53	78	341	889	0	2	389	387	259	0	10	428	212
2014-03-08	21:23:52	1199	19	38	392	355	56	79	341	940	0	2	384	379	263	0	10	428	212
2014-03-08	21:24:52	1199	19	38	387	354	59	80	341	986	0	2	379	372	265	0	10	428	212
2014-03-08	21:25:52	1199	19	38	383	352	61	82	341	1000	0	2	374	366	267	0	10	428	212
2014-03-08	21:26:52	1199	19	38	378	351	63	82	341	1000	0	2	370	362	268	0	10	428	212
2014-03-08	21:27:52	1199	19	38	374	350	65	83	345	1000	0	2	367	358	269	0	10	428	211
2014-03-08	21:28:52	1199	18	38	371	348	68	83	343	1000	0	2	365	356	270	0	10	428	212
2014-03-08	21:29:52	1199	18	38	368	347	69	84	343	1000	0	2	363	353	269	0	10	428	212
2014-03-08	21:30:52	1199	18	38	366	346	72	84	343	1000	0	2	361	351	269	0	10	428	212
2014-03-08	21:31:52	1199	18	38	364	344	73	84	346	1000	0	2	360	348	269	0	10	428	211
2014-03-08	21:32:52	1199	18	38	363	343	75	85	346	1000	0	2	358	346	269	0	10	428	211
2014-03-08	21:33:52	1199	18	38	362	341	78	86	346	1000	0	2	358	344	269	0	10	428	211
2014-03-08	21:34:52	1199	18	38	361	340	79	86	346	1000	0	2	357	342	268	0	10	428	211
2014-03-08	21:35:52	1199	18	38	359	338	81	86	343	1000	0	2	355	340	268	0	10	427	212
2014-03-08	21:36:52	1199	18	38	358	337	83	86	346	1000	0	2	354	338	267	0	10	427	211
2014-03-08	21:37:52	1199	18	38	358	335	84	87	343	1000	0	2	353	336	267	0	10	427	212
2014-03-08	21:38:52	1199	17	38	357	334	86	87	342	1000	0	2	351	334	266	0	10	427	212
2014-03-08	21:39:52	1199	17	38	356	332	88	87	345	1000	0	2	350	332	266	0	10	427	211
2014-03-08	21:40:52	1199	16	38	355	331	90	88	343	1000	0	2	348	331	265	0	10	427	212
2014-03-08	21:41:52	1199	16	37	354	330	91	87	343	1000	0	2	347	330	264	0	10	427	212
2014-03-08	21:42:52	1199	16	37	352	328	92	88	345	1000	0	2	346	329	264	0	10	427	211
2014-03-08	21:43:52	1199	16	37	351	327	94	88	343	1000	0	2	344	327	263	0	10	426	212
2014-03-08	21:44:52	1199	16	37	350	325	95	88	345	1000	0	2	343	326	262	0	10	426	211
2014-03-08	21:45:52	1199	16	37	348	323	98	89	343	1000	0	2	342	325	262	0	10	426	212
2014-03-08	21:46:52	1199	16	37	347	322	99	89	345	1000	0	2	341	323	261	0	10	425	211
2014-03-08	21:47:52	1199	16	37	346	320	100	90	345	1000	0	2	340	322	261	0	10	425	211
2014-03-08	21:48:52	1199	16	37	345	319	102	90	345	1000	0	2	339	321	260	0	10	424	211
2014-03-08	21:49:52	1199	16	37	344	317	103	90	345	998	0	2	337	320	259	0	10	424	211
2014-03-08	21:50:54	1199	16	37	342	316	104	90	345	995	0	2	336	319	258	0	10	423	211
2014-03-08	21:51:53	1199	16	37	341	314	106	91	345	991	0	2	335	317	258	0	10	423	211
2014-03-08	21:52:53	1199	15	37	340	313	107	91	346	985	0	2	334	316	257	0	10	422	211
2014-03-08	21:53:53	1199	15	37	339	312	108	91	346	978	0	2	333	316	257	0	10	421	211
2014-03-08	21:54:53	1199	14	37	338	311	109	91	341	970	0	2	332	315	257	0	10	421	212
2014-03-08	21:55:53	1199	14	37	337	309	111	91	344	963	0	2	331	313	256	0	10	420	211
2014-03-08	21:56:53	1199	14	37	336	308	112	92	344	955	0	2	331	312	255	0	10	420	211
2014-03-08	21:57:53	1199	14	37	334	307	113	92	344	946	0	2	330	312	255	0	10	420	211
2014-03-08	21:58:53	1199	14	37	334	305	113	92	344	936	0	2	329	311	254	0	10	420	211
2014-03-08	21:59:53	1199	14	37	332	304	115	92	344	925	0	2	328	310	254	0	10	420	211
2014-03-08	22:00:53	1199	14	37	331	303	116	92	344	913	0	2	327	309	253	0	10	420	211
2014-03-08	22:01:53	1199	14	37	326	407	69	90	344	901	0	15	318	320	237	0	20	419	211
2014-03-08	22:02:53	1199	14	37	422	403	38	33	344	889	0	15	442	597	19	0	20	420	211
2014-03-08	22:03:53	1199	14	37	481	453	38	14	344	877	0	15	503	704	32	0	20	419	211
2014-03-08	22:04:53	1199	14	37	524	485	40	11	344	865	0	15	536	763	58	0	20	419	211
2014-03-08	22:05:53	1199	14	37	546	489	41	13	344	853	0	15	554	793	55	0	20	419	211
2014-03-08	22:06:53	1199	14	36	552	480	43	13	344	841	0	15	551	801	59	0	20	419	211
2014-03-08	22:07:53	1199	14	36	546	467	43	13	344	829	0	15	543	801	61	0	20	419	211
2014-03-08	22:08:54	1199	13	36	536	453	44	13	345	817	0	15	532	796	55	0	20	409	211
2014-03-08	22:09:54	1199	13	36	524	439	44	13	345	805	0	15	520	789	58	0	20	360	211
2014-03-08	22:10:54	1199	13	36	514	435	43	11	345	793	0	15	510	785	57	0	20	309	211
2014-03-08	22:11:54	1199	13	36	509	435	43	11	345	781	0	15	508	785	49	0	20	271	211
2014-03-08	22:12:54	1199	13	36	510	438	41	10	345	769	0	15	509	790	55	0	20	250	211
2014-03-08	22:13:54	1199	13	36	513	443	41	9	345	757	0	15	513	796	55	0	20	241	211
2014-03-08	22:14:54	1199	13	36	517	449	41	10	345	745	0	15	518	802	50	0	20	243	211
2014-03-08	22:15:54	1199	13	36	522	456	41	11	345	733	0	15	524	812	58	0	20	252	211
2014-03-08	22:16:54	1199	13	36	529	464	38	10	345	721	0	15	531	821	53	0	20	262	211
2014-03-08	22:17:54	1199	13	36	535	471	36	9	345	709	0	15	536	828	46	0	20	274	211
2014-03-08	22:18:54	1199	13	36	540	477	34	8	345	697	0	15	542	839	51	0	20	287	211
2014-03-08	22:19:54	1199	13	36	546	484	34	6	345	685	0	15	547	847	50	0	20	299	211
2014-03-08	22:20:54	1199	13	36	552	491	32	6	345	673	0	15	553	855	46	0	20	311	211
2014-03-08	22:21:54	1199	12	36	556	496	32	6	344	661	0	15	558	865	50	0	20	323	211
2014-03-08	22:22:54	1199	11	36	562	502	31	6	344	649	0	15	563	872	50	0	20	333	211
2014-03-08	22:23:54	1199	11	36	566	507	30	6	344	637	0	15	567	879	44	0	20	343	211
2014-03-08	22:24:54	1199	11	36	571	513	30	6	344	625	0	15	572	888	49	0	20	353	211
2014-03-08	22:25:54	1199	11	36	575	518	29	6	344	613	0	15	576	895	49	0	20	361	211
2014-03-08	22:26:54	1199	11	36	580	522	29	6	344	601	0	15	581	902	46	0	20	369	211
2014-03-08	22:27:54	1199	11	36	585	527	29	7	344	589	0	15	586	909	50	0	20	378	211
2014-03-08	22:28:54	1199	11	35	589	532	29	6	344	577	0	15	589	916	49	0	20	386	211
2014-03-08	22:29:54	1199	11	35	593	536	27	7	344	565	0	15	594	921	47	0	20	394	211
2014-03-08	22:30:54	1199	11	35	597	542	27	7	344	553	0	15	599	929	52	0	20	402	211
2014-03-08	22:31:54	1199	11	35	601	546	27	7	344	541	0	15	603	936	47	0	20	409	211
2014-03-08	22:32:54	1199	11	35	606	551	27	7	344	529	0	15	607	944	52	0	20	417	211
2014-03-08	22:33:54	1199	11	35	610	556	27	8	344	517	0	15	613	949	47	0	20	423	211
2014-03-08	22:34:54	1199	10	35	613	559	26	8	345	505	0	15	616	957	52	0	20	429	211
2014-03-08	22:35:54	1199	10	35	617	565	26	8	345	493	0	15	621	963	48	0	20	436	211
2014-03-08	22:36:54	1199	9	35	621	568	25	8	344	481	0	15	626	971	50	0	20	443	211
2014-03-08	22:37:54	1199	9	35	623	568	26	20	344	481	0	2	629	938	72	0	10	449	211
2014-03-08	22:38:54	1199	9	35	622	565	32	34	344	481	162	2	656	840	115	0	10	455	211
2014-03-08	22:39:54	1199	9	35	621	441	37	40	344	481	0	2	648	744	173	0	10	460	211
2014-03-08	22:40:54	1199	9	35	606	298	41	50	344	744	0	2	623	680	215	0	10	464	211
2014-03-08	22:41:54	1199	9	35	584	280	46	64	344	986	0	2	595	638	246	0	10	466	211
2014-03-08	22:42:54	1199	9	35	560	275	49	74	344	1000	0	2	569	603	268	0	10	468	211
2014-03-08	22:43:54	1199	9	35	489	271	53	80	344	1000	0	2	511	575	285	0	10	469	211
2014-03-08	22:44:54	1199	9	35	396	267	56	83	347	1000	0	2	444	552	297	0	10	469	210
2014-03-08	22:45:54	1199	9	35	343	264	59	86	344	998	0	2	392	533	307	0	10	470	211
2014-03-08	22:46:54	1199	9	35	318	262	62	87	344	973	0	2	357	518	315	0	10	470	211
2014-03-08	22:47:54	1199	9	35	304	260	65	87	347	931	0	2	335	504	320	0	10	469	210
2014-03-08	22:48:54	1199	9	35	297	260	68	87	344	881	0	2	320	494	324	0	10	469	211
2014-03-08	22:49:54	1199	9	34	293	260	71	88	347	830	0	2	310	484	327	0	10	468	210
2014-03-08	22:50:54	1199	8	34	290	260	73	88	347	773	0	2	303	476	329	0	10	468	210
2014-03-08	22:51:54	1199	8	34	287	260	76	89	347	713	0	2	297	469	330	0	10	467	210
2014-03-08	22:52:54	1199	8	34	285	260	79	90	347	651	0	2	294	462	331	0	10	467	210
2014-03-08	22:53:54	1199	8	34	283	261	82	91	347	589	0	2	290	457	331	0	10	467	210
2014-03-08	22:54:54	1199	8	34	282	261	83	91	347	525	0	2	287	451	330	0	10	467	210
2014-03-08	22:55:54	1199	8	34	281	262	86	92	347	459	0	2	285	446	329	0	10	467	210
2014-03-08	22:56:54	1199	8	34	280	262	88	92	347	392	0	2	283	442	328	0	10	467	210
2014-03-08	22:57:54	1199	8	34	279	263	90	94	347	324	0	2	282	437	327	0	10	467	210
2014-03-08	22:58:54	1199	8	34	278	263	92	94	346	255	0	2	280	434	326	0	10	468	211
2014-03-08	22:59:54	1199	7	34	277	264	95	94	347	185	0	2	279	430	324	0	10	468	210
2014-03-08	23:00:54	1199	7	34	277	265	96	95	347	115	0	2	278	426	323	0	10	468	210
2014-03-08	23:01:54	1199	6	34	276	265	99	96	347	44	0	2	277	423	321	0	10	468	210
2014-03-08	23:02:54	1199	6	34	275	266	100	97	347	-28	0	2	276	420	320	0	10	468	210
2014-03-08	23:03:54	1199	6	34	275	266	103	98	347	-100	0	2	276	417	318	0	10	468	210
2014-03-08	23:04:54	1199	6	34	274	266	104	99	347	-173	0	2	275	414	317	0	10	468	210
2014-03-08	23:05:54	1199	6	34	274	267	106	99	347	-246	0	2	274	411	315	0	10	468	210
2014-03-08	23:06:54	1199	6	34	274	266	108	100	347	-319	0	2	274	409	314	0	10	469	210
2014-03-08	23:07:54	1199	6	34	273	267	109	101	347	-393	0	2	274	406	312	0	10	469	210
2014-03-08	23:08:54	1199	6	34	273	267	111	102	347	-467	0	2	273	403	311	0	10	469	210
2014-03-08	23:09:54	1199	6	33	273	267	113	103	347	-541	0	2	273	401	310	0	10	469	210
2014-03-08	23:10:54	1199	6	33	273	267	115	103	347	-615	0	6	273	398	308	0	30	469	210
2014-03-08	23:11:54	1199	6	33	281	241	35	56	347	-615	0	7	291	531	18	0	30	469	210
2014-03-08	23:12:54	1199	6	33	302	256	35	9	347	-615	0	7	312	558	6	0	30	469	210
2014-03-08	23:13:54	1199	6	33	312	258	34	-5	347	-650	0	7	314	596	43	0	30	470	210
2014-03-08	23:14:54	1199	6	33	315	265	36	-6	347	-682	0	7	319	605	38	0	30	470	210
2014-03-08	23:15:54	1199	6	33	325	273	37	-6	347	-705	0	7	328	617	45	0	30	470	210
2014-03-08	23:16:54	1199	6	33	330	279	38	-5	347	-722	0	7	334	621	40	0	30	470	210
2014-03-08	23:17:54	1199	6	33	336	287	40	-5	347	-733	0	7	339	628	47	0	30	470	210
2014-03-08	23:18:54	1199	6	33	343	294	40	-3	347	-737	0	7	348	632	41	0	30	470	210
2014-03-08	23:19:54	1199	5	33	350	299	39	-2	348	-736	0	7	352	638	47	0	30	470	210
2014-03-08	23:20:54	1199	6	33	355	304	38	-2	347	-730	0	7	358	643	40	0	30	470	210
2014-03-08	23:21:54	1199	5	33	358	309	37	-3	348	-720	0	7	360	649	45	0	30	470	210
2014-03-08	23:22:54	1199	5	33	363	315	37	-3	348	-705	0	7	366	653	41	0	30	470	210
2014-03-08	23:23:54	1199	4	33	368	320	38	-3	347	-685	0	7	369	658	44	0	30	470	210
2014-03-08	23:24:55	1199	4	33	372	325	38	-1	347	-660	0	7	375	662	44	0	30	470	210
2014-03-08	23:25:55	1199	4	33	377	329	35	-2	347	-630	0	7	379	664	39	0	30	470	210
2014-03-08	23:26:55	1199	4	33	381	332	30	-5	347	-596	0	7	382	673	41	0	30	470	210
2014-03-08	23:27:55	1199	4	33	384	336	27	-8	347	-559	0	7	386	677	35	0	30	470	210
2014-03-08	23:28:55	1199	4	32	387	340	26	-10	347	-520	0	7	387	681	33	0	30	469	210
2014-03-08	23:29:55	1199	4	32	390	343	24	-12	347	-478	0	7	390	687	36	0	30	469	210
2014-03-08	23:30:55	1199	4	32	392	346	23	-12	347	-433	0	7	393	688	30	0	30	469	210
2014-03-08	23:31:55	1199	4	32	395	347	22	-12	347	-385	0	7	396	694	34	0	30	469	210
2014-03-08	23:32:55	1199	4	32	398	349	22	-12	347	-334	0	7	398	695	32	0	30	469	210
2014-03-08	23:33:55	1199	4	32	400	352	22	-12	347	-281	0	7	400	698	32	0	30	469	210
2014-03-08	23:34:55	1199	4	32	403	355	22	-12	347	-225	0	7	403	702	34	0	30	469	210
2014-03-08	23:35:55	1199	4	32	405	357	21	-12	350	-167	0	7	406	704	30	0	30	469	209
2014-03-08	23:36:55	1199	4	32	408	358	21	-12	347	-107	0	7	408	709	34	0	30	469	210
2014-03-08	23:37:55	1199	2	32	410	361	21	-13	350	-44	0	7	410	711	31	0	30	469	209
2014-03-08	23:38:55	1199	2	32	412	362	21	-12	347	21	0	6	412	713	30	0	10	469	210
2014-03-08	23:39:55	1199	2	32	413	361	22	13	347	83	0	2	413	665	60	0	10	468	210
2014-03-08	23:40:55	1199	2	32	412	361	26	22	350	145	0	2	421	601	94	0	10	468	209
2014-03-08	23:41:55	1199	2	32	411	360	30	29	350	206	0	2	422	545	128	0	10	468	209
2014-03-08	23:42:55	1199	2	32	408	359	35	38	350	264	0	2	419	503	158	0	10	468	209
2014-03-08	23:43:55	1199	2	32	404	358	37	49	350	318	0	2	414	475	182	0	10	468	209
2014-03-08	23:44:55	1199	1	32	400	357	38	58	347	368	0	2	406	455	202	0	10	468	210
2014-03-08	23:45:55	1199	1	32	396	355	41	62	350	414	0	2	398	440	223	0	10	467	209
2014-03-08	23:46:55	1199	1	31	392	353	43	66	350	459	0	2	391	427	238	0	10	467	209
2014-03-08	23:47:55	1199	1	31	388	351	46	69	350	497	0	2	385	416	249	0	10	467	209
2014-03-08	23:48:55	1199	1	31	384	350	49	71	350	531	0	2	378	406	257	0	10	466	209
2014-03-08	23:49:55	1199	1	31	379	348	52	72	350	561	0	2	372	397	263	0	10	466	209
2014-03-08	23:50:55	1199	1	31	374	347	55	73	350	586	0	2	367	389	267	0	10	466	209
2014-03-08	23:51:55	1199	1	31	370	345	56	74	350	606	0	2	363	383	270	0	10	466	209
2014-03-08	23:52:55	1199	1	31	366	344	59	75	350	622	0	2	360	377	272	0	10	465	209
2014-03-08	23:53:55	1199	1	31	363	342	61	75	350	635	0	2	358	372	274	0	10	465	209
2014-03-08	23:54:55	1199	1	31	361	341	63	76	350	646	0	2	357	367	275	0	10	465	209
2014-03-08	23:55:55	1199	1	31	358	339	66	76	350	654	0	2	356	364	276	0	10	465	209
2014-03-08	23:56:55	1199	1	31	358	338	68	76	350	662	0	2	355	361	276	0	10	465	209
2014-03-08	23:57:55	1199	1	31	356	337	71	78	350	669	0	2	354	358	276	0	10	464	209
2014-03-08	23:58:55	1199	1	31	355	336	72	78	350	675	0	2	353	357	276	0	10	464	209
2014-03-08	23:59:55	1199	1	31	355	334	73	79	350	680	0	2	352	355	276	0	10	464	209
2014-03-09	00:00:55	1199	1	31	354	333	76	79	350	684	0	2	351	353	275	0	10	464	209
2014-03-09	00:01:55	1199	1	31	353	332	78	80	350	687	0	2	350	351	275	0	10	464	209
2014-03-09	00:02:55	1199	1	31	353	331	80	80	350	690	0	2	349	349	275	0	10	464	209
2014-03-09	00:03:55	1199	1	31	352	330	82	82	350	692	0	2	347	347	274	0	10	464	209
2014-03-09	00:04:55	1199	2	30	351	329	83	82	350	693	0	2	346	345	273	0	10	464	209
2014-03-09	00:05:55	1199	1	30	350	328	85	82	350	693	0	2	345	343	273	0	10	464	209
2014-03-09	00:06:55	1199	2	30	349	326	87	83	350	693	0	2	344	341	272	0	10	463	209
2014-03-09	00:07:55	1199	2	30	349	325	88	83	350	692	0	2	342	339	271	0	10	463	209
2014-03-09	00:08:55	1199	2	30	348	324	90	84	350	690	0	2	341	338	271	0	10	463	209
2014-03-09	00:09:55	1199	2	30	347	322	92	84	350	687	0	2	340	336	270	0	10	463	209
2014-03-09	00:10:55	1199	2	30	346	321	94	86	350	682	0	2	339	334	269	0	10	463	209
2014-03-09	00:11:55	1199	2	30	344	320	95	86	350	677	0	2	337	333	269	0	10	463	209
2014-03-09	00:12:55	1199	2	30	343	318	96	86	350	670	0	2	336	331	268	0	10	463	209
2014-03-09	00:13:55	1199	2	30	342	317	98	87	350	662	0	2	335	331	267	0	10	463	209
2014-03-09	00:14:55	1199	2	30	341	316	99	87	350	653	0	2	334	330	266	0	10	462	209
2014-03-09	00:15:55	1199	2	30	340	315	100	87	350	643	0	2	332	328	266	0	10	462	209
2014-03-09	00:16:55	1199	2	30	339	313	103	87	352	632	0	2	331	327	265	0	10	462	208
2014-03-09	00:17:55	1199	2	30	337	312	104	88	352	617	0	2	331	326	264	0	10	462	208
2014-03-09	00:18:55	1199	2	30	336	311	105	88	350	601	0	2	330	325	264	0	10	461	209
2014-03-09	00:19:55	1199	2	30	335	310	107	89	352	586	0	2	329	324	263	0	10	461	208
2014-03-09	00:20:55	1199	2	30	334	309	108	90	350	570	0	2	328	323	263	0	10	461	209
2014-03-09	00:21:55	1199	2	30	333	308	109	90	352	551	0	2	327	321	262	0	10	460	208
2014-03-09	00:22:55	1199	2	30	332	307	109	91	350	531	0	2	326	320	261	0	10	460	209
2014-03-09	00:23:55	1199	2	29	331	305	111	91	352	510	0	2	325	319	261	0	10	460	208
2014-03-09	00:24:55	1199	2	29	331	304	112	91	352	489	0	2	325	319	260	0	10	459	208
2014-03-09	00:25:55	1199	2	29	330	303	113	91	352	467	0	2	324	317	260	0	10	459	208
2014-03-09	00:26:55	1199	2	29	329	302	115	92	352	444	0	2	323	317	259	0	10	459	208
2014-03-09	00:27:55	1199	2	29	328	301	116	92	352	420	0	2	322	316	258	0	10	458	208
2014-03-09	00:28:55	1199	2	29	327	300	116	92	352	395	0	2	321	315	258	0	10	458	208
2014-03-09	00:29:55	1199	2	29	327	299	117	92	352	369	0	2	320	314	258	0	10	457	208
2014-03-09	00:30:55	1199	2	29	326	298	118	94	352	342	0	2	319	313	257	0	10	457	208
2014-03-09	00:31:55	1199	2	29	325	297	120	94	352	315	0	2	319	312	257	0	10	456	208
2014-03-09	00:32:55	1199	2	29	324	296	120	94	352	287	0	2	318	312	256	0	10	456	208
2014-03-09	00:33:55	1199	2	29	323	295	121	94	352	258	0	2	317	311	256	0	10	455	208
2014-03-09	00:34:55	1199	2	29	322	294	122	95	352	228	0	2	316	310	256	0	10	455	208
2014-03-09	00:35:55	1199	2	29	321	294	123	95	352	197	0	2	315	309	255	0	10	454	208
2014-03-09	00:36:55	1199	2	29	320	293	123	95	352	165	0	2	314	309	255	0	10	454	208
2014-03-09	00:37:55	1199	2	29	320	292	125	95	352	133	0	2	313	308	254	0	10	453	208
2014-03-09	00:38:55	1199	2	29	319	291	126	96	352	100	0	2	312	307	254	0	10	452	208
2014-03-09	00:39:56	1199	2	29	318	290	126	96	352	66	0	2	311	307	253	0	10	452	208
2014-03-09	00:40:56	1199	2	29	317	289	127	96	352	31	0	2	310	306	253	0	10	451	208
2014-03-09	00:41:56	1199	2	29	316	289	128	97	352	-5	0	2	309	305	253	0	10	451	208
2014-03-09	00:42:56	1199	2	29	316	288	128	98	352	-42	0	2	308	305	252	0	10	450	208
2014-03-09	00:43:56	1199	2	28	315	287	129	98	352	-79	0	2	307	304	252	0	10	450	208
2014-03-09	00:44:56	1199	2	28	314	286	129	98	352	-117	0	2	306	303	252	0	10	449	208
2014-03-09	00:45:56	1199	2	28	313	285	131	98	352	-156	0	2	305	303	251	0	10	449	208
2014-03-09	00:46:56	1199	2	28	312	284	132	98	352	-196	0	2	305	302	251	0	10	449	208
2014-03-09	00:47:56	1199	2	28	311	283	132	99	352	-237	0	2	304	301	250	0	10	448	208
2014-03-09	00:48:56	1199	2	28	310	283	133	99	352	-282	0	2	303	301	250	0	10	448	208
2014-03-09	00:49:56	1199	2	28	309	282	133	99	352	-325	0	2	302	300	250	0	10	447	208
2014-03-09	00:50:56	1199	2	28	308	281	134	100	352	-368	0	2	301	299	249	0	10	447	208
2014-03-09	00:51:56	1199	2	28	308	280	134	100	355	-415	0	2	300	299	249	0	10	447	207
2014-03-09	00:52:56	1199	2	28	307	279	136	100	355	-460	0	2	299	298	249	0	10	446	207
2014-03-09	00:53:56	1199	2	28	306	279	136	100	355	-506	0	2	298	298	248	0	10	446	207
2014-03-09	00:54:56	1199	2	28	305	278	137	100	355	-556	0	2	297	297	248	0	10	446	207
2014-03-09	00:55:56	1199	2	28	304	277	137	100	355	-607	0	6	297	297	248	0	30	445	207
2014-03-09	00:56:56	1199	2	28	295	258	39	56	355	-607	0	7	300	459	19	0	30	445	207
2014-03-09	00:57:56	1199	2	28	314	265	38	9	355	-607	0	7	320	522	12	0	30	445	207
2014-03-09	00:58:56	1199	2	28	319	267	38	-2	355	-643	0	7	320	558	47	0	30	444	207
2014-03-09	00:59:56	1199	2	28	323	272	41	-3	355	-675	0	7	327	572	43	0	30	444	207
2014-03-09	01:00:56	1199	2	28	331	280	43	-3	355	-700	0	7	335	586	47	0	30	444	207
2014-03-09	01:01:56	1199	2	28	336	287	43	-1	355	-720	0	7	341	594	44	0	30	444	207
2014-03-09	01:02:56	1199	2	28	344	294	44	-1	355	-732	0	7	349	605	49	0	30	444	207
2014-03-09	01:03:56	1199	2	27	350	301	44	1	355	-737	0	7	355	612	47	0	30	444	207
2014-03-09	01:04:56	1199	2	27	356	306	44	1	355	-736	0	7	358	620	49	0	30	444	207
2014-03-09	01:05:56	1199	2	27	360	312	43	1	355	-731	0	7	363	626	45	0	30	443	207
2014-03-09	01:06:56	1199	2	27	365	317	41	1	355	-722	0	7	367	633	47	0	30	443	207
2014-03-09	01:07:56	1199	2	27	369	322	41	1	355	-708	0	7	372	639	44	0	30	443	207
2014-03-09	01:08:56	1199	2	27	374	327	41	1	355	-689	0	7	377	647	49	0	30	443	207
2014-03-09	01:09:58	1199	2	27	380	331	43	1	355	-664	0	7	382	651	46	0	30	443	207
2014-03-09	01:10:58	1199	2	27	384	335	38	2	355	-635	0	7	386	658	44	0	30	443	207
2014-03-09	01:11:58	1199	2	27	387	338	34	-3	355	-603	0	7	389	664	40	0	30	443	207
2014-03-09	01:12:58	1199	2	27	384	331	31	-6	355	-574	0	7	382	662	39	0	30	442	207
2014-03-09	01:13:58	1199	2	27	381	331	29	-8	355	-548	0	7	382	663	35	0	30	442	207
2014-03-09	01:14:58	1199	2	27	381	332	28	-10	355	-522	0	7	381	666	37	0	30	442	207
2014-03-09	01:15:58	1199	2	27	382	336	27	-10	355	-495	0	7	384	669	34	0	30	442	207
2014-03-09	01:16:58	1199	2	27	388	344	26	-11	355	-463	0	7	390	677	35	0	30	442	207
2014-03-09	01:17:58	1199	2	27	393	348	26	-11	355	-425	0	7	395	682	34	0	30	442	207
2014-03-09	01:18:58	1199	2	27	396	348	25	-11	355	-386	0	7	396	685	34	0	30	442	207
2014-03-09	01:19:58	1199	1	27	396	349	24	-11	357	-345	0	7	397	688	35	0	30	442	207
2014-03-09	01:20:58	1199	2	27	399	351	24	-12	355	-301	0	7	399	691	34	0	30	442	207
2014-03-09	01:21:58	1199	1	27	401	354	24	-12	357	-257	0	7	401	694	34	0	30	441	207
2014-03-09	01:22:58	1199	1	27	404	356	23	-12	357	-211	0	7	404	698	32	0	30	441	207
2014-03-09	01:23:58	1199	1	27	406	358	22	-12	357	-162	0	7	406	701	34	0	30	441	207
2014-03-09	01:24:58	1199	1	26	408	359	22	-12	357	-111	0	7	408	704	30	0	30	441	207
2014-03-09	01:25:58	1199	1	26	409	360	21	-12	357	-59	0	7	409	708	34	0	30	441	207
2014-03-09	01:26:58	1199	1	26	411	363	21	-13	357	-5	0	7	411	710	30	0	30	441	207
2014-03-09	01:27:58	1199	1	26	411	362	19	-13	357	50	0	6	411	711	30	0	10	441	207
2014-03-09	01:28:58	1199	1	26	410	362	21	9	357	104	0	2	422	664	58	0	10	441	207
2014-03-09	01:29:58	1199	1	26	411	362	25	19	357	158	0	2	435	598	92	0	10	441	207
2014-03-09	01:30:58	1199	1	26	412	361	30	27	359	213	0	2	436	540	127	0	10	441	206
2014-03-09	01:31:58	1199	1	26	412	360	34	36	357	266	0	2	432	499	157	0	10	441	207
2014-03-09	01:32:58	1199	1	26	411	359	35	46	359	321	0	2	425	469	180	0	10	440	206
2014-03-09	01:33:58	1199	1	26	410	358	37	55	357	372	0	2	418	449	198	0	10	440	207
2014-03-09	01:34:58	1199	1	26	406	357	40	61	357	420	0	2	409	434	219	0	10	440	207
2014-03-09	01:35:58	1199	1	26	402	355	42	63	357	462	0	2	400	421	233	0	10	440	207
2014-03-09	01:36:58	1199	0	26	397	353	44	66	357	499	0	2	393	411	244	0	10	440	207
2014-03-09	01:37:58	1199	-1	26	392	352	47	68	359	532	0	2	386	400	252	0	10	440	206
2014-03-09	01:38:58	1199	-1	26	386	350	50	70	359	560	0	2	380	391	258	0	10	440	206
2014-03-09	01:39:58	1199	-1	26	382	348	53	71	356	583	0	2	374	384	262	0	10	440	207
2014-03-09	01:40:58	1199	-1	26	377	347	55	72	359	601	0	2	369	377	265	0	10	440	206
2014-03-09	01:41:58	1199	-1	26	372	345	58	72	359	614	0	2	365	370	267	0	10	439	206
2014-03-09	01:42:58	1199	-1	26	368	344	59	73	359	623	0	2	362	365	269	0	10	439	206
2014-03-09	01:43:58	1199	-1	26	365	342	62	73	359	629	0	2	360	361	270	0	10	439	206
2014-03-09	01:44:58	1199	-1	26	362	341	63	73	359	632	0	2	358	358	271	0	10	439	206
2014-03-09	01:45:58	1199	-1	25	360	340	66	74	359	633	0	2	358	357	271	0	10	439	206
2014-03-09	01:46:58	1199	-1	25	358	338	68	75	359	632	0	2	356	354	271	0	10	439	206
2014-03-09	01:47:58	1199	-1	25	358	337	71	75	359	631	0	2	355	352	271	0	10	439	206
2014-03-09	01:48:58	1199	-1	25	357	336	72	76	359	629	0	2	353	350	270	0	10	439	206
2014-03-09	01:49:58	1199	-1	25	356	334	73	76	356	626	0	2	352	348	270	0	10	439	207
2014-03-09	01:50:58	1199	-2	25	355	333	76	78	360	621	0	2	351	345	270	0	10	439	206
2014-03-09	01:51:58	1199	-3	25	354	332	78	78	359	616	0	2	349	343	269	0	10	438	206
2014-03-09	01:52:58	1199	-3	25	353	331	80	79	359	613	0	2	348	341	269	0	10	438	206
2014-03-09	01:53:58	1199	-3	25	352	330	82	79	359	606	0	2	346	339	268	0	10	438	206
2014-03-09	01:54:59	1199	-3	25	351	329	83	80	359	598	0	2	345	337	268	0	10	438	206
2014-03-09	01:55:59	1199	-3	25	350	327	85	80	359	589	0	2	344	336	267	0	10	438	206
2014-03-09	01:56:59	1199	-3	25	349	326	87	82	359	579	0	2	342	334	267	0	10	438	206
2014-03-09	01:57:59	1199	-3	25	347	325	88	82	359	568	0	2	341	332	266	0	10	438	206
2014-03-09	01:58:59	1199	-3	25	346	323	90	82	359	556	0	2	340	331	265	0	10	438	206
2014-03-09	01:59:59	1199	-3	25	345	322	91	83	359	542	0	2	338	331	265	0	10	438	206
2014-03-09	02:00:59	1199	-3	25	344	321	92	83	359	527	0	2	337	329	264	0	10	437	206
2014-03-09	02:01:59	1199	-3	25	343	319	94	84	359	511	0	2	336	327	263	0	10	437	206
2014-03-09	02:02:59	1199	-3	25	341	318	96	84	359	494	0	2	334	326	263	0	10	437	206
2014-03-09	02:03:59	1199	-2	25	340	317	98	84	360	474	0	2	333	325	262	0	10	437	206
2014-03-09	02:04:59	1199	-2	25	339	315	99	86	360	453	0	2	332	323	262	0	10	437	206
2014-03-09	02:05:59	1199	-1	24	338	314	100	86	359	432	0	2	331	322	261	0	10	437	206
2014-03-09	02:06:59	1199	-1	24	337	313	102	86	359	410	0	2	331	321	260	0	10	437	206
2014-03-09	02:07:59	1199	-1	24	336	312	103	87	359	387	0	2	330	320	260	0	10	436	206
2014-03-09	02:08:59	1199	-1	24	335	311	104	87	359	363	0	2	329	319	259	0	10	436	206
2014-03-09	02:09:59	1199	-1	24	334	309	106	87	359	338	0	2	328	318	258	0	10	436	206
2014-03-09	02:10:59	1199	-1	24	333	308	107	88	359	312	0	2	328	317	258	0	10	436	206
2014-03-09	02:11:59	1199	-1	24	332	307	108	88	359	285	0	2	327	316	257	0	10	436	206
2014-03-09	02:12:59	1199	-1	24	331	306	109	88	359	257	0	2	326	315	256	0	10	436	206
2014-03-09	02:13:59	1199	-1	24	331	305	110	88	359	229	0	2	325	314	256	0	10	436	206
2014-03-09	02:14:59	1199	-1	24	330	304	111	90	359	200	0	2	324	313	255	0	10	436	206
2014-03-09	02:15:59	1199	-1	24	329	303	112	90	359	170	0	2	323	312	255	0	10	435	206
2014-03-09	02:16:59	1199	-1	24	328	302	113	90	359	139	0	2	323	311	255	0	10	435	206
2014-03-09	02:17:59	1199	-1	24	327	301	115	91	359	107	0	2	322	310	254	0	10	435	206
2014-03-09	02:18:59	1199	-1	24	327	300	116	91	359	75	0	2	321	309	254	0	10	435	206
2014-03-09	02:19:59	1199	-1	24	326	299	116	91	359	42	0	2	320	309	253	0	10	435	206
2014-03-09	02:20:59	1199	-1	24	325	298	117	91	359	8	0	2	319	308	253	0	10	435	206
2014-03-09	02:21:59	1199	-1	24	324	297	118	92	359	-27	0	2	318	307	253	0	10	435	206
2014-03-09	02:22:59	1199	-1	24	323	296	118	92	359	-63	0	2	317	306	252	0	10	435	206
2014-03-09	02:23:59	1199	-1	24	322	295	120	92	359	-99	0	2	317	306	252	0	10	434	206
2014-03-09	02:24:59	1199	-1	24	321	294	121	92	359	-136	0	2	316	305	251	0	10	434	206
2014-03-09	02:25:59	1199	-1	23	321	294	122	93	359	-174	0	2	315	304	251	0	10	434	206
2014-03-09	02:26:59	1199	-1	23	320	293	122	94	359	-213	0	2	314	304	251	0	10	434	206
2014-03-09	02:27:59	1199	-1	23	319	292	123	94	359	-253	0	2	313	303	250	0	10	434	206
2014-03-09	02:28:59	1199	-1	23	318	291	123	94	359	-294	0	2	312	302	250	0	10	433	206
2014-03-09	02:29:59	1199	-1	23	318	290	125	94	359	-335	0	2	311	302	250	0	10	433	206
2014-03-09	02:30:59	1199	-1	23	317	290	126	95	359	-377	0	2	310	301	249	0	10	433	206
2014-03-09	02:31:59	1199	-1	23	316	289	126	95	359	-420	0	2	309	301	249	0	10	433	206
2014-03-09	02:32:59	1199	-1	23	315	288	127	95	359	-464	0	2	308	300	248	0	10	433	206
2014-03-09	02:33:59	1199	-1	23	314	287	127	96	359	-509	0	2	307	300	248	0	10	433	206
2014-03-09	02:34:59	1199	-1	23	313	286	128	96	359	-555	0	2	306	299	248	0	10	432	206
2014-03-09	02:35:59	1199	-1	23	312	285	129	96	359	-603	0	6	305	299	248	0	30	432	206
2014-03-09	02:36:59	1199	-2	23	303	265	38	52	360	-603	0	7	308	466	17	0	30	432	206
2014-03-09	02:37:59	1199	-2	23	319	270	37	7	360	-603	0	7	325	527	13	0	30	432	206
2014-03-09	02:38:59	1199	-2	23	324	271	38	-3	360	-639	0	7	325	564	46	0	30	432	206
2014-03-09	02:39:59	1199	-3	23	326	277	40	-3	359	-673	0	7	331	575	42	0	30	432	206
2014-03-09	02:40:59	1199	-3	23	332	284	41	-3	359	-701	0	7	338	589	47	0	30	431	206
2014-03-09	02:41:59	1199	-3	23	338	290	41	-2	359	-722	0	7	344	597	43	0	30	431	206
2014-03-09	02:42:59	1199	-3	23	346	296	43	-1	359	-736	0	7	350	607	49	0	30	431	206
2014-03-09	02:43:59	1199	-3	23	351	302	43	0	359	-744	0	7	355	613	46	0	30	431	206
2014-03-09	02:44:59	1199	-3	23	357	308	43	1	359	-747	0	7	359	622	49	0	30	431	206
2014-03-09	02:45:59	1199	-3	23	360	313	41	1	359	-747	0	7	363	627	46	0	30	431	206
2014-03-09	02:46:59	1199	-3	23	364	317	41	0	359	-742	0	7	367	634	47	0	30	430	206
2014-03-09	02:47:59	1199	-3	22	368	322	40	-1	359	-733	0	7	371	640	44	0	30	430	206
2014-03-09	02:48:59	1199	-3	22	373	327	41	-1	359	-719	0	7	375	647	47	0	30	430	206
2014-03-09	02:49:59	1199	-3	22	378	331	41	0	361	-701	0	7	380	651	46	0	30	430	205
2014-03-09	02:50:59	1199	-3	22	382	334	38	-1	359	-680	0	7	385	656	43	0	30	430	206
2014-03-09	02:51:59	1199	-3	22	385	338	33	-4	359	-656	0	7	387	663	38	0	30	429	206
2014-03-09	02:52:59	1199	-3	22	387	341	30	-6	359	-628	0	7	389	669	37	0	30	429	206
2014-03-09	02:53:59	1199	-3	22	390	344	28	-8	359	-597	0	7	392	674	37	0	30	429	206
2014-03-09	02:54:59	1199	-3	22	393	347	27	-9	361	-565	0	7	394	678	35	0	30	428	205
2014-03-09	02:55:59	1199	-3	22	396	350	26	-10	361	-530	0	7	397	682	34	0	30	428	205
2014-03-09	02:56:59	1199	-3	22	398	353	26	-10	361	-491	0	7	399	687	35	0	30	428	205
2014-03-09	02:57:59	1199	-3	22	400	355	25	-11	361	-450	0	7	401	692	36	0	30	428	205
2014-03-09	02:58:59	1199	-3	22	403	356	24	-11	361	-406	0	7	404	694	32	0	30	428	205
2014-03-09	02:59:59	1199	-3	22	404	358	24	-11	361	-363	0	7	404	698	36	0	30	427	205
2014-03-09	03:00:59	1199	-3	22	407	359	23	-12	361	-317	0	7	407	699	32	0	30	427	205
2014-03-09	03:01:59	1199	-3	22	409	361	22	-12	361	-269	0	7	410	704	35	0	30	427	205
2014-03-09	03:02:59	1199	-3	22	411	363	22	-12	361	-217	0	7	412	707	34	0	30	427	205
2014-03-09	03:03:59	1199	-3	22	413	365	22	-11	361	-165	0	7	414	710	32	0	30	426	205
2014-03-09	03:04:59	1199	-3	22	415	367	22	-12	361	-111	0	7	415	714	35	0	30	426	205
2014-03-09	03:05:59	1199	-3	22	417	369	21	-12	361	-55	0	7	417	716	30	0	30	426	205
2014-03-09	03:06:59	1199	-3	22	418	370	19	-13	361	2	0	6	418	719	30	0	10	426	205
2014-03-09	03:07:59	1199	-3	22	418	368	21	11	361	61	0	2	423	668	59	0	10	425	205
2014-03-09	03:08:59	1199	-3	22	418	367	26	21	361	118	0	2	434	602	94	0	10	425	205
2014-03-09	03:09:59	1199	-3	21	417	366	30	29	361	176	0	2	434	544	130	0	10	425	205
2014-03-09	03:11:00	1199	-3	21	416	365	34	37	361	234	0	2	431	501	159	0	10	425	205
2014-03-09	03:12:00	1199	-3	21	413	364	35	47	361	287	0	2	424	472	182	0	10	424	205
2014-03-09	03:13:00	1199	-3	21	410	362	37	56	361	336	0	2	417	453	202	0	10	424	205
2014-03-09	03:14:00	1199	-2	21	406	361	40	61	361	381	0	2	408	437	222	0	10	424	205
2014-03-09	03:15:00	1199	-2	21	402	358	42	65	361	422	0	2	400	424	236	0	10	423	205
2014-03-09	03:16:00	1199	-2	21	396	358	45	68	361	458	0	2	393	413	247	0	10	423	205
2014-03-09	03:17:00	1199	-3	21	392	356	47	69	361	489	0	2	386	403	255	0	10	423	205
2014-03-09	03:18:00	1199	-2	21	386	354	50	71	361	515	0	2	381	394	260	0	10	423	205
2014-03-09	03:19:00	1199	-1	21	382	353	53	72	359	537	0	2	376	386	264	0	10	423	206
2014-03-09	03:20:00	1199	-1	21	377	351	55	72	361	554	0	2	371	378	267	0	10	422	205
2014-03-09	03:21:00	1199	-1	21	373	349	58	72	361	566	0	2	367	372	269	0	10	422	205
2014-03-09	03:22:00	1199	-1	21	369	348	60	73	361	575	0	2	364	367	271	0	10	421	205
2014-03-09	03:23:00	1199	-1	21	366	347	62	73	361	580	0	2	362	363	272	0	10	421	205
2014-03-09	03:24:00	1199	-1	21	364	345	65	74	361	583	0	2	361	360	272	0	10	421	205
2014-03-09	03:25:00	1199	-1	21	362	344	66	75	361	584	0	2	359	358	272	0	10	421	205
2014-03-09	03:26:00	1199	-1	21	361	342	69	75	361	584	0	2	358	356	272	0	10	421	205
2014-03-09	03:27:00	1199	-1	21	360	341	71	76	361	583	0	2	358	354	272	0	10	420	205
2014-03-09	03:28:00	1199	-1	21	359	340	72	76	361	581	0	2	357	351	272	0	10	420	205
2014-03-09	03:29:00	1199	-1	21	358	338	75	78	361	579	0	2	356	349	272	0	10	420	205
2014-03-09	03:30:00	1199	-1	21	358	337	76	78	361	576	0	2	355	347	271	0	10	420	205
2014-03-09	03:31:00	1199	-1	21	358	335	79	79	361	573	0	2	354	345	271	0	10	420	205
2014-03-09	03:32:00	1199	-1	20	357	334	80	79	361	569	0	2	352	343	271	0	10	420	205
2014-03-09	03:33:00	1199	-1	20	356	333	82	80	361	564	0	2	351	341	270	0	10	420	205
2014-03-09	03:34:00	1199	-1	20	355	331	83	80	361	558	0	2	350	339	270	0	10	420	205
2014-03-09	03:35:00	1199	-1	20	354	331	86	82	361	551	0	2	348	338	269	0	10	420	205
2014-03-09	03:36:00	1199	-1	20	353	329	87	82	361	543	0	2	347	336	268	0	10	420	205
2014-03-09	03:37:00	1199	-1	20	345	424	38	72	361	535	0	15	349	389	180	0	20	420	205
2014-03-09	03:38:00	1199	-1	20	435	427	32	22	361	527	0	15	454	624	13	0	20	419	205
2014-03-09	03:39:00	1199	-1	20	492	466	30	8	361	519	0	15	511	720	24	0	20	419	205
2014-03-09	03:40:00	1199	-1	20	531	495	32	4	361	511	0	15	543	777	49	0	20	419	205
2014-03-09	03:41:00	1199	-1	20	555	510	32	6	361	503	0	15	565	813	49	0	20	420	205
2014-03-09	03:42:00	1199	-1	20	571	522	34	8	361	495	0	15	576	835	51	0	20	420	205
2014-03-09	03:43:00	1199	-1	20	581	530	35	9	361	487	0	15	586	853	56	0	20	423	205
2014-03-09	03:44:00	1199	-1	20	588	535	35	11	361	479	0	15	594	868	52	0	20	426	205
2014-03-09	03:45:00	1199	-1	20	594	540	34	11	361	471	0	15	597	880	56	0	20	430	205
2014-03-09	03:46:00	1199	-1	20	599	546	34	12	361	463	0	15	605	893	54	0	20	435	205
2014-03-09	03:47:00	1199	-1	20	603	550	34	13	361	455	0	15	607	902	53	0	20	439	205
2014-03-09	03:48:00	1199	-1	20	608	555	34	12	361	447	0	15	612	912	56	0	20	443	205
2014-03-09	03:49:00	1199	-1	20	612	559	34	13	361	439	0	15	617	921	54	0	20	447	205
2014-03-09	03:50:00	1199	-1	20	616	563	34	13	361	431	0	15	619	931	59	0	20	452	205
2014-03-09	03:51:00	1199	0	20	621	568	34	14	362	423	0	15	624	939	59	0	20	456	205
2014-03-09	03:52:00	1199	0	20	623	570	32	19	362	423	0	2	627	929	67	0	10	461	205
2014-03-09	03:53:00	1199	0	20	622	565	35	37	362	423	0	2	647	833	107	0	10	465	205
2014-03-09	03:54:00	1199	1	20	621	491	40	43	361	423	0	2	645	731	160	0	10	469	205
2014-03-09	03:55:00	1199	1	20	609	339	44	47	361	673	0	2	622	655	206	0	10	472	205
2014-03-09	03:56:00	1199	1	20	588	317	49	59	361	901	0	2	599	610	233	0	10	474	205
2014-03-09	03:57:00	1199	1	20	568	310	52	71	361	1000	0	2	577	576	255	0	10	475	205
2014-03-09	03:58:00	1199	1	19	520	307	55	78	361	1000	0	2	532	547	271	0	10	476	205
2014-03-09	03:59:00	1199	1	19	436	304	58	82	361	1000	0	2	472	523	282	0	10	477	205
2014-03-09	04:00:00	1199	1	19	380	302	61	84	361	1000	0	2	422	503	292	0	10	477	205
2014-03-09	04:01:00	1199	1	19	352	300	63	87	361	992	0	2	387	488	298	0	10	477	205
2014-03-09	04:02:00	1199	1	19	337	298	66	87	361	969	0	2	363	474	303	0	10	477	205
2014-03-09	04:03:00	1199	1	19	330	297	69	88	361	938	0	2	350	464	307	0	10	476	205
2014-03-09	04:04:00	1199	1	19	325	295	72	89	361	902	0	2	339	455	310	0	10	476	205
2014-03-09	04:05:00	1199	1	19	321	295	75	90	361	862	0	2	331	447	311	0	10	476	205
2014-03-09	04:06:00	1199	1	19	318	294	78	90	361	819	0	2	327	440	312	0	10	475	205
2014-03-09	04:07:00	1199	1	19	316	294	79	91	361	774	0	2	322	435	313	0	10	475	205
2014-03-09	04:08:00	1199	1	19	314	293	82	91	361	727	0	2	319	429	313	0	10	474	205
2014-03-09	04:09:00	1199	1	19	313	293	84	92	361	679	0	2	316	425	312	0	10	473	205
2014-03-09	04:10:00	1199	1	19	311	292	87	92	361	629	0	2	314	420	312	0	10	473	205
2014-03-09	04:11:00	1199	1	19	310	292	88	94	361	578	0	2	312	417	311	0	10	472	205
2014-03-09	04:12:00	1199	1	19	309	291	90	94	361	526	0	2	311	413	310	0	10	471	205
2014-03-09	04:13:00	1199	1	19	308	291	92	95	361	473	0	2	309	410	309	0	10	470	205
2014-03-09	04:14:00	1199	1	19	307	291	95	95	361	419	0	2	308	406	308	0	10	469	205
2014-03-09	04:15:00	1199	2	19	306	291	96	96	361	365	0	2	307	403	307	0	10	468	205
2014-03-09	04:16:00	1199	2	19	305	290	99	97	361	310	0	2	305	400	305	0	10	468	205
2014-03-09	04:17:00	1199	2	19	305	290	100	98	361	254	0	2	305	397	304	0	10	467	205
2014-03-09	04:18:00	1199	2	19	304	290	103	99	361	197	0	2	304	394	303	0	10	467	205
2014-03-09	04:19:00	1199	2	19	304	289	104	99	361	140	0	2	303	391	302	0	10	466	205
2014-03-09	04:20:00	1199	2	19	303	289	106	100	361	82	0	2	302	389	301	0	10	466	205
2014-03-09	04:21:00	1199	2	19	303	289	108	100	364	24	0	2	301	386	299	0	10	466	204
2014-03-09	04:22:00	1199	2	19	302	289	109	102	361	-35	0	2	301	384	298	0	10	466	205
2014-03-09	04:23:00	1199	2	19	302	288	111	102	361	-97	0	2	300	381	297	0	10	466	205
2014-03-09	04:24:00	1199	2	19	301	288	112	103	361	-157	0	2	300	379	296	0	10	465	205
2014-03-09	04:25:00	1199	3	19	301	288	113	103	364	-217	0	2	299	376	295	0	10	466	204
2014-03-09	04:26:01	1199	3	19	301	287	116	104	361	-278	0	2	299	374	294	0	10	465	205
2014-03-09	04:27:02	1199	4	19	300	287	117	106	361	-339	0	2	298	371	294	0	10	465	205
2014-03-09	04:28:02	1199	4	19	299	286	118	106	364	-404	0	2	297	369	293	0	10	466	204
2014-03-09	04:29:02	1199	4	18	299	286	120	106	361	-466	0	2	297	367	292	0	10	466	205
2014-03-09	04:30:02	1199	4	18	299	285	121	107	364	-531	0	2	297	365	291	0	10	465	204
2014-03-09	04:31:02	1199	4	18	298	284	122	108	361	-597	0	2	296	364	290	0	10	466	205
2014-03-09	04:32:02	1199	4	18	298	283	123	108	361	-663	0	6	296	362	290	0	30	465	205
2014-03-09	04:33:02	1199	4	18	298	259	37	55	361	-663	0	7	307	514	19	0	30	466	205
2014-03-09	04:34:02	1199	4	18	315	268	36	9	364	-663	0	7	322	552	8	0	30	466	204
2014-03-09	04:35:02	1199	4	18	322	268	37	-3	364	-705	0	7	323	589	44	0	30	465	204
2014-03-09	04:36:02	1199	4	18	323	273	38	-5	364	-746	0	7	327	597	39	0	30	465	204
2014-03-09	04:37:02	1199	4	18	330	278	39	-5	364	-781	0	7	332	608	46	0	30	465	204
2014-03-09	04:38:02	1199	5	18	333	283	39	-4	365	-813	0	7	337	612	40	0	30	465	204
2014-03-09	04:39:02	1199	6	18	338	289	40	-3	365	-840	0	7	341	619	48	0	30	465	204
2014-03-09	04:40:02	1199	6	18	344	294	41	-1	365	-862	0	7	348	623	41	0	30	465	204
2014-03-09	04:41:02	1199	6	18	349	298	41	-1	365	-879	0	7	351	629	47	0	30	465	204
2014-03-09	04:42:02	1199	6	18	353	302	40	-1	365	-892	0	7	357	633	41	0	30	465	204
2014-03-09	04:43:02	1199	6	18	356	306	38	-3	365	-901	0	7	358	638	45	0	30	465	204
2014-03-09	04:44:02	1199	6	18	358	310	38	-3	365	-908	0	7	361	642	41	0	30	465	204
2014-03-09	04:45:02	1199	6	18	361	313	38	-2	365	-912	0	7	362	646	46	0	30	465	204
2014-03-09	04:46:02	1199	6	18	365	316	40	-1	365	-913	0	7	367	650	44	0	30	465	204
2014-03-09	04:47:02	1199	6	18	367	320	36	-1	365	-911	0	7	369	651	41	0	30	465	204
2014-03-09	04:48:02	1199	6	18	370	323	32	-5	365	-906	0	7	371	658	41	0	30	465	204
2014-03-09	04:49:02	1199	6	18	372	325	29	-8	365	-899	0	7	375	660	34	0	30	465	204
2014-03-09	04:50:02	1199	6	18	375	328	26	-10	365	-890	0	7	375	666	36	0	30	465	204
2014-03-09	04:51:02	1199	6	18	377	330	26	-11	365	-878	0	7	379	669	33	0	30	465	204
2014-03-09	04:52:02	1199	6	18	379	332	24	-12	365	-864	0	7	380	671	32	0	30	465	204
2014-03-09	04:53:02	1199	6	18	381	334	24	-12	365	-848	0	7	382	674	33	0	30	465	204
2014-03-09	04:54:02	1199	7	18	383	336	23	-12	365	-830	0	7	384	677	31	0	30	465	204
2014-03-09	04:55:02	1199	8	18	385	337	22	-12	364	-809	0	7	385	681	34	0	30	466	204
2014-03-09	04:56:02	1199	8	18	386	339	22	-13	364	-787	0	7	387	681	29	0	30	465	204
2014-03-09	04:57:02	1199	8	18	387	341	22	-13	364	-764	0	7	387	685	34	0	30	465	204
2014-03-09	04:58:02	1199	8	18	389	341	22	-13	364	-739	0	7	389	685	30	0	30	465	204
2014-03-09	04:59:02	1199	8	18	390	343	21	-13	364	-713	0	7	390	688	32	0	30	465	204
2014-03-09	05:00:02	1199	8	18	391	343	21	-13	364	-685	0	7	391	689	30	0	30	465	204
2014-03-09	05:01:02	1199	8	18	392	345	19	-14	364	-657	0	7	392	691	30	0	30	465	204
2014-03-09	05:02:02	1199	8	18	394	346	19	-15	364	-628	0	7	394	694	29	0	30	465	204
2014-03-09	05:03:02	1199	8	18	394	347	18	-15	364	-598	0	7	394	695	27	0	30	465	204
2014-03-09	05:04:02	1199	8	18	395	348	17	-16	364	-567	0	7	395	698	29	0	30	464	204
2014-03-09	05:05:02	1199	8	18	396	349	16	-16	364	-535	0	7	396	699	27	0	30	464	204
2014-03-09	05:06:02	1199	8	18	397	350	16	-17	364	-502	0	7	397	701	27	0	30	464	204
2014-03-09	05:07:02	1199	8	18	398	350	16	-17	364	-468	0	7	397	702	27	0	30	464	204
2014-03-09	05:08:02	1199	8	18	398	351	16	-17	364	-434	0	7	398	704	29	0	30	464	204
2014-03-09	05:09:02	1199	8	18	399	355	16	-17	364	-399	0	7	400	705	24	0	30	464	204
2014-03-09	05:10:02	1199	8	18	402	355	14	-17	364	-361	0	7	401	710	29	0	30	464	204
2014-03-09	05:11:02	1199	8	18	403	356	14	-17	364	-323	0	7	403	711	26	0	30	464	204
2014-03-09	05:12:02	1199	9	18	403	356	14	-17	364	-284	0	7	403	711	26	0	30	464	204
2014-03-09	05:13:02	1199	9	18	403	356	14	-18	364	-246	0	7	402	713	29	0	30	464	204
2014-03-09	05:14:02	1199	9	18	404	357	14	-18	364	-206	0	7	404	713	26	0	30	464	204
2014-03-09	05:15:02	1199	9	17	405	358	13	-18	364	-166	0	7	404	714	23	0	30	464	204
2014-03-09	05:16:02	1199	9	17	405	358	13	-19	364	-125	0	7	405	717	28	0	30	463	204
2014-03-09	05:17:02	1199	9	17	404	352	12	-19	364	-84	0	7	402	714	26	0	30	463	204
2014-03-09	05:18:02	1199	9	17	397	346	12	-19	364	-50	0	7	395	708	22	0	30	463	204
2014-03-09	05:19:02	1199	9	17	393	345	12	-19	364	-20	0	7	392	707	27	0	30	463	204
2014-03-09	05:20:02	1199	9	17	392	345	11	-21	364	8	0	6	392	705	24	0	10	463	204
2014-03-09	05:21:02	1199	9	17	391	343	13	2	364	35	0	2	400	657	58	0	10	463	204
2014-03-09	05:22:02	1199	9	17	391	343	18	13	364	62	0	2	411	595	92	0	10	463	204
2014-03-09	05:23:02	1199	9	17	391	342	22	20	364	89	0	2	412	540	126	0	10	462	204
2014-03-09	05:24:02	1199	9	17	390	341	26	29	364	116	0	2	408	501	154	0	10	463	204
2014-03-09	05:25:02	1199	10	17	388	339	27	38	364	140	0	2	401	474	177	0	10	462	204
2014-03-09	05:26:02	1199	10	17	385	336	30	46	364	162	0	2	392	454	198	0	10	462	204
2014-03-09	05:27:02	1199	11	17	381	334	32	52	364	180	0	2	384	439	219	0	10	462	204
2014-03-09	05:28:02	1199	10	17	376	332	36	55	364	193	0	2	375	426	234	0	10	461	204
2014-03-09	05:29:02	1199	11	17	371	331	38	58	364	200	0	2	367	416	245	0	10	461	204
2014-03-09	05:30:02	1199	11	17	366	329	41	59	364	202	0	2	361	406	253	0	10	461	204
2014-03-09	05:31:02	1199	11	17	361	328	44	61	364	200	0	2	357	397	259	0	10	461	204
2014-03-09	05:32:02	1199	11	17	358	326	46	62	364	194	0	2	353	389	264	0	10	460	204
2014-03-09	05:33:02	1199	11	17	355	325	49	62	364	186	0	2	350	383	267	0	10	460	204
2014-03-09	05:34:02	1199	11	17	352	324	52	63	364	174	0	2	347	377	269	0	10	460	204
2014-03-09	05:35:02	1199	11	17	349	323	53	63	364	160	0	2	344	371	271	0	10	460	204
2014-03-09	05:36:02	1199	11	17	347	322	56	65	364	143	0	2	342	366	272	0	10	459	204
2014-03-09	05:37:02	1199	11	17	345	321	58	65	364	124	0	2	340	363	273	0	10	459	204
2014-03-09	05:38:02	1199	11	17	343	320	61	66	364	103	0	2	339	360	273	0	10	459	204
2014-03-09	05:39:02	1199	11	17	341	320	62	66	364	81	0	2	337	358	273	0	10	459	204
2014-03-09	05:40:02	1199	11	17	340	320	65	66	364	57	0	2	336	356	273	0	10	458	204
2014-03-09	05:41:03	1199	11	17	339	319	66	68	364	32	0	2	335	354	273	0	10	458	204
2014-03-09	05:42:03	1199	11	17	338	319	69	68	364	6	0	2	334	351	272	0	10	458	204
2014-03-09	05:43:03	1199	11	17	337	318	71	69	364	-20	0	2	333	349	272	0	10	457	204
2014-03-09	05:44:03	1199	11	17	337	318	72	69	364	-47	0	2	331	347	271	0	10	457	204
2014-03-09	05:45:03	1199	11	17	336	317	75	71	364	-75	0	2	331	345	271	0	10	457	204
2014-03-09	05:46:03	1199	11	17	335	317	76	72	364	-104	0	2	330	343	270	0	10	457	204
2014-03-09	05:47:03	1199	11	17	334	316	78	72	364	-134	0	2	329	341	270	0	10	456	204
2014-03-09	05:48:03	1199	11	17	334	316	80	73	364	-164	0	2	328	339	269	0	10	456	204
2014-03-09	05:49:03	1199	11	17	333	315	82	73	364	-195	0	2	327	338	268	0	10	456	204
2014-03-09	05:50:03	1199	12	17	332	314	83	74	364	-227	0	2	327	336	268	0	10	456	204
2014-03-09	05:51:03	1199	12	17	331	313	84	75	364	-260	0	2	325	334	267	0	10	455	204
2014-03-09	05:52:03	1199	12	17	331	312	87	76	364	-293	0	2	324	333	266	0	10	455	204
2014-03-09	05:53:03	1199	13	17	331	311	88	76	364	-326	0	2	323	331	265	0	10	455	204
2014-03-09	05:54:03	1199	13	17	330	311	90	76	364	-360	0	2	322	331	265	0	10	455	204
2014-03-09	05:55:03	1199	13	17	329	310	91	78	364	-395	0	2	321	329	264	0	10	454	204
2014-03-09	05:56:03	1199	13	17	328	309	92	78	364	-430	0	2	321	328	263	0	10	454	204
2014-03-09	05:57:03	1199	13	17	328	308	94	78	364	-466	0	2	320	327	262	0	10	454	204
2014-03-09	05:58:03	1199	13	17	327	307	95	79	364	-503	0	2	319	325	262	0	10	453	204
2014-03-09	05:59:03	1199	13	17	326	306	96	79	364	-541	0	2	318	324	261	0	10	453	204
2014-03-09	06:00:03	1199	13	17	325	305	98	79	364	-580	0	2	317	323	260	0	10	453	204
2014-03-09	06:01:03	1199	13	17	324	304	99	80	364	-620	0	6	317	322	260	0	30	453	204
2014-03-09	06:02:03	1199	13	17	321	285	28	40	364	-620	0	7	327	492	11	0	30	453	204
2014-03-09	06:03:03	1199	13	17	332	282	30	2	364	-620	0	7	336	544	6	0	30	452	204
2014-03-09	06:04:03	1199	13	17	333	282	30	-8	364	-651	0	7	333	581	40	0	30	452	204
2014-03-09	06:05:03	1199	13	17	334	284	32	-8	364	-682	0	7	337	590	34	0	30	452	204
2014-03-09	06:06:03	1199	13	17	337	289	34	-9	364	-709	0	7	341	601	41	0	30	452	204
2014-03-09	06:07:03	1199	13	17	342	294	34	-8	364	-732	0	7	347	608	37	0	30	452	204
2014-03-09	06:08:03	1199	13	17	347	299	35	-8	364	-749	0	7	351	617	43	0	30	451	204
2014-03-09	06:09:03	1199	13	17	352	304	35	-6	364	-761	0	7	355	621	37	0	30	451	204
2014-03-09	06:10:03	1199	13	17	356	307	34	-6	364	-769	0	7	358	628	41	0	30	451	204
2014-03-09	06:11:03	1199	13	17	358	311	34	-6	364	-775	0	7	360	631	37	0	30	450	204
2014-03-09	06:12:03	1199	13	17	361	313	33	-6	364	-779	0	7	362	637	41	0	30	451	204
2014-03-09	06:13:03	1199	13	17	363	316	32	-6	364	-781	0	7	365	640	37	0	30	450	204
2014-03-09	06:14:03	1199	13	17	365	319	33	-6	364	-780	0	7	366	645	42	0	30	450	204
2014-03-09	06:15:03	1199	13	17	368	322	34	-6	364	-776	0	7	370	647	38	0	30	450	204
2014-03-09	06:16:03	1199	13	17	371	325	29	-8	364	-769	0	7	373	653	35	0	30	449	204
2014-03-09	06:17:03	1199	13	17	373	327	26	-10	364	-760	0	7	375	656	33	0	30	449	204
2014-03-09	06:18:03	1199	13	17	375	329	23	-13	364	-749	0	7	377	662	30	0	30	449	204
2014-03-09	06:19:03	1199	13	17	377	331	22	-13	364	-736	0	7	378	664	30	0	30	449	204
2014-03-09	06:20:03	1199	13	17	379	332	21	-15	364	-722	0	7	380	669	29	0	30	448	204
2014-03-09	06:21:03	1199	13	17	381	334	20	-15	364	-706	0	7	381	671	29	0	30	448	204
2014-03-09	06:22:03	1199	13	17	382	336	19	-15	364	-688	0	7	383	674	29	0	30	448	204
2014-03-09	06:23:03	1199	13	17	384	338	19	-15	364	-668	0	7	384	677	29	0	30	448	204
2014-03-09	06:24:03	1199	13	17	386	338	19	-16	364	-647	0	7	386	678	28	0	30	447	204
2014-03-09	06:25:03	1199	13	17	386	340	18	-15	364	-625	0	7	386	681	28	0	30	447	204
2014-03-09	06:26:03	1199	14	17	387	340	18	-16	364	-602	0	7	387	682	28	0	30	447	204
2014-03-09	06:27:03	1199	14	17	387	341	18	-17	364	-579	0	7	387	684	27	0	30	447	204
2014-03-09	06:28:03	1199	14	17	389	343	18	-17	364	-554	0	7	389	687	27	0	30	446	204
2014-03-09	06:29:03	1199	14	17	390	343	17	-17	364	-528	0	7	390	689	28	0	30	446	204
2014-03-09	06:30:03	1199	14	17	391	345	16	-17	364	-501	0	7	392	691	27	0	30	446	204
2014-03-09	06:31:03	1199	14	17	392	346	15	-18	364	-473	0	7	392	692	26	0	30	445	204
2014-03-09	06:32:03	1199	14	17	393	347	14	-18	364	-444	0	7	393	695	26	0	30	445	204
2014-03-09	06:33:03	1199	14	17	394	347	13	-19	364	-414	0	7	393	696	24	0	30	445	204
2014-03-09	06:34:03	1199	14	17	393	348	13	-19	364	-385	0	7	394	699	26	0	30	445	204
2014-03-09	06:35:03	1199	14	17	394	351	13	-19	364	-355	0	7	394	699	22	0	30	444	204
2014-03-09	06:36:03	1199	14	17	397	352	12	-19	364	-322	0	7	397	704	24	0	30	444	204
2014-03-09	06:37:03	1199	14	17	398	353	13	-19	364	-288	0	7	398	707	27	0	30	444	204
2014-03-09	06:38:03	1199	14	17	399	353	12	-20	364	-253	0	7	399	705	22	0	30	443	204
2014-03-09	06:39:03	1199	14	17	398	352	11	-19	364	-219	0	7	397	707	25	0	30	443	204
2014-03-09	06:40:03	1199	14	17	399	354	11	-21	364	-184	0	7	399	709	26	0	30	443	204
2014-03-09	06:41:03	1199	14	17	400	354	11	-21	364	-148	0	7	400	708	21	0	30	443	204
2014-03-09	06:42:03	1199	14	17	401	355	11	-20	364	-112	0	7	401	711	24	0	30	442	204
2014-03-09	06:43:03	1199	14	17	401	356	11	-21	364	-75	0	7	401	713	26	0	30	442	204
2014-03-09	06:44:03	1199	14	17	402	356	10	-21	364	-37	0	7	402	713	22	0	30	442	204
2014-03-09	06:45:03	1199	14	17	402	356	9	-21	364	1	0	6	402	713	21	0	10	441	204
2014-03-09	06:46:03	1199	14	17	402	354	11	2	364	39	0	2	413	664	51	0	10	441	204
2014-03-09	06:47:03	1199	14	17	402	353	16	11	364	77	0	2	425	598	86	0	10	441	204
2014-03-09	06:48:03	1199	14	17	402	353	21	18	364	115	0	2	426	542	121	0	10	441	204
2014-03-09	06:49:03	1199	15	17	402	353	24	26	365	152	0	2	423	501	151	0	10	440	204
2014-03-09	06:50:03	1199	16	17	402	352	27	35	365	189	0	2	417	473	175	0	10	440	204
2014-03-09	06:51:03	1199	16	17	400	351	29	42	365	224	0	2	408	452	195	0	10	440	204
2014-03-09	06:52:03	1199	16	17	397	350	32	47	365	256	0	2	400	438	214	0	10	440	204
2014-03-09	06:53:03	1199	16	17	392	348	35	51	365	284	0	2	391	425	231	0	10	440	204
2014-03-09	06:54:03	1199	16	17	388	347	38	54	365	307	0	2	385	414	241	0	10	440	204
2014-03-09	06:55:03	1199	16	17	383	345	41	56	365	326	0	2	377	404	250	0	10	439	204
2014-03-09	06:56:03	1199	16	17	378	344	43	58	365	339	0	2	370	395	257	0	10	439	204
2014-03-09	06:57:04	1199	16	17	373	342	46	59	365	347	0	2	365	388	261	0	10	439	204
2014-03-09	06:58:04	1199	16	17	368	341	49	59	365	351	0	2	361	381	265	0	10	439	204
2014-03-09	06:59:04	1199	16	17	364	340	51	59	365	351	0	2	358	375	267	0	10	439	204
2014-03-09	07:00:04	1199	16	17	361	338	53	61	365	347	0	2	356	369	269	0	10	439	204
2014-03-09	07:01:04	1199	16	17	358	337	56	62	365	340	0	2	353	365	270	0	10	439	204
2014-03-09	07:02:04	1199	16	17	356	335	58	62	365	331	0	2	351	362	271	0	10	438	204
2014-03-09	07:03:04	1199	16	17	354	334	61	62	365	320	0	2	350	359	272	0	10	438	204
2014-03-09	07:04:04	1199	16	17	352	333	62	63	365	307	0	2	349	357	272	0	10	438	204
2014-03-09	07:05:04	1199	16	17	350	332	65	63	365	293	0	2	347	355	272	0	10	438	204
2014-03-09	07:06:04	1199	16	17	349	331	66	65	365	277	0	2	346	352	272	0	10	438	204
2014-03-09	07:07:04	1199	16	17	349	331	68	65	365	261	0	2	346	350	271	0	10	438	204
2014-03-09	07:08:04	1199	16	17	348	330	71	66	365	244	0	2	344	348	271	0	10	437	204
2014-03-09	07:09:04	1199	17	17	347	329	72	67	365	226	0	2	343	346	271	0	10	437	204
2014-03-09	07:10:04	1199	17	17	346	328	74	68	365	207	0	2	342	344	270	0	10	437	204
2014-03-09	07:11:04	1199	18	17	345	326	76	69	365	187	0	2	341	342	270	0	10	437	204
2014-03-09	07:12:04	1199	18	17	344	325	78	69	365	166	0	2	340	340	269	0	10	437	204
2014-03-09	07:13:04	1199	18	17	344	324	80	71	365	145	0	2	339	338	268	0	10	437	204
2014-03-09	07:14:04	1199	18	17	343	323	82	71	365	123	0	2	338	336	268	0	10	437	204
2014-03-09	07:15:04	1199	18	17	342	322	83	72	365	100	0	2	336	335	267	0	10	437	204
2014-03-09	07:16:04	1199	18	17	341	321	84	72	365	76	0	2	335	333	266	0	10	437	204
2014-03-09	07:17:04	1199	18	17	340	319	87	73	365	51	0	2	334	331	265	0	10	436	204
2014-03-09	07:18:04	1199	18	17	339	318	88	73	365	26	0	2	333	331	265	0	10	436	204
2014-03-09	07:19:04	1199	18	17	338	317	90	75	365	0	0	2	332	329	264	0	10	436	204
2014-03-09	07:20:04	1199	18	17	338	316	91	75	365	-27	0	2	331	328	264	0	10	436	204
2014-03-09	07:21:04	1199	18	17	337	315	92	76	365	-55	0	2	331	327	263	0	10	436	204
2014-03-09	07:22:04	1199	18	17	336	313	94	76	365	-84	0	2	330	325	262	0	10	436	204
2014-03-09	07:23:04	1199	18	17	335	312	95	78	365	-114	0	2	329	324	262	0	10	435	204
2014-03-09	07:24:04	1199	18	17	334	311	96	78	365	-145	0	2	328	323	261	0	10	435	204
2014-03-09	07:25:04	1199	18	17	333	310	98	78	365	-177	0	2	327	322	260	0	10	435	204
2014-03-09	07:26:04	1199	18	17	332	309	99	79	365	-210	0	2	327	320	260	0	10	435	204
2014-03-09	07:27:04	1199	18	17	331	308	100	79	365	-244	0	2	326	319	259	0	10	435	204
2014-03-09	07:28:04	1199	18	17	331	307	102	80	365	-278	0	2	325	318	258	0	10	435	204
2014-03-09	07:29:04	1199	18	17	330	305	103	80	365	-312	0	2	324	317	258	0	10	435	204
2014-03-09	07:30:04	1199	18	17	329	305	104	80	365	-347	0	2	323	316	257	0	10	435	204
2014-03-09	07:31:04	1199	18	17	329	304	105	82	365	-383	0	2	323	315	257	0	10	434	204
2014-03-09	07:32:04	1199	18	17	328	303	107	82	365	-420	0	2	322	314	256	0	10	434	204
2014-03-09	07:33:04	1199	18	17	327	302	108	82	365	-458	0	2	321	313	256	0	10	434	204
2014-03-09	07:34:04	1199	18	17	326	301	108	83	365	-497	0	2	320	312	255	0	10	434	204
2014-03-09	07:35:04	1199	18	17	325	300	109	83	365	-537	0	2	320	312	255	0	10	434	204
2014-03-09	07:36:04	1199	18	17	325	299	111	83	365	-577	0	2	319	311	254	0	10	434	204
2014-03-09	07:37:04	1199	18	17	324	298	112	83	365	-618	0	6	319	310	254	0	30	434	204
2014-03-09	07:38:04	1199	18	17	318	284	30	43	365	-618	0	7	324	484	11	0	30	433	204
2014-03-09	07:39:04	1199	18	17	331	281	30	2	365	-618	0	7	335	540	6	0	30	433	204
2014-03-09	07:40:04	1199	18	17	332	282	32	-7	365	-651	0	7	333	578	41	0	30	433	204
2014-03-09	07:41:04	1199	18	17	333	284	34	-8	365	-683	0	7	336	587	37	0	30	433	204
2014-03-09	07:42:04	1199	18	17	337	289	35	-8	365	-712	0	7	341	598	42	0	30	433	204
2014-03-09	07:43:04	1199	19	17	342	294	35	-6	365	-736	0	7	346	606	39	0	30	433	204
2014-03-09	07:44:06	1199	19	17	347	299	37	-6	365	-754	0	7	351	614	44	0	30	432	204
2014-03-09	07:45:05	1199	19	17	352	304	37	-5	365	-768	0	7	355	618	39	0	30	432	204
2014-03-09	07:46:05	1199	19	17	356	307	35	-5	365	-778	0	7	358	626	43	0	30	432	204
2014-03-09	07:47:05	1199	19	17	358	311	35	-5	365	-785	0	7	360	629	38	0	30	432	204
2014-03-09	07:48:05	1199	19	17	361	314	34	-6	365	-789	0	7	362	636	42	0	30	432	204
2014-03-09	07:49:05	1199	19	17	363	317	34	-6	368	-791	0	7	366	639	37	0	30	432	203
2014-03-09	07:50:05	1199	19	17	366	320	34	-6	365	-793	0	7	367	645	42	0	30	432	204
2014-03-09	07:51:05	1199	19	17	369	323	35	-5	365	-789	0	7	371	647	40	0	30	431	204
2014-03-09	07:52:05	1199	19	17	372	326	30	-6	365	-785	0	7	374	653	37	0	30	431	204
2014-03-09	07:53:05	1199	19	17	374	328	26	-10	368	-779	0	7	376	656	34	0	30	431	203
2014-03-09	07:54:05	1199	19	17	376	331	24	-12	365	-771	0	7	378	662	31	0	30	431	204
2014-03-09	07:55:05	1199	19	17	378	332	22	-13	365	-758	0	7	380	666	30	0	30	431	204
2014-03-09	07:56:05	1199	19	17	380	334	21	-15	365	-746	0	7	382	669	29	0	30	431	204
2014-03-09	07:57:05	1199	19	17	382	336	21	-14	365	-729	0	7	383	673	29	0	30	431	204
2014-03-09	07:58:05	1199	19	17	384	338	19	-15	368	-710	0	7	385	675	29	0	30	430	203
2014-03-09	07:59:05	1199	19	17	386	339	19	-15	365	-690	0	7	386	678	29	0	30	430	204
2014-03-09	08:00:05	1199	19	17	386	340	19	-15	368	-672	0	7	387	681	29	0	30	430	203
2014-03-09	08:01:05	1199	19	17	387	341	19	-15	368	-650	0	7	387	682	29	0	30	430	203
2014-03-09	08:02:05	1199	19	17	389	342	19	-16	368	-626	0	7	389	684	26	0	30	430	203
2014-03-09	08:03:05	1199	19	17	390	343	19	-16	368	-604	0	7	390	688	30	0	30	429	203
2014-03-09	08:04:05	1199	20	17	392	345	18	-16	368	-581	0	7	392	688	26	0	30	429	203
2014-03-09	08:05:05	1199	20	17	394	347	18	-17	368	-553	0	7	394	692	30	0	30	429	203
2014-03-09	08:06:05	1199	20	17	395	348	17	-16	368	-526	0	7	396	694	27	0	30	429	203
2014-03-09	08:07:05	1199	20	17	396	350	16	-17	368	-498	0	7	397	696	25	0	30	429	203
2014-03-09	08:08:05	1199	21	17	397	351	14	-18	368	-469	0	7	398	701	29	0	30	429	203
2014-03-09	08:09:05	1199	21	17	399	352	13	-19	365	-439	0	7	399	701	24	0	30	429	204
2014-03-09	08:10:05	1199	21	17	398	353	13	-19	368	-409	0	7	398	702	23	0	30	428	203
2014-03-09	08:11:05	1199	21	17	400	355	13	-21	368	-377	0	7	400	707	27	0	30	428	203
2014-03-09	08:12:06	1199	21	17	402	358	13	-19	368	-343	0	7	403	708	21	0	30	428	203
2014-03-09	08:13:06	1199	21	17	403	357	13	-19	368	-308	0	7	403	711	26	0	30	428	203
2014-03-09	08:14:06	1199	21	17	404	358	12	-19	365	-272	0	7	404	713	26	0	30	428	204
2014-03-09	08:15:06	1199	21	17	405	358	13	-19	368	-235	0	7	405	713	22	0	30	427	203
2014-03-09	08:16:06	1199	21	17	406	358	11	-19	365	-198	0	7	406	716	27	0	30	427	204
2014-03-09	08:17:06	1199	21	17	406	359	11	-19	365	-160	0	7	407	717	26	0	30	427	204
2014-03-09	08:18:06	1199	21	17	408	360	11	-19	368	-121	0	7	408	717	22	0	30	427	203
2014-03-09	08:19:06	1199	21	17	408	361	11	-19	368	-81	0	7	408	720	26	0	30	427	203
2014-03-09	08:20:06	1199	21	17	409	362	9	-21	368	-37	0	7	408	721	24	0	30	427	203
2014-03-09	08:21:06	1199	21	17	409	361	11	-21	365	7	0	6	409	720	22	0	10	427	204
2014-03-09	08:22:06	1199	21	17	408	358	11	4	365	47	0	2	411	667	56	0	10	426	204
2014-03-09	08:23:06	1199	21	17	407	358	16	13	365	89	0	2	420	602	91	0	10	426	204
2014-03-09	08:24:06	1199	21	17	407	358	21	19	368	130	0	2	421	545	127	0	10	426	203
2014-03-09	08:25:06	1199	22	17	405	358	24	27	365	168	0	2	419	504	157	0	10	426	204
2014-03-09	08:26:06	1199	22	17	402	357	27	35	367	205	0	2	413	476	180	0	10	426	203
2014-03-09	08:27:06	1199	22	17	398	356	30	42	367	238	0	2	406	456	199	0	10	425	203
2014-03-09	08:28:06	1199	22	17	395	355	34	47	365	266	0	2	398	441	220	0	10	425	204
2014-03-09	08:29:06	1199	22	17	392	353	36	50	367	293	0	2	391	427	234	0	10	425	203
2014-03-09	08:30:06	1199	22	17	388	352	38	53	367	314	0	2	385	417	245	0	10	425	203
2014-03-09	08:31:06	1199	22	17	385	350	41	55	367	332	0	2	378	406	253	0	10	425	203
2014-03-09	08:32:06	1199	22	17	381	349	44	56	367	346	0	2	372	397	259	0	10	425	203
2014-03-09	08:33:06	1199	22	17	376	348	46	58	367	356	0	2	367	390	263	0	10	425	203
2014-03-09	08:34:06	1199	22	17	372	346	49	59	367	362	0	2	364	384	267	0	10	424	203
2014-03-09	08:35:06	1199	23	17	369	345	52	59	368	363	0	2	361	377	269	0	10	424	203
2014-03-09	08:36:06	1199	24	17	365	344	55	61	368	361	0	2	358	372	271	0	10	424	203
2014-03-09	08:37:06	1199	24	17	362	342	56	61	368	356	0	2	357	367	272	0	10	424	203
2014-03-09	08:38:06	1199	24	17	360	341	59	62	368	352	0	2	355	363	273	0	10	423	203
2014-03-09	08:39:06	1199	24	17	358	340	61	62	368	342	0	2	354	361	273	0	10	423	203
2014-03-09	08:40:06	1199	24	17	356	339	63	62	368	331	0	2	353	358	273	0	10	423	203
2014-03-09	08:41:06	1199	24	17	355	337	65	63	368	318	0	2	352	357	273	0	10	423	203
2014-03-09	08:42:06	1199	24	17	353	336	68	65	368	307	0	2	351	355	273	0	10	423	203
2014-03-09	08:43:06	1199	24	17	352	335	69	65	368	296	0	2	351	352	273	0	10	423	203
2014-03-09	08:44:06	1199	24	17	351	334	72	66	368	279	0	2	350	350	273	0	10	422	203
2014-03-09	08:45:06	1199	25	17	351	332	73	66	365	262	0	2	349	348	272	0	10	422	204
2014-03-09	08:46:06	1199	25	17	350	331	75	68	368	244	0	2	348	346	272	0	10	422	203
2014-03-09	08:47:06	1199	26	17	349	331	78	68	368	226	0	2	347	344	271	0	10	422	203
2014-03-09	08:48:06	1199	26	17	349	330	79	69	368	207	0	2	346	342	271	0	10	421	203
2014-03-09	08:49:06	1199	26	17	348	328	80	70	368	187	0	2	345	340	270	0	10	421	203
2014-03-09	08:50:06	1199	26	17	348	327	82	71	368	167	0	2	344	339	269	0	10	421	203
2014-03-09	08:51:06	1199	26	17	347	326	84	72	368	146	0	2	343	337	268	0	10	421	203
2014-03-09	08:52:06	1199	26	17	346	325	86	72	368	124	0	2	342	335	268	0	10	421	203
2014-03-09	08:53:06	1199	26	17	346	323	87	73	368	102	0	2	341	334	267	0	10	421	203
2014-03-09	08:54:06	1199	26	17	345	322	89	73	368	79	0	2	340	332	267	0	10	420	203
2014-03-09	08:55:06	1199	26	17	344	321	90	75	368	55	0	2	339	331	266	0	10	420	203
2014-03-09	08:56:06	1199	26	17	343	320	92	75	368	30	0	2	338	330	265	0	10	420	203
2014-03-09	08:57:06	1199	26	17	342	319	94	76	368	5	0	2	336	329	264	0	10	420	203
2014-03-09	08:58:06	1199	26	17	341	317	95	78	368	-21	0	2	335	327	264	0	10	420	203
2014-03-09	08:59:06	1199	26	17	341	316	96	78	368	-48	0	2	334	326	263	0	10	420	203
2014-03-09	09:00:06	1199	27	17	340	315	98	79	367	-75	0	2	333	325	263	0	10	420	203
2014-03-09	09:01:06	1199	27	17	339	314	99	79	367	-103	0	2	332	324	262	0	10	420	203
2014-03-09	09:02:06	1199	27	17	338	313	100	79	367	-131	0	14	331	322	261	0	20	420	203
2014-03-09	09:03:06	1199	27	17	387	369	27	42	367	-159	0	15	425	568	16	0	20	419	203
2014-03-09	09:04:06	1199	27	17	456	444	29	9	367	-187	0	15	482	674	11	0	20	419	203
2014-03-09	09:05:06	1199	27	17	507	480	29	2	367	-215	0	15	523	748	43	0	20	418	203
2014-03-09	09:06:06	1199	27	17	539	501	30	4	367	-243	0	15	550	791	47	0	20	418	203
2014-03-09	09:07:06	1199	27	18	560	514	32	6	367	-271	0	15	567	820	53	0	20	419	203
2014-03-09	09:08:06	1199	27	18	573	523	34	8	367	-299	0	15	580	841	50	0	20	420	203
2014-03-09	09:09:06	1199	27	18	582	530	34	9	367	-327	0	15	586	855	54	0	20	424	203
2014-03-09	09:10:06	1199	27	18	589	536	34	9	367	-355	0	15	593	870	55	0	20	427	203
2014-03-09	09:11:06	1199	27	18	594	542	33	11	367	-383	0	15	599	883	52	0	20	431	203
2014-03-09	09:12:06	1199	28	18	599	546	33	11	368	-411	0	15	602	895	56	0	20	435	203
2014-03-09	09:13:06	1199	29	18	603	550	32	11	368	-439	0	15	608	905	53	0	20	439	203
2014-03-09	09:14:06	1199	29	18	608	555	32	11	368	-467	0	15	611	914	55	0	20	443	203
2014-03-09	09:15:06	1199	29	18	612	559	32	11	368	-495	0	15	616	923	55	0	20	448	203
2014-03-09	09:16:06	1199	29	18	616	563	34	13	368	-523	0	15	620	931	55	0	20	452	203
2014-03-09	09:17:06	1199	29	18	619	567	31	13	368	-551	0	15	623	941	57	0	20	456	203
2014-03-09	09:18:06	1199	29	18	621	405	29	11	368	-551	0	7	620	938	50	0	30	461	203
2014-03-09	09:19:06	1199	29	18	400	298	26	-5	368	-551	0	7	360	731	45	0	30	465	203
2014-03-09	09:20:06	1199	29	18	354	284	26	-10	368	-551	0	7	348	692	28	0	30	469	203
2014-03-09	09:21:06	1199	29	18	342	291	25	-12	368	-577	0	7	343	680	30	0	30	472	203
2014-03-09	09:22:06	1199	29	18	344	293	24	-13	368	-601	0	7	345	678	36	0	30	474	203
2014-03-09	09:23:06	1199	29	18	349	303	24	-12	368	-621	0	7	354	677	27	0	30	475	203
2014-03-09	09:24:06	1199	29	18	358	315	24	-13	368	-632	0	7	360	686	36	0	30	476	203
2014-03-09	09:25:06	1199	29	18	366	320	24	-12	368	-635	0	7	369	688	33	0	30	477	203
2014-03-09	09:26:06	1199	30	18	370	322	24	-12	369	-635	0	7	371	688	30	0	30	477	203
2014-03-09	09:27:07	1199	29	18	371	323	24	-12	368	-632	0	7	372	689	35	0	30	477	203
2014-03-09	09:28:07	1199	30	18	372	324	23	-12	369	-628	0	7	374	688	30	0	30	477	203
2014-03-09	09:29:07	1199	30	18	374	327	23	-12	369	-623	0	7	375	688	32	0	30	477	203
2014-03-09	09:30:07	1199	29	18	377	331	23	-12	368	-615	0	7	378	691	34	0	30	476	203
2014-03-09	09:31:07	1199	30	18	381	333	22	-12	369	-604	0	7	382	691	29	0	30	476	203
2014-03-09	09:32:07	1199	30	18	384	336	20	-13	369	-590	0	7	384	694	31	0	30	475	203
2014-03-09	09:33:07	1199	30	18	386	339	18	-15	372	-573	0	7	386	698	29	0	30	474	202
2014-03-09	09:34:07	1199	30	18	387	341	16	-17	369	-556	0	7	388	698	24	0	30	473	203
2014-03-09	09:35:07	1199	30	18	388	342	14	-17	369	-537	0	7	388	701	26	0	30	472	203
2014-03-09	09:36:07	1199	30	18	390	344	15	-19	369	-517	0	7	390	704	29	0	30	471	203
2014-03-09	09:37:07	1199	30	18	391	344	14	-18	369	-495	0	7	392	702	24	0	30	471	203
2014-03-09	09:38:07	1199	30	18	392	346	15	-17	369	-472	0	7	392	704	26	0	30	470	203
2014-03-09	09:39:07	1199	30	18	394	347	14	-19	369	-447	0	7	394	707	29	0	30	469	203
2014-03-09	09:40:07	1199	30	18	396	349	13	-19	369	-420	0	7	396	707	24	0	30	468	203
2014-03-09	09:41:07	1199	30	18	397	350	13	-19	369	-392	0	7	397	708	22	0	30	467	203
2014-03-09	09:42:07	1199	30	18	398	352	13	-19	369	-363	0	7	398	713	29	0	30	466	203
2014-03-09	09:43:07	1199	30	18	400	353	13	-19	369	-332	0	7	400	711	26	0	30	466	203
2014-03-09	09:44:07	1199	30	18	401	354	13	-18	369	-300	0	7	401	711	22	0	30	465	203
2014-03-09	09:45:07	1199	31	18	402	355	13	-19	368	-267	0	7	402	716	27	0	30	465	203
2014-03-09	09:46:07	1199	32	18	402	355	11	-19	367	-232	0	7	402	716	26	0	30	464	203
2014-03-09	09:47:07	1199	32	18	403	357	11	-19	367	-196	0	7	404	716	21	0	30	464	203
2014-03-09	09:48:07	1199	32	18	403	358	10	-21	367	-160	0	7	403	718	25	0	30	463	203
2014-03-09	09:49:07	1199	32	18	406	359	9	-21	367	-121	0	7	406	722	24	0	30	463	203
2014-03-09	09:50:07	1199	32	18	407	359	9	-22	367	-82	0	7	407	720	18	0	30	463	203
2014-03-09	09:51:07	1199	32	18	407	361	9	-21	367	-42	0	7	407	723	26	0	30	462	203
2014-03-09	09:52:07	1199	32	18	408	361	9	-21	367	-1	0	7	408	723	24	0	30	462	203
2014-03-09	09:53:07	1199	32	19	409	362	9	-21	367	41	0	6	409	723	20	0	10	462	203
2014-03-09	09:54:07	1199	32	19	409	360	11	3	367	83	0	2	415	671	54	0	10	461	203
2014-03-09	09:55:07	1199	32	19	409	359	16	13	367	125	0	2	425	607	91	0	10	461	203
2014-03-09	09:56:07	1199	32	19	409	359	21	19	367	167	0	2	425	550	126	0	10	461	203
2014-03-09	09:57:07	1199	32	19	407	358	23	27	367	208	0	2	422	510	155	0	10	461	203
2014-03-09	09:58:07	1199	32	19	405	358	26	37	367	246	0	2	416	482	180	0	10	461	203
2014-03-09	09:59:07	1199	32	19	402	357	29	44	367	281	0	2	409	463	202	0	10	461	203
2014-03-09	10:00:07	1199	32	19	398	355	32	50	367	313	0	2	401	447	223	0	10	461	203
2014-03-09	10:01:07	1199	32	19	395	354	35	54	367	341	0	2	394	434	238	0	10	461	203
2014-03-09	10:02:07	1199	32	19	391	352	38	56	367	366	0	2	387	423	250	0	10	461	203
2014-03-09	10:03:07	1199	32	19	386	351	41	58	367	386	0	2	381	413	258	0	10	461	203
2014-03-09	10:04:07	1199	32	19	382	350	44	59	367	402	0	2	374	404	264	0	10	461	203
2014-03-09	10:05:07	1199	32	19	378	348	46	61	367	413	0	2	369	396	268	0	10	461	203
2014-03-09	10:06:07	1199	32	19	373	347	49	61	367	420	0	2	365	390	272	0	10	461	203
2014-03-09	10:07:07	1199	32	19	369	346	51	62	367	423	0	2	362	385	274	0	10	461	203
2014-03-09	10:08:07	1199	32	19	366	345	53	62	367	422	0	2	359	379	276	0	10	461	203
2014-03-09	10:09:07	1199	32	19	363	343	56	63	367	418	0	2	358	374	277	0	10	461	203
2014-03-09	10:10:07	1199	32	19	361	342	58	63	367	412	0	2	357	370	278	0	10	461	203
2014-03-09	10:11:07	1199	32	19	358	341	61	65	367	406	0	2	355	366	278	0	10	461	203
2014-03-09	10:12:07	1199	32	19	358	340	63	65	367	397	0	2	354	363	279	0	10	461	203
2014-03-09	10:13:07	1199	32	19	356	339	65	66	367	389	0	2	353	361	278	0	10	461	203
2014-03-09	10:14:07	1199	32	19	355	338	67	66	367	379	0	2	352	358	278	0	10	461	203
2014-03-09	10:15:07	1199	32	19	355	336	69	68	365	369	0	2	352	357	278	0	10	461	204
2014-03-09	10:16:07	1199	32	19	354	335	72	68	365	358	0	2	351	355	278	0	10	461	204
2014-03-09	10:17:07	1199	32	19	353	334	73	69	365	346	0	2	350	353	277	0	10	461	204
2014-03-09	10:18:07	1199	33	19	352	333	75	70	362	333	0	2	349	351	277	0	10	461	204
2014-03-09	10:19:07	1199	33	19	352	332	78	71	362	323	0	2	348	349	276	0	10	461	204
2014-03-09	10:20:07	1199	34	19	351	331	79	72	362	312	0	2	347	347	275	0	10	461	204
2014-03-09	10:21:07	1199	34	19	350	331	80	72	362	300	0	2	346	345	275	0	10	460	204
2014-03-09	10:22:07	1199	34	19	350	329	83	72	362	288	0	2	344	344	274	0	10	460	204
2014-03-09	10:23:07	1199	34	19	349	328	84	73	362	275	0	2	343	342	273	0	10	461	204
2014-03-09	10:24:07	1199	34	19	348	327	86	75	362	261	0	2	342	340	273	0	10	460	204
2014-03-09	10:25:07	1199	34	19	347	326	87	75	362	246	0	2	341	338	272	0	10	460	204
2014-03-09	10:26:07	1199	34	19	346	325	89	76	362	230	0	2	340	337	271	0	10	460	204
2014-03-09	10:27:07	1199	34	19	345	323	91	76	362	214	0	2	339	335	270	0	10	460	204
2014-03-09	10:28:07	1199	34	19	344	322	92	78	362	196	0	2	338	334	269	0	10	460	204
2014-03-09	10:29:07	1199	34	19	343	321	94	78	362	177	0	2	337	332	269	0	10	460	204
2014-03-09	10:30:07	1199	34	19	342	319	95	79	362	157	0	2	335	331	268	0	10	460	204
2014-03-09	10:31:07	1199	34	20	342	318	96	79	362	136	0	2	335	331	267	0	10	460	204
2014-03-09	10:32:07	1199	35	20	340	317	98	79	361	115	0	2	334	329	267	0	10	460	204
2014-03-09	10:33:07	1199	35	20	339	316	99	80	361	93	0	2	333	328	266	0	10	460	204
2014-03-09	10:34:07	1199	35	20	338	314	100	80	361	70	0	2	332	327	265	0	10	460	204
2014-03-09	10:35:07	1199	35	20	337	313	102	81	361	46	0	2	331	326	264	0	10	460	204
2014-03-09	10:36:07	1199	35	20	336	312	103	81	361	21	0	2	331	325	264	0	10	459	204
2014-03-09	10:37:07	1199	35	20	335	311	104	82	361	-5	0	2	330	323	263	0	10	459	204
2014-03-09	10:38:07	1199	35	20	334	310	106	82	361	-32	0	2	329	322	263	0	10	459	204
2014-03-09	10:39:07	1199	35	20	333	309	107	83	361	-59	0	2	328	321	262	0	10	459	204
2014-03-09	10:40:07	1199	35	20	333	308	108	83	361	-87	0	2	327	320	262	0	10	459	204
2014-03-09	10:41:07	1199	35	20	332	307	109	83	361	-116	0	2	327	319	261	0	10	459	204
2014-03-09	10:42:07	1199	36	20	331	306	109	84	360	-145	0	2	326	318	260	0	10	458	204
2014-03-09	10:43:08	1199	37	20	331	305	111	84	360	-174	0	2	325	317	260	0	10	458	204
2014-03-09	10:44:08	1199	37	20	330	304	112	84	360	-204	0	2	324	316	259	0	10	458	204
2014-03-09	10:45:08	1199	37	20	329	303	113	85	360	-235	0	2	323	316	259	0	10	458	204
2014-03-09	10:46:08	1199	37	20	328	302	115	86	360	-266	0	2	323	315	258	0	10	457	204
2014-03-09	10:47:08	1199	37	20	328	301	115	86	360	-298	0	2	322	314	258	0	10	457	204
2014-03-09	10:48:08	1199	37	20	327	300	116	87	360	-331	0	2	321	313	257	0	10	456	204
2014-03-09	10:49:08	1199	37	20	326	299	117	87	360	-365	0	2	320	312	257	0	10	456	204
2014-03-09	10:50:08	1199	37	20	325	298	118	87	360	-400	0	2	319	312	257	0	10	455	204
2014-03-09	10:51:08	1199	37	20	324	297	118	87	360	-436	0	2	319	311	256	0	10	453	204
2014-03-09	10:52:08	1199	37	20	324	297	120	88	360	-472	0	2	318	310	256	0	10	450	204
2014-03-09	10:53:08	1199	37	20	323	296	121	88	360	-509	0	2	317	309	255	0	10	446	204
2014-03-09	10:54:08	1199	37	20	322	295	121	88	360	-547	0	2	316	309	255	0	10	441	204
2014-03-09	10:55:08	1199	37	20	321	294	122	89	360	-586	0	2	315	308	254	0	10	435	204
2014-03-09	10:56:08	1199	37	20	321	294	123	90	360	-625	0	6	314	307	254	0	30	429	204
2014-03-09	10:57:08	1199	37	20	312	274	31	44	360	-625	0	7	318	481	11	0	30	422	204
2014-03-09	10:58:08	1199	37	20	324	275	32	2	360	-625	0	7	329	536	8	0	30	417	204
2014-03-09	10:59:08	1199	37	20	327	275	34	-6	360	-658	0	7	327	572	43	0	30	412	204
2014-03-09	11:00:08	1199	37	20	328	277	35