Divisors		1	10	10	10	10	10	10	10	10	1	1	10	10	10	100	1	10	10
Date	Time	Version	BT1	BT1 Mean	BT2	BT3	BT10	BT11	Calc Supply	GM	Alarm	RELAYS PCA BASE	BT12	BT14	BT17	Tot.int.add.	Prio	BT6	BT50
2014-03-31	13:15:55	1199	24	6	373	336	51	66	347	578	0	2	363	373	261	0	10	438	210
2014-03-31	13:16:55	1199	24	6	369	335	53	68	347	601	0	2	359	366	263	0	10	438	210
2014-03-31	13:17:55	1199	24	6	365	334	56	68	347	620	0	2	357	362	265	0	10	438	210
2014-03-31	13:18:55	1199	24	6	362	333	58	69	347	635	0	2	354	358	266	0	10	438	210
2014-03-31	13:19:55	1199	24	6	359	332	60	69	347	647	0	2	351	356	267	0	10	438	210
2014-03-31	13:20:55	1199	24	6	357	331	62	69	347	658	0	2	349	353	267	0	10	438	210
2014-03-31	13:21:55	1199	24	6	355	331	65	71	347	666	0	2	347	351	267	0	10	437	210
2014-03-31	13:22:55	1199	26	6	353	331	66	71	348	670	0	2	346	348	267	0	10	437	210
2014-03-31	13:23:55	1199	26	6	351	330	68	71	348	673	0	2	344	346	267	0	10	437	210
2014-03-31	13:24:55	1199	26	6	349	329	71	72	348	674	0	2	343	344	267	0	10	437	210
2014-03-31	13:25:55	1199	26	6	347	328	72	72	348	673	0	2	342	342	266	0	10	437	210
2014-03-31	13:26:55	1199	26	7	346	327	73	73	348	671	0	2	340	340	266	0	10	437	210
2014-03-31	13:27:55	1199	26	7	345	326	76	73	348	668	0	2	339	338	265	0	10	436	210
2014-03-31	13:28:55	1199	26	7	344	325	78	75	348	664	0	2	338	336	265	0	10	436	210
2014-03-31	13:29:55	1199	26	7	343	324	79	75	345	661	0	2	337	334	264	0	10	436	211
2014-03-31	13:30:55	1199	26	7	342	323	82	76	345	658	0	2	336	332	264	0	10	436	211
2014-03-31	13:31:55	1199	26	7	341	322	83	76	348	654	0	2	335	331	263	0	10	436	210
2014-03-31	13:32:55	1199	26	7	340	321	84	77	345	649	0	2	334	330	263	0	10	436	211
2014-03-31	13:33:55	1199	26	7	339	320	86	78	345	640	0	2	333	328	262	0	10	435	211
2014-03-31	13:34:55	1199	26	7	338	319	87	78	345	633	0	2	331	327	261	0	10	435	211
2014-03-31	13:35:55	1199	27	7	337	318	90	78	348	625	0	2	331	325	261	0	10	435	210
2014-03-31	13:36:55	1199	27	7	336	317	91	79	345	616	0	2	331	324	261	0	10	435	211
2014-03-31	13:37:55	1199	27	7	335	316	92	79	345	606	0	2	329	323	259	0	10	435	211
2014-03-31	13:38:55	1199	27	7	334	315	94	80	345	595	0	2	329	321	259	0	10	435	211
2014-03-31	13:39:55	1199	27	7	333	314	95	80	345	583	0	2	328	320	258	0	10	434	211
2014-03-31	13:40:55	1199	27	7	333	312	96	80	345	571	0	2	327	319	258	0	10	434	211
2014-03-31	13:41:55	1199	27	7	332	311	98	81	345	558	0	2	326	318	257	0	10	434	211
2014-03-31	13:42:55	1199	27	7	331	310	99	82	345	544	0	2	325	317	256	0	10	434	211
2014-03-31	13:43:55	1199	27	7	331	309	100	82	345	530	0	2	324	316	256	0	10	434	211
2014-03-31	13:44:55	1199	27	7	330	308	102	82	345	515	0	2	323	315	255	0	10	434	211
2014-03-31	13:45:55	1199	27	7	329	307	103	83	345	499	0	2	323	314	255	0	10	433	211
2014-03-31	13:46:55	1199	28	7	328	305	104	83	346	481	0	2	322	313	254	0	10	433	211
2014-03-31	13:47:55	1199	29	7	327	304	106	83	345	463	0	2	321	312	254	0	10	433	211
2014-03-31	13:48:55	1199	29	7	327	303	107	84	345	445	0	2	320	311	253	0	10	433	211
2014-03-31	13:49:55	1199	29	7	326	302	108	84	345	426	0	2	320	310	253	0	10	433	211
2014-03-31	13:50:55	1199	29	7	325	301	108	84	345	406	0	2	319	309	252	0	10	433	211
2014-03-31	13:51:55	1199	29	7	324	300	109	85	345	385	0	2	318	308	252	0	10	433	211
2014-03-31	13:52:55	1199	29	7	324	299	111	86	345	364	0	2	318	308	252	0	10	432	211
2014-03-31	13:53:55	1199	29	8	323	298	112	87	345	342	0	2	317	307	252	0	10	432	211
2014-03-31	13:54:55	1199	29	8	322	297	113	86	345	319	0	2	316	306	251	0	10	432	211
2014-03-31	13:55:55	1199	29	8	321	296	113	87	345	293	0	2	316	305	250	0	10	432	211
2014-03-31	13:56:55	1199	30	8	320	295	115	87	347	267	0	2	315	305	250	0	10	432	211
2014-03-31	13:57:55	1199	30	8	320	294	116	87	347	240	0	2	315	304	250	0	10	432	211
2014-03-31	13:58:55	1199	30	8	319	294	116	88	347	212	0	2	314	303	249	0	10	431	211
2014-03-31	13:59:55	1199	30	8	319	294	117	88	347	184	0	2	313	302	249	0	10	431	211
2014-03-31	14:00:55	1199	32	8	318	293	118	88	344	158	0	2	313	302	249	0	10	431	211
2014-03-31	14:01:55	1199	32	8	317	292	120	88	344	131	0	2	312	301	248	0	10	431	211
2014-03-31	14:02:55	1199	32	8	317	291	120	89	344	104	0	2	311	300	248	0	10	431	211
2014-03-31	14:03:55	1199	32	8	316	290	121	90	344	76	0	2	311	300	248	0	10	431	211
2014-03-31	14:04:55	1199	32	8	315	290	121	90	344	47	0	2	311	299	247	0	10	431	211
2014-03-31	14:05:55	1199	32	8	315	289	122	90	344	18	0	2	310	299	247	0	10	430	211
2014-03-31	14:06:55	1199	32	8	315	288	122	91	344	-12	0	2	309	298	247	0	10	430	211
2014-03-31	14:07:55	1199	32	8	314	287	123	91	344	-42	0	2	308	298	246	0	10	430	211
2014-03-31	14:08:55	1199	33	8	313	287	125	91	343	-72	0	2	308	297	246	0	10	430	211
2014-03-31	14:09:55	1199	33	8	312	286	125	91	343	-102	0	2	307	296	246	0	10	429	211
2014-03-31	14:10:55	1199	33	8	312	285	126	91	343	-133	0	2	307	296	246	0	10	429	211
2014-03-31	14:11:55	1199	34	8	311	285	127	92	342	-164	0	2	306	295	244	0	10	429	211
2014-03-31	14:12:55	1199	34	8	311	284	127	92	339	-195	0	2	305	295	244	0	10	429	212
2014-03-31	14:13:55	1199	34	8	310	283	128	92	342	-227	0	2	304	294	244	0	10	428	211
2014-03-31	14:14:56	1199	34	8	309	283	128	92	342	-259	0	2	304	294	244	0	10	428	211
2014-03-31	14:15:56	1199	34	8	309	282	129	92	342	-292	0	2	303	294	243	0	10	428	211
2014-03-31	14:16:56	1199	34	9	308	281	129	93	342	-325	0	2	302	294	243	0	10	428	211
2014-03-31	14:17:56	1199	34	9	308	280	131	94	339	-356	0	2	301	293	243	0	10	428	212
2014-03-31	14:18:56	1199	34	9	307	280	131	94	342	-391	0	2	300	293	242	0	10	428	211
2014-03-31	14:19:56	1199	34	9	306	279	132	94	342	-426	0	2	300	292	242	0	10	427	211
2014-03-31	14:20:56	1199	33	9	306	278	132	95	343	-462	0	2	299	292	242	0	10	427	211
2014-03-31	14:21:56	1199	34	9	305	278	133	95	342	-499	0	2	298	291	242	0	10	427	211
2014-03-31	14:22:56	1199	34	9	305	277	134	95	342	-536	0	2	297	291	241	0	10	427	211
2014-03-31	14:23:56	1199	34	9	304	276	134	95	342	-574	0	2	297	291	241	0	10	426	211
2014-03-31	14:24:56	1199	34	9	303	275	134	95	342	-613	0	6	296	290	241	0	30	426	211
2014-03-31	14:25:56	1199	34	9	294	263	38	56	342	-613	0	7	301	452	19	0	30	426	211
2014-03-31	14:26:56	1199	35	9	320	273	37	8	343	-613	0	7	328	523	10	0	30	426	211
2014-03-31	14:27:56	1199	35	9	330	277	38	-3	343	-627	0	7	331	564	47	0	30	425	211
2014-03-31	14:28:56	1199	35	9	334	283	41	-3	343	-636	0	7	339	579	43	0	30	425	211
2014-03-31	14:29:56	1199	35	9	341	291	43	-2	343	-639	0	7	346	593	47	0	30	425	211
2014-03-31	14:30:56	1199	37	9	348	298	42	-1	341	-633	0	7	353	602	44	0	30	424	211
2014-03-31	14:31:56	1199	37	9	355	306	43	0	341	-619	0	7	359	614	49	0	30	424	211
2014-03-31	14:32:56	1199	37	9	361	313	44	1	341	-599	0	7	365	622	47	0	30	424	211
2014-03-31	14:33:56	1199	37	9	368	320	43	2	341	-573	0	7	372	631	49	0	30	423	211
2014-03-31	14:34:56	1199	37	9	374	326	43	1	341	-541	0	7	377	637	46	0	30	422	211
2014-03-31	14:35:56	1199	37	9	380	331	41	1	341	-502	0	7	382	646	48	0	30	422	211
2014-03-31	14:36:56	1199	37	10	386	336	41	1	341	-458	0	7	387	653	44	0	30	421	211
2014-03-31	14:37:56	1199	37	10	389	341	41	1	341	-410	0	7	391	660	49	0	30	420	211
2014-03-31	14:38:56	1199	37	10	394	346	41	2	341	-357	0	7	396	664	47	0	30	420	211
2014-03-31	14:39:56	1199	37	10	398	349	38	1	341	-300	0	7	399	671	44	0	30	420	211
2014-03-31	14:40:56	1199	38	10	402	351	34	-3	340	-239	0	7	403	678	41	0	30	420	211
2014-03-31	14:41:56	1199	37	10	405	367	30	-5	341	-239	0	15	410	686	37	0	20	419	211
2014-03-31	14:42:56	1199	37	10	462	430	29	-4	341	-239	0	15	480	746	40	0	20	419	211
2014-03-31	14:43:56	1199	37	10	506	470	28	-1	341	-239	0	15	519	789	41	0	20	418	211
2014-03-31	14:44:56	1199	37	10	536	494	27	0	341	-239	0	15	544	822	47	0	20	417	211
2014-03-31	14:45:56	1199	37	10	556	507	26	2	341	-239	0	15	560	842	44	0	20	418	211
2014-03-31	14:46:56	1199	37	10	568	517	26	2	341	-239	0	15	572	860	44	0	20	420	211
2014-03-31	14:47:56	1199	37	10	576	524	26	2	341	-239	0	15	579	873	48	0	20	421	211
2014-03-31	14:48:56	1199	37	10	583	529	25	2	341	-239	0	15	585	883	44	0	20	424	211
2014-03-31	14:49:56	1199	37	10	587	532	24	3	341	-239	0	15	588	893	44	0	20	427	211
2014-03-31	14:50:56	1199	37	10	590	535	24	2	341	-239	0	15	592	901	47	0	20	431	211
2014-03-31	14:51:56	1199	37	10	594	540	24	2	341	-239	0	15	596	909	45	0	20	434	211
2014-03-31	14:52:56	1199	37	10	598	545	24	4	341	-239	0	15	600	916	46	0	20	438	211
2014-03-31	14:53:56	1199	37	10	602	549	22	3	341	-239	0	15	605	925	47	0	20	442	211
2014-03-31	14:54:56	1199	37	10	606	554	22	4	341	-239	0	15	608	934	46	0	20	447	211
2014-03-31	14:55:56	1199	37	10	610	557	21	3	341	-239	0	15	613	941	46	0	20	451	211
2014-03-31	14:56:56	1199	37	11	613	562	22	4	341	-239	0	15	616	949	49	0	20	455	211
2014-03-31	14:57:56	1199	37	11	617	566	22	4	341	-239	0	15	622	957	47	0	20	459	211
2014-03-31	14:58:56	1199	37	11	621	571	22	4	341	-239	0	7	626	965	49	0	30	464	211
2014-03-31	14:59:56	1199	37	11	473	316	22	-5	341	-239	0	7	416	796	47	0	30	468	211
2014-03-31	15:00:56	1199	37	11	393	316	22	-10	341	-239	0	7	383	736	13	0	30	472	211
2014-03-31	15:01:56	1199	37	11	381	329	22	-12	341	-200	0	7	382	732	30	0	30	475	211
2014-03-31	15:02:56	1199	37	11	385	340	22	-12	341	-157	0	7	386	732	35	0	30	478	211
2014-03-31	15:03:56	1199	37	11	393	348	21	-12	341	-105	0	7	395	735	34	0	30	479	211
2014-03-31	15:04:56	1199	37	11	402	354	22	-12	341	-45	0	7	403	737	29	0	30	480	211
2014-03-31	15:05:56	1199	37	11	405	356	21	-12	341	19	0	6	406	739	32	0	10	481	211
2014-03-31	15:06:56	1199	37	11	406	355	22	13	341	84	0	2	422	693	60	0	10	481	211
2014-03-31	15:07:56	1199	38	11	407	355	26	23	340	151	0	2	440	631	98	0	10	481	211
2014-03-31	15:08:56	1199	38	11	409	354	29	32	340	220	0	2	442	581	134	0	10	481	211
2014-03-31	15:09:56	1199	38	11	410	353	33	43	340	290	0	2	438	543	167	0	10	480	211
2014-03-31	15:10:56	1199	38	11	410	352	37	53	340	360	0	2	431	515	194	0	10	480	211
2014-03-31	15:11:56	1199	38	11	409	350	41	62	340	429	0	2	422	495	219	0	10	479	211
2014-03-31	15:12:56	1199	38	11	407	348	43	66	340	496	0	2	413	479	243	0	10	479	211
2014-03-31	15:13:56	1199	39	11	404	347	44	69	339	560	0	2	404	466	262	0	10	478	211
2014-03-31	15:14:56	1199	40	11	399	345	46	71	339	620	0	2	396	454	275	0	10	477	211
2014-03-31	15:15:56	1199	40	11	394	343	47	72	339	675	0	2	389	444	283	0	10	476	211
2014-03-31	15:16:56	1199	40	12	389	342	50	73	339	725	0	2	383	435	289	0	10	476	211
2014-03-31	15:17:56	1199	40	12	384	341	52	75	339	771	0	2	377	427	293	0	10	475	211
2014-03-31	15:18:56	1199	41	12	380	339	55	76	337	812	0	2	371	420	295	0	10	474	211
2014-03-31	15:19:56	1199	41	12	375	338	58	76	337	852	0	2	366	415	297	0	10	473	211
2014-03-31	15:20:56	1199	41	12	371	337	60	76	337	887	0	2	363	409	299	0	10	472	211
2014-03-31	15:21:56	1199	41	12	368	336	62	77	337	918	0	2	360	405	300	0	10	471	211
2014-03-31	15:22:56	1199	41	12	365	335	65	78	337	946	0	2	358	400	300	0	10	470	211
2014-03-31	15:23:56	1199	41	12	362	335	68	78	335	971	0	2	356	396	300	0	10	469	212
2014-03-31	15:24:56	1199	41	12	360	334	69	78	337	994	0	2	355	393	299	0	10	468	211
2014-03-31	15:25:56	1199	41	12	358	333	72	79	337	1000	0	2	353	389	299	0	10	468	211
2014-03-31	15:26:56	1199	41	12	357	333	73	79	337	1000	0	2	352	386	298	0	10	467	211
2014-03-31	15:27:56	1199	41	12	355	332	76	79	337	1000	0	2	350	384	298	0	10	467	211
2014-03-31	15:28:56	1199	41	12	354	331	78	80	335	1000	0	2	349	381	296	0	10	467	212
2014-03-31	15:29:57	1199	41	12	352	331	80	80	337	1000	0	2	347	377	296	0	10	467	211
2014-03-31	15:30:57	1199	41	12	351	331	82	80	335	1000	0	2	346	375	295	0	10	467	212
2014-03-31	15:31:57	1199	41	12	350	330	84	81	335	1000	0	2	345	372	294	0	10	466	212
2014-03-31	15:32:57	1199	41	12	349	329	86	82	335	1000	0	2	344	369	294	0	10	467	212
2014-03-31	15:33:57	1199	41	12	348	329	88	82	335	1000	0	2	342	367	293	0	10	467	212
2014-03-31	15:34:57	1199	41	13	347	328	90	82	335	1000	0	2	342	365	292	0	10	467	212
2014-03-31	15:35:57	1199	41	13	346	327	91	82	335	1000	0	2	340	363	291	0	10	467	212
2014-03-31	15:36:57	1199	41	13	345	325	94	83	335	1000	0	2	339	361	290	0	10	467	212
2014-03-31	15:37:57	1199	41	13	344	324	95	83	335	1000	0	2	338	359	290	0	10	467	212
2014-03-31	15:38:57	1199	41	13	343	323	96	83	335	1000	0	2	337	358	289	0	10	467	212
2014-03-31	15:39:57	1199	42	13	342	322	99	83	334	1000	0	2	336	357	288	0	10	467	212
2014-03-31	15:40:57	1199	43	13	341	321	100	84	333	1000	0	2	335	356	287	0	10	467	212
2014-03-31	15:41:57	1199	43	13	340	319	102	84	333	1000	0	2	333	354	286	0	10	467	212
2014-03-31	15:42:57	1199	43	13	339	318	103	84	333	1000	0	2	333	353	285	0	10	467	212
2014-03-31	15:43:57	1199	43	13	338	317	104	85	333	1000	0	2	332	351	284	0	10	467	212
2014-03-31	15:44:57	1199	44	13	337	316	106	86	332	1000	0	2	331	350	283	0	10	467	212
2014-03-31	15:45:57	1199	44	13	336	314	108	86	332	1000	0	2	331	349	282	0	10	467	212
2014-03-31	15:46:57	1199	44	13	335	313	108	86	332	1000	0	2	330	347	282	0	10	467	212
2014-03-31	15:47:57	1199	44	13	334	312	111	87	332	1000	0	2	329	346	281	0	10	467	212
2014-03-31	15:48:57	1199	45	13	333	311	112	87	332	1000	0	2	328	344	280	0	10	467	212
2014-03-31	15:49:57	1199	46	13	332	310	113	87	331	1000	0	2	328	343	279	0	10	467	212
2014-03-31	15:50:57	1199	46	13	332	308	115	87	331	1000	0	2	327	342	279	0	10	467	212
2014-03-31	15:51:57	1199	46	13	331	307	116	88	331	1000	0	2	327	341	278	0	10	467	212
2014-03-31	15:52:57	1199	46	14	331	306	117	88	331	1000	0	2	326	340	277	0	10	467	212
2014-03-31	15:53:57	1199	45	14	330	305	118	88	332	998	0	2	325	338	276	0	10	467	212
2014-03-31	15:54:57	1199	44	14	329	304	120	89	332	995	0	2	325	337	276	0	10	467	212
2014-03-31	15:55:57	1199	44	14	329	303	120	90	332	992	0	2	324	336	275	0	10	467	212
2014-03-31	15:56:57	1199	44	14	328	302	121	90	332	988	0	2	323	335	274	0	10	466	212
2014-03-31	15:57:57	1199	44	14	327	301	122	90	332	983	0	2	323	334	274	0	10	467	212
2014-03-31	15:58:57	1199	44	14	327	300	123	90	332	978	0	2	322	333	273	0	10	467	212
2014-03-31	15:59:57	1199	44	14	326	299	125	91	332	972	0	2	321	332	273	0	10	466	212
2014-03-31	16:00:57	1199	44	14	325	298	125	91	332	965	0	2	321	331	272	0	10	466	212
2014-03-31	16:01:57	1199	44	14	325	297	126	91	332	958	0	2	320	331	272	0	10	467	212
2014-03-31	16:02:57	1199	44	14	324	296	127	91	332	950	0	2	319	330	271	0	10	467	212
2014-03-31	16:03:57	1199	44	14	324	295	128	92	332	942	0	2	319	329	271	0	10	466	212
2014-03-31	16:04:57	1199	44	14	323	294	129	92	332	933	0	2	318	328	270	0	10	466	212
2014-03-31	16:05:57	1199	44	14	322	294	129	92	332	923	0	2	317	327	270	0	10	466	212
2014-03-31	16:06:57	1199	44	14	322	293	131	93	332	913	0	2	316	327	269	0	10	466	212
2014-03-31	16:07:57	1199	45	14	321	293	132	94	332	902	0	2	316	326	269	0	10	466	212
2014-03-31	16:08:57	1199	45	14	320	292	132	94	332	891	0	2	315	325	268	0	10	466	212
2014-03-31	16:09:57	1199	45	15	320	291	133	94	332	879	0	2	314	324	268	0	10	466	212
2014-03-31	16:10:57	1199	45	15	319	290	134	94	332	866	0	2	313	324	268	0	10	466	212
2014-03-31	16:11:57	1199	45	15	318	289	135	94	332	853	0	2	312	323	267	0	10	466	212
2014-03-31	16:12:57	1199	46	15	318	288	136	95	331	839	0	2	311	322	267	0	10	466	212
2014-03-31	16:13:57	1199	46	15	317	288	137	95	331	825	0	2	311	322	266	0	10	466	212
2014-03-31	16:14:57	1199	46	15	316	287	137	95	331	810	0	2	310	321	266	0	10	466	212
2014-03-31	16:15:57	1199	46	15	316	286	138	96	331	795	0	2	309	321	266	0	10	466	212
2014-03-31	16:16:57	1199	46	15	315	286	139	96	331	779	0	2	308	320	265	0	10	466	212
2014-03-31	16:17:57	1199	46	15	314	285	139	96	331	762	0	2	307	319	265	0	10	465	212
2014-03-31	16:18:57	1199	47	15	313	284	140	96	329	747	0	2	306	319	264	0	10	465	212
2014-03-31	16:19:57	1199	47	15	313	283	141	98	329	731	0	2	305	318	264	0	10	465	212
2014-03-31	16:20:57	1199	47	15	312	282	142	98	329	714	0	2	304	318	264	0	10	465	212
2014-03-31	16:21:57	1199	46	15	311	282	143	98	331	696	0	2	303	317	264	0	10	465	212
2014-03-31	16:22:57	1199	46	15	311	281	143	98	331	676	0	2	302	317	263	0	10	465	212
2014-03-31	16:23:57	1199	46	15	310	280	144	98	331	655	0	2	301	316	263	0	10	465	212
2014-03-31	16:24:57	1199	46	15	309	280	144	99	331	633	0	2	301	315	262	0	10	465	212
2014-03-31	16:25:57	1199	45	15	308	279	145	99	332	609	0	2	300	315	262	0	10	465	212
2014-03-31	16:26:57	1199	45	16	307	278	145	99	332	584	0	2	299	315	262	0	10	465	212
2014-03-31	16:27:57	1199	45	16	306	278	146	99	332	558	0	2	298	314	262	0	10	464	212
2014-03-31	16:28:57	1199	46	16	305	277	146	100	331	533	0	2	297	314	261	0	10	464	212
2014-03-31	16:29:57	1199	46	16	305	276	147	100	