Divisors		1	10	10	10	10	10	10	10	10	1	1	10	10	10	100	1	10	10
Date	Time	Version	BT1	BT1 Mean	BT2	BT3	BT10	BT11	Calc Supply	GM	Alarm	RELAYS PCA BASE	BT12	BT14	BT17	Tot.int.add.	Prio	BT6	BT50
2014-04-13	11:21:49	1199	47	40	347	326	78	78	353	606	0	2	341	348	274	0	10	465	204
2014-04-13	11:22:49	1199	47	40	346	325	80	78	350	602	0	2	340	346	274	0	10	465	205
2014-04-13	11:23:49	1199	48	40	345	324	82	78	348	599	0	2	339	344	273	0	10	465	205
2014-04-13	11:24:49	1199	49	40	344	323	83	79	351	595	0	2	338	342	273	0	10	465	204
2014-04-13	11:25:49	1199	49	40	343	322	86	79	351	590	0	2	336	340	272	0	10	465	204
2014-04-13	11:26:49	1199	49	40	342	321	87	80	348	584	0	2	335	338	271	0	10	465	205
2014-04-13	11:27:49	1199	49	40	341	320	88	80	348	574	0	2	334	337	270	0	10	465	205
2014-04-13	11:28:49	1199	49	40	340	319	90	81	348	563	0	2	333	335	270	0	10	465	205
2014-04-13	11:29:49	1199	49	40	339	317	91	82	351	554	0	2	332	333	269	0	10	465	204
2014-04-13	11:30:49	1199	49	40	338	316	93	82	348	544	0	2	331	332	268	0	10	465	205
2014-04-13	11:31:49	1199	49	40	337	315	94	83	348	530	0	2	331	331	268	0	10	464	205
2014-04-13	11:32:49	1199	50	40	336	314	96	83	350	518	0	2	330	330	267	0	10	464	204
2014-04-13	11:33:49	1199	50	40	335	312	98	83	348	505	0	2	329	329	266	0	10	464	205
2014-04-13	11:34:49	1199	50	40	334	311	99	83	348	491	0	2	328	328	265	0	10	464	205
2014-04-13	11:35:49	1199	50	40	333	310	100	84	348	476	0	2	327	326	265	0	10	464	205
2014-04-13	11:36:49	1199	50	40	332	309	102	84	348	460	0	2	326	325	264	0	10	464	205
2014-04-13	11:37:49	1199	50	40	331	308	103	84	350	443	0	2	325	324	263	0	10	464	204
2014-04-13	11:38:49	1199	50	40	331	307	104	85	348	426	0	2	324	323	263	0	10	464	205
2014-04-13	11:39:49	1199	50	40	330	305	106	86	348	408	0	2	324	322	262	0	10	464	205
2014-04-13	11:40:49	1199	50	40	329	304	107	86	348	390	0	2	323	321	262	0	10	464	205
2014-04-13	11:41:49	1199	50	40	329	303	108	86	348	371	0	2	322	320	261	0	10	464	205
2014-04-13	11:42:49	1199	50	40	327	303	109	87	348	351	0	2	321	319	260	0	10	464	205
2014-04-13	11:43:49	1199	50	40	327	302	110	87	348	330	0	2	320	318	260	0	10	464	205
2014-04-13	11:44:49	1199	50	41	326	301	111	87	348	308	0	2	320	317	259	0	10	464	205
2014-04-13	11:45:49	1199	50	41	325	300	112	88	348	285	0	2	319	316	259	0	10	463	205
2014-04-13	11:46:49	1199	50	41	325	299	113	88	348	262	0	2	318	315	258	0	10	463	205
2014-04-13	11:47:49	1199	50	41	324	298	115	88	348	238	0	2	317	314	258	0	10	463	205
2014-04-13	11:48:49	1199	50	41	323	297	115	88	348	213	0	2	317	313	257	0	10	463	205
2014-04-13	11:49:49	1199	50	41	322	297	116	90	348	187	0	2	316	313	257	0	10	463	205
2014-04-13	11:50:49	1199	50	41	322	296	117	90	348	161	0	2	315	312	257	0	10	463	205
2014-04-13	11:51:49	1199	50	41	321	295	118	90	348	134	0	2	315	311	256	0	10	463	205
2014-04-13	11:52:49	1199	50	41	320	294	118	90	348	106	0	2	314	310	256	0	10	463	205
2014-04-13	11:53:49	1199	50	41	319	294	120	91	348	78	0	2	313	310	255	0	10	463	205
2014-04-13	11:54:49	1199	49	41	319	294	121	91	348	49	0	2	313	309	255	0	10	463	205
2014-04-13	11:55:49	1199	50	41	318	293	122	91	348	19	0	2	312	308	255	0	10	462	205
2014-04-13	11:56:49	1199	49	41	318	293	122	92	348	-11	0	2	311	308	254	0	10	463	205
2014-04-13	11:57:49	1199	49	41	317	292	123	92	348	-42	0	2	311	307	254	0	10	462	205
2014-04-13	11:58:49	1199	49	41	316	291	123	92	348	-73	0	2	310	306	253	0	10	462	205
2014-04-13	11:59:49	1199	49	41	316	290	125	92	348	-105	0	2	309	306	253	0	10	462	205
2014-04-13	12:00:49	1199	49	41	315	289	126	92	348	-138	0	2	308	305	253	0	10	462	205
2014-04-13	12:01:49	1199	49	41	314	289	126	94	348	-171	0	2	308	305	252	0	10	461	205
2014-04-13	12:02:49	1199	49	41	314	288	127	94	348	-205	0	2	307	304	252	0	10	461	205
2014-04-13	12:03:49	1199	49	41	313	287	128	94	348	-240	0	2	306	303	252	0	10	461	205
2014-04-13	12:04:49	1199	49	41	312	286	128	94	348	-276	0	2	305	303	252	0	10	461	205
2014-04-13	12:05:49	1199	49	41	312	286	129	94	348	-312	0	2	305	302	251	0	10	461	205
2014-04-13	12:06:49	1199	49	41	311	285	129	95	348	-349	0	2	304	301	251	0	10	461	205
2014-04-13	12:07:49	1199	49	41	310	284	131	95	348	-387	0	2	303	301	250	0	10	460	205
2014-04-13	12:08:49	1199	49	41	310	283	132	95	348	-425	0	2	302	300	250	0	10	460	205
2014-04-13	12:09:49	1199	49	41	309	282	132	95	348	-464	0	2	301	300	250	0	10	460	205
2014-04-13	12:10:49	1199	49	41	308	282	133	96	348	-504	0	2	301	299	250	0	10	459	205
2014-04-13	12:11:50	1199	49	41	307	281	133	96	348	-544	0	2	300	299	249	0	10	459	205
2014-04-13	12:12:50	1199	49	41	307	280	134	96	348	-585	0	2	299	298	249	0	10	459	205
2014-04-13	12:13:50	1199	49	41	305	277	134	96	348	-627	0	6	297	298	249	0	30	459	205
2014-04-13	12:14:50	1199	50	41	303	262	38	38	348	-627	0	7	311	478	14	0	30	458	205
2014-04-13	12:15:50	1199	49	41	314	261	38	4	348	-627	0	7	319	532	25	0	30	458	205
2014-04-13	12:16:50	1199	49	41	316	262	40	-2	348	-659	0	7	317	558	49	0	30	458	205
2014-04-13	12:17:50	1199	49	41	319	265	42	-2	348	-689	0	7	323	567	41	0	30	457	205
2014-04-13	12:18:50	1199	50	41	322	269	43	-3	348	-716	0	7	326	578	49	0	30	457	205
2014-04-13	12:19:50	1199	50	41	327	276	43	-2	348	-739	0	7	332	584	43	0	30	457	205
2014-04-13	12:20:50	1199	50	41	332	283	44	-1	348	-756	0	7	337	594	49	0	30	457	205
2014-04-13	12:21:50	1199	50	41	339	288	44	1	348	-767	0	7	344	600	45	0	30	457	205
2014-04-13	12:22:50	1199	50	41	344	292	44	1	348	-773	0	7	348	607	49	0	30	456	205
2014-04-13	12:23:50	1199	50	41	347	295	43	1	348	-775	0	7	351	612	46	0	30	456	205
2014-04-13	12:24:50	1199	50	41	350	298	42	0	348	-773	0	7	353	616	47	0	30	456	205
2014-04-13	12:25:50	1199	50	41	353	301	41	-1	348	-769	0	7	356	621	43	0	30	455	205
2014-04-13	12:26:50	1199	50	41	356	305	41	0	348	-762	0	7	358	624	47	0	30	455	205
2014-04-13	12:27:50	1199	50	41	358	308	42	1	348	-752	0	7	361	629	45	0	30	455	205
2014-04-13	12:28:50	1199	50	41	361	311	38	-1	348	-740	0	7	363	633	43	0	30	455	205
2014-04-13	12:29:50	1199	50	41	363	314	34	-5	348	-726	0	7	365	640	38	0	30	454	205
2014-04-13	12:30:50	1199	50	41	365	316	30	-7	348	-710	0	7	367	643	37	0	30	454	205
2014-04-13	12:31:50	1199	50	41	367	319	29	-8	348	-692	0	7	368	647	36	0	30	454	205
2014-04-13	12:32:50	1199	50	41	368	321	27	-10	348	-672	0	7	370	651	34	0	30	453	205
2014-04-13	12:33:50	1199	50	41	371	323	27	-11	348	-650	0	7	372	655	34	0	30	453	205
2014-04-13	12:34:50	1199	50	41	373	325	26	-12	348	-626	0	7	373	658	35	0	30	453	205
2014-04-13	12:35:50	1199	50	41	374	327	26	-12	348	-600	0	7	375	660	34	0	30	453	205
2014-04-13	12:36:50	1199	50	41	376	328	26	-12	345	-572	0	7	376	663	34	0	30	453	206
2014-04-13	12:37:50	1199	50	41	378	330	24	-12	348	-540	0	7	378	665	33	0	30	452	205
2014-04-13	12:38:50	1199	50	41	379	331	24	-12	345	-509	0	7	379	668	33	0	30	452	206
2014-04-13	12:39:50	1199	50	41	380	331	24	-12	345	-477	0	7	380	670	32	0	30	452	206
2014-04-13	12:40:50	1199	50	41	382	332	22	-12	348	-444	0	7	382	671	32	0	30	452	205
2014-04-13	12:41:50	1199	50	41	383	332	22	-12	345	-409	0	7	382	673	32	0	30	451	206
2014-04-13	12:42:50	1199	50	41	383	333	22	-13	345	-372	0	7	383	675	32	0	30	451	206
2014-04-13	12:43:50	1199	50	41	385	334	21	-13	345	-333	0	7	385	677	29	0	30	451	206
2014-04-13	12:44:50	1199	50	41	385	335	20	-15	348	-293	0	7	385	680	30	0	30	451	205
2014-04-13	12:45:50	1199	50	42	386	336	19	-15	345	-255	0	7	386	681	30	0	30	451	206
2014-04-13	12:46:50	1199	50	42	386	337	18	-15	348	-214	0	7	387	681	26	0	30	451	205
2014-04-13	12:47:50	1199	50	42	387	338	18	-15	348	-175	0	7	387	687	30	0	30	450	205
2014-04-13	12:48:50	1199	50	42	387	339	18	-17	348	-133	0	7	387	685	27	0	30	450	205
2014-04-13	12:49:50	1199	50	42	388	340	18	-17	345	-90	0	7	388	688	27	0	30	450	206
2014-04-13	12:50:50	1199	50	42	388	341	18	-17	345	-47	0	7	387	689	30	0	30	450	206
2014-04-13	12:51:50	1199	50	42	391	342	16	-16	348	-5	0	7	391	689	26	0	30	449	205
2014-04-13	12:52:50	1199	50	42	391	344	16	-16	345	40	0	6	391	691	31	0	10	449	206
2014-04-13	12:53:50	1199	50	42	391	343	19	10	348	83	0	2	405	633	65	0	10	449	205
2014-04-13	12:54:50	1199	50	42	391	342	22	19	348	129	0	2	415	571	98	0	10	448	205
2014-04-13	12:55:50	1199	50	42	392	342	27	26	348	173	0	2	415	519	132	0	10	448	205
2014-04-13	12:56:50	1199	50	42	392	341	30	35	348	217	0	2	411	482	158	0	10	448	205
2014-04-13	12:57:50	1199	50	42	391	340	32	44	348	261	0	2	404	457	181	0	10	447	205
2014-04-13	12:58:50	1199	50	42	389	338	35	52	348	303	0	2	396	438	199	0	10	447	205
2014-04-13	12:59:50	1199	50	42	387	336	37	56	348	346	0	2	388	424	218	0	10	447	205
2014-04-13	13:00:50	1199	50	42	384	334	40	59	348	386	0	2	381	413	232	0	10	446	205
2014-04-13	13:01:50	1199	50	42	379	332	43	62	345	418	0	2	373	402	241	0	10	446	206
2014-04-13	13:02:50	1199	50	42	374	331	44	63	345	448	0	2	366	392	249	0	10	445	206
2014-04-13	13:03:50	1199	50	42	369	330	47	65	348	471	0	2	361	384	254	0	10	445	205
2014-04-13	13:04:50	1199	50	42	365	328	50	66	345	489	0	2	357	376	257	0	10	444	206
2014-04-13	13:05:50	1199	50	42	361	327	52	68	345	503	0	2	353	369	260	0	10	444	206
2014-04-13	13:06:50	1199	50	42	358	326	55	68	345	513	0	2	350	364	262	0	10	443	206
2014-04-13	13:07:50	1199	50	42	355	325	56	68	348	521	0	2	347	360	264	0	10	443	205
2014-04-13	13:08:50	1199	50	42	352	324	59	69	345	529	0	2	344	357	265	0	10	442	206
2014-04-13	13:09:50	1199	50	42	350	323	61	69	348	534	0	2	342	354	266	0	10	442	205
2014-04-13	13:10:50	1199	50	42	347	322	63	70	345	537	0	2	340	351	266	0	10	441	206
2014-04-13	13:11:50	1199	50	42	345	321	65	71	348	538	0	2	338	348	266	0	10	441	205
2014-04-13	13:12:50	1199	50	42	343	321	68	71	348	533	0	2	337	346	266	0	10	440	205
2014-04-13	13:13:50	1199	50	42	341	320	69	72	345	530	0	2	336	344	266	0	10	440	206
2014-04-13	13:14:50	1199	50	42	340	319	71	72	345	525	0	2	334	342	266	0	10	440	206
2014-04-13	13:15:50	1199	50	42	338	319	73	73	345	519	0	2	333	339	265	0	10	440	206
2014-04-13	13:16:50	1199	50	42	337	318	75	73	345	509	0	2	332	337	265	0	10	439	206
2014-04-13	13:17:50	1199	50	42	336	317	76	75	345	498	0	2	331	335	264	0	10	439	206
2014-04-13	13:18:50	1199	50	42	335	316	79	75	345	489	0	2	331	334	264	0	10	439	206
2014-04-13	13:19:50	1199	50	42	335	315	80	76	348	479	0	2	330	332	263	0	10	439	205
2014-04-13	13:20:50	1199	50	42	334	314	82	76	345	468	0	2	328	331	262	0	10	438	206
2014-04-13	13:21:50	1199	50	42	333	313	84	78	345	456	0	2	327	329	262	0	10	438	206
2014-04-13	13:22:50	1199	50	42	332	312	85	78	345	443	0	2	326	328	261	0	10	438	206
2014-04-13	13:23:50	1199	50	42	331	311	87	78	345	430	0	2	325	326	260	0	10	438	206
2014-04-13	13:24:50	1199	50	42	331	310	88	79	345	416	0	2	324	325	260	0	10	438	206
2014-04-13	13:25:50	1199	50	42	331	309	90	79	345	402	0	2	323	324	259	0	10	437	206
2014-04-13	13:26:50	1199	50	42	330	308	91	80	348	388	0	2	322	322	259	0	10	437	205
2014-04-13	13:27:51	1199	50	42	329	307	92	80	345	373	0	2	321	321	258	0	10	437	206
