Divisors		1	10	10	10	10	10	10	10	10	1	1	10	10	10	100	1	10	10
Date	Time	Version	BT1	BT1 Mean	BT2	BT3	BT10	BT11	Calc Supply	GM	Alarm	RELAYS PCA BASE	BT12	BT14	BT17	Tot.int.add.	Prio	BT6	BT50
2014-04-07	18:23:12	1199	52	47	288	262	163	112	322	180	0	2	280	307	257	0	10	439	213
2014-04-07	18:24:12	1199	52	47	287	261	164	112	322	146	0	2	280	307	257	0	10	439	213
2014-04-07	18:25:12	1199	52	47	286	261	164	112	322	111	0	2	279	307	257	0	10	439	213
2014-04-07	18:26:12	1199	52	47	286	260	164	113	322	75	0	2	279	306	257	0	10	439	213
2014-04-07	18:27:12	1199	52	47	285	260	165	113	322	39	0	2	278	306	256	0	10	439	213
2014-04-07	18:28:12	1199	52	47	285	260	166	113	322	2	0	2	278	305	256	0	10	439	213
2014-04-07	18:29:12	1199	52	47	285	259	166	113	322	-35	0	2	277	305	256	0	10	438	213
2014-04-07	18:30:12	1199	51	47	284	259	166	115	324	-73	0	2	277	305	256	0	10	439	213
2014-04-07	18:31:12	1199	50	47	284	259	167	115	325	-113	0	2	276	304	255	0	10	439	213
2014-04-07	18:32:12	1199	50	47	283	258	167	115	325	-154	0	2	276	304	255	0	10	439	213
2014-04-07	18:33:12	1199	50	47	283	258	167	115	325	-196	0	2	276	304	255	0	10	439	213
2014-04-07	18:34:12	1199	50	47	282	257	168	115	325	-239	0	2	275	304	255	0	10	439	213
2014-04-07	18:35:12	1199	50	47	282	257	168	116	325	-282	0	2	275	303	255	0	10	439	213
2014-04-07	18:36:12	1199	50	47	281	257	168	116	325	-326	0	2	274	303	254	0	10	439	213
2014-04-07	18:37:12	1199	50	47	281	256	169	116	325	-370	0	2	274	303	254	0	10	438	213
2014-04-07	18:38:12	1199	50	47	280	256	169	116	325	-415	0	2	273	302	254	0	10	439	213
2014-04-07	18:39:12	1199	50	47	280	256	169	116	325	-460	0	2	273	302	254	0	10	439	213
2014-04-07	18:40:12	1199	50	47	279	255	170	117	325	-505	0	2	273	302	254	0	10	439	213
2014-04-07	18:41:12	1199	50	47	279	255	171	117	325	-551	0	2	272	301	253	0	10	438	213
2014-04-07	18:42:12	1199	50	47	279	254	171	117	325	-597	0	2	272	301	253	0	10	438	213
2014-04-07	18:43:12	1199	50	47	268	238	83	117	325	-644	0	7	258	339	183	0	30	438	213
2014-04-07	18:44:12	1199	49	47	297	252	45	30	325	-644	0	7	308	496	14	0	30	438	213
2014-04-07	18:45:12	1199	49	47	312	257	47	8	325	-644	0	7	318	545	46	0	30	439	213
2014-04-07	18:46:12	1199	49	47	318	264	49	5	325	-654	0	7	321	563	53	0	30	438	213
2014-04-07	18:47:12	1199	49	47	326	272	49	4	325	-659	0	7	332	578	50	0	30	438	213
2014-04-07	18:48:12	1199	49	47	334	283	50	4	325	-655	0	7	340	590	53	0	30	438	213
2014-04-07	18:49:12	1199	49	47	345	295	50	6	325	-643	0	7	352	604	53	0	30	438	213
2014-04-07	18:50:12	1199	49	47	355	304	52	8	325	-619	0	7	358	614	55	0	30	438	213
2014-04-07	18:51:12	1199	49	47	362	312	51	8	325	-586	0	7	366	624	55	0	30	438	213
2014-04-07	18:52:12	1199	49	47	369	319	50	8	325	-547	0	7	372	632	53	0	30	438	213
2014-04-07	18:53:12	1199	49	47	377	327	49	8	325	-501	0	7	381	642	55	0	30	438	213
2014-04-07	18:54:12	1199	49	47	384	334	49	8	325	-446	0	7	387	650	50	0	30	438	213
2014-04-07	18:55:12	1199	49	47	391	341	49	8	325	-385	0	7	393	659	56	0	30	438	213
2014-04-07	18:56:12	1199	49	47	397	347	49	8	325	-317	0	7	400	666	52	0	30	438	213
2014-04-07	18:57:12	1199	49	47	403	353	49	9	325	-243	0	7	404	674	57	0	30	438	213
2014-04-07	18:58:12	1199	49	47	408	358	43	8	325	-163	0	7	411	681	47	0	30	438	213
2014-04-07	18:59:12	1199	48	47	412	361	40	4	325	-78	0	7	414	688	45	0	30	438	213
2014-04-07	19:00:12	1199	48	47	416	362	37	18	325	11	0	2	417	672	60	0	10	437	213
2014-04-07	19:01:12	1199	47	47	416	360	41	35	326	102	0	2	423	607	93	0	10	437	213
2014-04-07	19:02:12	1199	47	47	416	359	44	41	326	192	0	2	427	547	123	0	10	437	213
2014-04-07	19:03:12	1199	47	47	415	358	49	49	326	282	0	2	425	497	153	0	10	437	213
2014-04-07	19:04:12	1199	47	47	412	357	51	58	326	370	0	2	420	463	176	0	10	437	213
2014-04-07	19:05:12	1199	47	47	407	356	53	66	326	454	0	2	412	440	195	0	10	437	213
2014-04-07	19:06:12	1199	47	47	403	355	54	73	326	533	0	2	404	425	214	0	10	437	213
2014-04-07	19:07:12	1199	47	47	398	354	56	78	326	608	0	2	397	412	230	0	10	437	213
2014-04-07	19:08:12	1199	47	47	393	352	59	80	326	678	0	2	389	400	239	0	10	436	213
2014-04-07	19:09:12	1199	47	47	388	351	61	83	326	743	0	2	383	389	247	0	10	436	213
2014-04-07	19:10:12	1199	47	47	383	350	63	84	326	803	0	2	376	380	253	0	10	437	213
2014-04-07	19:11:12	1199	47	47	378	350	66	86	326	858	0	2	370	371	257	0	10	436	213
2014-04-07	19:12:12	1199	47	47	372	348	68	87	326	907	0	2	365	365	260	0	10	436	213
2014-04-07	19:13:12	1199	47	47	367	347	70	87	326	951	0	2	361	360	262	0	10	435	213
2014-04-07	19:14:12	1199	47	47	363	347	72	87	326	990	0	2	358	357	263	0	10	435	213
2014-04-07	19:15:12	1199	47	47	359	346	73	88	326	1000	0	2	357	353	265	0	10	435	213
2014-04-07	19:16:12	1199	47	47	358	343	76	88	326	1000	0	2	355	350	265	0	10	435	213
2014-04-07	19:17:12	1199	47	47	356	340	78	90	326	1000	0	2	353	347	266	0	10	435	213
2014-04-07	19:18:12	1199	47	47	355	336	80	90	326	1000	0	2	352	344	266	0	10	434	213
2014-04-07	19:19:12	1199	47	47	354	331	82	90	326	1000	0	2	350	342	266	0	10	434	213
2014-04-07	19:20:12	1199	47	47	352	327	83	91	326	1000	0	2	348	340	266	0	10	434	213
2014-04-07	19:21:12	1199	47	47	351	323	86	91	326	1000	0	2	346	338	265	0	10	433	213
2014-04-07	19:22:12	1199	47	47	349	318	87	91	326	1000	0	2	345	336	265	0	10	433	213
2014-04-07	19:23:12	1199	47	47	348	314	88	92	326	1000	0	2	343	335	265	0	10	432	213
2014-04-07	19:24:12	1199	47	47	347	310	90	92	326	1000	0	2	342	333	264	0	10	432	213
2014-04-07	19:25:12	1199	47	47	345	307	92	94	326	1000	0	2	340	331	264	0	10	432	213
2014-04-07	19:26:12	1199	47	47	344	304	94	94	326	1000	0	2	338	331	263	0	10	431	213
2014-04-07	19:27:12	1199	47	47	342	301	95	94	326	1000	0	2	337	329	263	0	10	431	213
2014-04-07	19:28:12	1199	47	47	341	299	96	95	326	1000	0	2	335	328	262	0	10	431	213
2014-04-07	19:29:12	1199	47	47	339	297	98	95	326	1000	0	2	333	326	261	0	10	430	213
2014-04-07	19:30:13	1199	46	47	337	295	100	95	327	1000	0	2	331	325	260	0	10	430	213
2014-04-07	19:31:13	1199	46	47	335	294	102	96	327	1000	0	2	329	323	260	0	10	430	213
2014-04-07	19:32:13	1199	46	47	333	293	103	96	327	1000	0	2	327	322	259	0	10	430	213
2014-04-07	19:33:13	1199	46	47	331	291	104	96	327	1000	0	2	324	321	258	0	10	430	213
2014-04-07	19:34:13	1199	46	47	328	290	106	97	327	1000	0	2	321	320	258	0	10	430	213
2014-04-07	19:35:13	1199	46	47	326	288	107	98	327	1000	0	2	319	318	257	0	10	429	213
2014-04-07	19:36:13	1199	46	47	323	287	108	98	327	998	0	2	316	317	256	0	10	429	213
2014-04-07	19:37:13	1199	46	47	321	286	109	98	327	994	0	2	313	316	256	0	10	429	213
2014-04-07	19:38:13	1199	46	47	318	284	111	99	327	987	0	2	311	315	255	0	10	429	213
2014-04-07	19:39:13	1199	46	47	316	283	112	99	327	978	0	2	309	314	254	0	10	429	213
2014-04-07	19:40:13	1199	46	47	314	282	113	99	327	966	0	2	307	313	254	0	10	429	213
2014-04-07	19:41:13	1199	46	47	311	280	114	100	327	952	0	2	304	312	253	0	10	429	213
2014-04-07	19:42:13	1199	46	47	309	279	115	100	327	936	0	2	302	311	253	0	10	429	213
2014-04-07	19:43:13	1199	46	47	307	278	116	100	327	918	0	2	301	310	252	0	10	428	213
2014-04-07	19:44:13	1199	46	47	305	277	117	100	327	898	0	2	299	309	252	0	10	428	213
2014-04-07	19:45:13	1199	46	47	304	276	118	100	327	876	0	2	297	308	251	0	10	428	213
2014-04-07	19:46:13	1199	46	47	302	275	120	101	327	852	0	2	296	307	250	0	10	428	213
2014-04-07	19:47:13	1199	46	47	301	274	120	102	327	827	0	2	295	306	250	0	10	428	213
2014-04-07	19:48:13	1199	46	47	299	273	121	102	327	800	0	2	294	306	249	0	10	428	213
2014-04-07	19:49:13	1199	46	47	298	272	122	102	331	772	0	2	293	305	249	0	10	428	212
2014-04-07	19:50:13	1199	46	47	297	271	123	103	327	743	0	2	291	304	249	0	10	428	213
2014-04-07	19:51:13	1199	46	47	296	270	123	103	327	708	0	2	290	303	248	0	10	428	213
2014-04-07	19:52:13	1199	46	47	294	270	125	103	327	672	0	2	289	302	248	0	10	428	213
2014-04-07	19:53:13	1199	46	47	294	269	126	103	331	639	0	2	288	302	247	0	10	428	212
2014-04-07	19:54:13	1199	46	47	293	268	126	103	327	606	0	2	287	301	247	0	10	428	213
2014-04-07	19:55:13	1199	45	47	292	267	127	104	328	572	0	2	286	300	246	0	10	428	213
2014-04-07	19:56:13	1199	45	47	292	266	128	104	328	533	0	2	285	299	246	0	10	428	213
2014-04-07	19:57:13	1199	44	47	291	266	128	104	332	492	0	2	284	299	246	0	10	428	212
2014-04-07	19:58:13	1199	44	47	290	265	129	105	332	452	0	2	284	298	244	0	10	428	212
2014-04-07	19:59:13	1199	44	47	289	265	130	106	332	411	0	2	283	297	244	0	10	427	212
2014-04-07	20:00:13	1199	44	47	288	264	131	106	332	368	0	2	282	297	243	0	10	427	212
2014-04-07	20:01:13	1199	44	47	287	263	132	106	332	324	0	2	281	296	243	0	10	427	212
2014-04-07	20:02:13	1199	44	47	287	263	132	106	330	279	0	2	280	296	243	0	10	427	213
2014-04-07	20:03:13	1199	44	47	286	262	133	106	330	235	0	2	279	295	242	0	10	427	213
2014-04-07	20:04:13	1199	44	47	286	262	133	107	332	189	0	2	279	294	242	0	10	427	212
2014-04-07	20:05:13	1199	44	47	285	262	134	107	332	142	0	2	278	294	242	0	10	427	212
2014-04-07	20:06:13	1199	44	47	284	261	135	107	332	94	0	2	277	294	242	0	10	427	212
2014-04-07	20:07:13	1199	44	47	283	261	136	107	332	46	0	2	277	294	241	0	10	427	212
2014-04-07	20:08:13	1199	44	47	283	260	136	107	332	-3	0	2	276	293	241	0	10	427	212
2014-04-07	20:09:13	1199	44	47	282	260	137	108	332	-52	0	2	275	293	241	0	10	426	212
2014-04-07	20:10:13	1199	44	47	282	259	138	108	332	-102	0	2	275	292	240	0	10	426	212
2014-04-07	20:11:13	1199	44	47	281	259	138	108	332	-153	0	2	274	292	240	0	10	426	212
2014-04-07	20:12:13	1199	44	47	280	258	138	108	332	-204	0	2	274	291	240	0	10	426	212
2014-04-07	20:13:13	1199	44	47	280	258	139	108	332	-256	0	2	273	291	240	0	10	426	212
2014-04-07	20:14:13	1199	44	47	280	257	139	109	332	-308	0	2	273	290	239	0	10	426	212
2014-04-07	20:15:13	1199	44	47	279	257	140	109	332	-361	0	2	272	290	239	0	10	425	212
2014-04-07	20:16:13	1199	44	47	278	256	140	109	332	-414	0	2	272	289	239	0	10	425	212
2014-04-07	20:17:13	1199	44	47	278	256	142	109	332	-468	0	2	271	289	238	0	10	425	212
2014-04-07	20:18:13	1199	44	47	278	256	142	109	332	-522	0	2	270	289	238	0	10	425	212
2014-04-07	20:19:13	1199	43	47	277	255	143	109	333	-578	0	2	270	288	238	0	10	425	212
2014-04-07	20:20:13	1199	43	47	270	251	75	106	333	-633	0	7	264	322	175	0	30	424	212
2014-04-07	20:21:13	1199	43	47	295	248	44	26	333	-633	0	7	304	489	13	0	30	424	212
2014-04-07	20:22:13	1199	43	47	306	252	46	6	333	-633	0	7	310	536	49	0	30	424	212
2014-04-07	20:23:13	1199	43	47	308	253	47	3	333	-659	0	7	311	549	53	0	30	423	212
2014-04-07	20:24:13	1199	43	47	311	260	49	2	333	-683	0	7	318	559	49	0	30	423	212
2014-04-07	20:25:13	1199	43	47	319	267	49	2	333	-702	0	7	325	571	49	0	30	422	212
2014-04-07	20:26:13	1199	43	47	325	274	50	3	333	-714	0	7	331	581	51	0	30	422	212
2014-04-07	20:27:13	1199	43	47	332	282	50	4	333	-719	0	7	339	589	52	0	30	421	212
2014-04-07	20:28:13	1199	43	46	339	288	50	5	333	-718	0	7	345	596	50	0	30	421	212
2014-04-07	20:29:13	1199	43	46	344	293	50	6	333	-710	0	7	350	603	51	0	30	420	212
2014-04-07	20:30:13	1199	43	46	349	297	49	5	333	-697	0	7	354	610	50	0	30	420	212
2014-04-07	20:31:13	1199	43	46	353	302	47	4	333	-679	0	7	358	617	49	0	30	420	212
2014-04-07	20:32:13	1199	43	46	357	307	47	4	333	-657	0	7	360	623	50	0	30	420	212
2014-04-07	20:33:13	1199	43	46	360	312	49	4	333	-632	0	7	364	628	50	0	30	419	212
2014-04-07	20:34:13	1199	43	46	364	316	47	6	333	-603	0	7	368	634	50	0	30	419	212
2014-04-07	20:35:13	1199	43	46	375	406	42	4	333	-570	0	15	395	661	43	0	20	419	212
2014-04-07	20:36:13	1199	43	46	458	439	38	4	333	-570	0	15	475	733	53	0	20	419	212
2014-04-07	20:37:13	1199	43	46	507	472	36	6	333	-570	0	15	522	780	45	0	20	418	212
2014-04-07	20:38:13	1199	43	46	538	495	35	8	333	-570	0	15	547	814	50	0	20	418	212
2014-04-07	20:39:13	1199	43	46	557	508	34	8	333	-570	0	15	563	837	53	0	20	419	212
2014-04-07	20:40:13	1199	43	46	570	518	32	8	333	-570	0	15	575	854	49	0	20	420	212
2014-04-07	20:41:13	1199	43	46	579	524	32	8	333	-570	0	15	581	868	52	0	20	422	212
2014-04-07	20:42:13	1199	43	46	585	531	31	8	333	-570	0	15	588	881	52	0	20	425	212
2014-04-07	20:43:13	1199	43	46	590	536	30	9	333	-570	0	15	594	890	48	0	20	428	212
2014-04-07	20:44:13	1199	43	46	595	540	30	9	333	-570	0	15	596	902	53	0	20	432	212
2014-04-07	20:45:13	1199	43	46	599	545	30	9	333	-570	0	15	603	911	50	0	20	436	212
2014-04-07	20:46:14	1199	43	46	603	550	29	9	333	-570	0	15	606	919	51	0	20	440	212
2014-04-07	20:47:14	1199	43	46	607	554	30	9	333	-570	0	15	611	928	53	0	20	444	212
2014-04-07	20:48:14	1199	43	46	611	558	29	9	333	-570	0	15	616	936	49	0	20	449	212
2014-04-07	20:49:14	1199	42	46	615	563	29	9	334	-570	0	15	619	944	55	0	20	453	212
2014-04-07	20:50:14	1199	42	46	619	567	29	10	334	-570	0	15	623	952	54	0	20	457	212
2014-04-07	20:51:14	1199	41	46	623	565	29	11	335	-570	0	7	626	960	57	0	30	461	212
2014-04-07	20:52:14	1199	41	46	431	299	29	-1	335	-570	0	7	379	757	50	0	30	466	212
2014-04-07	20:53:14	1199	41	46	366	291	29	-6	335	-570	0	7	358	708	26	0	30	470	212
2014-04-07	20:54:14	1199	41	46	353	301	29	-8	335	-570	0	7	353	696	35	0	30	473	212
2014-04-07	20:55:14	1199	41	46	358	306	28	-10	335	-550	0	7	359	698	40	0	30	475	212
2014-04-07	20:56:14	1199	41	46	363	324	28	-8	335	-527	0	7	368	698	32	0	30	477	212
2014-04-07	20:57:14	1199	41	46	378	332	28	-8	335	-493	0	7	382	708	37	0	30	478	212
2014-04-07	20:58:14	1199	41	46	384	333	27	-8	335	-447	0	7	385	708	38	0	30	479	212
2014-04-07	20:59:14	1199	41	46	386	334	27	-8	335	-397	0	7	386	705	35	0	30	479	212
2014-04-07	21:00:14	1199	41	46	386	336	27	-8	335	-346	0	7	386	706	37	0	30	479	212
2014-04-07	21:01:14	1199	41	46	388	340	27	-8	335	-294	0	7	389	706	35	0	30	479	212
2014-04-07	21:02:14	1199	41	46	392	346	27	-7	335	-239	0	7	393	710	36	0	30	478	212
2014-04-07	21:03:14	1199	41	46	397	349	27	-8	335	-180	0	7	397	713	38	0	30	478	212
2014-04-07	21:04:14	1199	41	46	400	352	27	-7	335	-117	0	7	401	713	34	0	30	477	212
2014-04-07	21:05:14	1199	41	46	403	353	26	-8	335	-50	0	7	403	716	37	0	30	477	212
2014-04-07	21:06:14	1199	41	46	403	353	23	5	335	18	0	2	404	694	46	0	10	475	212
2014-04-07	21:07:14	1199	41	46	404	352	27	22	335	87	0	2	414	631	85	0	10	475	212
2014-04-07	21:08:14	1199	41	46	403	352	32	30	335	155	0	2	419	576	118	0	10	473	212
2014-04-07	21:09:14	1199	41	46	402	351	37	37	335	223	0	2	417	532	152	0	10	472	212
2014-04-07	21:10:14	1199	41	46	398	350	38	47	335	289	0	2	411	500	179	0	10	471	212
2014-04-07	21:11:14	1199	41	46	394	348	41	56	335	351	0	2	404	478	203	0	10	470	212
2014-04-07	21:12:14	1199	41	46	391	346	43	62	335	409	0	2	396	462	227	0	10	469	212
2014-04-07	21:13:14	1199	41	46	387	344	46	66	335	463	0	2	388	448	244	0	10	468	212
2014-04-07	21:14:14	1199	41	46	383	342	49	69	335	514	0	2	381	436	257	0	10	467	212
2014-04-07	21:15:14	1199	41	46	378	341	52	71	335	560	0	2	373	425	265	0	10	466	212
2014-04-07	21:16:14	1199	41	46	373	339	55	72	335	601	0	2	367	417	272	0	10	465	212
2014-04-07	21:17:14	1199	41	46	368	337	57	74	335	638	0	2	362	409	277	0	10	464	212
2014-04-07	21:18:14	1199	41	46	364	336	59	75	335	670	0	2	358	403	280	0	10	464	212
2014-04-07	21:19:14	1199	41	46	361	335	62	75	335	698	0	2	356	396	283	0	10	463	212
2014-04-07	21:20:14	1199	41	46	358	334	65	76	335	722	0	2	353	391	285	0	10	463	212
2014-04-07	21:21:14	1199	41	46	356	332	66	76	335	744	0	2	351	386	286	0	10	462	212
2014-04-07	21:22:14	1199	41	46	353	331	69	77	335	764	0	2	350	383	287	0	10	461	212
2014-04-07	21:23:14	1199	40	46	351	331	71	78	336	780	0	2	348	378	287	0	10	461	212
2014-04-07	21:24:14	1199	41	46	350	330	73	79	335	794	0	2	347	374	287	0	10	460	212
2014-04-07	21:25:14	1199	40	46	349	329	75	79	336	807	0	2	346	371	287	0	10	460	212
2014-04-07	21:26:14	1199	40	46	348	328	78	79	336	819	0	2	345	368	287	0	10	459	212
2014-04-07	21:27:14	1199	40	46	347	327	79	80	336	831	0	2	344	366	286	0	10	458	212
2014-04-07	21:28:14	1199	40	46	346	326	82	81	336	842	0	2	343	363	286	0	10	457	212
2014-04-07	21:29:14	1199	40	46	345	325	83	82	336	852	0	2	342	361	285	0	10	456	212
2014-04-07	21:30:14	1199	40	46	344	324	86	83	336	861	0	2	340	359	285	0	10	456	212
2014-04-07	21:31:14	1199	40	46	344	323	87	83	336	869	0	2	339	358	284	0	10	454	212
2014-04-07	21:32:14	1199	40	46	343	321	89	83	336	877	0	2	338	356	283	0	10	453	212
2014-04-07	21:33:14	1199	40	46	342	320	91	84	336	884	0	2	337	355	282	0	10	452	212
2014-04-07	21:34:14	1199	40	46	342	319	92	84	336	890	0	2	335	353	281	0	10	451	212
2014-04-07	21:35:14	1199	40	46	340	319	94	86	336	895	0	2	334	351	281	0	10	450	212
2014-04-07	21:36:14	1199	40	46	339	317	95	87	336	899	0	2	333	350	280	0	10	449	212
2014-04-07	21:37:15	1199	40	46	339	316	98	87	336	902	0	2	332	348	279	0	10	448	212
2014-04-07	21:38:15	1199	40	46	337	315	99	87	336	904	0	2	331	347	278	0	10	447	212
2014-04-07	21:39:15	1199	40	46	336	314	100	88	336	905	0	2	331	345	277	0	10	446	212
2014-04-07	21:40:15	1199	40	46	335	313	103	88	336	905	0	2	329	343	277	0	10	445	212
2014-04-07	21:41:15	1199	40	46	335	311	104	88	336	904	0	2	329	342	275	0	10	444	212
2014-04-07	21:42:15	1199	40	46	333	310	106	90	336	902	0	2	327	340	275	0	10	444	212
2014-04-07	21:43:15	1199	40	46	332	309	107	90	336	899	0	2	327	339	274	0	10	443	212
2014-04-07	21:44:15	1199	40	46	331	308	108	90	336	895	0	2	326	338	273	0	10	443	212
2014-04-07	21:45:15	1199	40	46	331	307	109	91	336	890	0	2	325	336	272	0	10	443	212
2014-04-07	21:46:15	1199	40	46	331	306	111	91	336	885	0	2	324	335	272	0	10	444	212
2014-04-07	21:47:15	1199	40	46	330	305	112	92	336	879	0	2	323	334	271	0	10	444	212
2014-04-07	21:48:15	1199	40	46	329	304	113	92	336	872	0	2	322	333	270	0	10	444	212
2014-04-07	21:49:15	1199	39	46	328	303	115	92	335	865	0	2	321	332	270	0	10	444	212
2014-04-07	21:50:15	1199	39	46	327	302	116	93	335	858	0	2	320	331	269	0	10	444	212
2014-04-07	21:51:15	1199	39	46	326	301	116	93	335	850	0	2	320	330	268	0	10	444	212
2014-04-07	21:52:15	1199	39	46	325	300	118	94	335	841	0	2	319	329	268	0	10	444	212
2014-04-07	21:53:15	1199	39	46	325	299	118	94	335	831	0	2	318	328	267	0	10	444	212
2014-04-07	21:54:15	1199	38	46	324	299	120	94	337	820	0	2	318	327	267	0	10	445	212
2014-04-07	21:55:15	1199	38	46	323	298	121	95	337	809	0	2	317	326	266	0	10	445	212
2014-04-07	21:56:15	1199	38	46	322	297	122	95	337	795	0	2	316	325	266	0	10	445	212
2014-04-07	21:57:15	1199	38	46	321	296	123	95	337	780	0	2	316	324	265	0	10	444	212
2014-04-07	21:58:15	1199	38	46	321	295	123	96	337	764	0	2	315	324	265	0	10	444	212
2014-04-07	21:59:15	1199	38	46	320	294	125	96	337	748	0	14	314	323	265	0	20	415	212
2014-04-07	22:00:16	1199	38	46	319	325	38	55	337	732	0	15	352	533	24	0	20	337	212
2014-04-07	22:01:16	1199	38	46	387	360	38	15	337	716	0	15	408	601	13	0	20	268	212
2014-04-07	22:02:16	1199	38	46	430	382	40	6	337	700	0	15	440	667	50	0	20	225	212
2014-04-07	22:03:16	1199	38	46	457	399	41	6	337	684	0	15	463	699	47	0	20	205	212
2014-04-07	22:04:16	1199	38	46	475	414	43	8	337	668	0	15	479	725	56	0	20	198	212
2014-04-07	22:05:16	1199	38	46	490	425	43	9	337	652	0	15	493	743	50	0	20	202	212
2014-04-07	22:06:16	1199	38	46	500	435	44	10	337	636	0	15	502	759	56	0	20	210	212
2014-04-07	22:07:16	1199	38	46	509	444	45	13	337	620	0	15	511	774	59	0	20	222	212
2014-04-07	22:08:16	1199	38	45	518	453	44	14	337	604	0	15	520	785	53	0	20	234	212
2014-04-07	22:09:16	1199	38	45	525	461	43	13	337	588	0	15	527	797	57	0	20	248	212
2014-04-07	22:10:16	1199	38	45	533	469	43	13	337	572	0	15	534	810	59	0	20	262	212
2014-04-07	22:11:16	1199	38	45	539	475	42	13	337	556	0	15	540	820	55	0	20	275	212
2014-04-07	22:12:16	1199	38	45	545	482	43	14	337	540	0	15	546	829	55	0	20	288	212
2014-04-07	22:13:16	1199	38	45	552	489	43	14	337	524	0	15	553	839	61	0	20	300	212
2014-04-07	22:14:16	1199	38	45	557	495	41	14	337	508	0	15	558	849	58	0	20	312	212
2014-04-07	22:15:16	1199	38	45	562	500	37	13	337	492	0	15	563	858	50	0	20	324	212
2014-04-07	22:16:16	1199	38	45	566	505	35	11	337	476	0	15	566	866	50	0	20	334	212
2014-04-07	22:17:16	1199	38	45	570	509	33	9	337	460	0	15	571	875	53	0	20	344	212
2014-04-07	22:18:16	1199	38	45	574	515	32	9	337	444	0	15	574	883	52	0	20	354	212
2014-04-07	22:19:16	1199	38	45	578	519	32	9	337	428	0	15	579	890	49	0	20	362	212
2014-04-07	22:20:16	1199	38	45	581	516	31	8	337	412	0	15	581	895	51	0	20	371	212
2014-04-07	22:21:16	1199	38	45	578	504	30	8	337	396	0	15	575	893	52	0	20	380	212
2014-04-07	22:22:16	1199	38	45	568	491	30	7	337	380	0	15	564	885	50	0	20	386	212
2014-04-07	22:23:16	1199	38	45	557	477	30	6	337	364	0	15	553	875	47	0	20	388	212
2014-04-07	22:24:16	1199	38	45	545	465	30	6	337	348	0	15	540	864	45	0	20	388	212
2014-04-07	22:25:16	1199	38	45	534	454	30	4	337	332	0	15	530	855	49	0	20	366	212
2014-04-07	22:26:16	1199	38	45	524	443	30	2	337	316	0	15	520	845	46	0	20	331	212
2014-04-07	22:27:16	1199	38	45	515	434	29	2	337	300	0	15	511	833	42	0	20	296	212
2014-04-07	22:28:16	1199	38	45	507	426	29	2	337	284	0	15	504	827	44	0	20	269	212
2014-04-07	22:29:16	1199	38	45	501	420	29	1	337	268	0	15	498	822	46	0	20	248	212
2014-04-07	22:30:16	1199	38	45	496	419	29	0	337	252	0	15	494	816	43	0	20	232	212
2014-04-07	22:31:16	1199	38	45	494	420	27	-1	337	236	0	15	494	814	38	0	20	224	212
2014-04-07	22:32:16	1199	38	45	496	425	27	-1	337	220	0	15	496	818	43	0	20	223	212
2014-04-07	22:33:16	1199	38	45	499	430	27	-1	337	204	0	15	500	822	44	0	20	228	212
2014-04-07	22:34:16	1199	38	45	503	435	27	-1	337	188	0	15	504	824	40	0	20	236	212
2014-04-07	22:35:16	1199	38	45	508	441	26	-1	337	172	0	15	509	829	40	0	20	247	212
2014-04-07	22:36:16	1199	38	45	514	448	26	-1	337	156	0	15	515	837	44	0	20	257	212
2014-04-07	22:37:16	1199	38	45	519	454	26	-1	337	140	0	15	520	842	43	0	20	268	212
2014-04-07	22:38:16	1199	38	45	524	460	25	-1	337	124	0	15	525	847	39	0	20	278	212
2014-04-07	22:39:16	1199	38	45	530	466	24	-1	337	108	0	15	531	853	40	0	20	288	212
2014-04-07	22:40:16	1199	38	45	535	472	24	-1	337	92	0	15	536	862	44	0	20	298	212
2014-04-07	22:41:16	1199	38	45	539	477	23	-1	337	76	0	15	541	866	40	0	20	308	212
2014-04-07	22:42:16	1199	38	45	544	483	22	-1	337	60	0	15	546	872	38	0	20	318	212
2014-04-07	22:43:16	1199	38	45	549	489	22	-1	337	44	0	15	550	879	44	0	20	328	212
2014-04-07	22:44:16	1199	38	45	554	494	22	0	337	28	0	15	556	885	43	0	20	336	212
2014-04-07	22:45:16	1199	37	45	558	499	22	0	341	12	0	15	560	890	38	0	20	345	211
2014-04-07	22:46:16	1199	37	45	563	504	21	0	338	-4	0	15	565	897	43	0	20	354	212
2014-04-07	22:47:16	1199	38	45	567	509	21	-1	337	-20	0	15	570	903	43	0	20	361	212
2014-04-07	22:48:16	1199	37	45	572	515	21	0	338	-36	0	15	574	909	41	0	20	369	212
2014-04-07	22:49:16	1199	38	45	576	519	21	1	340	-52	0	15	578	915	43	0	20	377	211
2014-04-07	22:50:16	1199	37	45	581	524	21	1	341	-68	0	15	582	921	46	0	20	386	211
2014-04-07	22:51:16	1199	37	45	586	529	21	1	338	-84	0	15	587	926	43	0	20	392	212
2014-04-07	22:52:16	1199	37	45	589	534	21	2	341	-100	0	15	591	934	42	0	20	399	211
2014-04-07	22:53:16	1199	37	45	594	539	21	2	341	-116	0	15	595	940	47	0	20	407	211
2014-04-07	22:54:16	1199	37	45	597	543	21	2	341	-132	0	15	599	946	45	0	20	414	211
2014-04-07	22:55:16	1199	37	45	602	548	21	2	341	-148	0	15	603	952	46	0	20	420	211
2014-04-07	22:56:16	1199	37	45	606	553	21	2	341	-164	0	15	607	957	47	0	20	426	211
2014-04-07	22:57:16	1199	37	45	610	557	21	2	341	-180	0	15	612	964	47	0	20	433	211
2014-04-07	22:58:16	1199	37	45	614	561	21	4	338	-196	0	15	616	971	49	0	20	439	212
2014-04-07	22:59:16	1199	37	45	618	566	20	4	341	-212	0	15	620	977	48	0	20	445	211
2014-04-07	23:00:16	1199	37	45	622	571	20	4	341	-228	0	7	626	982	47	0	30	451	211
2014-04-07	23:01:16	1199	37	45	443	245	20	-5	341	-228	0	7	369	773	42	0	30	457	211
2014-04-07	23:02:16	1199	37	45	343	257	20	-12	341	-228	0	7	332	706	7	0	30	462	211
2014-04-07	23:03:16	1199	37	45	327	273	19	-15	341	-228	0	7	329	696	32	0	30	466	211
2014-04-07	23:04:16	1199	37	45	331	281	20	-16	341	-240	0	7	334	688	27	0	30	469	211
2014-04-07	23:05:16	1199	37	45	339	291	20	-15	341	-248	0	7	342	689	27	0	30	471	211
2014-04-07	23:06:16	1199	37	45	349	299	20	-15	341	-247	0	7	352	696	32	0	30	473	211
2014-04-07	23:07:16	1199	37	45	356	304	19	-15	341	-237	0	7	358	695	24	0	30	473	211
2014-04-07	23:08:16	1199	37	45	358	308	19	-15	341	-221	0	7	359	695	32	0	30	473	211
2014-04-07	23:09:16	1199	37	45	362	313	19	-15	341	-202	0	7	364	696	31	0	30	474	211
2014-04-07	23:10:16	1199	37	45	366	318	19	-14	341	-180	0	7	369	695	26	0	30	474	211
2014-04-07	23:11:16	1199	37	45	371	323	19	-15	341	-153	0	7	372	699	33	0	30	473	211
2014-04-07	23:12:16	1199	37	45	376	327	19	-14	341	-121	0	7	377	701	32	0	30	473	211
2014-04-07	23:13:16	1199	37	45	380	331	19	-13	341	-85	0	7	381	699	27	0	30	472	211
2014-04-07	23:14:16	1199	37	45	383	334	16	-15	341	-45	0	7	384	704	27	0	30	472	211
2014-04-07	23:15:16	1199	37	45	386	337	13	-17	341	-2	0	7	386	708	29	0	30	471	211
2014-04-07	23:16:17	1199	37	45	387	339	13	-5	341	43	0	2	390	686	37	0	10	471	211
2014-04-07	23:17:17	1199	37	45	388	338	18	13	341	90	0	2	401	626	76	0	10	471	211
2014-04-07	23:18:17	1199	37	45	388	338	22	19	341	137	0	2	407	572	110	0	10	470	211
2014-04-07	23:19:17	1199	37	45	388	337	26	26	341	184	0	2	406	531	143	0	10	470	211
2014-04-07	23:20:17	1199	37	44	387	336	29	34	341	230	0	2	402	499	168	0	10	470	211
2014-04-07	23:21:17	1199	37	44	386	334	32	43	341	275	0	2	396	478	192	0	10	470	211
2014-04-07	23:22:17	1199	37	44	383	332	36	49	341	319	0	2	389	462	216	0	10	470	211
2014-04-07	23:23:17	1199	37	44	380	331	39	53	341	360	0	2	382	449	236	0	10	470	211
2014-04-07	23:24:17	1199	37	44	377	329	41	55	341	398	0	2	375	437	251	0	10	470	211
2014-04-07	23:25:17	1199	37	44	374	328	44	58	341	433	0	2	368	427	261	0	10	470	211
2014-04-07	23:26:17	1199	37	44	370	327	47	59	341	465	0	2	363	419	269	0	10	471	211
2014-04-07	23:27:17	1199	37	44	366	325	50	61	341	493	0	2	358	412	275	0	10	471	211
2014-04-07	23:28:17	1199	37	44	363	324	53	62	341	517	0	2	355	405	279	0	10	470	211
2014-04-07	23:29:17	1199	37	44	360	323	55	62	341	535	0	2	352	399	282	0	10	471	211
2014-04-07	23:30:17	1199	37	44	358	322	58	63	341	552	0	2	349	394	285	0	10	471	211
2014-04-07	23:31:17	1199	37	44	355	321	61	63	343	566	0	2	346	389	286	0	10	471	210
2014-04-07	23:32:17	1199	37	44	352	321	62	65	341	577	0	2	343	385	287	0	10	471	211
2014-04-07	23:33:17	1199	37	44	350	320	65	66	343	588	0	2	341	381	288	0	10	471	210
2014-04-07	23:34:17	1199	37	44	348	319	68	66	343	596	0	2	339	377	288	0	10	471	210
2014-04-07	23:35:17	1199	37	44	346	319	69	68	341	600	0	2	337	374	288	0	10	471	211
2014-04-07	23:36:17	1199	37	44	343	318	72	68	343	604	0	2	336	371	288	0	10	471	210
2014-04-07	23:37:17	1199	37	44	341	318	73	69	343	604	0	2	335	368	288	0	10	471	210
2014-04-07	23:38:17	1199	37	44	340	317	76	69	343	602	0	2	334	365	287	0	10	471	210
2014-04-07	23:39:17	1199	37	44	338	316	78	71	343	598	0	2	332	363	286	0	10	472	210
2014-04-07	23:40:17	1199	37	44	337	316	80	71	341	593	0	2	332	361	286	0	10	472	211
2014-04-07	23:41:17	1199	37	44	335	315	82	72	343	586	0	2	331	359	285	0	10	472	210
2014-04-07	23:42:17	1199	37	44	335	314	83	72	343	578	0	2	331	358	284	0	10	472	210
2014-04-07	23:43:17	1199	37	44	334	313	86	73	343	569	0	2	330	356	284	0	10	472	210
2014-04-07	23:44:17	1199	37	44	333	312	87	75	343	559	0	2	329	354	283	0	10	472	210
2014-04-07	23:45:17	1199	37	44	332	311	88	75	343	549	0	2	328	353	282	0	10	472	210
2014-04-07	23:46:17	1199	37	44	331	311	90	76	343	538	0	2	327	351	281	0	10	472	210
2014-04-07	23:47:17	1199	37	44	331	309	92	76	343	526	0	2	326	349	280	0	10	472	210
2014-04-07	23:48:17	1199	37	44	331	310	94	78	343	514	0	2	325	348	280	0	10	471	210
2014-04-07	23:49:17	1199	37	44	330	308	95	78	343	502	0	2	324	346	279	0	10	471	210
2014-04-07	23:50:17	1199	37	44	330	307	96	79	343	489	0	2	323	345	278	0	10	471	210
2014-04-07	23:51:17	1199	36	44	329	306	98	79	343	475	0	2	322	343	277	0	10	471	210
2014-04-07	23:52:17	1199	36	44	328	305	99	80	343	460	0	2	321	341	276	0	10	471	210
2014-04-07	23:53:17	1199	36	44	327	304	100	80	343	443	0	2	320	340	275	0	10	471	210
2014-04-07	23:54:17	1199	35	44	327	303	102	81	345	425	0	2	319	339	274	0	10	471	210
2014-04-07	23:55:17	1199	35	44	326	302	103	82	345	406	0	2	318	337	274	0	10	471	210
2014-04-07	23:56:17	1199	35	44	325	301	105	82	345	386	0	2	317	336	273	0	10	471	210
2014-04-07	23:57:17	1199	35	44	324	301	106	83	345	366	0	2	316	335	272	0	10	471	210
2014-04-07	23:58:17	1199	35	44	323	300	107	83	345	345	0	2	315	333	271	0	10	471	210
2014-04-07	23:59:17	1199	35	44	322	299	108	83	345	323	0	2	315	332	271	0	10	471	210
2014-04-08	00:00:17	1199	35	44	321	298	109	84	345	300	0	2	314	331	270	0	10	471	210
2014-04-08	00:01:17	1199	35	44	321	297	111	84	345	276	0	2	313	331	269	0	10	471	210
2014-04-08	00:02:17	1199	35	44	320	296	112	84	345	251	0	2	312	330	269	0	10	470	210
2014-04-08	00:03:17	1199	35	44	319	295	113	85	345	225	0	2	312	329	268	0	10	470	210
2014-04-08	00:04:17	1199	35	44	318	295	114	86	345	199	0	2	311	328	268	0	10	470	210
2014-04-08	00:05:17	1199	35	44	317	294	115	86	345	172	0	2	311	327	267	0	10	470	210
2014-04-08	00:06:17	1199	35	44	317	294	116	87	345	144	0	2	310	326	266	0	10	470	210
2014-04-08	00:07:17	1199	35	44	316	293	117	87	345	115	0	2	309	325	266	0	10	469	210
2014-04-08	00:08:17	1199	35	44	315	292	118	87	345	86	0	2	309	324	265	0	10	469	210
2014-04-08	00:09:17	1199	35	44	314	291	119	87	345	56	0	2	308	323	265	0	10	469	210
2014-04-08	00:10:17	1199	35	44	314	290	120	88	345	25	0	2	308	322	264	0	10	468	210
2014-04-08	00:11:17	1199	35	44	313	290	121	88	345	-7	0	2	307	321	264	0	10	467	210
2014-04-08	00:12:17	1199	35	44	312	288	122	89	345	-39	0	2	306	321	263	0	10	467	210
2014-04-08	00:13:17	1199	35	44	312	288	123	90	345	-72	0	2	306	320	263	0	10	466	210
2014-04-08	00:14:17	1199	35	44	311	287	123	90	345	-106	0	2	305	319	262	0	10	466	210
2014-04-08	00:15:17	1199	35	44	310	286	125	90	345	-140	0	2	305	318	262	0	10	465	210
2014-04-08	00:16:17	1199	35	44	310	285	126	91	345	-175	0	2	304	317	261	0	10	464	210
2014-04-08	00:17:17	1199	35	44	309	285	126	91	345	-211	0	2	303	316	261	0	10	464	210
2014-04-08	00:18:17	1199	35	44	308	284	127	91	345	-249	0	2	303	316	261	0	10	464	210
2014-04-08	00:19:17	1199	35	44	308	283	128	92	347	-286	0	2	302	315	260	0	10	463	209
2014-04-08	00:20:17	1199	35	44	308	282	128	92	347	-323	0	2	302	314	260	0	10	463	209
2014-04-08	00:21:17	1199	35	44	307	281	129	92	347	-363	0	2	301	313	259	0	10	463	209
2014-04-08	00:22:17	1199	35	44	306	281	131	92	345	-403	0	2	301	313	258	0	10	462	210
2014-04-08	00:23:17	1199	35	44	306	280	131	93	347	-444	0	2	300	312	258	0	10	462	209
2014-04-08	00:24:17	1199	35	44	305	280	132	94	347	-486	0	2	300	311	258	0	10	462	209
2014-04-08	00:25:17	1199	35	44	305	278	132	94	347	-528	0	2	299	311	257	0	10	462	209
2014-04-08	00:26:17	1199	35	43	304	278	133	94	345	-569	0	2	299	310	257	0	10	462	210
2014-04-08	00:27:17	1199	35	43	293	252	61	91	347	-612	0	7	280	337	210	0	30	461	209
2014-04-08	00:28:17	1199	35	43	304	256	37	19	347	-612	0	7	313	504	8	0	30	461	209
2014-04-08	00:29:17	1199	35	43	315	262	37	-1	347	-612	0	7	320	553	38	0	30	461	209
2014-04-08	00:30:17	1199	35	43	320	268	40	-3	347	-642	0	7	322	571	46	0	30	461	209
2014-04-08	00:31:18	1199	35	43	327	275	41	-3	347	-667	0	7	333	586	42	0	30	461	209
2014-04-08	00:32:18	1199	35	43	334	283	42	-2	347	-684	0	7	339	596	46	0	30	461	209
2014-04-08	00:33:18	1199	35	43	342	291	43	-1	347	-695	0	7	348	606	44	0	30	461	209
2014-04-08	00:34:18	1199	35	43	349	297	43	0	347	-698	0	7	352	613	48	0	30	460	209
2014-04-08	00:35:18	1199	35	43	355	304	43	1	347	-694	0	7	358	622	47	0	30	460	209
2014-04-08	00:36:18	1199	35	43	359	310	43	1	347	-683	0	7	362	628	47	0	30	460	209
2014-04-08	00:37:18	1199	35	43	365	315	41	1	347	-669	0	7	368	636	46	0	30	460	209
2014-04-08	00:38:18	1199	35	43	370	320	41	1	347	-650	0	7	372	641	44	0	30	460	209
2014-04-08	00:39:18	1199	35	43	375	325	41	1	347	-626	0	7	377	649	46	0	30	460	209
2014-04-08	00:40:18	1199	35	43	380	330	41	1	347	-596	0	7	381	654	46	0	30	460	209
2014-04-08	00:41:18	1199	35	43	385	334	40	1	347	-561	0	7	386	659	47	0	30	460	209
2014-04-08	00:42:18	1199	35	43	388	338	35	-1	347	-522	0	7	390	664	38	0	30	459	209
2014-04-08	00:43:18	1199	35	43	391	342	32	-5	347	-480	0	7	391	671	40	0	30	459	209
2014-04-08	00:44:18	1199	35	43	394	345	30	-6	347	-435	0	7	395	677	38	0	30	459	209
2014-04-08	00:45:18	1199	35	43	397	348	28	-8	347	-387	0	7	397	681	34	0	30	459	209
2014-04-08	00:46:18	1199	35	43	399	351	26	-9	347	-336	0	7	400	688	38	0	30	458	209
2014-04-08	00:47:18	1199	35	43	402	353	26	-9	347	-283	0	7	403	689	34	0	30	458	209
2014-04-08	00:48:18	1199	35	43	404	353	26	-9	347	-227	0	7	404	694	35	0	30	458	209
2014-04-08	00:49:18	1199	35	43	406	356	25	-10	351	-170	0	7	406	696	35	0	30	457	208
2014-04-08	00:50:18	1199	35	43	409	358	24	-10	351	-114	0	7	409	700	34	0	30	457	208
2014-04-08	00:51:18	1199	35	43	411	359	24	-10	347	-51	0	7	411	704	35	0	30	457	209
2014-04-08	00:52:18	1199	35	43	413	359	24	4	351	9	0	2	416	686	48	0	10	456	208
2014-04-08	00:53:18	1199	34	43	412	358	27	21	351	70	0	2	428	616	84	0	10	456	208
2014-04-08	00:54:19	1199	34	43	413	358	30	30	348	131	0	2	432	558	116	0	10	456	209
2014-04-08	00:55:19	1199	34	43	412	357	34	38	351	193	0	2	430	509	150	0	10	455	208
2014-04-08	00:56:19	1199	35	43	412	356	38	49	351	254	0	2	425	476	174	0	10	455	208
2014-04-08	00:57:19	1199	34	43	410	355	41	59	351	314	0	2	419	453	193	0	10	454	208
2014-04-08	00:58:19	1199	35	43	408	353	43	65	347	372	0	2	411	436	213	0	10	454	209
2014-04-08	00:59:19	1199	34	43	404	351	44	69	351	428	0	2	404	423	230	0	10	453	208
2014-04-08	01:00:19	1199	34	43	401	350	46	71	351	481	0	2	396	412	242	0	10	453	208
2014-04-08	01:01:19	1199	35	43	397	348	47	73	351	530	0	2	390	401	251	0	10	453	208
2014-04-08	01:02:19	1199	34	43	393	347	50	75	351	575	0	2	384	392	257	0	10	452	208
2014-04-08	01:03:19	1199	34	43	388	346	53	76	351	615	0	2	378	384	261	0	10	452	208
2014-04-08	01:04:19	1199	34	43	385	344	55	78	351	651	0	2	372	376	264	0	10	451	208
2014-04-08	01:05:19	1199	34	43	381	342	58	78	351	684	0	2	368	370	267	0	10	451	208
2014-04-08	01:06:19	1199	34	43	377	341	61	79	351	713	0	2	364	364	268	0	10	451	208
2014-04-08	01:07:19	1199	34	43	373	340	62	79	351	737	0	2	361	360	269	0	10	450	208
2014-04-08	01:08:19	1199	34	43	370	339	65	80	351	758	0	2	359	358	270	0	10	450	208
2014-04-08	01:09:19	1199	34	43	366	338	66	80	351	775	0	2	357	355	271	0	10	450	208
2014-04-08	01:10:19	1199	34	43	364	337	69	82	351	789	0	2	356	353	271	0	10	449	208
2014-04-08	01:11:19	1199	34	43	361	336	71	82	351	801	0	2	354	351	271	0	10	449	208
2014-04-08	01:12:19	1199	34	43	359	335	73	82	351	810	0	2	352	348	270	0	10	449	208
2014-04-08	01:13:19	1199	34	43	358	334	75	83	351	817	0	2	351	346	270	0	10	448	208
2014-04-08	01:14:19	1199	34	43	356	333	76	83	351	824	0	2	350	345	270	0	10	448	208
2014-04-08	01:15:19	1199	34	43	355	332	79	83	351	829	0	2	349	342	270	0	10	448	208
2014-04-08	01:16:19	1199	34	43	354	331	80	83	351	833	0	2	348	340	269	0	10	448	208
2014-04-08	01:17:19	1199	34	43	353	330	82	84	351	836	0	2	347	339	269	0	10	447	208
2014-04-08	01:18:19	1199	34	43	351	329	83	84	351	837	0	2	346	337	268	0	10	447	208
2014-04-08	01:19:19	1199	34	43	350	328	86	84	351	837	0	2	345	335	268	0	10	447	208
2014-04-08	01:20:19	1199	34	43	350	327	87	85	351	836	0	2	344	333	267	0	10	447	208
2014-04-08	01:21:19	1199	34	43	349	326	88	86	351	834	0	2	342	332	266	0	10	446	208
2014-04-08	01:22:19	1199	34	43	348	325	90	86	351	831	0	2	341	331	266	0	10	446	208
2014-04-08	01:23:19	1199	34	43	347	324	92	86	351	827	0	2	340	330	265	0	10	446	208
2014-04-08	01:24:19	1199	34	43	346	322	94	87	351	822	0	2	339	328	264	0	10	446	208
2014-04-08	01:25:19	1199	34	43	345	321	95	87	351	817	0	2	338	327	264	0	10	445	208
2014-04-08	01:26:19	1199	34	43	344	320	96	87	351	811	0	2	336	326	263	0	10	445	208
2014-04-08	01:27:19	1199	34	43	343	319	98	87	351	804	0	2	335	325	263	0	10	445	208
2014-04-08	01:28:19	1199	34	43	342	318	99	87	351	796	0	2	334	323	262	0	10	445	208
2014-04-08	01:29:19	1199	34	42	342	316	101	88	351	787	0	2	333	323	262	0	10	445	208
2014-04-08	01:30:19	1199	34	42	340	315	102	88	351	776	0	2	332	321	261	0	10	444	208
2014-04-08	01:31:19	1199	34	42	339	314	103	88	351	764	0	2	331	320	260	0	10	444	208
2014-04-08	01:32:19	1199	34	42	338	313	104	89	351	751	0	2	331	319	260	0	10	444	208
2014-04-08	01:33:19	1199	34	42	337	312	106	89	351	737	0	2	330	318	259	0	10	444	208
2014-04-08	01:34:19	1199	34	42	336	311	107	90	351	722	0	2	329	317	258	0	10	444	208
2014-04-08	01:35:19	1199	34	42	335	309	108	90	351	706	0	2	328	316	258	0	10	443	208
2014-04-08	01:36:19	1199	34	42	334	308	109	90	351	689	0	2	327	315	257	0	10	443	208
2014-04-08	01:37:19	1199	34	42	332	307	111	91	351	671	0	2	326	314	257	0	10	443	208
2014-04-08	01:38:19	1199	33	42	332	306	112	91	351	652	0	2	325	313	257	0	10	443	208
2014-04-08	01:39:19	1199	33	42	331	305	113	91	351	632	0	2	325	312	256	0	10	443	208
2014-04-08	01:40:19	1199	33	42	331	304	114	91	351	612	0	2	324	311	255	0	10	443	208
2014-04-08	01:41:19	1199	32	42	330	303	116	92	352	591	0	2	323	311	255	0	10	443	208
2014-04-08	01:42:19	1199	32	42	329	302	116	92	352	568	0	2	322	310	255	0	10	443	208
2014-04-08	01:43:19	1199	32	42	328	301	117	92	352	544	0	2	321	309	254	0	10	442	208
2014-04-08	01:44:19	1199	32	42	327	300	117	92	352	520	0	2	321	308	254	0	10	442	208
2014-04-08	01:45:19	1199	32	42	326	298	118	92	352	492	0	2	320	308	253	0	10	442	208
2014-04-08	01:46:19	1199	32	42	325	298	120	94	352	463	0	2	319	307	253	0	10	442	208
2014-04-08	01:47:20	1199	32	42	325	297	121	94	352	436	0	2	318	306	253	0	10	442	208
2014-04-08	01:48:20	1199	32	42	324	296	121	94	355	405	0	2	317	305	252	0	10	442	207
2014-04-08	01:49:20	1199	32	42	323	295	122	95	355	376	0	2	317	305	252	0	10	442	207
2014-04-08	01:50:20	1199	32	42	322	294	123	95	352	347	0	2	316	304	252	0	10	441	208
2014-04-08	01:51:20	1199	32	42	321	294	124	95	352	314	0	2	315	304	251	0	10	441	208
2014-04-08	01:52:20	1199	32	42	320	293	125	95	355	280	0	2	314	303	251	0	10	441	207
2014-04-08	01:53:20	1199	32	42	320	292	126	95	352	245	0	2	314	302	251	0	10	441	208
2014-04-08	01:54:20	1199	32	42	319	291	126	95	355	210	0	2	313	302	250	0	10	441	207
2014-04-08	01:55:20	1199	32	42	318	290	127	96	355	175	0	2	312	301	250	0	10	441	207
2014-04-08	01:56:20	1199	32	42	318	289	128	96	355	141	0	2	311	301	250	0	10	441	207
2014-04-08	01:57:20	1199	32	42	317	288	128	96	355	103	0	2	310	300	249	0	10	441	207
2014-04-08	01:58:20	1199	32	42	316	287	129	96	355	65	0	2	310	299	249	0	10	440	207
2014-04-08	01:59:20	1199	32	42	316	286	130	97	355	26	0	2	309	299	249	0	10	440	207
2014-04-08	02:00:20	1199	32	42	315	286	131	98	355	-14	0	2	308	299	249	0	10	440	207
2014-04-08	02:01:20	1199	32	42	314	285	132	98	355	-56	0	2	307	298	248	0	10	440	207
2014-04-08	02:02:20	1199	30	42	313	284	132	98	357	-99	0	2	306	297	248	0	10	440	207
2014-04-08	02:03:20	1199	30	42	312	283	133	99	357	-142	0	2	305	297	248	0	10	440	207
2014-04-08	02:04:20	1199	30	42	311	282	133	99	357	-187	0	2	304	297	248	0	10	440	207
2014-04-08	02:05:20	1199	30	42	311	281	134	99	357	-232	0	2	303	296	247	0	10	440	207
2014-04-08	02:06:20	1199	30	42	310	280	134	99	357	-278	0	2	303	296	247	0	10	440	207
2014-04-08	02:07:20	1199	30	42	309	280	136	99	357	-325	0	2	302	295	247	0	10	439	207
2014-04-08	02:08:20	1199	30	42	308	279	137	99	357	-373	0	2	301	295	246	0	10	439	207
2014-04-08	02:09:20	1199	30	42	308	278	137	100	357	-422	0	2	300	294	246	0	10	439	207
2014-04-08	02:10:20	1199	30	42	307	277	138	100	357	-472	0	2	299	294	246	0	10	439	207
2014-04-08	02:11:20	1199	30	42	306	276	138	100	357	-522	0	2	298	294	245	0	10	439	207
2014-04-08	02:12:20	1199	30	42	305	276	138	100	357	-573	0	2	297	294	244	0	10	439	207
2014-04-08	02:13:20	1199	30	42	291	253	62	96	357	-625	0	7	279	339	156	0	30	439	207
2014-04-08	02:14:20	1199	30	42	308	260	40	22	357	-625	0	7	316	498	11	0	30	438	207
2014-04-08	02:15:20	1199	30	42	319	265	41	2	357	-625	0	7	323	548	44	0	30	438	207
2014-04-08	02:16:20	1199	30	42	324	272	43	0	357	-661	0	7	327	565	49	0	30	438	207
2014-04-08	02:17:20	1199	30	42	331	279	44	0	357	-692	0	7	336	580	47	0	30	438	207
2014-04-08	02:18:20	1199	30	42	338	287	44	1	357	-717	0	7	343	591	49	0	30	438	207
2014-04-08	02:19:20	1199	29	42	345	294	46	1	356	-733	0	7	351	602	49	0	30	438	207
2014-04-08	02:20:20	1199	29	41	352	301	47	2	356	-741	0	7	356	611	50	0	30	437	207
2014-04-08	02:21:20	1199	29	41	358	308	46	3	356	-742	0	7	362	618	50	0	30	437	207
2014-04-08	02:22:20	1199	29	41	363	313	46	4	356	-739	0	7	366	626	50	0	30	437	207
2014-04-08	02:23:20	1199	29	41	368	319	44	2	356	-730	0	7	372	633	49	0	30	437	207
2014-04-08	02:24:20	1199	29	41	374	325	44	2	356	-716	0	7	376	640	49	0	30	437	207
2014-04-08	02:25:20	1199	29	41	379	329	44	2	356	-697	0	7	382	647	49	0	30	437	207
2014-04-08	02:26:20	1199	29	41	384	333	44	2	356	-672	0	7	386	653	49	0	30	437	207
2014-04-08	02:27:20	1199	29	41	388	338	43	3	356	-642	0	7	390	659	49	0	30	437	207
2014-04-08	02:28:20	1199	29	41	391	342	38	2	356	-609	0	7	394	663	40	0	30	436	207
2014-04-08	02:29:20	1199	28	41	395	346	35	-3	357	-572	0	7	395	671	42	0	30	436	207
2014-04-08	02:30:20	1199	27	41	398	349	32	-5	356	-533	0	7	399	677	40	0	30	436	207
2014-04-08	02:31:20	1199	27	41	401	352	30	-5	356	-491	0	7	401	682	38	0	30	436	207
2014-04-08	02:32:20	1199	27	41	403	355	29	-6	356	-445	0	7	404	688	38	0	30	436	207
2014-04-08	02:33:20	1199	27	41	406	358	29	-6	356	-397	0	7	406	691	37	0	30	436	207
2014-04-08	02:34:20	1199	27	41	408	358	28	-7	356	-346	0	7	408	695	38	0	30	435	207
2014-04-08	02:35:20	1199	27	41	410	359	27	-7	356	-297	0	7	410	698	35	0	30	435	207
2014-04-08	02:36:20	1199	26	41	413	361	27	-8	360	-242	0	7	413	702	37	0	30	435	206
2014-04-08	02:37:20	1199	26	41	415	363	27	-8	360	-189	0	7	415	705	36	0	30	435	206
2014-04-08	02:38:20	1199	26	41	417	365	26	-8	360	-132	0	7	417	708	35	0	30	435	206
2014-04-08	02:39:20	1199	26	41	419	367	26	-8	360	-72	0	7	419	712	35	0	30	434	206
2014-04-08	02:40:20	1199	26	41	420	369	26	-8	360	-11	0	7	420	714	35	0	30	434	206
2014-04-08	02:41:20	1199	26	41	421	369	26	8	360	51	0	2	421	693	52	0	10	434	206
2014-04-08	02:42:20	1199	25	41	420	367	29	23	361	114	0	2	429	626	88	0	10	434	206
2014-04-08	02:43:20	1199	24	41	420	366	33	32	359	173	0	2	434	565	122	0	10	434	206
2014-04-08	02:44:20	1199	24	41	420	365	37	40	359	237	0	2	431	516	155	0	10	434	206
2014-04-08	02:45:20	1199	24	41	418	364	41	50	359	298	0	2	427	482	178	0	10	433	206
2014-04-08	02:46:20	1199	24	41	414	362	42	59	356	359	0	2	420	459	197	0	10	433	207
2014-04-08	02:47:20	1199	24	41	410	360	44	66	356	413	0	2	414	442	217	0	10	433	207
2014-04-08	02:48:20	1199	24	41	407	358	46	71	359	463	0	2	407	429	234	0	10	433	206
2014-04-08	02:49:20	1199	23	41	404	358	48	73	360	513	0	2	400	417	246	0	10	433	206
2014-04-08	02:50:20	1199	22	41	400	356	51	75	359	555	0	2	394	406	254	0	10	432	206
2014-04-08	02:51:20	1199	22	41	397	355	53	76	356	595	0	2	388	397	260	0	10	432	207
2014-04-08	02:52:20	1199	22	41	393	353	56	78	359	631	0	2	383	389	265	0	10	432	206
2014-04-08	02:53:20	1199	22	41	389	352	58	79	359	663	0	2	378	382	268	0	10	432	206
2014-04-08	02:54:20	1199	22	41	386	351	61	80	359	692	0	2	374	375	270	0	10	432	206
2014-04-08	02:55:20	1199	22	40	382	349	63	80	359	718	0	2	370	369	272	0	10	432	206
2014-04-08	02:56:20	1199	22	40	378	348	65	80	359	740	0	2	367	365	273	0	10	431	206
2014-04-08	02:57:20	1199	21	40	375	347	68	81	359	758	0	2	364	362	274	0	10	431	206
2014-04-08	02:58:20	1199	21	40	372	346	70	82	359	773	0	2	362	358	274	0	10	431	206
2014-04-08	02:59:20	1199	21	40	369	344	72	82	359	785	0	2	361	357	274	0	10	431	206
2014-04-08	03:00:20	1199	21	40	366	343	73	83	359	794	0	2	359	355	274	0	10	431	206
2014-04-08	03:01:21	1199	21	40	364	342	76	83	359	800	0	2	358	352	274	0	10	430	206
2014-04-08	03:02:21	1199	21	40	362	341	78	84	359	804	0	2	358	350	273	0	10	430	206
2014-04-08	03:03:21	1199	21	40	361	340	79	84	359	807	0	2	357	348	273	0	10	430	206
2014-04-08	03:04:21	1199	21	40	359	338	82	84	359	809	0	2	356	346	272	0	10	430	206
2014-04-08	03:05:21	1199	21	40	358	337	83	86	359	809	0	2	355	344	272	0	10	430	206
2014-04-08	03:06:21	1199	21	40	358	336	84	86	359	808	0	2	355	342	271	0	10	430	206
2014-04-08	03:07:21	1199	21	40	358	335	87	87	359	807	0	2	353	340	271	0	10	429	206
2014-04-08	03:08:21	1199	20	40	357	333	88	87	360	805	0	2	352	339	270	0	10	429	206
2014-04-08	03:09:21	1199	20	40	356	332	90	88	360	802	0	2	351	337	270	0	10	429	206
2014-04-08	03:10:21	1199	19	40	355	331	92	88	358	798	0	2	350	335	269	0	10	429	206
2014-04-08	03:11:21	1199	19	40	355	331	94	88	358	795	0	2	349	334	269	0	10	429	206
2014-04-08	03:12:21	1199	19	40	354	329	95	89	358	791	0	2	348	332	268	0	10	428	206
2014-04-08	03:13:21	1199	19	40	353	328	96	90	358	786	0	2	347	331	267	0	10	428	206
2014-04-08	03:14:21	1199	19	40	352	327	98	90	358	781	0	2	346	331	267	0	10	428	206
2014-04-08	03:15:21	1199	19	40	351	326	100	90	358	775	0	2	344	329	266	0	10	428	206
2014-04-08	03:16:21	1199	19	40	350	324	102	91	358	768	0	2	343	328	266	0	10	428	206
2014-04-08	03:17:21	1199	19	40	349	323	103	91	358	760	0	2	342	327	265	0	10	427	206
2014-04-08	03:18:21	1199	19	40	348	322	104	91	358	751	0	2	341	325	264	0	10	427	206
2014-04-08	03:19:21	1199	19	40	347	321	106	92	358	741	0	2	340	324	264	0	10	427	206
2014-04-08	03:20:21	1199	19	40	346	319	107	92	358	730	0	2	338	323	263	0	10	427	206
2014-04-08	03:21:21	1199	19	40	345	318	108	92	358	718	0	2	337	322	263	0	10	426	206
2014-04-08	03:22:21	1199	19	39	344	317	109	93	358	704	0	2	336	321	262	0	10	426	206
2014-04-08	03:23:21	1199	19	39	342	316	110	94	358	689	0	2	335	320	261	0	10	426	206
2014-04-08	03:24:21	1199	19	39	341	314	111	94	358	673	0	2	334	319	261	0	10	426	206
2014-04-08	03:25:21	1199	19	39	340	313	112	94	358	656	0	2	333	318	260	0	10	426	206
2014-04-08	03:26:21	1199	19	39	339	312	113	94	358	638	0	2	332	317	260	0	10	425	206
2014-04-08	03:27:21	1199	19	39	338	311	115	95	358	619	0	2	331	316	259	0	10	425	206
2014-04-08	03:28:21	1199	18	39	337	309	116	95	360	599	0	2	331	315	259	0	10	425	206
2014-04-08	03:29:21	1199	18	39	336	308	117	95	360	575	0	2	330	315	258	0	10	425	206
2014-04-08	03:30:21	1199	18	39	335	307	117	96	360	550	0	2	329	314	258	0	10	424	206
2014-04-08	03:31:21	1199	18	39	333	306	119	96	360	524	0	2	328	313	257	0	10	424	206
2014-04-08	03:32:21	1199	18	39	332	305	120	96	360	497	0	2	327	312	257	0	10	424	206
2014-04-08	03:33:21	1199	18	39	331	304	121	96	360	469	0	2	326	311	257	0	10	424	206
2014-04-08	03:34:21	1199	18	39	331	303	122	98	360	440	0	2	325	311	256	0	10	423	206
2014-04-08	03:35:21	1199	18	39	331	301	123	98	360	411	0	2	325	310	256	0	10	423	206
2014-04-08	03:36:21	1199	18	39	329	300	123	98	360	381	0	2	324	309	255	0	10	423	206
2014-04-08	03:37:21	1199	18	39	329	299	125	98	360	350	0	2	323	309	255	0	10	423	206
2014-04-08	03:38:21	1199	17	39	328	298	125	98	359	318	0	2	322	308	255	0	10	423	206
2014-04-08	03:39:21	1199	17	39	327	297	126	99	359	286	0	2	321	307	254	0	10	422	206
2014-04-08	03:40:21	1199	16	39	326	296	127	99	359	254	0	2	320	306	254	0	10	422	206
2014-04-08	03:41:21	1199	16	39	325	295	128	99	362	221	0	2	319	306	254	0	10	422	205
2014-04-08	03:42:21	1199	16	39	324	294	128	100	359	187	0	2	318	305	253	0	10	421	206
2014-04-08	03:43:21	1199	16	39	323	294	129	100	359	149	0	2	317	305	253	0	10	421	206
2014-04-08	03:44:21	1199	16	39	322	294	130	100	359	113	0	2	316	304	253	0	10	421	206
2014-04-08	03:45:21	1199	16	39	322	292	131	100	359	73	0	2	315	303	253	0	10	421	206
2014-04-08	03:46:21	1199	16	39	321	291	132	100	359	35	0	2	314	303	252	0	10	420	206
2014-04-08	03:47:21	1199	16	38	320	290	132	101	362	-7	0	2	313	302	252	0	10	420	205
2014-04-08	03:48:21	1199	16	38	319	289	133	102	362	-47	0	2	312	302	252	0	10	420	205
2014-04-08	03:49:21	1199	16	38	318	288	133	102	359	-90	0	2	311	301	251	0	10	420	206
2014-04-08	03:50:21	1199	16	38	317	288	134	102	359	-134	0	2	310	301	251	0	10	420	206
2014-04-08	03:51:21	1199	16	38	317	286	135	102	362	-179	0	2	309	300	251	0	10	420	205
2014-04-08	03:52:21	1199	16	38	315	286	136	103	362	-222	0	2	308	300	250	0	10	420	205
2014-04-08	03:53:21	1199	16	38	315	285	137	103	362	-269	0	2	307	299	250	0	10	420	205
2014-04-08	03:54:21	1199	16	38	313	284	137	103	362	-317	0	2	306	299	250	0	10	420	205
2014-04-08	03:55:21	1199	14	38	313	283	138	103	361	-367	0	10	305	298	250	0	20	419	205
2014-04-08	03:56:21	1199	14	38	347	380	41	69	361	-417	0	15	396	530	34	0	20	419	205
2014-04-08	03:57:21	1199	14	38	439	443	40	22	361	-467	0	15	467	651	22	0	20	419	205
2014-04-08	03:58:21	1199	14	38	500	476	42	14	361	-517	0	15	517	732	54	0	20	418	205
2014-04-08	03:59:21	1199	14	38	537	500	44	16	361	-567	0	15	548	779	58	0	20	418	205
2014-04-08	04:00:21	1199	14	38	561	514	46	17	361	-610	0	15	568	810	64	0	20	419	205
2014-04-08	04:01:21	1199	14	38	575	523	46	19	361	-610	0	15	582	833	61	0	20	420	205
2014-04-08	04:02:21	1199	14	38	585	532	46	20	361	-610	0	15	589	849	66	0	20	423	205
2014-04-08	04:03:21	1199	14	38	593	537	47	21	361	-610	0	15	597	864	66	0	20	427	205
2014-04-08	04:04:21	1199	14	38	599	544	47	22	361	-610	0	15	603	877	63	0	20	431	205
2014-04-08	04:05:21	1199	14	38	603	548	46	22	361	-610	0	15	607	888	68	0	20	435	205
2014-04-08	04:06:21	1199	14	38	608	553	45	22	361	-610	0	15	613	899	63	0	20	439	205
2014-04-08	04:07:21	1199	14	38	613	557	44	22	361	-610	0	15	616	909	64	0	20	444	205
2014-04-08	04:08:21	1199	14	38	617	562	44	22	361	-610	0	15	621	919	66	0	20	448	205
2014-04-08	04:09:21	1199	14	38	621	566	46	22	361	-610	0	15	626	928	66	0	20	453	205
2014-04-08	04:10:22	1199	14	37	626	570	44	24	361	-610	0	7	628	936	65	0	30	458	205
2014-04-08	04:11:22	1199	14	37	419	268	40	9	361	-610	0	7	359	714	58	0	30	462	205
2014-04-08	04:12:22	1199	14	37	348	265	38	0	361	-610	0	7	339	666	28	0	30	466	205
2014-04-08	04:13:22	1199	14	37	336	278	37	-3	361	-610	0	7	338	660	41	0	30	469	205
2014-04-08	04:14:22	1199	14	37	334	281	36	-5	361	-635	0	7	335	655	44	0	30	472	205
2014-04-08	04:15:22	1199	14	37	343	290	35	-6	361	-660	0	7	348	659	37	0	30	474	205
2014-04-08	04:16:22	1199	14	37	350	299	35	-5	361	-677	0	7	352	663	42	0	30	475	205
2014-04-08	04:17:23	1199	13	37	356	304	35	-5	361	-686	0	7	358	666	41	0	30	475	205
2014-04-08	04:18:23	1199	13	37	359	307	34	-5	361	-689	0	7	361	666	38	0	30	475	205
2014-04-08	04:19:23	1199	14	37	362	311	34	-5	361	-690	0	7	363	669	43	0	30	476	205
2014-04-08	04:20:23	1199	13	37	365	314	34	-5	361	-688	0	7	367	669	38	0	30	475	205
2014-04-08	04:21:23	1199	13	37	368	317	34	-5	361	-683	0	7	369	670	41	0	30	475	205
2014-04-08	04:22:23	1199	13	37	371	321	34	-5	361	-675	0	7	373	673	40	0	30	475	205
2014-04-08	04:23:23	1199	13	37	374	324	34	-5	361	-664	0	7	375	674	40	0	30	475	205
2014-04-08	04:24:23	1199	13	37	377	327	32	-5	361	-650	0	7	378	677	40	0	30	474	205
2014-04-08	04:25:23	1199	13	37	380	329	29	-6	361	-636	0	7	381	678	34	0	30	474	205
2014-04-08	04:26:23	1199	13	37	382	331	27	-8	364	-617	0	7	382	682	37	0	30	473	204
2014-04-08	04:27:23	1199	13	37	384	333	26	-10	361	-596	0	7	385	684	34	0	30	473	205
2014-04-08	04:28:23	1199	13	37	386	335	24	-11	361	-576	0	7	386	687	32	0	30	472	205
2014-04-08	04:29:23	1199	13	37	386	337	23	-12	361	-551	0	7	386	689	35	0	30	471	205
2014-04-08	04:30:23	1199	13	37	388	339	22	-12	364	-525	0	7	389	689	30	0	30	471	204
2014-04-08	04:31:23	1199	13	37	389	340	22	-12	364	-497	0	7	389	692	32	0	30	470	204
2014-04-08	04:32:23	1199	13	37	391	342	21	-12	361	-471	0	7	391	695	34	0	30	469	205
2014-04-08	04:33:23	1199	13	36	393	343	22	-13	364	-443	0	7	393	694	29	0	30	468	204
2014-04-08	04:34:23	1199	13	36	394	345	21	-12	364	-411	0	7	394	696	32	0	30	467	204
2014-04-08	04:35:23	1199	13	36	394	345	21	-12	364	-381	0	7	394	698	32	0	30	467	204
2014-04-08	04:36:23	1199	13	36	396	346	21	-13	364	-350	0	7	396	698	29	0	30	466	204
2014-04-08	04:37:23	1199	12	36	396	345	19	-13	364	-318	0	7	396	700	33	0	30	466	204
2014-04-08	04:38:23	1199	11	36	397	347	19	-13	364	-286	0	7	397	699	29	0	30	465	204
2014-04-08	04:39:23	1199	11	36	398	348	19	-13	364	-253	0	7	398	701	29	0	30	465	204
2014-04-08	04:40:23	1199	11	36	399	348	19	-14	364	-218	0	7	399	704	30	0	30	465	204
2014-04-08	04:41:23	1199	11	36	400	349	18	-15	364	-183	0	7	400	704	27	0	30	465	204
2014-04-08	04:42:23	1199	11	36	401	350	18	-15	364	-147	0	7	400	705	29	0	30	465	204
2014-04-08	04:43:23	1199	11	36	401	351	17	-15	364	-110	0	7	401	707	29	0	30	465	204
2014-04-08	04:44:23	1199	11	36	402	351	16	-15	364	-73	0	7	401	705	26	0	30	465	204
2014-04-08	04:45:23	1199	10	36	402	352	16	-16	364	-35	0	7	402	710	29	0	30	465	204
2014-04-08	04:46:23	1199	9	36	402	354	16	-2	364	3	0	2	406	686	40	0	10	465	204
2014-04-08	04:47:23	1199	9	36	401	353	19	14	364	40	0	2	420	622	78	0	10	465	204
2014-04-08	04:48:23	1199	9	36	401	352	24	22	364	77	0	2	426	564	111	0	10	465	204
2014-04-08	04:49:23	1199	9	36	402	352	29	30	364	115	0	2	424	518	144	0	10	465	204
2014-04-08	04:50:23	1199	9	36	402	351	32	40	364	153	0	2	420	485	170	0	10	465	204
2014-04-08	04:51:23	1199	8	36	401	349	34	49	364	190	0	2	414	462	192	0	10	465	204
2014-04-08	04:52:23	1199	8	36	400	347	35	56	364	227	0	2	406	446	212	0	10	465	204
2014-04-08	04:53:23	1199	8	35	398	344	38	61	364	262	0	2	399	433	231	0	10	465	204
2014-04-08	04:54:23	1199	8	35	395	342	41	62	364	295	0	2	391	421	244	0	10	465	204
2014-04-08	04:55:23	1199	8	35	391	341	43	65	364	325	0	2	386	412	254	0	10	465	204
2014-04-08	04:56:23	1199	8	35	387	339	46	66	364	351	0	2	379	403	261	0	10	465	204
2014-04-08	04:57:23	1199	8	35	384	338	49	68	364	373	0	2	373	395	265	0	10	465	204
2014-04-08	04:58:23	1199	7	35	380	336	52	69	365	391	0	2	368	388	269	0	10	465	204
2014-04-08	04:59:23	1199	6	35	376	335	53	71	365	404	0	2	363	382	272	0	10	465	204
2014-04-08	05:00:23	1199	6	35	372	334	56	71	365	414	0	2	360	376	274	0	10	465	204
2014-04-08	05:01:23	1199	6	35	369	333	59	71	365	420	0	2	358	371	275	0	10	465	204
2014-04-08	05:02:23	1199	6	35	366	332	61	72	365	423	0	2	356	367	276	0	10	464	204
2014-04-08	05:03:23	1199	6	35	363	331	63	72	365	423	0	2	354	364	277	0	10	465	204
2014-04-08	05:04:23	1199	6	35	360	331	65	73	365	420	0	2	352	361	277	0	10	465	204
2014-04-08	05:05:23	1199	6	35	358	331	68	73	365	415	0	2	350	358	277	0	10	465	204
2014-04-08	05:06:23	1199	5	35	357	330	69	74	365	408	0	2	348	357	277	0	10	465	204
2014-04-08	05:07:23	1199	4	35	355	329	72	75	364	399	0	2	347	355	276	0	10	464	204
2014-04-08	05:08:23	1199	4	35	354	328	73	76	364	389	0	2	346	353	276	0	10	465	204
2014-04-08	05:09:23	1199	4	35	352	327	76	76	364	378	0	2	345	350	275	0	10	464	204
2014-04-08	05:10:23	1199	4	35	350	327	78	76	364	365	0	2	344	349	275	0	10	464	204
2014-04-08	05:11:23	1199	4	35	349	326	79	78	364	351	0	2	342	347	274	0	10	464	204
2014-04-08	05:12:23	1199	4	34	348	325	81	78	364	336	0	2	341	344	274	0	10	464	204
2014-04-08	05:13:23	1199	4	34	347	324	83	79	364	320	0	2	340	343	273	0	10	464	204
2014-04-08	05:14:23	1199	4	34	346	323	84	79	364	302	0	2	339	341	272	0	10	464	204
2014-04-08	05:15:23	1199	4	34	345	322	86	79	364	284	0	2	338	339	272	0	10	464	204
2014-04-08	05:16:23	1199	4	34	344	321	88	80	364	264	0	2	337	337	271	0	10	464	204
2014-04-08	05:17:23	1199	4	34	343	320	90	80	364	245	0	2	336	336	270	0	10	464	204
2014-04-08	05:18:23	1199	4	34	342	319	91	82	364	224	0	2	335	334	269	0	10	464	204
2014-04-08	05:19:23	1199	4	34	341	319	92	82	364	202	0	2	334	333	269	0	10	464	204
2014-04-08	05:20:23	1199	4	34	341	317	94	82	364	179	0	2	333	331	268	0	10	464	204
2014-04-08	05:21:23	1199	4	34	340	317	95	83	364	155	0	2	332	331	268	0	10	464	204
2014-04-08	05:22:23	1199	4	34	339	316	97	83	364	129	0	2	331	330	267	0	10	464	204
2014-04-08	05:23:23	1199	5	34	338	315	99	83	365	102	0	2	331	328	266	0	10	464	204
2014-04-08	05:24:23	1199	6	34	337	314	100	84	365	74	0	2	329	327	265	0	10	463	204
2014-04-08	05:25:23	1199	5	34	336	313	102	84	365	45	0	2	328	326	265	0	10	463	204
2014-04-08	05:26:23	1199	6	34	335	313	103	84	365	15	0	2	327	326	264	0	10	463	204
2014-04-08	05:27:23	1199	6	34	334	311	104	84	365	-16	0	2	326	324	264	0	10	463	204
2014-04-08	05:28:23	1199	5	34	333	310	106	86	365	-48	0	2	325	323	263	0	10	463	204
2014-04-08	05:29:23	1199	5	34	332	309	107	86	365	-80	0	2	325	321	262	0	10	463	204
2014-04-08	05:30:23	1199	5	33	331	308	108	87	365	-113	0	2	324	320	262	0	10	463	204
2014-04-08	05:31:23	1199	5	33	331	307	109	87	365	-147	0	2	323	319	261	0	10	463	204
2014-04-08	05:32:24	1199	5	33	330	306	109	87	365	-181	0	2	322	319	260	0	10	463	204
2014-04-08	05:33:24	1199	4	33	329	305	111	87	364	-216	0	2	321	318	260	0	10	462	204
2014-04-08	05:34:24	1199	4	33	328	304	112	88	364	-251	0	2	320	317	259	0	10	462	204
2014-04-08	05:35:24	1199	4	33	327	303	113	88	364	-287	0	2	320	316	259	0	10	462	204
2014-04-08	05:36:24	1199	4	33	327	302	114	88	364	-324	0	2	319	315	259	0	10	462	204
2014-04-08	05:37:24	1199	4	33	326	301	115	89	364	-362	0	2	319	314	258	0	10	462	204
2014-04-08	05:38:24	1199	4	33	325	300	116	89	364	-401	0	2	318	313	257	0	10	462	204
2014-04-08	05:39:24	1199	4	33	324	300	117	90	364	-441	0	2	317	312	257	0	10	461	204
2014-04-08	05:40:24	1199	4	33	323	299	118	90	364	-481	0	2	316	312	257	0	10	461	204
2014-04-08	05:41:24	1199	4	33	323	298	119	91	364	-522	0	2	316	311	256	0	10	461	204
2014-04-08	05:42:24	1199	4	33	322	297	120	91	364	-564	0	2	315	310	256	0	10	461	204
2014-04-08	05:43:24	1199	4	33	309	268	51	85	364	-607	0	7	296	348	181	0	30	461	204
2014-04-08	05:44:24	1199	4	33	318	266	36	18	364	-607	0	7	324	510	8	0	30	460	204
2014-04-08	05:45:24	1199	4	33	324	270	37	-1	364	-607	0	7	327	558	38	0	30	460	204
2014-04-08	05:46:24	1199	4	33	325	272	38	-4	364	-647	0	7	327	573	44	0	30	460	204
2014-04-08	05:47:24	1199	3	33	329	276	40	-5	364	-685	0	7	333	585	41	0	30	460	204
2014-04-08	05:48:24	1199	2	32	333	283	40	-3	364	-718	0	7	338	594	45	0	30	460	204
2014-04-08	05:49:24	1199	2	32	341	291	41	-3	364	-747	0	7	346	603	44	0	30	459	204
2014-04-08	05:50:24	1199	2	32	347	295	42	-1	364	-768	0	7	351	611	46	0	30	459	204
2014-04-08	05:51:24	1199	2	32	352	300	41	-1	366	-785	0	7	356	617	46	0	30	459	203
2014-04-08	05:52:24	1199	2	32	356	304	41	0	366	-796	0	7	358	622	46	0	30	459	203
2014-04-08	05:53:24	1199	2	32	359	308	40	-1	366	-803	0	7	361	628	46	0	30	459	203
2014-04-08	05:54:24	1199	2	32	362	312	40	-1	364	-809	0	7	364	632	43	0	30	458	204
2014-04-08	05:55:24	1199	2	32	366	316	39	-1	364	-809	0	7	367	638	46	0	30	458	204
2014-04-08	05:56:24	1199	1	32	369	319	40	-1	367	-809	0	7	371	641	43	0	30	458	203
2014-04-08	05:57:24	1199	1	32	373	323	38	-1	367	-806	0	7	373	647	46	0	30	458	203
2014-04-08	05:58:24	1199	1	32	375	326	34	-3	367	-800	0	7	378	651	37	0	30	457	203
2014-04-08	05:59:24	1199	1	32	378	329	30	-6	367	-791	0	7	378	656	38	0	30	457	203
2014-04-08	06:00:24	1199	1	32	380	331	28	-8	367	-780	0	7	381	662	35	0	30	456	203
2014-04-08	06:01:24	1199	1	32	382	332	27	-10	367	-766	0	7	383	664	34	0	30	456	203
2014-04-08	06:02:24	1199	0	32	384	335	26	-11	367	-750	0	7	385	670	35	0	30	456	203
2014-04-08	06:03:24	1199	-1	32	386	337	25	-12	367	-732	0	7	386	671	32	0	30	456	203
2014-04-08	06:04:24	1199	-1	32	387	339	24	-12	367	-713	0	7	387	675	35	0	30	455	203
2014-04-08	06:05:24	1199	-1	31	389	340	24	-12	367	-692	0	7	389	678	32	0	30	455	203
2014-04-08	06:06:24	1199	-1	31	390	342	24	-12	367	-670	0	7	390	681	34	0	30	455	203
2014-04-08	06:07:24	1199	-1	31	389	333	23	-11	367	-646	0	7	387	678	32	0	30	454	203
2014-04-08	06:08:24	1199	-1	31	383	331	22	-12	367	-627	0	7	381	674	32	0	30	454	203
2014-04-08	06:09:24	1199	-1	31	380	331	22	-13	367	-612	0	7	379	674	34	0	30	454	203
2014-04-08	06:10:24	1199	-1	31	375	321	22	-13	367	-599	0	7	372	669	31	0	30	454	203
2014-04-08	06:11:24	1199	-1	31	370	319	22	-14	367	-594	0	7	368	666	32	0	30	453	203
2014-04-08	06:12:24	1199	-1	31	367	319	21	-15	367	-592	0	7	368	664	28	0	30	453	203
2014-04-08	06:13:24	1199	-2	31	368	320	19	-15	367	-592	0	7	368	666	29	0	30	453	203
2014-04-08	06:14:24	1199	-3	31	370	326	19	-15	366	-591	0	7	371	669	29	0	30	452	203
2014-04-08	06:15:24	1199	-3	31	375	330	18	-17	366	-586	0	7	377	675	29	0	30	452	203
2014-04-08	06:16:24	1199	-3	31	378	331	18	-16	366	-576	0	7	379	677	26	0	30	452	203
2014-04-08	06:17:24	1199	-3	31	379	331	18	-17	366	-563	0	7	379	680	29	0	30	452	203
2014-04-08	06:18:24	1199	-3	31	378	331	16	-17	366	-550	0	7	379	678	26	0	30	452	203
2014-04-08	06:19:24	1199	-3	31	379	331	16	-17	366	-537	0	7	379	680	28	0	30	451	203
2014-04-08	06:20:24	1199	-3	31	378	331	16	-19	366	-524	0	7	379	680	25	0	30	451	203
2014-04-08	06:21:24	1199	-3	30	380	332	16	-18	366	-511	0	7	381	681	27	0	30	451	203
2014-04-08	06:22:24	1199	-3	30	381	332	15	-18	366	-496	0	7	380	682	27	0	30	451	203
2014-04-08	06:23:24	1199	-4	30	382	334	15	-19	367	-482	0	7	383	684	24	0	30	450	203
2014-04-08	06:24:24	1199	-5	30	382	333	13	-19	366	-466	0	7	382	685	27	0	30	450	203
2014-04-08	06:25:24	1199	-5	30	383	336	14	-19	366	-450	0	7	384	687	24	0	30	450	203
2014-04-08	06:26:24	1199	-5	30	383	337	13	-19	366	-432	0	7	383	687	24	0	30	450	203
2014-04-08	06:27:24	1199	-5	30	385	338	13	-20	366	-414	0	7	386	691	26	0	30	450	203
2014-04-08	06:28:24	1199	-5	30	386	339	13	-20	366	-395	0	7	386	689	21	0	30	449	203
2014-04-08	06:29:24	1199	-5	30	386	339	12	-20	366	-375	0	7	386	692	26	0	30	449	203
2014-04-08	06:30:24	1199	-5	30	386	340	11	-21	366	-355	0	7	386	692	24	0	30	449	203
2014-04-08	06:31:24	1199	-5	30	387	340	11	-21	366	-335	0	7	387	692	22	0	30	449	203
2014-04-08	06:32:24	1199	-5	30	386	340	11	-21	366	-314	0	7	386	694	26	0	30	448	203
2014-04-08	06:33:24	1199	-5	30	388	341	11	-21	366	-294	0	7	388	694	21	0	30	448	203
2014-04-08	06:34:24	1199	-5	30	387	340	9	-21	366	-272	0	7	386	695	24	0	30	448	203
2014-04-08	06:35:24	1199	-6	30	388	342	9	-23	367	-252	0	7	388	698	23	0	30	448	203
2014-04-08	06:36:24	1199	-6	30	388	341	12	-21	367	-231	0	7	388	696	22	0	30	448	203
2014-04-08	06:37:24	1199	-6	29	389	342	9	-21	367	-210	0	7	389	699	24	0	30	447	203
2014-04-08	06:38:24	1199	-6	29	389	341	9	-23	367	-188	0	7	389	699	22	0	30	447	203
2014-04-08	06:39:24	1199	-6	29	389	344	9	-21	367	-167	0	7	389	699	22	0	30	447	203
2014-04-08	06:40:24	1199	-6	29	389	343	9	-23	367	-144	0	7	389	701	24	0	30	447	203
2014-04-08	06:41:24	1199	-6	29	391	345	9	-23	367	-122	0	7	392	701	21	0	30	446	203
2014-04-08	06:42:24	1199	-6	29	391	346	9	-23	367	-98	0	7	391	702	21	0	30	446	203
2014-04-08	06:43:24	1199	-6	29	392	346	8	-23	367	-73	0	7	392	705	26	0	30	446	203
2014-04-08	06:44:24	1199	-6	29	391	346	8	-23	367	-48	0	7	391	704	20	0	30	446	203
2014-04-08	06:45:24	1199	-6	29	393	347	7	-23	367	-24	0	7	393	704	19	0	30	445	203
2014-04-08	06:46:24	1199	-6	29	392	345	8	-9	367	2	0	2	395	683	37	0	10	445	203
2014-04-08	06:47:25	1199	-6	29	391	344	13	7	367	27	0	2	408	618	73	0	10	445	203
2014-04-08	06:48:25	1199	-7	29	391	343	16	13	367	51	0	2	414	559	108	0	10	444	203
2014-04-08	06:49:25	1199	-7	29	391	343	19	17	367	75	0	2	412	513	140	0	10	444	203
2014-04-08	06:50:25	1199	-7	29	391	342	22	20	367	100	0	2	407	480	166	0	10	444	203
2014-04-08	06:51:25	1199	-8	28	389	342	26	23	366	124	0	2	399	458	187	0	10	444	203
2014-04-08	06:52:25	1199	-8	28	386	340	29	28	366	146	0	2	391	442	208	0	10	444	203
2014-04-08	06:53:25	1199	-8	28	384	339	32	33	366	166	0	2	384	428	225	0	10	443	203
2014-04-08	06:54:25	1199	-8	28	380	337	35	37	366	182	0	2	376	417	236	0	10	443	203
2014-04-08	06:55:25	1199	-8	28	375	336	37	40	366	194	0	2	369	406	246	0	10	443	203
2014-04-08	06:56:25	1199	-8	28	370	334	40	42	366	202	0	2	363	396	253	0	10	442	203
2014-04-08	06:57:25	1199	-8	28	366	333	43	44	366	205	0	2	358	388	258	0	10	442	203
2014-04-08	06:58:25	1199	-8	28	362	332	45	46	366	204	0	2	355	382	262	0	10	442	203
2014-04-08	06:59:25	1199	-8	28	359	331	47	47	366	199	0	2	352	375	264	0	10	441	203
2014-04-08	07:00:25	1199	-8	28	357	330	50	48	366	191	0	2	349	370	266	0	10	441	203
2014-04-08	07:01:25	1199	-8	28	354	329	53	49	366	181	0	2	346	365	268	0	10	441	203
2014-04-08	07:02:25	1199	-8	28	351	328	55	50	366	168	0	2	344	361	269	0	10	441	203
2014-04-08	07:03:25	1199	-8	28	348	327	58	51	366	152	0	2	342	358	270	0	10	440	203
2014-04-08	07:04:25	1199	-8	28	346	326	60	52	366	133	0	2	340	357	270	0	10	440	203
2014-04-08	07:05:25	1199	-8	28	344	325	62	53	366	112	0	2	339	354	270	0	10	440	203
2014-04-08	07:06:25	1199	-8	27	342	324	65	54	366	89	0	2	338	352	270	0	10	439	203
2014-04-08	07:07:25	1199	-8	27	341	323	66	55	366	64	0	2	337	350	270	0	10	439	203
2014-04-08	07:08:25	1199	-8	27	339	322	69	56	366	38	0	2	336	348	270	0	10	439	203
2014-04-08	07:09:25	1199	-8	27	339	321	71	56	366	11	0	2	335	346	269	0	10	439	203
2014-04-08	07:10:25	1199	-8	27	338	320	73	58	366	-17	0	2	334	343	269	0	10	439	203
2014-04-08	07:11:25	1199	-8	27	337	320	75	59	366	-47	0	2	334	342	268	0	10	439	203
2014-04-08	07:12:25	1199	-9	27	336	318	76	59	364	-77	0	2	333	340	268	0	10	439	204
2014-04-08	07:13:25	1199	-10	27	336	317	79	61	367	-108	0	2	331	338	267	0	10	438	203
2014-04-08	07:14:25	1199	-10	27	335	317	80	61	367	-139	0	2	331	336	267	0	10	438	203
2014-04-08	07:15:25	1199	-10	27	334	316	82	62	367	-171	0	2	331	334	266	0	10	438	203
2014-04-08	07:16:25	1199	-10	27	334	315	83	63	367	-204	0	2	330	333	265	0	10	437	203
2014-04-08	07:17:25	1199	-10	27	333	314	86	64	367	-237	0	2	329	331	265	0	10	437	203
2014-04-08	07:18:25	1199	-10	27	332	313	87	65	367	-271	0	2	328	331	264	0	10	437	203
2014-04-08	07:19:25	1199	-10	27	332	311	88	66	367	-306	0	2	327	329	263	0	10	437	203
2014-04-08	07:20:25	1199	-10	27	331	310	90	66	367	-342	0	2	326	328	263	0	10	437	203
2014-04-08	07:21:25	1199	-10	26	331	309	91	68	367	-378	0	2	325	326	262	0	10	436	203
2014-04-08	07:22:25	1199	-10	26	330	308	92	69	367	-414	0	2	324	325	261	0	10	436	203
2014-04-08	07:23:25	1199	-10	26	329	307	94	69	367	-451	0	2	323	324	261	0	10	436	203
2014-04-08	07:24:25	1199	-10	26	329	306	95	69	367	-488	0	2	322	323	260	0	10	436	203
2014-04-08	07:25:25	1199	-10	26	328	305	96	71	367	-526	0	2	321	321	259	0	10	436	203
2014-04-08	07:26:25	1199	-10	26	327	304	98	72	367	-565	0	2	320	320	259	0	10	436	203
2014-04-08	07:27:26	1199	-10	26	315	288	40	66	367	-605	0	7	308	392	114	0	30	436	203
2014-04-08	07:28:26	1199	-10	26	331	281	30	11	367	-605	0	7	336	525	2	0	30	435	203
2014-04-08	07:29:26	1199	-10	26	333	283	30	-6	367	-605	0	7	336	571	34	0	30	435	203
2014-04-08	07:30:26	1199	-10	26	334	283	32	-8	367	-638	0	7	335	585	38	0	30	435	203
2014-04-08	07:31:26	1199	-10	26	336	288	32	-8	367	-671	0	7	341	596	37	0	30	435	203
2014-04-08	07:32:26	1199	-10	26	340	292	32	-8	367	-701	0	7	344	603	37	0	30	435	203
2014-04-08	07:33:26	1199	-10	26	345	296	34	-8	367	-726	0	7	349	612	39	0	30	435	203
2014-04-08	07:34:26	1199	-10	26	349	301	34	-8	367	-747	0	7	353	617	38	0	30	435	203
2014-04-08	07:35:26	1199	-10	26	354	305	34	-8	367	-763	0	7	357	624	40	0	30	435	203
2014-04-08	07:36:26	1199	-10	25	357	308	33	-6	367	-775	0	7	358	628	39	0	30	435	203
2014-04-08	07:37:26	1199	-10	25	358	311	34	-6	367	-784	0	7	361	633	40	0	30	434	203
2014-04-08	07:38:26	1199	-10	25	361	313	34	-6	367	-792	0	7	362	636	40	0	30	434	203
2014-04-08	07:39:26	1199	-10	25	363	316	35	-6	367	-797	0	7	366	640	40	0	30	434	203
2014-04-08	07:40:26	1199	-10	25	366	319	35	-5	367	-800	0	7	367	643	42	0	30	434	203
2014-04-08	07:41:26	1199	-10	25	368	321	32	-5	367	-800	0	7	371	647	38	0	30	434	203
2014-04-08	07:42:26	1199	-10	25	371	324	27	-8	367	-798	0	7	373	651	34	0	30	434	203
2014-04-08	07:43:26	1199	-10	25	372	326	25	-11	367	-794	0	7	374	656	32	0	30	433	203
2014-04-08	07:44:26	1199	-10	25	374	328	22	-13	367	-788	0	7	376	660	30	0	30	433	203
2014-04-08	07:45:26	1199	-10	25	376	330	21	-14	367	-781	0	7	377	663	30	0	30	433	203
2014-04-08	07:46:26	1199	-10	25	377	331	21	-14	367	-772	0	7	378	666	29	0	30	433	203
2014-04-08	07:47:26	1199	-11	25	379	332	19	-15	367	-761	0	7	379	670	30	0	30	433	203
2014-04-08	07:48:26	1199	-11	25	380	334	19	-15	367	-749	0	7	381	671	27	0	30	433	203
2014-04-08	07:49:26	1199	-12	25	382	335	19	-15	367	-735	0	7	382	675	30	0	30	433	203
2014-04-08	07:50:26	1199	-12	25	383	336	19	-15	367	-720	0	7	383	675	27	0	30	433	203
2014-04-08	07:51:26	1199	-12	24	384	337	18	-16	367	-704	0	7	384	680	29	0	30	433	203
2014-04-08	07:52:26	1199	-12	24	386	339	18	-15	367	-686	0	7	385	681	29	0	30	432	203
2014-04-08	07:53:26	1199	-12	24	386	340	18	-16	367	-667	0	7	386	683	29	0	30	432	203
2014-04-08	07:54:26	1199	-12	24	387	341	18	-16	367	-648	0	7	386	685	29	0	30	432	203
2014-04-08	07:55:26	1199	-12	24	388	341	17	-17	367	-628	0	7	388	687	27	0	30	432	203
2014-04-08	07:56:26	1199	-12	24	388	343	16	-17	367	-607	0	7	388	688	27	0	30	432	203
2014-04-08	07:57:26	1199	-12	24	389	343	15	-18	367	-586	0	7	390	689	24	0	30	432	203
2014-04-08	07:58:26	1199	-12	24	389	344	14	-18	367	-564	0	7	389	692	26	0	30	432	203
2014-04-08	07:59:26	1199	-12	24	390	345	13	-19	367	-541	0	7	391	694	25	0	30	431	203
2014-04-08	08:00:26	1199	-12	24	391	345	13	-19	367	-517	0	7	391	694	24	0	30	431	203
2014-04-08	08:01:26	1199	-12	24	392	346	13	-19	367	-490	0	7	392	697	27	0	30	431	203
2014-04-08	08:02:27	1199	-12	24	392	346	13	-19	364	-462	0	7	392	696	22	0	30	431	204
2014-04-08	08:03:27	1199	-12	24	393	347	13	-19	367	-438	0	7	393	698	24	0	30	431	203
2014-04-08	08:04:27	1199	-12	24	393	346	12	-19	367	-412	0	7	393	701	26	0	30	431	203
2014-04-08	08:05:27	1199	-12	24	393	348	11	-20	367	-386	0	7	394	699	22	0	30	431	203
2014-04-08	08:06:27	1199	-12	23	394	347	12	-20	367	-356	0	7	394	701	24	0	30	430	203
2014-04-08	08:07:27	1199	-12	23	394	349	13	-20	367	-329	0	7	394	702	26	0	30	430	203
2014-04-08	08:08:27	1199	-12	23	396	349	11	-19	367	-301	0	7	396	702	21	0	30	430	203
2014-04-08	08:09:27	1199	-12	23	395	350	9	-20	367	-272	0	7	395	705	23	0	30	430	203
2014-04-08	08:10:27	1199	-12	23	396	350	9	-23	364	-244	0	7	396	707	24	0	30	430	204
2014-04-08	08:11:27	1199	-12	23	396	350	9	-21	367	-212	0	7	396	705	21	0	30	430	203
2014-04-08	08:12:27	1199	-12	23	397	351	9	-21	364	-183	0	7	397	708	24	0	30	429	204
2014-04-08	08:13:27	1199	-12	23	396	351	8	-23	364	-153	0	7	396	708	22	0	30	429	204
2014-04-08	08:14:27	1199	-12	23	397	351	9	-23	364	-124	0	7	397	708	20	0	30	429	204
2014-04-08	08:15:27	1199	-12	23	397	354	9	-23	367	-91	0	7	397	711	24	0	30	429	203
2014-04-08	08:16:27	1199	-12	23	399	352	9	-22	364	-60	0	7	398	711	23	0	30	429	204
2014-04-08	08:17:27	1199	-12	23	399	354	8	-22	364	-26	0	7	400	711	18	0	30	429	204
2014-04-08	08:18:27	1199	-12	23	399	353	7	-8	364	10	0	2	404	691	40	0	10	428	204
2014-04-08	08:19:27	1199	-12	23	398	352	12	6	364	45	0	2	419	625	77	0	10	428	204
2014-04-08	08:20:27	1199	-12	23	399	351	16	13	364	80	0	2	424	564	112	0	10	428	204
2014-04-08	08:21:27	1199	-12	22	399	351	18	16	364	115	0	2	421	517	145	0	10	428	204
2014-04-08	08:22:27	1199	-12	22	399	350	21	19	364	150	0	2	417	484	169	0	10	428	204
2014-04-08	08:23:27	1199	-12	22	397	349	24	23	364	185	0	2	409	462	190	0	10	428	204
2014-04-08	08:24:27	1199	-12	22	395	348	27	29	364	218	0	2	400	445	210	0	10	427	204
2014-04-08	08:25:27	1199	-12	22	392	346	30	34	364	248	0	2	392	431	226	0	10	427	204
2014-04-08	08:26:27	1199	-12	22	387	344	34	37	364	274	0	2	386	420	238	0	10	427	204
2014-04-08	08:27:27	1199	-12	22	383	343	36	40	364	296	0	2	378	409	247	0	10	427	204
2014-04-08	08:28:27	1199	-12	22	378	341	39	43	364	314	0	2	371	399	254	0	10	427	204
2014-04-08	08:29:27	1199	-12	22	373	340	41	44	364	327	0	2	366	391	259	0	10	427	204
2014-04-08	08:30:27	1199	-12	22	369	338	44	46	364	335	0	2	361	385	263	0	10	426	204
2014-04-08	08:31:27	1199	-12	22	365	337	47	47	364	338	0	2	358	378	266	0	10	426	204
2014-04-08	08:32:27	1199	-12	22	361	336	50	48	364	338	0	2	356	372	268	0	10	426	204
2014-04-08	08:33:27	1199	-12	22	358	335	52	49	364	334	0	2	353	367	269	0	10	426	204
2014-04-08	08:34:27	1199	-12	22	356	334	55	50	364	328	0	2	351	363	270	0	10	425	204
2014-04-08	08:35:27	1199	-12	22	354	332	57	51	364	320	0	2	349	360	271	0	10	425	204
2014-04-08	08:36:27	1199	-12	22	352	331	59	52	364	309	0	2	348	358	272	0	10	424	204
2014-04-08	08:37:27	1199	-12	21	350	331	62	53	364	296	0	2	346	356	271	0	10	423	204
2014-04-08	08:38:27	1199	-12	21	349	330	63	53	364	282	0	2	345	354	271	0	10	421	204
2014-04-08	08:39:27	1199	-12	21	347	330	66	55	364	266	0	2	344	352	271	0	10	420	204
2014-04-08	08:40:27	1199	-12	21	346	328	68	56	364	249	0	2	343	349	271	0	10	420	204
2014-04-08	08:41:27	1199	-11	21	340	419	29	52	364	232	0	15	346	430	126	0	20	418	204
2014-04-08	08:42:27	1199	-12	21	431	424	22	14	364	215	0	15	450	622	4	0	20	417	204
2014-04-08	08:43:27	1199	-11	21	485	459	22	-1	364	198	0	15	504	713	16	0	20	416	204
2014-04-08	08:44:27	1199	-11	21	522	485	24	-3	364	181	0	15	533	770	43	0	20	415	204
2014-04-08	08:45:27	1199	-12	21	546	502	24	-1	364	164	0	15	555	804	42	0	20	417	204
2014-04-08	08:46:27	1199	-11	21	562	514	24	1	364	147	0	15	567	826	43	0	20	419	204
2014-04-08	08:47:27	1199	-11	21	572	521	26	2	364	130	0	15	575	845	49	0	20	420	204
2014-04-08	08:48:27	1199	-11	21	579	526	26	2	364	113	0	15	583	860	44	0	20	423	204
2014-04-08	08:49:27	1199	-10	21	585	531	26	4	364	96	0	15	587	871	47	0	20	427	204
2014-04-08	08:50:27	1199	-10	21	589	536	26	4	364	79	0	15	592	883	49	0	20	430	204
2014-04-08	08:51:27	1199	-10	21	594	541	27	5	364	62	0	15	596	893	48	0	20	434	204
2014-04-08	08:52:27	1199	-10	21	599	546	27	6	364	45	0	15	601	902	49	0	20	437	204
2014-04-08	08:53:27	1199	-10	20	603	550	29	8	364	28	0	15	606	911	53	0	20	442	204
2014-04-08	08:54:27	1199	-10	20	607	555	29	9	364	11	0	15	611	920	52	0	20	446	204
2014-04-08	08:55:27	1199	-10	20	612	559	29	9	362	-6	0	15	614	928	53	0	20	450	205
2014-04-08	08:56:27	1199	-10	20	614	563	26	9	364	-23	0	15	621	939	46	0	20	455	204
2014-04-08	08:57:27	1199	-10	20	618	567	23	8	364	-40	0	15	624	946	43	0	20	459	204
2014-04-08	08:58:27	1199	-10	20	621	571	22	6	364	-57	0	7	628	957	47	0	30	464	204
2014-04-08	08:59:27	1199	-10	20	450	294	21	-5	362	-57	0	7	393	770	44	0	30	468	205
2014-04-08	09:00:27	1199	-10	20	370	294	21	-12	362	-57	0	7	359	713	15	0	30	472	205
2014-04-08	09:01:27	1199	-10	20	350	295	21	-13	364	-57	0	7	348	695	32	0	30	475	204
2014-04-08	09:02:27	1199	-10	20	351	296	21	-15	364	-69	0	7	352	691	30	0	30	477	204
2014-04-08	09:03:27	1199	-8	20	351	301	20	-14	360	-81	0	7	353	685	27	0	30	479	205
2014-04-08	09:04:27	1199	-8	20	358	309	21	-15	360	-93	0	7	359	691	34	0	30	480	205
2014-04-08	09:05:27	1199	-8	20	358	310	21	-15	364	-95	0	7	361	686	26	0	30	480	204
2014-04-08	09:06:27	1199	-8	20	360	312	21	-14	364	-96	0	7	361	687	32	0	30	480	204
2014-04-08	09:07:27	1199	-8	20	362	313	21	-15	360	-95	0	7	363	685	31	0	30	480	205
2014-04-08	09:08:27	1199	-8	20	361	312	21	-13	360	-97	0	7	362	681	27	0	30	480	205
2014-04-08	09:09:27	1199	-8	20	362	316	21	-15	360	-96	0	7	363	682	33	0	30	480	205
2014-04-08	09:10:27	1199	-8	20	366	320	21	-14	360	-93	0	7	368	682	29	0	30	479	205
2014-04-08	09:11:27	1199	-8	19	369	323	20	-14	360	-86	0	7	370	684	29	0	30	479	205
2014-04-08	09:12:27	1199	-7	19	371	325	16	-15	360	-76	0	7	372	688	30	0	30	478	205
2014-04-08	09:13:27	1199	-6	19	373	326	14	-17	360	-64	0	7	374	688	25	0	30	478	205
2014-04-08	09:14:27	1199	-6	19	374	328	13	-19	360	-51	0	7	375	688	21	0	30	477	205
2014-04-08	09:15:27	1199	-6	19	375	329	13	-20	360	-37	0	7	375	692	27	0	30	476	205
2014-04-08	09:16:27	1199	-6	19	376	330	13	-20	360	-22	0	7	377	691	23	0	30	476	205
2014-04-08	09:17:27	1199	-6	19	377	331	12	-19	360	-5	0	7	378	691	21	0	30	475	205
2014-04-08	09:18:28	1199	-6	19	378	331	12	-5	360	13	0	2	384	671	41	0	10	474	205
2014-04-08	09:19:28	1199	-6	19	378	331	16	10	360	31	0	2	398	610	78	0	10	473	205
2014-04-08	09:20:28	1199	-6	19	379	331	21	18	360	50	0	2	404	555	111	0	10	472	205
2014-04-08	09:21:28	1199	-6	19	380	330	26	26	360	70	0	2	402	512	143	0	10	471	205
2014-04-08	09:22:28	1199	-6	19	379	329	29	36	360	90	0	2	396	481	168	0	10	469	205
2014-04-08	09:23:28	1199	-6	19	378	328	30	46	360	109	0	2	388	460	191	0	10	468	205
2014-04-08	09:24:28	1199	-5	19	375	327	32	50	361	126	0	2	380	444	213	0	10	467	205
2014-04-08	09:25:28	1199	-5	19	371	326	35	54	361	139	0	2	371	431	231	0	10	467	205
2014-04-08	09:26:28	1199	-5	19	366	324	37	58	361	148	0	2	364	420	244	0	10	466	205
2014-04-08	09:27:28	1199	-5	19	362	323	40	59	361	152	0	2	358	410	253	0	10	465	205
2014-04-08	09:28:28	1199	-5	19	358	322	43	61	361	151	0	2	353	401	260	0	10	465	205
2014-04-08	09:29:28	1199	-5	19	354	321	45	63	361	147	0	2	348	393	265	0	10	465	205
2014-04-08	09:30:28	1199	-5	19	350	320	47	64	361	139	0	2	343	386	268	0	10	464	205
2014-04-08	09:31:28	1199	-5	19	347	319	50	65	361	127	0	2	339	381	270	0	10	464	205
2014-04-08	09:32:28	1199	-5	19	343	318	53	66	359	112	0	2	336	375	273	0	10	464	206
2014-04-08	09:33:28	1199	-5	18	340	317	55	68	361	95	0	2	334	370	274	0	10	464	205
2014-04-08	09:34:28	1199	-4	18	337	316	57	68	359	75	0	2	331	365	274	0	10	464	206
2014-04-08	09:35:28	1199	-3	18	334	315	59	68	359	50	0	2	331	362	275	0	10	464	206
2014-04-08	09:36:28	1199	-3	18	332	315	62	69	359	25	0	2	329	359	275	0	10	463	206
2014-04-08	09:37:28	1199	-3	18	331	314	63	69	359	-2	0	2	328	358	275	0	10	463	206
2014-04-08	09:38:28	1199	-3	18	331	313	66	71	359	-30	0	2	327	355	275	0	10	463	206
2014-04-08	09:39:28	1199	-3	18	329	312	68	71	359	-59	0	2	326	353	274	0	10	463	206
2014-04-08	09:40:28	1199	-3	18	329	312	69	71	359	-89	0	2	325	351	274	0	10	463	206
2014-04-08	09:41:28	1199	-3	18	328	311	72	72	359	-120	0	2	324	349	273	0	10	463	206
2014-04-08	09:42:28	1199	-3	18	327	311	73	72	359	-151	0	2	323	347	273	0	10	463	206
2014-04-08	09:43:28	1199	-2	18	327	310	75	73	360	-183	0	2	322	345	272	0	10	463	206
2014-04-08	09:44:28	1199	-1	18	326	309	78	73	359	-217	0	2	321	343	271	0	10	462	206
2014-04-08	09:45:28	1199	-1	18	325	309	79	73	359	-250	0	2	320	341	271	0	10	463	206
2014-04-08	09:46:28	1199	-1	18	325	308	80	74	359	-284	0	2	319	339	270	0	10	462	206
2014-04-08	09:47:28	1199	-1	18	324	307	82	75	359	-319	0	2	318	337	269	0	10	462	206
2014-04-08	09:48:28	1199	-1	18	323	306	84	75	356	-354	0	2	317	336	268	0	10	462	207
2014-04-08	09:49:28	1199	-1	18	323	305	86	76	359	-387	0	2	316	334	268	0	10	462	206
2014-04-08	09:50:28	1199	0	18	322	304	87	76	357	-420	0	2	316	332	267	0	10	461	207
2014-04-08	09:51:28	1199	1	18	321	303	88	76	357	-455	0	2	315	331	266	0	10	461	207
2014-04-08	09:52:28	1199	1	18	321	303	90	76	357	-491	0	2	314	330	265	0	10	461	207
2014-04-08	09:53:28	1199	1	18	320	302	91	78	357	-528	0	2	313	329	265	0	10	461	207
2014-04-08	09:54:28	1199	1	18	319	301	93	78	357	-565	0	2	313	328	264	0	10	460	207
2014-04-08	09:55:28	1199	2	18	309	286	37	69	355	-603	0	7	303	392	130	0	30	459	207
2014-04-08	09:56:28	1199	2	18	328	279	29	11	355	-603	0	7	333	530	2	0	30	459	207
2014-04-08	09:57:28	1199	2	18	331	282	29	-6	355	-603	0	7	334	574	32	0	30	457	207
2014-04-08	09:58:28	1199	2	18	332	282	30	-10	355	-626	0	7	333	588	36	0	30	456	207
2014-04-08	09:59:28	1199	4	18	334	285	30	-10	355	-649	0	7	338	597	37	0	30	453	207
2014-04-08	10:00:28	1199	4	18	338	290	32	-9	355	-669	0	7	342	605	37	0	30	450	207
2014-04-08	10:01:28	1199	4	17	343	294	32	-8	355	-685	0	7	347	613	38	0	30	446	207
2014-04-08	10:02:28	1199	4	17	347	298	34	-8	355	-696	0	7	351	617	38	0	30	442	207
2014-04-08	10:03:28	1199	6	17	351	302	32	-8	356	-704	0	7	354	623	39	0	30	439	207
2014-04-08	10:04:28	1199	6	17	354	305	32	-8	356	-708	0	7	357	627	35	0	30	436	207
2014-04-08	10:05:28	1199	6	17	357	308	32	-8	356	-709	0	7	358	632	40	0	30	434	207
2014-04-08	10:06:28	1199	6	17	358	311	30	-8	356	-707	0	7	361	634	35	0	30	432	207
2014-04-08	10:07:28	1199	8	17	360	313	30	-8	356	-703	0	7	362	640	40	0	30	431	207
2014-04-08	10:08:28	1199	8	17	363	316	32	-7	356	-698	0	7	365	642	37	0	30	430	207
2014-04-08	10:09:28	1199	8	17	365	318	30	-7	356	-690	0	7	366	646	38	0	30	429	207
2014-04-08	10:10:28	1199	8	17	367	320	26	-10	356	-680	0	7	370	650	30	0	30	429	207
2014-04-08	10:11:28	1199	9	17	369	323	22	-12	353	-666	0	7	369	654	30	0	30	429	208
2014-04-08	10:12:28	1199	9	17	370	324	21	-14	355	-650	0	7	371	659	30	0	30	429	207
2014-04-08	10:13:28	1199	9	17	372	326	19	-15	353	-632	0	7	373	660	26	0	30	429	208
2014-04-08	10:14:28	1199	9	17	373	328	19	-16	353	-613	0	7	374	664	30	0	30	430	208
2014-04-08	10:15:28	1199	10	17	375	329	19	-16	354	-592	0	7	377	666	26	0	30	430	208
2014-04-08	10:16:28	1199	11	17	377	331	18	-17	354	-570	0	7	377	669	27	0	30	430	208
2014-04-08	10:17:28	1199	11	17	378	331	18	-17	354	-547	0	7	378	673	29	0	30	431	208
2014-04-08	10:18:28	1199	11	17	379	332	18	-17	354	-523	0	7	380	673	26	0	30	431	208
2014-04-08	10:19:28	1199	11	17	380	333	17	-17	354	-498	0	7	381	675	29	0	30	431	208
2014-04-08	10:20:28	1199	13	17	381	333	17	-17	354	-470	0	7	382	677	26	0	30	432	208
2014-04-08	10:21:28	1199	13	17	381	334	17	-17	354	-443	0	7	381	678	27	0	30	431	208
2014-04-08	10:22:28	1199	13	17	383	335	16	-17	354	-415	0	7	383	680	26	0	30	431	208
2014-04-08	10:23:28	1199	13	17	384	336	14	-18	354	-386	0	7	384	681	23	0	30	432	208
2014-04-08	10:24:28	1199	14	17	384	337	14	-19	354	-356	0	7	384	685	27	0	30	432	208
2014-04-08	10:25:28	1199	14	17	385	338	13	-19	354	-325	0	7	386	685	22	0	30	432	208
2014-04-08	10:26:28	1199	14	17	386	338	13	-20	354	-293	0	7	386	688	24	0	30	433	208
2014-04-08	10:27:28	1199	14	17	386	339	12	-20	354	-261	0	7	386	688	22	0	30	433	208
2014-04-08	10:28:28	1199	15	17	386	340	11	-21	353	-229	0	7	386	689	22	0	30	433	208
2014-04-08	10:29:28	1199	16	17	386	339	11	-20	353	-195	0	7	386	691	26	0	30	434	208
2014-04-08	10:30:28	1199	16	17	388	343	11	-21	353	-162	0	7	389	692	21	0	30	434	208
2014-04-08	10:31:28	1199	16	17	388	343	11	-21	353	-127	0	7	388	694	22	0	30	434	208
2014-04-08	10:32:28	1199	16	17	390	345	11	-21	350	-91	0	7	390	698	26	0	30	435	209
2014-04-08	10:33:28	1199	18	17	389	344	11	-21	353	-54	0	7	389	695	21	0	30	435	208
2014-04-08	10:34:29	1199	18	17	391	344	9	-21	350	-14	0	7	390	698	22	0	30	435	209
2014-04-08	10:35:29	1199	18	17	391	343	9	-9	353	24	0	2	398	676	35	0	10	435	208
2014-04-08	10:36:29	1199	18	17	390	342	13	7	353	65	0	2	414	612	71	0	10	435	208
2014-04-08	10:37:29	1199	19	17	392	342	19	14	350	103	0	2	420	554	106	0	10	435	209
2014-04-08	10:38:29	1199	19	17	393	341	22	21	350	146	0	2	418	507	139	0	10	435	209
2014-04-08	10:39:29	1199	19	17	393	341	24	30	350	189	0	2	412	475	164	0	10	436	209
2014-04-08	10:40:29	1199	19	17	392	340	27	38	350	232	0	2	404	453	185	0	10	436	209
2014-04-08	10:41:29	1199	19	17	390	338	29	44	350	273	0	2	395	436	205	0	10	436	209
2014-04-08	10:42:29	1199	19	17	386	337	32	49	350	312	0	2	387	423	223	0	10	436	209
2014-04-08	10:43:29	1199	21	17	38