Divisors		1	10	10	10	10	10	10	10	10	1	1	10	10	10	100	1	10	10
Date	Time	Version	BT1	BT1 Mean	BT2	BT3	BT10	BT11	Calc Supply	GM	Alarm	RELAYS PCA BASE	BT12	BT14	BT17	Tot.int.add.	Prio	BT6	BT50
2014-06-09	13:39:52	1199	221	162	307	208	182	165	205	1000	0	2	228	261	223	0	10	504	220
2014-06-09	13:40:52	1199	221	162	307	208	181	165	205	1000	0	2	228	261	223	0	10	504	220
2014-06-09	13:41:52	1199	220	162	307	208	182	165	205	1000	0	2	227	261	223	0	10	504	220
2014-06-09	13:42:52	1199	220	163	307	208	182	165	205	1000	0	2	228	262	223	0	10	504	220
2014-06-09	13:43:52	1199	220	163	307	208	182	166	205	1000	0	2	227	262	223	0	10	504	220
2014-06-09	13:44:52	1199	220	163	307	208	183	166	203	1000	0	2	228	262	223	0	10	504	221
2014-06-09	13:45:52	1199	220	163	307	208	183	166	205	1000	0	2	228	262	223	0	10	504	220
2014-06-09	13:46:52	1199	219	163	307	208	183	166	208	1000	0	2	227	262	223	0	10	504	220
2014-06-09	13:47:52	1199	219	163	307	207	183	166	208	1000	0	2	228	262	223	0	10	504	220
2014-06-09	13:48:52	1199	219	163	307	208	183	166	203	1000	0	2	227	262	224	0	10	504	221
2014-06-09	13:49:52	1199	219	163	307	208	183	166	203	1000	0	2	228	262	224	0	10	504	221
2014-06-09	13:50:52	1199	218	163	307	208	184	166	203	1000	0	2	228	262	223	0	10	504	221
2014-06-09	13:51:52	1199	218	164	307	208	184	166	203	1000	0	2	227	262	224	0	10	503	221
2014-06-09	13:52:52	1199	218	164	307	208	184	166	203	1000	0	2	227	262	224	0	10	503	221
2014-06-09	13:53:52	1199	218	164	307	208	184	166	203	1000	0	2	227	262	224	0	10	503	221
2014-06-09	13:54:52	1199	218	164	307	208	184	166	203	1000	0	2	227	262	224	0	10	503	221
2014-06-09	13:55:52	1199	218	164	307	208	185	167	208	1000	0	2	227	262	223	0	10	503	220
2014-06-09	13:56:52	1199	216	164	307	208	184	167	210	1000	0	2	227	262	224	0	10	503	220
2014-06-09	13:57:52	1199	216	164	307	207	184	167	210	1000	0	2	227	262	224	0	10	503	220
2014-06-09	13:58:52	1199	217	164	307	208	185	167	210	1000	0	2	227	262	224	0	10	503	220
2014-06-09	13:59:52	1199	218	164	307	208	185	167	208	1000	0	2	227	262	224	0	10	503	220
2014-06-09	14:00:53	1199	219	164	307	208	185	167	203	1000	0	2	227	262	224	0	10	503	221
2014-06-09	14:01:53	1199	219	165	307	208	185	167	208	1000	0	2	228	262	224	0	10	503	220
2014-06-09	14:02:53	1199	220	165	307	207	186	167	203	1000	0	2	227	262	224	0	10	502	221
2014-06-09	14:03:53	1199	221	165	307	208	186	167	201	1000	0	2	227	262	224	0	10	502	221
2014-06-09	14:04:53	1199	222	165	307	208	186	167	201	1000	0	2	227	262	224	0	10	502	221
2014-06-09	14:05:53	1199	223	165	307	208	186	167	200	1000	0	2	227	262	224	0	10	502	221
2014-06-09	14:06:53	1199	223	165	307	208	186	167	200	1000	0	2	227	262	224	0	10	502	221
2014-06-09	14:07:53	1199	224	165	307	208	186	168	200	1000	0	2	228	263	224	0	10	502	221
2014-06-09	14:08:53	1199	224	165	307	208	186	168	200	1000	0	2	227	262	224	0	10	502	221
2014-06-09	14:09:53	1199	225	165	306	207	187	168	200	1000	0	2	227	262	224	0	10	502	221
2014-06-09	14:10:53	1199	225	165	307	207	187	168	200	1000	0	2	227	262	224	0	10	502	221
2014-06-09	14:11:53	1199	225	166	306	208	187	168	200	1000	0	2	227	262	224	0	10	502	221
2014-06-09	14:12:53	1199	225	166	306	208	187	168	200	1000	0	2	227	263	224	0	10	501	221
2014-06-09	14:13:53	1199	226	166	307	207	187	168	200	1000	0	2	228	263	224	0	10	501	221
2014-06-09	14:14:53	1199	226	166	306	208	188	168	200	1000	0	2	227	263	224	0	10	501	221
2014-06-09	14:15:53	1199	226	166	306	207	188	168	200	1000	0	2	227	263	224	0	10	501	221
2014-06-09	14:16:53	1199	227	166	306	208	188	168	200	1000	0	2	227	263	224	0	10	501	221
2014-06-09	14:17:53	1199	227	166	306	208	188	168	200	1000	0	2	227	263	225	0	10	501	221
2014-06-09	14:18:53	1199	227	166	306	207	188	169	200	1000	0	2	227	263	225	0	10	500	221
2014-06-09	14:19:53	1199	227	167	306	208	188	169	200	1000	0	2	227	263	224	0	10	500	221
2014-06-09	14:20:53	1199	226	167	306	208	188	168	200	1000	0	2	227	263	225	0	10	500	221
2014-06-09	14:21:53	1199	226	167	306	207	189	169	200	1000	0	2	227	263	225	0	10	500	221
2014-06-09	14:22:53	1199	226	167	306	208	189	169	200	1000	0	2	227	263	224	0	10	500	221
2014-06-09	14:23:53	1199	225	167	306	208	190	169	200	1000	0	2	227	263	225	0	10	499	221
2014-06-09	14:24:53	1199	225	167	306	208	190	169	200	1000	0	2	227	263	225	0	10	499	221
2014-06-09	14:25:53	1199	225	167	306	207	190	169	200	1000	0	2	227	264	225	0	10	499	221
2014-06-09	14:26:53	1199	225	167	306	208	190	169	200	1000	0	2	227	263	225	0	10	499	221
2014-06-09	14:27:53	1199	225	167	306	208	190	169	200	1000	0	2	227	264	225	0	10	499	221
2014-06-09	14:28:53	1199	225	168	306	208	191	169	200	1000	0	2	227	263	225	0	10	499	221
2014-06-09	14:29:53	1199	225	168	305	208	191	169	200	1000	0	2	227	263	225	0	10	499	221
2014-06-09	14:30:53	1199	225	168	306	207	191	170	200	1000	0	2	227	264	225	0	10	499	221
2014-06-09	14:31:53	1199	225	168	306	208	191	170	200	1000	0	2	227	263	225	0	10	499	221
2014-06-09	14:32:53	1199	225	168	306	208	191	170	200	1000	0	2	227	263	225	0	10	498	221
2014-06-09	14:33:53	1199	225	168	306	208	191	171	200	1000	0	2	227	264	225	0	10	498	221
2014-06-09	14:34:53	1199	225	168	305	208	191	171	200	1000	0	2	227	263	225	0	10	498	221
2014-06-09	14:35:53	1199	226	168	305	208	192	171	200	1000	0	6	227	264	225	0	10	498	221
2014-06-09	14:36:53	1199	226	168	305	207	78	110	200	1000	0	6	227	259	229	0	10	498	221
2014-06-09	14:37:53	1199	227	169	305	207	77	86	200	1000	0	2	227	256	230	0	10	498	222
2014-06-09	14:38:53	1199	227	169	305	207	79	86	200	1000	0	2	227	257	229	0	10	498	221
2014-06-09	14:39:53	1199	228	169	305	208	80	86	200	1000	0	2	226	257	227	0	10	498	221
2014-06-09	14:40:53	1199	229	169	305	207	82	87	200	1000	0	2	226	257	226	0	10	498	221
2014-06-09	14:41:53	1199	230	169	305	207	84	88	200	1000	0	2	226	257	224	0	10	498	221
2014-06-09	14:42:53	1199	230	169	305	207	87	88	200	1000	0	2	226	256	223	0	10	498	221
2014-06-09	14:43:53	1199	231	169	305	207	88	90	200	1000	0	2	226	256	222	0	10	498	221
2014-06-09	14:44:53	1199	232	169	305	207	90	90	200	1000	0	2	226	256	221	0	10	498	221
2014-06-09	14:45:53	1199	232	169	305	207	92	91	200	1000	0	2	226	255	219	0	10	498	222
2014-06-09	14:46:53	1199	232	170	305	207	94	91	200	1000	0	2	226	255	218	0	10	498	221
2014-06-09	14:47:53	1199	232	170	304	207	95	92	200	1000	0	2	226	255	216	0	10	498	221
2014-06-09	14:48:53	1199	232	170	304	207	96	92	200	1000	0	2	226	254	216	0	10	498	222
2014-06-09	14:49:53	1199	232	170	304	207	98	94	200	1000	0	2	225	254	215	0	10	497	222
2014-06-09	14:50:53	1199	232	170	304	206	99	94	200	1000	0	2	225	254	214	0	10	497	222
2014-06-09	14:51:53	1199	233	170	304	206	101	94	200	1000	0	2	226	253	214	0	10	497	221
2014-06-09	14:52:53	1199	233	170	304	206	103	95	200	1000	0	2	225	253	213	0	10	497	222
2014-06-09	14:53:53	1199	233	170	304	206	103	95	200	1000	0	2	225	253	212	0	10	497	221
2014-06-09	14:54:53	1199	234	170	304	206	104	95	200	1000	0	2	225	253	212	0	10	497	221
2014-06-09	14:55:53	1199	235	171	303	206	106	96	200	1000	0	2	225	252	212	0	10	497	221
2014-06-09	14:56:53	1199	235	171	303	206	107	96	200	1000	0	2	225	252	211	0	10	497	221
2014-06-09	14:57:53	1199	236	171	303	206	108	96	200	1000	0	2	225	252	211	0	10	497	221
2014-06-09	14:58:53	1199	237	171	303	206	109	97	200	1000	0	2	225	252	210	0	10	497	221
2014-06-09	14:59:53	1199	238	171	303	206	110	98	200	1000	0	2	224	252	210	0	10	497	222
2014-06-09	15:00:53	1199	238	171	303	206	111	98	200	1000	0	2	225	252	210	0	10	497	222
2014-06-09	15:01:53	1199	239	171	303	206	112	98	200	1000	0	2	224	252	210	0	10	497	222
2014-06-09	15:02:53	1199	240	171	303	206	113	98	200	1000	0	2	225	252	210	0	10	497	222
2014-06-09	15:03:53	1199	240	172	303	206	113	99	200	1000	0	2	225	251	209	0	10	496	222
2014-06-09	15:04:53	1199	241	172	303	206	114	99	200	1000	0	2	224	251	209	0	10	496	222
2014-06-09	15:05:53	1199	242	172	302	206	115	99	200	1000	0	2	224	251	209	0	10	496	222
2014-06-09	15:06:53	1199	242	172	302	205	116	99	200	1000	0	2	224	251	208	0	10	496	222
2014-06-09	15:07:53	1199	242	172	302	205	117	100	200	1000	0	2	224	251	208	0	10	496	222
2014-06-09	15:08:53	1199	243	172	302	205	117	100	200	1000	0	2	224	251	208	0	10	496	222
2014-06-09	15:09:53	1199	243	172	302	205	118	100	200	1000	0	2	224	250	208	0	10	496	222
2014-06-09	15:10:53	1199	243	172	302	205	118	100	200	1000	0	2	224	251	208	0	10	496	222
2014-06-09	15:11:53	1199	243	173	302	205	120	101	200	1000	0	2	224	250	208	0	10	496	222
2014-06-09	15:12:53	1199	244	173	301	205	120	102	200	1000	0	2	223	250	208	0	10	496	222
2014-06-09	15:13:53	1199	244	173	301	205	121	102	200	1000	0	2	224	251	208	0	10	496	222
2014-06-09	15:14:53	1199	244	173	301	205	121	102	200	1000	0	2	223	250	208	0	10	496	222
2014-06-09	15:15:53	1199	244	173	301	205	122	103	200	1000	0	2	223	250	208	0	10	496	222
2014-06-09	15:16:54	1199	244	173	301	204	122	103	200	1000	0	2	223	250	208	0	10	496	222
2014-06-09	15:17:54	1199	244	173	301	204	122	103	200	1000	0	2	223	250	208	0	10	495	222
2014-06-09	15:18:54	1199	243	174	301	205	123	103	200	1000	0	2	223	250	208	0	10	495	222
2014-06-09	15:19:54	1199	243	174	301	204	125	103	200	1000	0	2	223	250	207	0	10	495	222
2014-06-09	15:20:54	1199	243	174	301	204	125	104	200	1000	0	2	223	250	207	0	10	495	222
2014-06-09	15:21:54	1199	242	174	301	204	126	104	200	1000	0	2	223	250	207	0	10	495	222
2014-06-09	15:22:54	1199	241	174	301	204	126	104	200	1000	0	2	223	250	208	0	10	495	222
2014-06-09	15:23:54	1199	241	174	301	204	126	104	200	1000	0	2	223	250	208	0	10	495	222
2014-06-09	15:24:54	1199	240	174	302	204	127	105	200	1000	0	2	223	250	207	0	10	495	222
2014-06-09	15:25:54	1199	240	174	301	204	128	106	200	1000	0	2	223	250	207	0	10	495	222
2014-06-09	15:26:54	1199	240	175	301	204	128	106	200	1000	0	2	223	250	207	0	10	495	222
2014-06-09	15:27:54	1199	239	175	301	204	128	106	200	1000	0	2	222	249	208	0	10	495	222
2014-06-09	15:28:54	1199	239	175	301	204	129	106	200	1000	0	2	223	249	207	0	10	494	222
2014-06-09	15:29:54	1199	239	175	301	204	129	106	200	1000	0	2	222	249	207	0	10	495	222
2014-06-09	15:30:54	1199	239	175	301	204	130	107	200	1000	0	2	222	249	208	0	10	494	222
2014-06-09	15:31:54	1199	238	175	301	204	131	107	200	1000	0	2	222	249	207	0	10	494	222
2014-06-09	15:32:54	1199	238	175	301	203	131	107	200	1000	0	2	222	249	208	0	10	494	222
2014-06-09	15:33:54	1199	238	175	301	203	132	108	200	1000	0	2	222	249	207	0	10	494	222
2014-06-09	15:34:54	1199	239	176	301	204	132	107	200	1000	0	2	222	249	208	0	10	494	222
2014-06-09	15:35:54	1199	239	176	301	204	133	108	200	1000	0	2	222	249	208	0	10	494	222
2014-06-09	15:36:54	1199	239	176	301	203	133	108	200	1000	0	2	222	249	207	0	10	494	222
2014-06-09	15:37:54	1199	239	176	301	203	133	108	200	1000	0	2	222	249	208	0	10	494	222
2014-06-09	15:38:54	1199	240	176	301	203	134	108	200	1000	0	2	222	249	207	0	10	494	222
2014-06-09	15:39:54	1199	240	176	301	203	134	108	200	1000	0	2	222	249	208	0	10	494	222
2014-06-09	15:40:54	1199	240	176	301	203	134	109	200	1000	0	2	222	249	208	0	10	494	222
2014-06-09	15:41:54	1199	240	176	301	204	136	109	200	1000	0	2	222	249	208	0	10	494	222
2014-06-09	15:42:54	1199	241	177	302	203	136	109	200	1000	0	2	221	249	208	0	10	493	222
2014-06-09	15:43:54	1199	241	177	302	203	136	109	200	1000	0	2	221	249	208	0	10	493	222
2014-06-09	15:44:54	1199	240	177	302	203	137	110	200	1000	0	2	221	249	208	0	10	493	222
2014-06-09	15:45:54	1199	240	177	302	203	137	111	200	1000	0	2	221	249	208	0	10	493	222
2014-06-09	15:46:54	1199	240	177	302	203	138	111	200	1000	0	2	221	249	208	0	10	493	222
2014-06-09	15:47:54	1199	239	177	302	203	138	111	200	1000	0	2	221	249	208	0	10	493	222
2014-06-09	15:48:54	1199	239	177	302	203	138	111	200	1000	0	2	221	249	208	0	10	493	223
2014-06-09	15:49:54	1199	238	177	302	203	138	111	200	1000	0	2	221	249	208	0	10	493	222
2014-06-09	15:50:54	1199	238	177	302	203	139	112	200	1000	0	2	221	249	208	0	10	493	223
2014-06-09	15:51:54	1199	237	178	302	202	139	112	200	1000	0	2	221	249	208	0	10	493	222
2014-06-09	15:52:54	1199	237	178	302	203	139	112	200	1000	0	2	221	249	208	0	10	493	222
2014-06-09	15:53:54	1199	236	178	302	202	140	112	200	1000	0	2	221	249	208	0	10	493	223
2014-06-09	15:54:54	1199	236	178	302	202	140	112	200	1000	0	2	221	249	208	0	10	493	222
2014-06-09	15:55:54	1199	236	178	302	202	140	113	200	1000	0	2	221	249	208	0	10	492	223
2014-06-09	15:56:54	1199	235	178	302	202	142	113	200	1000	0	2	221	249	208	0	10	492	223
2014-06-09	15:57:54	1199	235	178	302	202	142	113	200	1000	0	2	220	249	208	0	10	492	223
2014-06-09	15:58:54	1199	235	178	302	202	142	113	200	1000	0	2	220	249	208	0	10	492	223
2014-06-09	15:59:54	1199	234	178	302	202	143	114	200	1000	0	2	220	249	208	0	10	492	223
2014-06-09	16:00:54	1199	234	178	302	202	143	114	200	1000	0	2	221	249	208	0	10	492	223
2014-06-09	16:01:54	1199	234	179	302	202	143	115	200	1000	0	2	220	249	208	0	10	492	223
2014-06-09	16:02:54	1199	234	179	302	202	143	115	200	1000	0	2	220	249	208	0	10	492	223
2014-06-09	16:03:54	1199	234	179	302	202	144	115	200	1000	0	2	220	249	208	0	10	492	223
2014-06-09	16:04:54	1199	235	179	302	202	144	115	200	1000	0	2	220	249	208	0	10	492	223
2014-06-09	16:05:54	1199	235	179	302	202	145	115	200	1000	0	2	220	249	208	0	10	492	223
2014-06-09	16:06:54	1199	235	179	302	202	145	116	200	1000	0	2	220	249	208	0	10	492	223
2014-06-09	16:07:54	1199	235	179	302	202	145	116	200	1000	0	2	220	249	208	0	10	492	222
2014-06-09	16:08:54	1199	235	179	302	202	145	116	200	1000	0	2	220	249	208	0	10	492	223
2014-06-09	16:09:54	1199	236	179	302	202	146	116	200	1000	0	2	220	249	208	0	10	492	223
2014-06-09	16:10:54	1199	236	180	302	202	146	116	200	0	0	8	220	249	208	0	10	492	223
2014-06-09	16:11:54	1199	237	180	299	200	146	116	200	0	0	8	219	249	209	0	10	491	223
2014-06-09	16:12:54	1199	237	180	298	200	146	117	200	0	0	8	220	249	209	0	10	491	223
2014-06-09	16:13:54	1199	238	180	297	200	147	117	200	0	0	8	220	249	209	0	10	491	223
2014-06-09	16:14:54	1199	238	180	296	200	147	117	200	0	0	8	219	249	209	0	10	491	223
2014-06-09	16:15:54	1199	238	180	296	200	147	117	200	0	0	8	220	249	209	0	10	491	223
2014-06-09	16:16:54	1199	238	180	295	200	148	117	200	0	0	8	220	249	209	0	10	491	223
2014-06-09	16:17:54	1199	238	180	295	200	149	118	200	0	0	8	219	249	209	0	10	491	223
2014-06-09	16:18:54	1199	238	180	295	200	149	118	200	0	0	8	220	249	209	0	10	491	223
2014-06-09	16:19:54	1199	238	181	295	200	149	118	200	0	0	8	220	249	209	0	10	491	223
2014-06-09	16:20:54	1199	238	181	295	200	150	118	200	0	0	8	219	249	209	0	10	491	223
2014-06-09	16:21:54	1199	238	181	295	200	150	118	200	0	0	8	219	249	209	0	10	491	223
2014-06-09	16:22:54	1199	238	181	295	200	150	118	200	0	0	8	219	249	209	0	10	491	223
2014-06-09	16:23:54	1199	239	181	295	200	150	120	200	0	0	8	219	249	209	0	10	491	223
2014-06-09	16:24:54	1199	239	181	295	200	151	120	200	0	0	8	219	249	209	0	10	490	223
2014-06-09	16:25:54	1199	239	181	295	200	151	120	200	0	0	8	219	249	209	0	10	490	223
2014-06-09	16:26:54	1199	239	181	296	200	151	120	200	0	0	8	219	249	209	0	10	490	223
2014-06-09	16:27:54	1199	239	181	296	200	152	120	200	0	0	8	219	249	209	0	10	490	223
2014-06-09	16:28:54	1199	238	182	296	200	152	120	200	0	0	8	219	249	209	0	10	490	223
2014-06-09	16:29:54	1199	238	182	296	200	152	121	200	0	0	8	219	249	209	0	10	490	223
2014-06-09	16:30:54	1199	238	182	296	200	152	121	200	0	0	8	219	249	210	0	10	490	223
2014-06-09	16:31:55	1199	238	182	296	200	152	121	200	0	0	8	219	249	209	0	10	490	223
2014-06-09	16:32:55	1199	238	182	296	199	153	122	200	0	0	8	219	249	210	0	10	490	223
2014-06-09	16:33:55	1199	238	182	296	199	153	121	200	0	0	8	219	249	210	0	10	490	223
2014-06-09	16:34:55	1199	238	182	296	200	153	121	200	0	0	8	219	249	209	0	10	490	223
2014-06-09	16:35:55	1199	238	182	296	200	154	121	200	0	0	8	219	249	210	0	10	490	223
2014-06-09	16:36:55	1199	238	182	296	199	155	122	200	0	0	8	219	249	209	0	10	490	223
2014-06-09	16:37:55	1199	239	182	297	199	155	122	200	0	0	8	219	250	210	0	10	490	223
2014-06-09	16:38:55	1199	239	183	297	199	155	122	200	0	0	8	219	249	210	0	10	490	223
2014-06-09	16:39:55	1199	239	183	297	199	156	122	200	0	0	8	218	249	210	0	10	490	223
2014-06-09	16:40:55	1199	240	183	297	199	156	122	200	0	0	8	219	249	210	0	10	490	223
2014-06-09	16:41:55	1199	240	183	297	200	156	122	200	0	0	8	219	249	210	0	10	489	223
2014-06-09	16:42:55	1199	240	183	297	199	156	123	200	0	0	8	218	250	210	0	10	489	223
2014-06-09	16:43:55	1199	241	183	297	199	156	123	200	0	0	8	219	250	210	0	10	489	223
2014-06-09	16:44:55	1199	241	183	297	199	156	123	200	0	0	8	2