Divisors		1	10	10	10	10	10	10	10	10	1	1	10	10	10	100	1	10	10
Date	Time	Version	BT1	BT1 Mean	BT2	BT3	BT10	BT11	Calc Supply	GM	Alarm	RELAYS PCA BASE	BT12	BT14	BT17	Tot.int.add.	Prio	BT6	BT50
2014-07-19	19:07:44	1199	246	222	287	226	138	112	200	0	0	8	249	273	229	0	10	445	224
2014-07-19	19:08:44	1199	246	222	287	226	138	112	200	0	0	8	249	273	229	0	10	445	224
2014-07-19	19:09:44	1199	246	222	287	226	139	112	200	0	0	8	249	273	229	0	10	445	224
2014-07-19	19:10:44	1199	246	223	287	226	139	113	200	0	0	8	248	273	229	0	10	445	224
2014-07-19	19:11:44	1199	246	223	287	226	140	113	200	0	0	8	248	273	229	0	10	445	224
2014-07-19	19:12:44	1199	245	223	287	225	140	113	200	0	0	8	248	273	229	0	10	445	224
2014-07-19	19:13:44	1199	245	223	287	225	142	113	200	0	0	8	248	273	228	0	10	445	224
2014-07-19	19:14:44	1199	244	223	287	226	142	115	200	0	0	8	248	273	228	0	10	445	224
2014-07-19	19:15:44	1199	244	223	287	225	143	115	200	0	0	8	248	273	228	0	10	445	224
2014-07-19	19:16:45	1199	244	223	287	225	143	115	200	0	0	8	248	272	228	0	10	445	224
2014-07-19	19:17:45	1199	243	223	287	225	144	115	200	0	0	8	248	272	228	0	10	444	224
2014-07-19	19:18:45	1199	243	223	287	225	144	116	200	0	0	8	248	272	229	0	10	444	225
2014-07-19	19:19:45	1199	243	223	287	225	144	116	200	0	0	8	247	272	228	0	10	444	225
2014-07-19	19:20:45	1199	243	223	287	225	145	116	200	0	0	8	248	272	228	0	10	443	225
2014-07-19	19:21:45	1199	242	223	286	225	145	116	200	0	0	8	247	272	228	0	10	443	225
2014-07-19	19:22:45	1199	242	224	287	225	146	117	200	0	0	8	247	272	228	0	10	443	225
2014-07-19	19:23:45	1199	242	224	287	224	146	117	200	0	0	8	247	272	228	0	10	443	225
2014-07-19	19:24:45	1199	242	224	286	225	146	117	200	0	0	8	247	272	228	0	10	443	225
2014-07-19	19:25:45	1199	242	224	286	224	147	117	200	0	0	8	247	272	228	0	10	443	225
2014-07-19	19:26:45	1199	241	224	286	224	147	117	200	0	0	8	247	272	228	0	10	443	225
2014-07-19	19:27:45	1199	241	224	286	224	149	118	200	0	0	8	247	272	228	0	10	443	225
2014-07-19	19:28:45	1199	241	224	286	224	149	118	200	0	0	8	246	272	228	0	10	443	225
2014-07-19	19:29:45	1199	241	224	286	224	149	119	200	0	0	8	246	272	228	0	10	443	225
2014-07-19	19:30:45	1199	241	224	286	224	150	118	200	0	0	8	246	272	228	0	10	442	226
2014-07-19	19:31:45	1199	241	224	286	224	150	120	200	0	0	8	246	272	228	0	10	441	226
2014-07-19	19:32:45	1199	240	224	286	224	151	120	200	0	0	8	246	272	228	0	10	441	225
2014-07-19	19:33:45	1199	240	224	287	224	151	120	200	0	0	8	246	271	228	0	10	440	226
2014-07-19	19:34:45	1199	239	224	286	224	151	120	200	0	0	8	246	271	228	0	10	440	226
2014-07-19	19:35:45	1199	239	224	287	224	152	120	200	0	0	8	246	271	228	0	10	440	226
2014-07-19	19:36:45	1199	238	224	286	223	152	121	200	0	0	8	246	271	228	0	10	440	226
2014-07-19	19:37:45	1199	238	224	286	224	153	121	200	0	0	8	245	271	228	0	10	440	226
2014-07-19	19:38:45	1199	237	224	286	223	153	121	200	0	0	8	244	271	228	0	10	440	226
2014-07-19	19:39:45	1199	236	225	286	223	153	121	200	0	0	8	244	271	228	0	10	439	226
2014-07-19	19:40:45	1199	236	225	286	223	154	121	200	0	0	8	244	271	228	0	10	439	226
2014-07-19	19:41:45	1199	235	225	286	223	155	121	200	0	0	8	244	271	228	0	10	439	226
2014-07-19	19:42:45	1199	234	225	287	223	155	122	200	0	0	8	244	271	228	0	10	439	226
2014-07-19	19:43:45	1199	234	225	286	223	155	122	200	0	0	8	244	271	228	0	10	439	226
2014-07-19	19:44:45	1199	233	225	286	223	156	122	200	0	0	8	244	271	228	0	10	439	226
2014-07-19	19:45:45	1199	233	225	287	223	156	122	200	0	0	8	244	271	228	0	10	439	226
2014-07-19	19:46:45	1199	233	225	286	223	157	123	200	0	0	8	244	271	228	0	10	439	226
2014-07-19	19:47:45	1199	232	225	286	223	157	123	200	0	0	8	244	270	228	0	10	439	226
2014-07-19	19:48:45	1199	232	225	286	222	157	123	200	0	0	8	243	270	228	0	10	439	226
2014-07-19	19:49:45	1199	232	225	286	222	157	123	200	0	0	8	243	270	228	0	10	439	226
2014-07-19	19:50:45	1199	231	225	286	222	158	123	200	0	0	8	243	270	228	0	10	439	226
2014-07-19	19:51:45	1199	231	225	286	222	158	125	200	0	0	8	243	270	228	0	10	439	226
2014-07-19	19:52:45	1199	231	225	286	222	159	125	200	0	0	8	243	270	228	0	10	439	226
2014-07-19	19:53:45	1199	231	225	286	222	159	125	200	0	0	8	243	270	228	0	10	439	226
2014-07-19	19:54:45	1199	231	225	286	222	159	125	200	0	0	8	243	270	228	0	10	439	226
2014-07-19	19:55:45	1199	230	225	286	222	160	126	200	0	0	8	243	270	228	0	10	439	226
2014-07-19	19:56:45	1199	230	225	286	222	160	125	200	0	0	8	243	270	228	0	10	439	226
2014-07-19	19:57:45	1199	230	225	286	222	160	126	200	0	0	8	243	270	228	0	10	439	226
2014-07-19	19:58:45	1199	230	225	286	222	161	126	200	0	0	8	243	270	228	0	10	439	226
2014-07-19	19:59:45	1199	230	225	286	222	161	126	200	0	0	8	243	270	228	0	10	439	226
2014-07-19	20:00:45	1199	230	225	286	222	161	126	200	0	0	8	243	270	228	0	10	439	226
2014-07-19	20:01:45	1199	229	225	285	222	161	126	200	0	0	8	242	270	228	0	10	439	226
2014-07-19	20:02:45	1199	229	225	285	221	163	127	200	0	0	8	242	270	228	0	10	439	226
2014-07-19	20:03:45	1199	229	225	285	221	163	127	200	0	0	8	242	270	228	0	10	439	226
2014-07-19	20:04:45	1199	229	225	285	221	163	127	200	0	0	8	242	270	228	0	10	438	226
2014-07-19	20:05:45	1199	229	225	285	221	164	127	200	0	0	8	242	270	228	0	10	439	226
2014-07-19	20:06:45	1199	229	225	285	221	164	128	200	0	0	8	242	270	228	0	10	438	226
2014-07-19	20:07:45	1199	228	225	285	221	164	128	200	0	0	8	242	270	228	0	10	438	226
2014-07-19	20:08:45	1199	228	225	285	221	164	128	200	0	0	8	242	270	228	0	10	438	226
2014-07-19	20:09:45	1199	228	225	285	221	165	128	200	0	0	8	242	269	228	0	10	438	226
2014-07-19	20:10:45	1199	227	225	285	221	165	128	200	0	0	8	242	269	228	0	10	438	226
2014-07-19	20:11:45	1199	227	225	285	221	165	128	200	0	0	8	242	270	228	0	10	438	226
2014-07-19	20:12:45	1199	227	225	285	221	166	128	200	0	0	8	241	269	228	0	10	438	226
2014-07-19	20:13:45	1199	227	225	285	221	166	129	200	0	0	8	241	269	228	0	10	438	227
2014-07-19	20:14:45	1199	226	225	285	221	166	129	200	0	0	8	241	269	228	0	10	438	226
2014-07-19	20:15:45	1199	226	225	285	221	166	129	200	0	0	8	241	269	228	0	10	438	226
2014-07-19	20:16:45	1199	226	225	285	221	167	129	200	0	0	8	241	269	228	0	10	438	226
2014-07-19	20:17:45	1199	225	225	285	221	167	129	200	0	0	8	241	269	228	0	10	438	226
2014-07-19	20:18:45	1199	225	225	285	221	167	131	200	0	0	8	241	269	228	0	10	438	226
2014-07-19	20:19:45	1199	225	225	285	220	167	131	200	0	0	8	241	269	228	0	10	438	226
2014-07-19	20:20:45	1199	225	225	285	221	168	131	200	0	0	8	241	269	228	0	10	438	226
2014-07-19	20:21:45	1199	224	225	285	221	168	131	200	0	0	8	241	269	228	0	10	438	226
2014-07-19	20:22:45	1199	224	225	285	220	168	132	200	0	0	8	241	269	228	0	10	438	226
2014-07-19	20:23:45	1199	224	225	285	220	168	132	200	0	0	8	241	269	228	0	10	438	227
2014-07-19	20:24:45	1199	224	225	285	220	169	132	200	0	0	8	241	269	228	0	10	437	227
2014-07-19	20:25:45	1199	224	225	285	220	169	132	200	0	0	8	241	269	228	0	10	437	227
2014-07-19	20:26:45	1199	224	225	285	220	169	132	200	0	0	8	241	269	228	0	10	437	227
2014-07-19	20:27:45	1199	224	225	285	220	170	132	200	0	0	8	240	269	228	0	10	437	226
2014-07-19	20:28:45	1199	223	225	285	220	171	133	200	0	0	8	240	269	228	0	10	437	227
2014-07-19	20:29:45	1199	223	225	285	220	171	133	200	0	0	8	240	269	228	0	10	437	226
2014-07-19	20:30:46	1199	223	225	285	220	171	133	200	0	0	8	240	269	228	0	10	437	226
2014-07-19	20:31:46	1199	223	225	285	220	172	133	200	0	0	8	241	269	228	0	10	438	227
2014-07-19	20:32:46	1199	223	225	285	220	172	133	200	0	0	8	240	269	228	0	10	437	226
2014-07-19	20:33:46	1199	223	225	285	219	172	134	200	0	0	8	240	269	228	0	10	437	226
2014-07-19	20:34:46	1199	222	225	285	220	172	134	200	0	0	8	240	269	228	0	10	437	227
2014-07-19	20:35:46	1199	222	225	284	220	173	134	200	0	0	8	240	269	228	0	10	437	227
2014-07-19	20:36:46	1199	222	225	284	219	173	134	200	0	0	8	240	269	228	0	10	437	227
2014-07-19	20:37:46	1199	222	225	284	220	173	134	200	0	0	8	240	269	228	0	10	437	227
2014-07-19	20:38:46	1199	222	225	284	219	173	134	200	0	0	8	240	269	228	0	10	437	227
2014-07-19	20:39:46	1199	221	225	284	219	173	134	200	0	0	8	240	269	228	0	10	437	227
2014-07-19	20:40:46	1199	221	225	284	219	174	135	200	0	0	8	240	269	229	0	10	437	227
2014-07-19	20:41:46	1199	221	225	284	219	174	136	200	0	0	8	239	269	229	0	10	437	227
2014-07-19	20:42:46	1199	221	225	284	219	174	136	200	0	0	8	240	269	228	0	10	437	226
2014-07-19	20:43:46	1199	221	225	284	219	174	136	200	0	0	8	240	269	229	0	10	437	227
2014-07-19	20:44:46	1199	221	225	284	219	175	136	200	0	0	8	239	269	228	0	10	437	227
2014-07-19	20:45:46	1199	221	225	284	219	175	137	200	0	0	8	239	269	229	0	10	437	227
2014-07-19	20:46:46	1199	220	225	284	219	175	137	200	0	0	8	239	269	228	0	10	437	227
2014-07-19	20:47:46	1199	220	225	284	219	175	137	200	0	0	8	239	269	229	0	10	436	227
2014-07-19	20:48:46	1199	220	225	284	219	176	137	200	0	0	8	239	269	229	0	10	437	226
2014-07-19	20:49:46	1199	220	225	284	219	176	137	200	0	0	8	239	269	229	0	10	437	226
2014-07-19	20:50:46	1199	220	225	284	219	176	137	200	0	0	8	239	269	229	0	10	436	227
2014-07-19	20:51:46	1199	220	225	284	219	176	137	200	0	0	8	239	269	229	0	10	437	227
2014-07-19	20:52:46	1199	220	225	284	219	177	137	200	0	0	8	239	269	229	0	10	436	227
2014-07-19	20:53:46	1199	220	225	284	219	177	138	200	0	0	8	239	269	229	0	10	436	227
2014-07-19	20:54:46	1199	219	225	284	219	177	138	200	0	0	8	239	269	229	0	10	436	227
2014-07-19	20:55:46	1199	219	225	284	219	177	138	200	0	0	8	239	269	229	0	10	436	227
2014-07-19	20:56:46	1199	219	225	284	219	177	139	200	0	0	8	239	269	229	0	10	436	226
2014-07-19	20:57:46	1199	219	225	284	219	177	139	200	0	0	8	239	269	229	0	10	436	227
2014-07-19	20:58:46	1199	219	225	284	219	178	139	200	0	0	8	239	269	229	0	10	436	227
2014-07-19	20:59:46	1199	219	225	284	218	178	139	200	0	0	8	238	268	229	0	10	436	227
2014-07-19	21:00:46	1199	219	225	284	218	178	139	200	0	0	8	239	269	229	0	10	436	227
2014-07-19	21:01:46	1199	219	225	284	218	178	139	200	0	0	8	239	268	229	0	10	436	227
2014-07-19	21:02:46	1199	218	225	284	218	178	139	200	0	0	8	239	269	229	0	10	436	227
2014-07-19	21:03:46	1199	218	225	284	218	180	140	200	0	0	8	239	268	229	0	10	436	227
2014-07-19	21:04:46	1199	218	225	284	218	180	139	200	0	0	8	238	269	229	0	10	436	227
2014-07-19	21:05:46	1199	218	225	284	218	180	140	200	0	0	8	238	269	229	0	10	436	227
2014-07-19	21:06:46	1199	218	225	284	218	180	140	200	0	0	8	238	268	229	0	10	435	227
2014-07-19	21:07:46	1199	218	225	283	218	180	140	200	0	0	8	238	268	229	0	10	435	227
2014-07-19	21:08:46	1199	217	225	283	218	181	140	200	0	0	8	238	268	229	0	10	435	227
2014-07-19	21:09:46	1199	217	225	284	218	181	141	200	0	0	8	239	269	229	0	10	435	227
2014-07-19	21:10:46	1199	216	224	283	218	181	142	200	0	0	8	238	269	230	0	10	435	227
2014-07-19	21:11:46	1199	216	224	283	218	181	142	200	0	0	8	238	269	229	0	10	435	227
2014-07-19	21:12:46	1199	216	224	283	218	182	142	200	0	0	8	238	269	229	0	10	434	227
2014-07-19	21:13:46	1199	216	224	283	218	182	142	200	0	0	8	238	269	229	0	10	434	227
2014-07-19	21:14:46	1199	216	224	283	218	182	143	200	0	0	8	238	268	229	0	10	433	227
2014-07-19	21:15:46	1199	216	224	283	218	182	142	200	0	0	8	238	268	229	0	10	433	227
2014-07-19	21:16:46	1199	216	224	283	218	182	143	200	0	0	8	238	269	229	0	10	433	227
2014-07-19	21:17:46	1199	215	224	283	218	182	143	200	0	0	8	238	269	229	0	10	433	227
2014-07-19	21:18:46	1199	215	224	283	217	182	143	200	0	0	8	238	269	229	0	10	433	227
2014-07-19	21:19:46	1199	215	224	283	217	183	143	200	0	0	8	238	268	229	0	10	432	227
2014-07-19	21:20:46	1199	215	224	283	217	183	143	200	0	0	8	238	269	229	0	10	432	227
2014-07-19	21:21:46	1199	215	224	283	217	183	143	200	0	0	8	238	268	229	0	10	432	227
2014-07-19	21:22:46	1199	215	224	284	217	183	144	200	0	0	8	238	268	229	0	10	433	227
2014-07-19	21:23:46	1199	215	224	283	217	183	144	200	0	0	8	238	269	229	0	10	432	227
2014-07-19	21:24:46	1199	215	224	283	216	184	144	200	0	0	8	238	268	229	0	10	432	227
2014-07-19	21:25:46	1199	214	224	283	216	184	144	200	0	0	8	238	268	229	0	10	432	227
2014-07-19	21:26:46	1199	214	224	283	216	184	144	200	0	0	8	238	269	229	0	10	432	227
2014-07-19	21:27:46	1199	214	224	283	216	184	144	200	0	0	8	237	269	229	0	10	432	227
2014-07-19	21:28:46	1199	214	224	283	216	184	145	200	0	0	8	238	268	229	0	10	432	227
2014-07-19	21:29:46	1199	214	224	283	216	184	145	200	0	0	8	237	269	229	0	10	432	227
2014-07-19	21:30:46	1199	214	224	283	216	185	145	200	0	0	8	238	269	229	0	10	432	227
2014-07-19	21:31:46	1199	213	224	283	216	185	145	200	0	0	8	237	268	229	0	10	432	227
2014-07-19	21:32:46	1199	213	224	283	216	185	145	200	0	0	8	238	269	229	0	10	432	227
2014-07-19	21:33:46	1199	213	224	282	216	185	146	200	0	0	8	237	269	229	0	10	432	227
2014-07-19	21:34:46	1199	213	224	283	216	186	146	200	0	0	8	237	269	229	0	10	432	227
2014-07-19	21:35:46	1199	213	224	283	216	185	146	200	0	0	8	237	269	229	0	10	431	227
2014-07-19	21:36:46	1199	213	224	283	216	186	146	200	0	0	8	237	269	229	0	10	431	227
2014-07-19	21:37:46	1199	212	223	283	216	186	146	200	0	0	8	237	269	229	0	10	431	227
2014-07-19	21:38:46	1199	212	223	283	216	186	146	200	0	0	8	237	269	229	0	10	431	227
2014-07-19	21:39:46	1199	212	223	283	216	186	146	200	0	0	8	237	269	229	0	10	431	227
2014-07-19	21:40:46	1199	212	223	283	216	186	147	200	0	0	8	237	269	229	0	10	431	227
2014-07-19	21:41:46	1199	212	223	282	216	186	147	200	0	0	8	237	269	229	0	10	431	227
2014-07-19	21:42:46	1199	212	223	283	216	187	147	200	0	0	8	237	269	229	0	10	431	227
2014-07-19	21:43:46	1199	211	223	282	216	187	147	200	0	0	8	237	269	229	0	10	431	227
2014-07-19	21:44:46	1199	211	223	282	216	187	147	200	0	0	8	237	269	230	0	10	431	227
2014-07-19	21:45:46	1199	211	223	282	216	187	149	200	0	0	8	237	269	230	0	10	431	227
2014-07-19	21:46:47	1199	211	223	282	216	187	148	200	0	0	8	237	269	230	0	10	431	227
2014-07-19	21:47:47	1199	211	223	282	216	188	149	200	0	0	8	237	269	230	0	10	431	227
2014-07-19	21:48:47	1199	211	223	282	216	188	149	200	0	0	8	237	269	230	0	10	431	227
2014-07-19	21:49:47	1199	211	223	282	216	188	149	200	0	0	8	237	269	230	0	10	431	227
2014-07-19	21:50:47	1199	210	223	282	216	188	149	200	0	0	8	237	269	230	0	10	431	227
2014-07-19	21:51:47	1199	210	223	282	216	188	150	200	0	0	8	237	269	230	0	10	431	227
2014-07-19	21:52:47	1199	210	223	282	216	188	150	200	0	0	8	237	269	230	0	10	431	227
2014-07-19	21:53:47	1199	210	223	282	215	189	150	200	0	0	8	237	269	230	0	10	431	227
2014-07-19	21:54:47	1199	210	223	282	215	189	150	200	0	0	8	237	269	230	0	10	431	227
2014-07-19	21:55:47	1199	210	223	282	216	190	150	200	0	0	8	237	269	230	0	10	431	227
2014-07-19	21:56:47	1199	210	223	282	216	190	150	200	0	0	8	237	269	230	0	10	431	227
2014-07-19	21:57:47	1199	210	223	282	215	190	150	200	0	0	8	236	269	230	0	10	430	227
2014-07-19	21:58:47	1199	209	223	282	216	190	150	200	0	0	8	237	269	230	0	10	431	227
2014-07-19	21:59:47	1199	209	223	282	215	190	151	200	0	0	8	237	269	230	0	10	430	227
2014-07-19	22:00:47	1199	209	222	282	215	190	151	200	0	0	8	236	269	230	0	10	430	227
2014-07-19	22:01:47	1199	209	222	282	215	191	151	200	0	0	8	237	269	230	0	10	430	227
2014-07-19	22:02:47	1199	209	222	282	216	191	151	200	0	0	8	237	269	230	0	10	429	227
2014-07-19	22:03:47	1199	208	222	282	216	191	151	200	0	0	8	236	269	230	0	10	428	227
2014-07-19	22:04:47	1199	208	222	282	215	191	151	200	0	0	8	236	270	230	0	10	427	227
2014-07-19	22:05:47	1199	208	222	282	215	191	151	200	0	0	10	236	269	230	0	10	427	227
2014-07-19	22:06:47	1199	208	222	282	216	191	152	200	0	0	10	236	269	230	0	10	426	227
2014-07-19	22:07:47	1199	208	222	282	215	192	152	200	0	0	8	236	269	230	0	10	426	227
2014-07-19	22:08:47	1199	208	222	282	215	192	152	200	0	0	8	236	270	230	0	10	426	227
2014-07-19	22:09:47	1199	207	222	282	215	192	152	200	0	0	8	236	269	230	0	10	426	227
2014-07-19	22:10:47	1199	207	222	282	215	192	152	200	0	0	8	236	269	230	0	10	425	227
2014-07-19	22:11:47	1199	207	222	282	216	192	152	200	0	0	8	236	269	230	0	10	425	227
2014-07-19	22:12:47	1199	207	222	283	215	193	152	200	0	0	8	236	270	230	0	10	425	227
2014-07-19	22:13:47	1199	207	222	282	215	192	153	200	0	0	8	236	269	230	0	10	425	227
2014-07-19	22:14:47	1199	207	222	282	215	193	153	200	0	0	8	236	270	230	0	10	425	227
2014-07-19	22:15:47	1199	207	222	282	215	193	153	200	0	0	8	236	270	230	0	10	425	227
2014-07-19	22:16:47	1199	207	222	282	215	193	153	200	0	0	8	236	270	230	0	10	425	227
2014-07-19	22:17:47	1199	207	221	283	215	193	154	200	0	0	8	236	270	231	0	10	425	227
2014-07-19	22:18:48	1199	207	221	282	215	193	155	200	0	0	8	236	269	231	0	10	425	227
2014-07-19	22:19:48	1199	207	221	282	215	193	155	200	0	0	8	236	270	231	0	10	425	227
2014-07-19	22:20:48	1199	207	221	282	215	193	155	200	0	0	8	236	270	231	0	10	425	227
2014-07-19	22:21:48	1199	207	221	282	215	194	155	200	0	0	8	236	270	231	0	10	425	227
2014-07-19	22:22:48	1199	207	221	282	215	194	155	200	0	0	8	236	270	231	0	10	425	227
2014-07-19	22:23:48	1199	207	221	282	215	194	155	200	0	0	8	236	270	231	0	10	425	226
2014-07-19	22:24:48	1199	208	221	282	215	194	155	200	0	0	8	236	270	231	0	10	425	227
2014-07-19	22:25:48	1199	208	221	282	215	194	155	200	0	0	8	236	270	231	0	10	425	227
2014-07-19	22:26:48	1199	208	221	282	216	194	156	200	0	0	8	236	270	231	0	10	424	227
2014-07-19	22:27:48	1199	208	221	282	215	194	156	200	0	0	8	236	270	231	0	10	420	226
2014-07-19	22:28:48	1199	208	221	260	390	95	136	200	0	0	15	267	401	110	0	20	413	227
2014-07-19	22:29:48	1199	208	221	383	376	84	60	200	0	0	15	402	562	64	0	20	401	227
2014-07-19	22:30:48	1199	208	221	444	396	84	47	200	0	0	15	459	647	88	0	20	376	227
2014-07-19	22:31:48	1199	208	221	478	420	84	46	200	0	0	15	491	693	91	0	20	343	226
2014-07-19	22:32:48	1199	208	221	502	438	84	46	200	0	0	15	512	725	91	0	20	323	226
2014-07-19	22:33:48	1199	208	221	519	451	84	47	200	0	0	15	527	748	91	0	20	316	226
2014-07-19	22:34:48	1199	208	221	532	462	84	47	200	0	0	15	538	766	92	0	20	317	227
2014-07-19	22:35:48	1199	208	221	543	472	85	49	200	0	0	15	546	780	93	0	20	323	227
2014-07-19	22:36:48	1199	208	221	552	480	86	50	200	0	0	15	555	795	95	0	20	331	227
2014-07-19	22:37:48	1199	207	221	559	488	87	52	200	0	0	15	562	807	96	0	20	341	226
2014-07-19	22:38:48	1199	207	220	567	496	90	53	200	0	0	15	569	819	98	0	20	353	227
2014-07-19	22:39:48	1199	207	220	574	503	90	56	200	0	0	15	575	831	100	0	20	363	227
2014-07-19	22:40:48	1199	207	220	581	510	90	56	200	0	0	15	583	842	99	0	20	373	226
2014-07-19	22:41:48	1199	207	220	588	518	91	58	200	0	0	15	589	853	102	0	20	383	227
2014-07-19	22:42:48	1199	206	220	595	525	88	58	200	0	0	15	596	864	100	0	20	391	226
2014-07-19	22:43:48	1199	206	220	599	532	82	55	200	0	0	15	603	877	92	0	20	399	227
2014-07-19	22:44:48	1199	206	220	603	537	76	50	200	0	0	15	606	888	90	0	20	408	227
2014-07-19	22:45:48	1199	206	220	606	533	73	47	200	0	0	15	606	893	90	0	20	414	227
2014-07-19	22:46:48	1199	205	220	602	524	72	44	200	0	0	15	599	890	87	0	20	420	227
2014-07-19	22:47:48	1199	205	220	595	515	71	43	200	0	0	15	592	886	83	0	20	421	227
2014-07-19	22:48:48	1199	205	220	587	503	70	41	200	0	0	15	582	879	83	0	20	420	227
2014-07-19	22:49:48	1199	205	220	579	502	69	40	200	0	0	15	576	877	84	0	20	414	227
2014-07-19	22:50:48	1199	204	220	579	504	69	40	200	0	0	15	576	879	83	0	20	410	227
2014-07-19	22:51:48	1199	204	220	580	509	69	40	200	0	0	15	580	881	81	0	20	411	227
2014-07-19	22:52:48	1199	204	220	583	515	69	41	200	0	0	15	584	888	82	0	20	414	227
2014-07-19	22:53:48	1199	204	220	589	522	70	41	200	0	0	15	589	896	85	0	20	418	227
2014-07-19	22:54:48	1199	203	220	595	529	69	41	200	0	0	15	595	904	84	0	20	423	227
2014-07-19	22:55:48	1199	203	220	600	535	69	42	200	0	0	15	601	911	83	0	20	430	227
2014-07-19	22:56:48	1199	203	219	606	542	69	43	200	0	0	15	607	919	84	0	20	435	227
2014-07-19	22:57:48	1199	202	219	612	549	69	43	200	0	0	15	613	926	87	0	20	441	227
2014-07-19	22:58:48	1199	202	219	618	555	68	43	200	0	0	15	621	934	83	0	20	446	227
2014-07-19	22:59:48	1199	202	219	623	562	66	43	200	0	0	15	625	943	83	0	20	451	227
2014-07-19	23:00:48	1199	202	219	629	567	66	43	200	0	0	15	632	952	84	0	20	456	227
2014-07-19	23:01:49	1199	200	219	632	570	66	55	200	0	0	8	645	926	102	0	10	461	227
2014-07-19	23:02:49	1199	200	219	632	565	71	69	200	0	162	8	669	834	145	0	10	467	227
2014-07-19	23:03:49	1199	200	219	632	562	75	75	200	0	162	8	669	745	194	0	10	471	227
2014-07-19	23:04:49	1199	199	219	631	558	79	79	200	0	162	8	664	681	230	0	10	475	227
2014-07-19	23:05:49	1199	199	219	631	548	83	87	200	0	162	8	659	637	250	0	10	477	227
2014-07-19	23:06:49	1199	199	219	631	540	87	98	200	0	162	8	654	609	265	0	10	479	227
2014-07-19	23:07:49	1199	199	219	629	536	91	106	200	0	0	8	647	585	274	0	10	480	227
2014-07-19	23:08:49	1199	198	219	628	535	95	112	200	0	0	8	641	564	281	0	10	481	227
2014-07-19	23:09:49	1199	198	219	627	533	99	115	200	0	0	8	634	546	292	0	10	481	227
2014-07-19	23:10:49	1199	198	218	626	525	103	117	200	0	0	8	627	533	306	0	10	481	227
2014-07-19	23:11:49	1199	197	218	622	511	106	118	200	0	0	8	618	521	320	0	10	481	227
2014-07-19	23:12:49	1199	197	218	618	494	109	120	200	0	0	8	610	512	331	0	10	481	227
2014-07-19	23:13:49	1199	197	218	612	476	113	121	200	0	0	8	600	504	340	0	10	482	227
2014-07-19	23:14:49	1199	197	218	605	461	116	121	200	0	0	8	593	498	347	0	10	482	227
2014-07-19	23:15:49	1199	196	218	597	449	120	121	200	0	0	8	586	492	353	0	10	482	227
2014-07-19	23:16:49	1199	196	218	592	442	122	123	200	0	0	8	580	488	357	0	10	482	227
2014-07-19	23:17:49	1199	196	218	586	437	126	122	200	0	0	8	574	482	359	0	10	482	227
2014-07-19	23:18:49	1199	196	218	581	433	128	124	200	0	0	8	570	478	361	0	10	482	227
2014-07-19	23:19:49	1199	195	218	578	431	131	125	200	0	0	8	565	474	363	0	10	482	227
2014-07-19	23:20:49	1199	195	218	574	430	133	126	200	0	0	8	560	471	364	0	10	482	227
2014-07-19	23:21:49	1199	195	218	571	429	136	126	200	0	0	8	556	467	365	0	10	482	227
2014-07-19	23:22:49	1199	195	217	567	429	139	127	200	0	0	8	552	464	366	0	10	482	227
2014-07-19	23:23:49	1199	195	217	565	429	142	128	200	0	0	8	548	461	366	0	10	482	227
2014-07-19	23:24:49	1199	194	217	563	428	144	129	200	0	0	8	544	458	365	0	10	482	227
2014-07-19	23:25:49	1199	194	217	559	428	145	129	200	0	0	8	540	456	365	0	10	482	227
2014-07-19	23:26:49	1199	194	217	557	428	147	131	200	0	0	8	536	453	365	0	10	482	227
2014-07-19	23:27:49	1199	194	217	555	427	150	132	200	0	0	8	533	450	364	0	10	482	227
2014-07-19	23:28:49	1199	194	217	553	427	152	132	200	0	0	8	530	448	364	0	10	482	227
2014-07-19	23:29:49	1199	193	217	550	427	154	133	200	0	0	8	525	445	363	0	10	482	227
2014-07-19	23:30:49	1199	193	217	548	426	156	134	200	0	0	8	522	443	363	0	10	482	227
2014-07-19	23:31:49	1199	193	217	546	425	158	136	200	0	0	8	519	441	362	0	10	482	227
2014-07-19	23:32:49	1199	193	217	544	425	159	136	200	0	0	8	516	439	361	0	10	482	227
2014-07-19	23:33:49	1199	192	217	542	425	161	137	200	0	0	8	513	437	361	0	10	482	227
2014-07-19	23:34:49	1199	192	216	540	424	163	138	200	0	0	8	509	435	360	0	10	481	227
2014-07-19	23:35:49	1199	192	216	538	423	164	139	200	0	0	8	507	433	359	0	10	481	227
2014-07-19	23:36:49	1199	192	216	536	422	165	140	200	0	0	8	504	431	359	0	10	481	227
2014-07-19	23:37:49	1199	191	216	534	422	167	140	200	0	0	8	501	429	358	0	10	481	227
2014-07-19	23:38:49	1199	191	216	533	421	168	142	200	0	0	8	499	428	358	0	10	481	227
2014-07-19	23:39:49	1199	191	216	531	420	170	143	200	0	0	8	497	426	358	0	10	481	227
2014-07-19	23:40:49	1199	191	216	530	420	172	144	200	0	0	8	494	424	357	0	10	481	227
2014-07-19	23:41:49	1199	191	216	527	419	173	144	200	0	0	8	492	423	357	0	10	482	227
2014-07-19	23:42:49	1199	190	216	525	418	174	145	200	0	0	8	490	421	356	0	10	481	227
2014-07-19	23:43:49	1199	190	216	524	418	176	146	200	0	0	8	488	420	355	0	10	481	227
2014-07-19	23:44:49	1199	190	216	522	417	177	147	200	0	0	8	485	419	355	0	10	481	227
2014-07-19	23:45:49	1199	190	215	521	416	178	147	200	0	0	8	483	418	354	0	10	481	227
2014-07-19	23:46:49	1199	189	215	520	415	180	149	200	0	0	8	481	416	353	0	10	481	227
2014-07-19	23:47:49	1199	188	215	518	414	181	149	200	0	0	8	479	415	353	0	10	481	227
2014-07-19	23:48:49	1199	188	215	517	413	182	150	200	0	0	8	477	414	352	0	10	481	227
2014-07-19	23:49:49	1199	188	215	515	412	183	151	200	0	0	8	475	413	352	0	10	481	227
2014-07-19	23:50:49	1199	188	215	514	411	184	152	200	0	0	8	474	411	351	0	10	480	227
2014-07-19	23:51:49	1199	187	215	512	411	185	152	200	0	0	8	472	410	351	0	10	480	227
2014-07-19	23:52:49	1199	187	215	510	410	186	153	200	0	0	8	470	409	350	0	10	480	227
2014-07-19	23:53:49	1199	187	215	508	409	187	155	200	0	0	8	469	408	349	0	10	480	227
2014-07-19	23:54:49	1199	187	215	507	408	188	155	200	0	0	8	467	407	349	0	10	480	227
2014-07-19	23:55:49	1199	187	214	506	407	190	156	200	0	0	8	466	406	349	0	10	480	227
2014-07-19	23:56:49	1199	186	214	504	406	190	156	200	0	0	8	464	405	348	0	10	480	227
2014-07-19	23:57:49	1199	186	214	503	405	191	157	200	0	0	8	463	404	348	0	10	480	227
2014-07-19	23:58:49	1199	186	214	501	405	192	157	200	0	0	8	461	403	347	0	10	480	227
2014-07-19	23:59:49	1199	186	214	500	404	193	158	200	0	0	8	460	402	347	0	10	480	227
2014-07-20	00:00:49	1199	186	214	498	403	194	158	200	0	0	8	459	402	346	0	10	480	227
2014-07-20	00:01:49	1199	186	214	498	402	195	159	200	0	0	8	457	401	346	0	10	480	227
2014-07-20	00:02:49	1199	185	214	497	401	196	159	200	0	0	8	456	400	345	0	10	480	227
2014-07-20	00:03:49	1199	185	214	495	400	197	160	200	0	0	8	455	399	346	0	10	479	227
2014-07-20	00:04:49	1199	185	213	493	400	197	160	200	0	0	8	453	398	345	0	10	479	227
2014-07-20	00:05:49	1199	185	213	492	399	198	160	200	0	0	8	452	397	344	0	10	479	227
2014-07-20	00:06:49	1199	185	213	491	398	199	161	200	0	0	8	451	397	344	0	10	479	226
2014-07-20	00:07:49	1199	185	213	490	397	199	161	200	0	0	8	450	396	343	0	10	479	227
2014-07-20	00:08:49	1199	184	213	489	396	200	161	200	0	0	8	449	396	343	0	10	478	227
2014-07-20	00:09:49	1199	184	213	486	396	202	163	200	0	0	8	448	395	343	0	10	478	227
2014-07-20	00:10:49	1199	184	213	485	395	203	163	200	0	0	8	447	394	343	0	10	478	227
2014-07-20	00:11:49	1199	184	213	483	394	203	164	200	0	0	8	446	393	342	0	10	478	227
2014-07-20	00:12:49	1199	184	213	482	393	204	164	200	0	0	8	444	393	342	0	10	478	227
2014-07-20	00:13:49	1199	184	212	482	392	205	164	200	0	0	8	443	392	341	0	10	478	227
2014-07-20	00:14:49	1199	183	212	480	392	203	164	200	0	0	8	442	392	341	0	10	478	227
2014-07-20	00:15:50	1199	183	212	479	391	198	163	200	0	0	8	441	391	341	0	10	478	227
2014-07-20	00:16:50	1199	183	212	478	390	200	163	200	0	0	8	441	390	340	0	10	478	227
2014-07-20	00:17:50	1199	183	212	477	389	202	163	200	0	0	8	440	390	340	0	10	478	227
2014-07-20	00:18:50	1199	182	212	476	388	203	163	200	0	0	8	439	389	340	0	10	478	227
2014-07-20	00:19:50	1199	182	212	474	388	205	163	200	0	0	8	438	388	339	0	10	477	226
2014-07-20	00:20:50	1199	182	212	473	387	206	164	200	0	0	8	437	388	339	0	10	477	226
2014-07-20	00:21:50	1199	182	212	472	386	207	164	200	0	0	8	436	387	338	0	10	477	226
2014-07-20	00:22:50	1199	182	211	471	386	203	164	200	0	0	8	435	387	338	0	10	477	226
2014-07-20	00:23:50	1199	181	211	469	385	196	163	200	0	0	8	435	386	337	0	10	477	227
2014-07-20	00:24:50	1199	181	211	468	385	197	164	200	0	0	8	434	386	337	0	10	477	226
2014-07-20	00:25:50	1199	181	211	467	384	199	164	200	0	0	8	433	386	337	0	10	477	227
2014-07-20	00:26:50	1199	181	211	466	383	200	164	200	0	0	8	432	385	336	0	10	477	227
2014-07-20	00:27:50	1199	181	211	465	382	203	164	200	0	0	8	431	385	336	0	10	477	226
2014-07-20	00:28:50	1199	180	211	464	381	204	165	200	0	0	8	430	384	336	0	10	477	227
2014-07-20	00:29:50	1199	180	211	463	381	205	166	200	0	0	8	430	384	335	0	10	477	226
2014-07-20	00:30:50	1199	180	211	462	380	206	166	200	0	0	8	429	383	335	0	10	477	227
2014-07-20	00:31:50	1199	180	210	461	379	202	166	200	0	0	8	428	383	334	0	10	477	227
2014-07-20	00:32:50	1199	180	210	460	378	194	166	200	0	0	8	427	382	334	0	10	477	226
2014-07-20	00:33:50	1199	180	210	459	377	195	166	200	0	0	8	427	382	334	0	10	477	226
2014-07-20	00:34:50	1199	179	210	458	377	197	166	200	0	0	8	426	381	333	0	10	477	226
2014-07-20	00:35:50	1199	178	210	457	376	198	166	200	0	0	8	425	381	333	0	10	477	226
2014-07-20	00:36:50	1199	178	210	456	375	200	167	200	0	0	8	425	380	333	0	10	476	226
2014-07-20	00:37:50	1199	178	210	454	374	202	167	200	0	0	8	424	380	332	0	10	476	226
2014-07-20	00:38:50	1199	178	210	454	373	197	167	200	0	0	8	423	380	332	0	10	476	226
2014-07-20	00:39:50	1199	177	209	452	373	192	167	200	0	0	8	423	379	331	0	10	476	227
2014-07-20	00:40:50	1199	177	209	451	372	194	168	200	0	0	8	422	379	331	0	10	476	227
2014-07-20	00:41:50	1199	177	209	450	371	195	168	200	0	0	8	421	378	331	0	10	476	227
2014-07-20	00:42:50	1199	177	209	449	370	197	168	200	0	0	8	421	378	331	0	10	476	226
2014-07-20	00:43:50	1199	177	209	448	369	198	169	200	0	0	8	420	377	331	0	10	476	226
2014-07-20	00:44:50	1199	176	209	447	369	199	169	200	0	0	8	420	377	331	0	10	476	226
2014-07-20	00:45:50	1199	176	209	446	368	194	169	200	0	0	8	420	376	330	0	10	476	226
2014-07-20	00:46:50	1199	176	209	445	367	192	169	200	0	0	8	419	376	329	0	10	476	226
2014-07-20	00:47:50	1199	176	209	444	366	194	169	200	0	0	8	418	376	329	0	10	476	227
2014-07-20	00:48:50	1199	176	208	443	366	195	171	200	0	0	8	418	375	329	0	10	476	226
2014-07-20	00:49:50	1199	176	208	442	365	197	171	200	0	0	8	417	375	328	0	10	476	226
2014-07-20	00:50:50	1199	175	208	441	364	198	172	202	0	0	8	417	374	328	0	10	475	226
2014-07-20	00:51:50	1199	175	208	440	364	199	172	202	0	0	8	416	374	327	0	10	475	226
2014-07-20	00:52:50	1199	175	208	439	363	193	172	202	0	0	8	415	374	326	0	10	475	226
2014-07-20	00:53:50	1199	175	208	439	362	192	172	202	0	0	8	415	374	326	0	10	476	226
2014-07-20	00:54:50	1199	175	208	438	361	194	172	202	0	0	8	415	373	325	0	10	475	226
2014-07-20	00:55:50	1199	175	208	437	361	195	172	202	0	0	8	414	373	325	0	10	475	226
2014-07-20	00:56:50	1199	175	207	436	360	197	173	202	0	0	8	413	372	325	0	10	475	226
2014-07-20	00:57:50	1199	174	207	435	360	198	174	202	0	0	8	413	372	324	0	10	475	226
2014-07-20	00:58:50	1199	174	207	435	360	199	174	202	0	0	8	412	372	324	0	10	475	226
2014-07-20	00:59:50	1199	174	207	433	358	197	174	202	0	0	8	412	371	323	0	10	475	226
2014-07-20	01:00:50	1199	174	207	432	358	192	175	202	0	0	8	411	371	323	0	10	475	226
2014-07-20	01:01:50	1199	174	207	431	358	193	175	202	0	0	8	411	371	322	0	10	475	226
2014-07-20	01:02:50	1199	174	207	430	358	194	175	202	0	0	8	410	371	322	0	10	475	226
2014-07-20	01:03:50	1199	174	207	429	357	196	176	202	0	0	8	410	370	322	0	10	475	226
2014-07-20	01:04:50	1199	173	206	429	356	197	176	203	0	0	8	409	370	322	0	10	475	226
2014-07-20	01:05:50	1199	173	206	428	356	199	176	203	0	0	8	409	369	322	0	10	475	226
2014-07-20	01:06:50	1199	173	206	427	355	192	176	203	0	0	8	408	369	321	0	10	475	226
2014-07-20	01:07:50	1199	173	206	426	355	190	177	203	0	0	8	408	369	321	0	10	475	226
2014-07-20	01:08:50	1199	173	206	425	354	192	177	203	0	0	8	407	369	320	0	10	475	226
2014-07-20	01:09:50	1199	173	206	424	353	193	178	203	0	0	8	408	369	320	0	10	474	226
2014-07-20	01:10:50	1199	173	206	423	353	195	178	203	0	0	8	406	368	320	0	10	474	226
2014-07-20	01:11:50	1199	172	206	423	352	196	180	203	0	0	8	406	368	319	0	10	475	226
2014-07-20	01:12:50	1199	172	205	422	351	197	180	203	0	0	8	405	367	319	0	10	474	226
2014-07-20	01:13:50	1199	172	205	421	351	188	180	203	0	0	8	405	367	319	0	10	474	226
2014-07-20	01:14:50	1199	172	205	420	350	188	181	203	0	0	8	404	367	319	0	10	474	226
2014-07-20	01:15:50	1199	172	205	420	350	190	181	203	0	0	8	404	367	318	0	10	474	226
2014-07-20	01:16:50	1199	172	205	420	349	192	182	203	0	0	8	403	366	318	0	10	474	226
2014-07-20	01:17:50	1199	172	205	419	349	193	182	203	0	0	8	403	366	318	0	10	474	226
2014-07-20	01:18:50	1199	171	205	418	348	195	182	203	0	0	8	403	366	317	0	10	474	226
2014-07-20	01:19:50	1199	171	205	417	348	186	183	203	0	0	8	402	365	317	0	10	474	226
2014-07-20	01:20:50	1199	171	204	416	347	185	183	203	0	0	8	402	366	317	0	10	474	226
2014-07-20	01:21:50	1199	171	204	416	346	187	184	203	0	0	8	401	365	316	0	10	474	226
2014-07-20	01:22:50	1199	171	204	415	346	188	184	203	0	0	8	401	365	316	0	10	474	226
2014-07-20	01:23:50	1199	170	204	414	345	191	185	205	0	0	8	400	364	316	0	10	474	226
2014-07-20	01:24:50	1199	169	204	413	344	192	185	205	0	0	8	400	364	316	0	10	473	226
2014-07-20	01:25:50	1199	169	204	412	344	186	185	205	0	0	8	399	364	315	0	10	473	226
2014-07-20	01:26:50	1199	169	204	412	343	183	186	205	0	0	8	399	363	315	0	10	473	226
2014-07-20	01:27:50	1199	169	204	411	343	184	187	205	0	0	8	398	363	315	0	10	473	226
2014-07-20	01:28:50	1199	169	203	410	342	186	187	205	0	0	8	398	363	315	0	10	473	226
2014-07-20	01:29:50	1199	168	203	409	342	187	187	207	0	0	8	398	362	314	0	10	473	226
2014-07-20	01:30:51	1199	168	203	409	341	190	188	207	0	0	8	397	362	314	0	10	473	226
2014-07-20	01:31:53	1199	168	203	408	341	191	189	207	0	0	8	397	362	314	0	10	473	226
2014-07-20	01:32:52	1199	168	203	408	340	183	190	207	0	0	8	396	361	313	0	10	473	226
2014-07-20	01:33:52	1199	168	203	407	340	182	190	207	0	0	8	396	361	313	0	10	473	226
2014-07-20	01:34:52	1199	168	203	406	339	183	191	207	0	0	8	395	361	313	0	10	473	226
2014-07-20	01:35:52	1199	168	202	405	338	185	191	207	0	0	8	396	360	313	0	10	473	226
2014-07-20	01:36:52	1199	168	202	405	338	186	192	207	0	0	8	394	360	312	0	10	473	226
2014-07-20	01:37:52	1199	167	202	404	337	188	192	207	0	0	8	394	360	312	0	10	473	226
2014-07-20	01:38:52	1199	167	202	403	337	190	193	207	0	0	8	394	359	312	0	10	473	226
2014-07-20	01:39:52	1199	167	202	402	336	181	193	207	0	0	8	393	359	312	0	10	473	226
2014-07-20	01:40:52	1199	167	202	402	336	181	194	207	0	0	8	393	359	311	0	10	473	226
2014-07-20	01:41:52	1199	167	202	401	336	182	194	207	0	0	8	392	359	311	0	10	473	226
2014-07-20	01:42:52	1199	167	202	401	335	183	195	207	0	0	8	392	358	311	0	10	472	226
2014-07-20	01:43:52	1199	167	201	400	334	185	195	207	0	0	8	392	358	310	0	10	472	226
2014-07-20	01:44:52	1199	167	201	399	334	187	196	207	0	0	8	391	358	310	0	10	472	226
2014-07-20	01:45:52	1199	167	201	399	333	188	196	207	0	0	8	391	358	310	0	10	472	226
2014-07-20	01:46:52	1199	166	201	397	333	179	197	207	0	0	8	390	358	310	0	10	472	226
2014-07-20	01:47:52	1199	166	201	397	332	180	197	207	0	0	8	390	358	309	0	10	472	226
2014-07-20	01:48:52	1199	166	201	397	332	181	197	210	0	0	8	389	358	309	0	10	472	225
2014-07-20	01:49:52	1199	166	201	396	331	182	198	210	0	0	8	389	357	309	0	10	472	225
2014-07-20	01:50:52	1199	166	201	396	331	184	198	210	0	0	8	389	357	309	0	10	472	225
2014-07-20	01:51:52	1199	166	200	395	331	185	199	207	0	0	8	388	357	309	0	10	472	226
2014-07-20	01:52:52	1199	166	200	394	331	187	199	207	0	0	8	388	356	308	0	10	472	226
2014-07-20	01:53:52	1199	166	200	394	331	178	200	207	0	0	8	387	356	308	0	10	472	226
2014-07-20	01:54:52	1199	166	200	393	330	178	200	210	0	0	8	387	356	308	0	10	472	225
2014-07-20	01:55:52	1199	166	200	392	329	180	201	210	0	0	8	387	356	307	0	10	472	225
2014-07-20	01:56:52	1199	166	200	391	329	182	202	210	0	0	8	386	355	307	0	10	472	225
2014-07-20	01:57:52	1199	166	200	390	329	183	202	207	0	0	8	386	355	307	0	10	471	226
2014-07-20	01:58:52	1199	166	200	391	328	185	203	207	0	0	8	386	355	307	0	10	471	226
2014-07-20	01:59:52	1199	165	199	390	327	182	203	212	0	0	8	386	355	306	0	10	471	225
2014-07-20	02:00:52	1199	165	199	390	327	176	203	208	0	0	8	386	354	306	0	10	471	226
2014-07-20	02:01:52	1199	165	199	389	327	177	204	208	0	0	8	385	354	306	0	10	471	226
2014-07-20	02:02:52	1199	165	199	389	326	180	204	212	0	0	8	385	353	306	0	10	471	225
2014-07-20	02:03:52	1199	165	199	388	326	181	205	208	0	0	8	384	353	305	0	10	471	226
2014-07-20	02:04:52	1199	165	199	388	325	183	205	212	0	0	8	384	353	305	0	10	471	225
2014-07-20	02:05:52	1199	165	199	387	325	184	206	212	0	0	8	384	352	305	0	10	471	225
2014-07-20	02:06:52	1199	165	198	386	325	183	206	212	0	0	8	383	352	305	0	10	471	225
2014-07-20	02:07:52	1199	165	198	386	324	176	206	212	0	0	8	383	352	305	0	10	471	225
2014-07-20	02:08:52	1199	165	198	386	323	177	207	212	0	0	8	382	352	305	0	10	471	225
2014-07-20	02:09:52	1199	165	198	385	323	178	207	212	0	0	8	382	352	304	0	10	471	225
2014-07-20	02:10:52	1199	165	198	386	323	181	207	212	0	0	8	381	351	304	0	10	471	225
2014-07-20	02:11:52	1199	165	198	384	322	182	207	212	0	0	8	381	351	304	0	10	471	225
2014-07-20	02:12:52	1199	165	198	384	322	184	208	212	0	0	8	381	351	303	0	10	471	225
2014-07-20	02:13:52	1199	164	198	384	321	182	208	212	0	0	8	380	350	303	0	10	470	225
2014-07-20	02:14:52	1199	164	197	383	321	176	208	212	0	0	8	380	350	303	0	10	470	225
2014-07-20	02:15:52	1199	164	197	382	321	177	208	212	0	0	8	380	350	303	0	10	470	225
2014-07-20	02:16:52	1199	164	197	382	320	178	209	212	0	0	8	379	350	302	0	10	470	225
2014-07-20	02:17:52	1199	164	197	381	320	180	210	212	0	0	8	379	349	303	0	10	470	225
2014-07-20	02:18:52	1199	164	197	381	319	182	210	212	0	0	8	378	349	302	0	10	470	225
2014-07-20	02:19:52	1199	164	197	380	319	183	210	212	0	0	8	378	349	302	0	10	470	225
2014-07-20	02:20:52	1199	164	197	380	319	177	210	212	0	0	8	378	349	302	0	10	470	225
2014-07-20	02:21:52	1199	164	197	379	318	175	210	212	0	0	8	377	348	302	0	10	470	225
2014-07-20	02:22:52	1199	164	196	378	318	176	211	212	0	0	8	377	348	301	0	10	470	225
2014-07-20	02:23:52	1199	164	196	378	317	178	211	212	0	0	8	377	348	301	0	10	470	225
2014-07-20	02:24:52	1199	164	196	378	317	180	211	212	0	0	8	376	348	301	0	10	470	225
2014-07-20	02:25:52	1199	164	196	377	317	181	212	212	0	0	8	376	347	301	0	10	470	225
2014-07-20	02:26:52	1199	164	196	376	316	183	212	212	0	0	8	375	347	300	0	10	470	225
2014-07-20	02:27:52	1199	163	196	376	316	178	212	212	0	0	8	375	347	300	0	10	470	225
2014-07-20	02:28:52	1199	163	196	375	315	175	212	212	0	0	8	374	346	300	0	10	470	225
2014-07-20	02:29:52	1199	163	196	375	315	176	212	212	0	0	8	374	346	300	0	10	470	225
2014-07-20	02:30:52	1199	163	196	374	315	177	213	212	0	0	8	374	346	299	0	10	469	225
2014-07-20	02:31:52	1199	163	195	374	314	180	213	212	0	0	8	373	346	299	0	10	469	225
2014-07-20	02:32:52	1199	163	195	373	314	181	213	212	0	0	8	373	345	299	0	10	469	225
2014-07-20	02:33:52	1199	163	195	373	313	182	214	212	0	0	8	372	345	298	0	10	469	225
2014-07-20	02:34:52	1199	163	195	373	313	183	214	212	0	0	8	372	345	298	0	10	469	225
2014-07-20	02:35:52	1199	163	195	372	312	179	214	212	0	0	8	372	345	298	0	10	469	225
2014-07-20	02:36:52	1199	163	195	372	312	175	214	212	0	0	8	371	344	298	0	10	469	225
2014-07-20	02:37:52	1199	162	195	371	312	177	214	213	0	0	8	371	344	298	0	10	469	225
2014-07-20	02:38:52	1199	162	195	371	312	178	214	213	0	0	8	371	344	298	0	10	469	225
2014-07-20	02:39:52	1199	161	194	370	311	180	214	213	0	0	8	370	344	297	0	10	469	225
2014-07-20	02:40:52	1199	161	194	370	311	181	214	213	0	0	8	370	344	297	0	10	469	225
2014-07-20	02:41:52	1199	161	194	370	311	183	214	213	0	0	8	370	343	297	0	10	469	225
2014-07-20	02:42:52	1199	161	194	369	310	177	214	213	0	0	8	369	343	297	0	10	469	225
2014-07-20	02:43:52	1199	161	194	369	310	175	214	213	0	0	8	369	342	297	0	10	469	225
2014-07-20	02:44:52	1199	161	194	368	309	176	214	213	0	0	8	368	342	297	0	10	469	225
2014-07-20	02:45:53	1199	161	194	368	309	177	214	213	0	0	8	368	342	297	0	10	469	225
2014-07-20	02:46:53	1199	161	194	367	309	180	215	213	0	0	8	368	342	296	0	10	469	225
2014-07-20	02:47:53	1199	161	193	366	308	181	215	213	0	0	8	367	342	296	0	10	468	225
2014-07-20	02:48:53	1199	161	193	366	308	182	215	213	0	0	8	367	342	295	0	10	468	225
2014-07-20	02:49:53	1199	161	193	366	308	183	215	213	0	0	8	366	341	295	0	10	468	225
2014-07-20	02:50:53	1199	161	193	365	307	181	216	213	0	0	8	366	341	295	0	10	468	225
2014-07-20	02:51:53	1199	161	193	365	307	176	215	213	0	0	8	366	341	295	0	10	468	225
2014-07-20	02:52:53	1199	161	193	364	307	176	215	213	0	0	8	365	340	295	0	10	468	225
2014-07-20	02:53:53	1199	160	193	364	306	178	215	215	0	0	8	365	340	294	0	10	468	225
2014-07-20	02:54:53	1199	160	193	364	306	180	215	215	0	0	8	365	340	294	0	10	468	225
2014-07-20	02:55:53	1199	160	193	363	306	181	215	215	0	0	8	364	340	294	0	10	468	225
2014-07-20	02:56:53	1199	160	192	363	305	182	215	215	0	0	8	364	340	294	0	10	468	225
2014-07-20	02:57:53	1199	160	192	363	305	184	216	215	0	0	8	364	339	294	0	10	468	225
2014-07-20	02:58:53	1199	160	192	362	305	185	216	215	0	0	8	363	339	294	0	10	468	225
2014-07-20	02:59:53	1199	160	192	362	304	186	216	215	0	0	8	363	339	294	0	10	468	225
2014-07-20	03:00:53	1199	160	192	362	304	180	215	215	0	0	8	363	338	294	0	10	468	225
2014-07-20	03:01:53	1199	160	192	361	304	177	215	215	0	0	8	362	338	294	0	10	468	225
2014-07-20	03:02:53	1199	160	192	361	303	178	215	215	0	0	8	362	338	294	0	10	468	225
2014-07-20	03:03:53	1199	160	192	361	303	181	215	215	0	0	8	362	338	294	0	10	468	225
2014-07-20	03:04:53	1199	160	191	360	303	182	215	215	0	0	8	362	338	294	0	10	468	225
2014-07-20	03:05:53	1199	160	191	359	303	183	215	215	0	0	8	361	338	294	0	10	467	225
2014-07-20	03:06:53	1199	160	191	359	302	184	216	215	0	0	8	361	337	293	0	10	467	225
2014-07-20	03:07:53	1199	160	191	359	302	185	216	215	0	0	8	360	337	293	0	10	467	225
2014-07-20	03:08:53	1199	160	191	358	301	186	216	215	0	0	8	360	337	293	0	10	467	225
2014-07-20	03:09:53	1199	159	191	358	301	187	216	214	0	0	8	360	337	293	0	10	467	225
2014-07-20	03:10:53	1199	159	191	358	301	181	216	214	0	0	8	360	336	292	0	10	467	225
2014-07-20	03:11:53	1199	159	191	358	301	180	215	214	0	0	8	359	336	292	0	10	467	225
2014-07-20	03:12:53	1199	159	190	358	300	181	216	214	0	0	8	359	336	292	0	10	467	225
2014-07-20	03:13:53	1199	159	190	358	300	182	215	214	0	0	8	359	336	292	0	10	467	225
2014-07-20	03:14:53	1199	159	190	357	300	183	215	214	0	0	8	358	335	292	0	10	467	225
2014-07-20	03:15:53	1199	159	190	357	299	184	216	214	0	0	8	358	335	291	0	10	467	225
2014-07-20	03:16:53	1199	159	190	357	299	186	216	214	0	0	8	358	335	291	0	10	467	225
2014-07-20	03:17:53	1199	159	190	357	299	186	216	214	0	0	8	358	335	291	0	10	467	225
2014-07-20	03:18:53	1199	159	190	356	299	188	216	214	0	0	8	358	335	291	0	10	467	225
2014-07-20	03:19:53	1199	159	190	356	298	188	216	214	0	0	8	358	335	291	0	10	467	225
2014-07-20	03:20:53	1199	159	189	355	298	185	216	217	0	0	8	357	334	291	0	10	467	224
2014-07-20	03:21:53	1199	159	189	356	298	181	215	214	0	0	8	357	334	291	0	10	467	225
2014-07-20	03:22:53	1199	158	189	355	297	182	216	214	0	0	8	357	334	290	0	10	466	225
2014-07-20	03:23:53	1199	158	189	355	297	183	215	214	0	0	8	357	334	290	0	10	466	225
2014-07-20	03:24:53	1199	158	189	354	297	184	216	214	0	0	8	356	334	290	0	10	466	225
2014-07-20	03:25:53	1199	158	189	354	297	185	216	217	0	0	8	356	333	290	0	10	466	224
2014-07-20	03:26:53	1199	158	189	354	296	186	216	214	0	0	8	356	333	290	0	10	466	225
2014-07-20	03:27:53	1199	158	189	353	296	188	216	214	0	0	8	355	333	290	0	10	466	225
2014-07-20	03:28:53	1199	158	189	353	296	188	216	214	0	0	8	355	333	290	0	10	466	225
2014-07-20	03:29:53	1199	158	188	353	296	190	216	214	0	0	8	355	333	290	0	10	466	225
2014-07-20	03:30:53	1199	158	188	352	295	191	216	214	0	0	8	354	333	290	0	10	466	225
2014-07-20	03:31:53	1199	158	188	352	295	192	216	214	0	0	8	354	332	289	0	10	466	225
2014-07-20	03:32:53	1199	158	188	352	295	193	217	217	0	0	8	354	332	289	0	10	466	224
2014-07-20	03:33:53	1199	158	188	352	294	194	217	214	0	0	8	353	332	289	0	10	466	225
2014-07-20	03:34:53	1199	157	188	351	294	195	218	216	0	0	8	353	332	289	0	10	466	225
2014-07-20	03:35:53	1199	157	188	351	294	196	218	219	0	0	8	353	332	289	0	10	466	224
2014-07-20	03:36:53	1199	157	188	350	294	197	218	216	0	0	8	353	332	289	0	10	466	225
2014-07-20	03:37:53	1199	157	188	350	294	198	218	219	0	0	8	352	332	289	0	10	465	224
2014-07-20	03:38:53	1199	157	187	350	294	198	218	216	0	0	8	352	331	289	0	10	465	225
2014-07-20	03:39:53	1199	157	187	350	294	199	218	219	0	0	8	352	331	288	0	10	465	224
2014-07-20	03:40:53	1199	157	187	350	294	200	218	216	0	0	8	352	331	288	0	10	465	225
2014-07-20	03:41:53	1199	157	187	349	293	202	218	216	0	0	8	351	331	288	0	10	466	225
2014-07-20	03:42:53	1199	157	187	349	293	203	219	219	0	0	8	351	331	288	0	10	465	224
2014-07-20	03:43:53	1199	157	187	349	293	203	219	219	0	0	8	351	331	288	0	10	465	224
2014-07-20	03:44:53	1199	156	187	348	293	204	219	219	0	0	8	350	331	288	0	10	465	224
2014-07-20	03:45:53	1199	156	187	348	293	204	219	219	0	0	8	350	331	288	0	10	465	224
2014-07-20	03:46:53	1199	156	187	348	292	205	219	216	0	0	8	350	331	288	0	10	465	225
2014-07-20	03:47:53	1199	156	186	347	292	206	219	219	0	0	8	350	331	288	0	10	465	224
2014-07-20	03:48:53	1199	156	186	347	292	207	219	219	0	0	8	349	331	288	0	10	465	224
2014-07-20	03:49:53	1199	156	186	347	291	207	219	219	0	0	8	349	331	288	0	10	465	224
2014-07-20	03:50:53	1199	156	186	347	291	208	219	219	0	0	8	349	330	288	0	10	465	224
2014-07-20	03:51:53	1199	156	186	346	291	209	219	219	0	0	8	349	331	288	0	10	465	224
2014-07-20	03:52:53	1199	156	186	346	291	209	219	219	0	0	8	348	331	287	0	10	465	224
2014-07-20	03:53:53	1199	156	186	346	291	210	219	219	0	0	8	348	330	288	0	10	465	224
2014-07-20	03:54:53	1199	155	186	346	291	210	220	219	0	0	8	348	330	288	0	10	465	224
2014-07-20	03:55:53	1199	155	186	345	290	211	220	219	0	0	8	347	330	288	0	10	465	224
2014-07-20	03:56:53	1199	155	185	345	290	212	220	219	0	0	8	347	330	287	0	10	465	224
2014-07-20	03:57:53	1199	155	185	345	290	212	220	219	0	0	8	347	330	287	0	10	465	224
2014-07-20	03:58:53	1199	155	185	344	290	213	220	219	0	0	8	346	330	287	0	10	465	224
2014-07-20	03:59:53	1199	155	185	344	289	213	220	219	0	0	8	346	329	287	0	10	465	224
2014-07-20	04:00:53	1199	155	185	344	289	214	220	219	0	0	8	346	329	287	0	10	464	224
2014-07-20	04:01:54	1199	155	185	344	289	215	220	219	0	0	8	345	329	287	0	10	465	224
2014-07-20	04:02:54	1199	155	185	344	289	215	220	219	0	0	8	345	329	287	0	10	464	224
2014-07-20	04:03:54	1199	155	185	343	288	216	220	219	0	0	8	345	329	287	0	10	464	224
2014-07-20	04:04:54	1199	155	184	343	288	216	220	219	0	0	8	345	329	287	0	10	464	224
2014-07-20	04:05:54	1199	155	184	343	288	218	220	219	0	0	8	344	329	287	0	10	464	224
2014-07-20	04:06:54	1199	154	184	342	288	218	220	220	0	0	8	344	329	287	0	10	464	224
2014-07-20	04:07:54	1199	154	184	342	288	219	221	220	0	0	8	344	329	287	0	10	464	224
2014-07-20	04:08:54	1199	154	184	342	288	219	221	220	0	0	8	343	329	287	0	10	464	224
2014-07-20	04:09:54	1199	153	184	341	287	220	221	220	0	0	8	343	328	287	0	10	464	224
2014-07-20	04:10:54	1199	153	184	342	287	220	220	220	0	0	8	343	328	286	0	10	464	224
2014-07-20	04:11:54	1199	153	184	341	287	221	221	220	0	0	8	343	328	286	0	10	464	224
2014-07-20	04:12:54	1199	153	184	340	287	221	221	220	0	0	8	342	328	286	0	10	464	224
2014-07-20	04:13:54	1199	153	183	340	286	222	221	220	0	0	8	342	328	286	0	10	464	224
2014-07-20	04:14:54	1199	153	183	340	286	222	221	220	0	0	8	342	328	286	0	10	464	224
2014-07-20	04:15:54	1199	153	183	340	286	223	221	220	0	0	8	342	328	286	0	10	463	224
2014-07-20	04:16:54	1199	153	183	340	286	223	221	220	0	0	8	341	328	286	0	10	463	224
2014-07-20	04:17:54	1199	153	183	340	286	223	221	220	0	0	8	341	328	286	0	10	463	224
2014-07-20	04:18:54	1199	153	183	339	286	224	221	220	0	0	8	341	327	286	0	10	463	224
2014-07-20	04:19:54	1199	153	183	339	285	224	221	220	0	0	8	340	327	287	0	10	463	224
2014-07-20	04:20:54	1199	153	183	339	285	225	221	220	0	0	8	340	327	286	0	10	463	224
2014-07-20	04:21:54	1199	153	183	338	285	225	221	220	0	0	8	340	327	286	0	10	463	224
2014-07-20	04:22:54	1199	153	182	338	285	225	221	220	0	0	8	340	327	286	0	10	463	224
2014-07-20	04:23:54	1199	153	182	338	285	226	221	220	0	0	8	339	327	286	0	10	463	224
2014-07-20	04:24:54	1199	152	182	338	284	226	221	222	0	0	8	339	327	286	0	10	463	224
2014-07-20	04:25:54	1199	152	182	338	284	227	221	222	0	0	8	339	327	286	0	10	463	224
2014-07-20	04:26:54	1199	152	182	337	284	227	221	222	0	0	8	338	327	286	0	10	463	224
2014-07-20	04:27:54	1199	152	182	337	284	228	221	222	0	0	8	338	327	286	0	10	463	224
2014-07-20	04:28:54	1199	152	182	337	284	228	221	222	0	0	8	338	327	286	0	10	463	224
2014-07-20	04:29:54	1199	152	182	337	284	228	222	222	0	0	8	338	327	286	0	10	463	224
2014-07-20	04:30:54	1199	152	182	337	284	229	221	222	0	0	8	337	326	285	0	10	463	224
2014-07-20	04:31:54	1199	152	181	337	283	229	222	222	0	0	8	337	326	285	0	10	462	224
2014-07-20	04:32:54	1199	152	181	336	283	229	222	222	0	0	8	337	327	286	0	10	462	224
2014-07-20	04:33:54	1199	152	181	336	283	230	222	222	0	0	8	336	326	286	0	10	463	224
2014-07-20	04:34:54	1199	152	181	336	283	230	222	222	0	0	8	336	327	285	0	10	462	224
2014-07-20	04:35:54	1199	152	181	336	282	230	222	222	0	0	8	336	327	285	0	10	463	224
2014-07-20	04:36:54	1199	152	181	335	283	231	222	222	0	0	8	336	327	285	0	10	462	224
2014-07-20	04:37:54	1199	151	181	335	282	231	222	222	0	0	8	335	327	285	0	10	462	224
2014-07-20	04:38:54	1199	151	181	335	282	231	222	222	0	0	8	335	326	285	0	10	462	224
2014-07-20	04:39:54	1199	151	181	335	282	232	222	222	0	0	8	335	326	285	0	10	462	224
2014-07-20	04:40:54	1199	151	180	334	282	232	222	222	0	0	8	335	327	285	0	10	462	224
2014-07-20	04:41:54	1199	151	180	334	282	232	222	222	0	0	8	335	326	285	0	10	462	224
2014-07-20	04:42:54	1199	151	180	334	281	232	222	222	0	0	8	334	326	285	0	10	462	224
2014-07-20	04:43:54	1199	151	180	334	281	233	222	222	0	0	8	334	326	285	0	10	462	224
2014-07-20	04:44:55	1199	151	180	334	281	233	222	222	0	0	8	334	326	285	0	10	462	224
2014-07-20	04:45:55	1199	151	180	334	281	233	223	222	0	0	8	334	326	285	0	10	462	224
2014-07-20	04:46:55	1199	151	180	333	281	234	222	222	0	0	8	333	326	285	0	10	462	224
2014-07-20	04:47:55	1199	151	180	333	281	234	222	222	0	0	8	333	326	285	0	10	462	224
2014-07-20	04:48:55	1199	151	180	333	281	234	223	222	0	0	8	333	326	285	0	10	462	224
2014-07-20	04:49:55	1199	151	180	333	280	235	223	222	0	0	8	333	326	285	0	10	461	224
2014-07-20	04:50:55	1199	151	179	332	280	235	222	222	0	0	8	332	326	285	0	10	462	224
2014-07-20	04:51:55	1199	151	179	332	280	235	223	222	0	0	8	332	326	285	0	10	461	224
2014-07-20	04:52:55	1199	151	179	332	280	235	222	222	0	0	8	332	326	285	0	10	461	224
2014-07-20	04:53:55	1199	151	179	332	280	236	223	222	0	0	8	332	326	285	0	10	461	224
2014-07-20	04:54:55	1199	151	179	332	280	236	223	222	0	0	8	331	325	285	0	10	461	224
2014-07-20	04:55:55	1199	150	179	331	280	236	223	222	0	0	8	331	326	285	0	10	461	224
2014-07-20	04:56:55	1199	150	179	331	280	236	223	222	0	0	8	331	325	284	0	10	461	224
2014-07-20	04:57:55	1199	150	179	331	280	237	223	222	0	0	8	331	325	285	0	10	461	224
2014-07-20	04:58:55	1199	150	179	331	279	237	223	222	0	0	8	331	325	284	0	10	461	224
2014-07-20	04:59:55	1199	150	178	331	279	237	223	222	0	0	8	331	325	284	0	10	461	224
2014-07-20	05:00:55	1199	150	178	331	279	237	223	222	0	0	8	331	325	284	0	10	461	224
2014-07-20	05:01:55	1199	150	178	331	279	238	223	222	0	0	8	331	325	284	0	10	461	224
2014-07-20	05:02:55	1199	150	178	331	279	238	223	222	0	0	8	330	325	284	0	10	461	224
2014-07-20	05:03:55	1199	150	178	331	279	238	223	222	0	0	8	330	325	284	0	10	461	224
2014-07-20	05:04:55	1199	150	178	331	278	238	223	222	0	0	8	330	325	284	0	10	461	224
2014-07-20	05:05:55	1199	150	178	330	278	239	223	222	0	0	8	330	325	284	0	10	461	224
2014-07-20	05:06:55	1199	150	178	331	278	239	223	222	0	0	8	329	325	284	0	10	461	224
2014-07-20	05:07:55	1199	150	178	330	278	239	223	222	0	0	8	329	325	284	0	10	460	224
2014-07-20	05:08:55	1199	150	177	331	278	239	223	222	0	0	8	329	324	284	0	10	460	224
2014-07-20	05:09:55	1199	150	177	331	278	240	223	222	0	0	8	329	324	284	0	10	460	224
2014-07-20	05:10:55	1199	150	177	330	278	240	223	222	0	0	8	329	324	284	0	10	460	224
2014-07-20	05:11:55	1199	149	177	330	277	240	224	223	0	0	8	328	324	284	0	10	460	224
2014-07-20	05:12:55	1199	149	177	329	277	240	223	226	0	0	8	328	324	284	0	10	460	223
2014-07-20	05:13:55	1199	149	177	329	277	240	224	223	0	0	8	328	324	284	0	10	460	224
2014-07-20	05:14:56	1199	149	177	329	277	241	224	226	0	0	8	328	324	284	0	10	460	223
2014-07-20	05:15:56	1199	149	177	329	277	241	224	226	0	0	8	327	324	284	0	10	460	223
2014-07-20	05:16:56	1199	149	177	329	277	241	224	223	0	0	8	327	324	284	0	10	460	224
2014-07-20	05:17:56	1199	149	176	328	277	241	224	226	0	0	8	327	324	283	0	10	460	223
2014-07-20	05:18:56	1199	149	176	328	277	241	224	226	0	0	8	327	324	284	0	10	460	223
2014-07-20	05:19:56	1199	149	176	328	276	242	224	226	0	0	8	326	324	284	0	10	460	223
2014-07-20	05:20:56	1199	149	176	328	276	242	224	226	0	0	8	326	323	284	0	10	460	223
2014-07-20	05:21:56	1199	149	176	328	276	242	224	226	0	0	8	326	323	283	0	10	460	223
2014-07-20	05:22:56	1199	149	176	327	276	242	224	226	0	0	8	326	323	283	0	10	460	223
2014-07-20	05:23:56	1199	149	176	328	276	243	224	226	0	0	8	326	324	283	0	10	460	223
2014-07-20	05:24:56	1199	149	176	327	276	243	224	226	0	0	8	325	323	283	0	10	460	223
2014-07-20	05:25:56	1199	149	176	327	276	243	224	226	0	0	8	325	323	283	0	10	460	223
2014-07-20	05:26:56	1199	149	176	327	276	243	224	223	0	0	8	325	323	283	0	10	459	224
2014-07-20	05:27:56	1199	149	175	327	275	243	224	226	0	0	8	325	323	283	0	10	459	223
2014-07-20	05:28:56	1199	149	175	327	275	243	224	226	0	0	8	325	323	283	0	10	459	223
2014-07-20	05:29:56	1199	149	175	327	275	244	224	226	0	0	8	324	323	283	0	10	459	223
2014-07-20	05:30:56	1199	149	175	327	275	244	224	226	0	0	8	324	323	283	0	10	459	223
2014-07-20	05:31:56	1199	149	175	327	275	244	224	226	0	0	8	324	323	283	0	10	459	223
2014-07-20	05:32:56	1199	149	175	326	275	244	224	226	0	0	8	323	323	283	0	10	459	223
2014-07-20	05:33:56	1199	150	175	326	275	244	224	225	0	0	8	323	323	283	0	10	459	223
2014-07-20	05:34:56	1199	149	175	326	274	244	224	226	0	0	8	323	323	283	0	10	459	223
2014-07-20	05:35:56	1199	149	175	326	274	245	225	226	0	0	8	323	323	283	0	10	459	223
2014-07-20	05:36:56	1199	150	175	326	274	245	225	225	0	0	8	323	323	283	0	10	459	223
2014-07-20	05:37:56	1199	149	175	326	274	246	225	226	0	0	8	322	322	283	0	10	459	223
2014-07-20	05:38:56	1199	150	174	326	274	246	225	225	0	0	8	322	322	283	0	10	459	223
2014-07-20	05:39:56	1199	150	174	325	274	246	225	225	0	0	8	322	322	283	0	10	459	223
2014-07-20	05:40:56	1199	149	174	325	274	246	225	226	0	0	8	322	322	283	0	10	459	223
2014-07-20	05:41:56	1199	149	174	325	274	246	225	226	0	0	8	322	322	283	0	10	459	223
2014-07-20	05:42:56	1199	149	174	325	274	247	225	226	0	0	8	321	322	283	0	10	459	223
2014-07-20	05:43:56	1199	149	174	325	273	247	225	226	0	0	8	321	322	282	0	10	458	223
2014-07-20	05:44:56	1199	149	174	325	273	247	225	226	0	0	8	321	322	282	0	10	459	223
2014-07-20	05:45:56	1199	149	174	325	273	247	225	226	0	0	8	321	322	283	0	10	459	223
2014-07-20	05:46:56	1199	149	174	324	273	247	225	226	0	0	8	321	322	282	0	10	458	223
2014-07-20	05:47:56	1199	149	174	324	273	247	225	226	0	0	8	320	322	282	0	10	458	223
2014-07-20	05:48:56	1199	149	174	324	273	248	225	226	0	0	8	320	322	283	0	10	458	223
2014-07-20	05:49:56	1199	149	173	324	273	247	225	226	0	0	8	320	322	282	0	10	458	223
2014-07-20	05:50:56	1199	149	173	324	273	248	225	226	0	0	8	320	322	282	0	10	458	223
2014-07-20	05:51:56	1199	149	173	324	273	248	225	226	0	0	8	319	322	282	0	10	458	223
2014-07-20	05:52:56	1199	149	173	324	273	248	225	226	0	0	8	319	322	282	0	10	458	223
2014-07-20	05:53:56	1199	149	173	324	273	248	225	226	0	0	8	319	321	282	0	10	458	223
2014-07-20	05:54:56	1199	149	173	323	272	248	225	226	0	0	8	319	321	282	0	10	458	223
2014-07-20	05:55:56	1199	149	173	323	272	248	225	226	0	0	8	319	321	282	0	10	458	223
2014-07-20	05:56:56	1199	149	173	323	272	248	226	226	0	0	8	319	321	282	0	10	458	223
2014-07-20	05:57:56	1199	149	173	323	272	249	226	226	0	0	8	318	321	282	0	10	458	223
2014-07-20	05:58:56	1199	149	173	323	272	249	225	226	0	0	8	318	321	282	0	10	458	223
2014-07-20	05:59:56	1199	149	173	323	272	249	226	226	0	0	8	318	321	282	0	10	458	223
2014-07-20	06:00:56	1199	149	172	323	272	249	226	226	0	0	8	318	321	282	0	10	458	223
2014-07-20	06:01:56	1199	149	172	323	272	249	226	226	0	0	8	318	321	282	0	10	458	223
2014-07-20	06:02:56	1199	150	172	322	272	249	226	225	0	0	8	317	321	282	0	10	458	223
2014-07-20	06:03:56	1199	150	172	322	272	249	226	225	0	0	8	317	321	282	0	10	458	223
2014-07-20	06:04:56	1199	150	172	322	272	249	226	225	0	0	8	317	321	282	0	10	457	223
2014-07-20	06:05:56	1199	150	172	322	271	249	226	225	0	0	8	317	321	282	0	10	458	223
2014-07-20	06:06:56	1199	150	172	322	271	250	226	225	0	0	8	317	321	282	0	10	457	223
2014-07-20	06:07:56	1199	150	172	322	271	250	226	225	0	0	8	316	321	282	0	10	457	223
2014-07-20	06:08:56	1199	150	172	322	271	250	226	225	0	0	8	316	320	282	0	10	457	223
2014-07-20	06:09:56	1199	150	172	322	271	250	226	225	0	0	8	316	321	282	0	10	457	223
2014-07-20	06:10:56	1199	150	172	321	271	250	226	225	0	0	8	316	320	282	0	10	457	223
2014-07-20	06:11:56	1199	150	171	321	271	250	226	225	0	0	8	316	320	282	0	10	457	223
2014-07-20	06:12:56	1199	150	171	321	271	250	226	225	0	0	8	315	320	282	0	10	457	223
2014-07-20	06:13:56	1199	150	171	321	271	250	226	225	0	0	8	315	320	282	0	10	457	223
2014-07-20	06:14:56	1199	150	171	321	271	251	226	225	0	0	8	315	320	282	0	10	457	223
2014-07-20	06:15:56	1199	150	171	321	270	251	226	225	0	0	8	315	320	282	0	10	457	223
2014-07-20	06:16:56	1199	150	171	321	270	251	226	225	0	0	8	315	320	281	0	10	457	223
2014-07-20	06:17:56	1199	150	171	321	270	251	227	225	0	0	8	314	320	282	0	10	457	223
2014-07-20	06:18:56	1199	151	171	321	270	251	226	225	0	0	8	314	320	281	0	10	457	223
2014-07-20	06:19:56	1199	151	171	321	270	251	227	225	0	0	8	314	320	281	0	10	457	223
2014-07-20	06:20:56	1199	151	171	320	270	251	227	225	0	0	8	314	320	281	0	10	457	223
2014-07-20	06:21:56	1199	151	171	320	270	251	227	225	0	0	8	314	320	281	0	10	457	223
2014-07-20	06:22:56	1199	151	171	320	270	251	227	225	0	0	8	313	320	281	0	10	456	223
2014-07-20	06:23:56	1199	151	171	320	270	251	227	225	0	0	8	313	320	281	0	10	457	223
2014-07-20	06:24:56	1199	151	171	320	270	252	227	225	0	0	8	313	319	281	0	10	456	223
2014-07-20	06:25:56	1199	151	170	320	270	252	227	225	0	0	8	313	319	281	0	10	456	223
2014-07-20	06:26:56	1199	151	170	320	269	252	227	225	0	0	8	313	319	282	0	10	456	223
2014-07-20	06:27:56	1199	151	170	320	269	252	227	225	0	0	8	312	320	281	0	10	456	223
2014-07-20	06:28:56	1199	151	170	320	269	252	227	225	0	0	8	312	319	281	0	10	456	223
2014-07-20	06:29:56	1199	151	170	320	269	248	227	225	0	0	8	312	320	281	0	10	456	223
2014-07-20	06:30:57	1199	151	170	319	269	244	226	225	0	0	8	312	320	281	0	10	456	223
2014-07-20	06:31:57	1199	151	170	319	269	244	225	225	0	0	8	312	320	281	0	10	456	223
2014-07-20	06:32:57	1199	151	170	319	269	244	225	229	0	0	8	312	320	281	0	10	456	222
2014-07-20	06:33:57	1199	151	170	319	269	244	225	229	0	0	8	312	319	281	0	10	456	222
2014-07-20	06:34:57	1199	151	170	319	269	246	225	225	0	0	8	311	319	281	0	10	456	223
2014-07-20	06:35:57	1199	152	170	319	269	246	226	224	0	0	8	311	319	281	0	10	456	223
2014-07-20	06:36:57	1199	152	170	319	269	246	225	224	0	0	8	311	319	280	0	10	456	223
2014-07-20	06:37:57	1199	152	170	319	269	246	226	224	0	0	8	311	319	280	0	10	456	223
2014-07-20	06:38:57	1199	152	170	319	269	247	226	227	0	0	8	311	319	280	0	10	456	222
2014-07-20	06:39:57	1199	152	169	319	268	247	226	224	0	0	8	311	319	280	0	10	456	223
2014-07-20	06:40:57	1199	152	169	319	268	247	226	224	0	0	8	310	319	280	0	10	456	223
2014-07-20	06:41:57	1199	152	169	318	268	248	226	224	0	0	8	310	319	280	0	10	456	223
2014-07-20	06:42:57	1199	152	169	318	268	247	226	227	0	0	8	310	319	280	0	10	455	222
2014-07-20	06:43:57	1199	152	169	318	268	240	225	224	0	0	8	310	319	280	0	10	455	223
2014-07-20	06:44:57	1199	152	169	318	268	239	226	224	0	0	8	309	319	280	0	10	455	223
2014-07-20	06:45:57	1199	152	169	318	268	240	225	227	0	0	8	309	318	280	0	10	455	222
2014-07-20	06:46:57	1199	153	169	318	268	240	225	227	0	0	8	309	318	280	0	10	455	222
2014-07-20	06:47:57	1199	153	169	318	267	241	226	227	0	0	8	309	318	280	0	10	455	222
2014-07-20	06:48:57	1199	153	169	318	268	241	226	227	0	0	8	309	318	280	0	10	455	222
2014-07-20	06:49:57	1199	153	169	318	267	241	226	224	0	0	8	309	318	280	0	10	455	223
2014-07-20	06:50:57	1199	153	169	317	267	242	226	227	0	0	8	309	318	280	0	10	455	222
2014-07-20	06:51:57	1199	153	169	317	267	242	226	227	0	0	8	308	318	280	0	10	455	222
2014-07-20	06:52:57	1199	153	169	317	267	243	226	224	0	0	8	308	318	280	0	10	455	223
2014-07-20	06:53:57	1199	153	169	317	267	242	226	224	0	0	8	308	318	280	0	10	455	223
2014-07-20	06:54:57	1199	153	169	317	267	235	226	227	0	0	8	308	318	280	0	10	455	222
2014-07-20	06:55:57	1199	153	168	317	267	235	226	227	0	0	8	308	318	279	0	10	455	222
2014-07-20	06:56:57	1199	153	168	317	267	235	226	227	0	0	8	308	317	279	0	10	455	222
2014-07-20	06:57:57	1199	153	168	317	267	236	226	224	0	0	8	307	317	279	0	10	455	223
2014-07-20	06:58:57	1199	153	168	317	267	237	226	227	0	0	8	307	317	279	0	10	455	222
2014-07-20	06:59:57	1199	153	168	317	266	237	226	227	0	0	8	307	317	279	0	10	455	222
2014-07-20	07:00:57	1199	153	168	317	266	237	226	227	0	0	8	307	317	279	0	10	455	222
2014-07-20	07:01:57	1199	153	168	317	266	238	227	227	0	0	8	307	317	279	0	10	455	222
2014-07-20	07:02:57	1199	153	168	317	266	238	226	227	0	0	8	306	317	279	0	10	455	222
2014-07-20	07:03:57	1199	153	168	317	266	238	227	227	0	0	8	306	317	279	0	10	455	222
2014-07-20	07:04:57	1199	153	168	317	266	239	227	227	0	0	8	306	317	279	0	10	454	222
2014-07-20	07:05:57	1199	153	168	317	267	232	226	227	0	0	8	306	317	279	0	10	454	222
2014-07-20	07:06:57	1199	153	168	316	266	230	227	227	0	0	8	306	317	278	0	10	454	222
2014-07-20	07:07:57	1199	153	168	316	266	230	226	227	0	0	8	306	317	278	0	10	454	222
2014-07-20	07:08:57	1199	154	168	316	266	231	226	226	0	0	8	305	316	278	0	10	454	222
2014-07-20	07:09:57	1199	153	168	316	266	232	227	227	0	0	8	305	317	278	0	10	454	222
2014-07-20	07:10:57	1199	154	168	316	266	232	227	226	0	0	8	305	316	278	0	10	454	222
2014-07-20	07:11:57	1199	153	168	316	265	232	227	227	0	0	8	305	316	278	0	10	454	222
2014-07-20	07:12:57	1199	153	168	316	265	233	227	227	0	0	8	305	316	278	0	10	454	222
2014-07-20	07:13:57	1199	154	167	316	265	234	227	226	0	0	8	305	316	278	0	10	454	222
2014-07-20	07:14:57	1199	154	167	316	265	234	227	226	0	0	8	304	316	278	0	10	454	222
2014-07-20	07:15:57	1199	154	167	316	265	234	227	226	0	0	8	304	316	278	0	10	454	222
2014-07-20	07:16:57	1199	154	167	315	265	235	227	226	0	0	8	304	316	278	0	10	454	222
2014-07-20	07:17:57	1199	154	167	316	265	232	228	226	0	0	8	304	316	277	0	10	454	222
2014-07-20	07:18:57	1199	155	167	316	265	225	227	226	0	0	8	304	316	277	0	10	453	222
2014-07-20	07:19:57	1199	155	167	315	265	225	227	226	0	0	8	304	316	277	0	10	453	222
2014-07-20	07:20:57	1199	155	167	315	265	226	227	226	0	0	8	304	316	277	0	10	453	222
2014-07-20	07:21:57	1199	155	167	315	265	227	227	226	0	0	8	303	315	277	0	10	454	222
2014-07-20	07:22:57	1199	155	167	315	264	227	228	226	0	0	8	303	315	277	0	10	453	222
2014-07-20	07:23:57	1199	155	167	315	264	228	228	226	0	0	8	303	315	277	0	10	453	222
2014-07-20	07:24:57	1199	155	167	315	264	228	228	226	0	0	8	303	315	277	0	10	453	222
2014-07-20	07:25:57	1199	155	167	315	264	229	228	226	0	0	8	303	315	276	0	10	453	222
2014-07-20	07:26:57	1199	155	167	315	264	229	228	226	0	0	8	303	315	276	0	10	453	222
2014-07-20	07:27:57	1199	155	167	315	264	230	228	226	0	0	8	302	315	276	0	10	453	222
2014-07-20	07:28:57	1199	155	167	315	264	231	229	226	0	0	8	302	315	277	0	10	453	222
2014-07-20	07:29:57	1199	155	167	315	264	231	228	226	0	0	8	302	315	276	0	10	453	222
2014-07-20	07:30:57	1199	155	167	315	264	221	228	226	0	0	8	302	315	276	0	10	453	222
2014-07-20	07:31:57	1199	155	167	315	264	220	229	226	0	0	8	302	314	276	0	10	453	222
2014-07-20	07:32:57	1199	155	167	314	263	221	228	226	0	0	8	302	315	276	0	10	453	222
2014-07-20	07:33:57	1199	155	167	314	263	221	229	226	0	0	8	301	314	276	0	10	453	222
2014-07-20	07:34:57	1199	155	167	314	263	222	228	226	0	0	8	301	315	275	0	10	453	222
2014-07-20	07:35:57	1199	156	166	314	263	223	229	226	0	0	8	301	314	275	0	10	453	222
2014-07-20	07:36:57	1199	156	166	314	263	223	229	226	0	0	8	301	314	276	0	10	453	222
2014-07-20	07:37:57	1199	156	166	314	263	224	229	226	0	0	8	301	314	275	0	10	453	222
2014-07-20	07:38:57	1199	156	166	314	263	224	229	226	0	0	8	301	314	275	0	10	453	222
2014-07-20	07:39:57	1199	156	166	314	263	225	229	226	0	0	8	300	314	275	0	10	453	222
2014-07-20	07:40:57	1199	156	166	313	263	219	229	226	0	0	8	300	314	275	0	10	452	222
2014-07-20	07:41:57	1199	157	166	313	263	213	229	225	0	0	8	300	314	275	0	10	452	222
2014-07-20	07:42:57	1199	157	166	314	263	214	229	225	0	0	8	300	314	275	0	10	453	222
2014-07-20	07:43:57	1199	157	166	313	263	214	229	225	0	0	8	300	313	275	0	10	452	222
2014-07-20	07:44:57	1199	157	166	313	263	215	229	225	0	0	8	300	313	274	0	10	452	222
2014-07-20	07:45:58	1199	157	166	313	263	216	229	225	0	0	8	300	313	274	0	10	452	222
2014-07-20	07:46:58	1199	157	166	313	262	218	230	225	0	0	8	299	313	274	0	10	452	222
2014-07-20	07:47:58	1199	158	166	313	262	218	230	225	0	0	8	299	313	274	0	10	452	222
2014-07-20	07:48:58	1199	158	166	313	262	219	230	225	0	0	8	299	313	274	0	10	452	222
2014-07-20	07:49:58	1199	158	166	313	262	219	230	225	0	0	8	299	312	274	0	10	452	222
2014-07-20	07:50:58	1199	158	166	313	262	209	230	225	0	0	8	299	313	274	0	10	452	222
2014-07-20	07:51:58	1199	159	166	313	262	208	230	223	0	0	8	299	313	274	0	10	452	222
2014-07-20	07:52:58	1199	159	166	313	262	209	230	223	0	0	8	299	313	274	0	10	452	222
2014-07-20	07:53:58	1199	159	166	313	262	209	230	223	0	0	8	298	313	273	0	10	452	222
2014-07-20	07:54:58	1199	159	166	313	262	210	230	223	0	0	8	298	312	273	0	10	452	222
2014-07-20	07:55:58	1199	160	166	313	261	211	231	224	0	0	8	298	312	273	0	10	452	222
2014-07-20	07:56:58	1199	160	166	313	262	212	231	224	0	0	8	298	312	273	0	10	452	222
2014-07-20	07:57:59	1199	160	166	312	261	213	231	224	0	0	8	298	312	273	0	10	452	222
2014-07-20	07:58:59	1199	160	166	312	261	207	231	224	0	0	8	298	312	273	0	10	452	222
2014-07-20	07:59:59	1199	161	166	312	261	203	231	224	0	0	8	297	312	273	0	10	452	222
2014-07-20	08:00:59	1199	161	166	312	261	203	231	224	0	0	8	297	311	273	0	10	451	222
2014-07-20	08:01:59	1199	161	166	312	261	204	231	224	0	0	8	297	311	273	0	10	451	222
2014-07-20	08:02:59	1199	161	166	312	261	205	231	224	0	0	8	297	311	272	0	10	451	222
2014-07-20	08:03:59	1199	163	166	312	261	206	231	222	0	0	8	297	311	272	0	10	451	222
2014-07-20	08:04:59	1199	163	166	312	261	207	231	222	0	0	8	297	311	272	0	10	451	222
2014-07-20	08:05:59	1199	163	166	312	261	207	232	222	0	0	8	297	311	272	0	10	451	222
2014-07-20	08:06:59	1199	163	166	312	261	202	232	222	0	0	8	297	311	272	0	10	451	222
2014-07-20	08:07:59	1199	164	166	312	261	197	232	220	0	0	8	296	310	272	0	10	451	222
2014-07-20	08:08:59	1199	164	166	312	261	197	232	220	0	0	8	296	310	272	0	10	451	222
2014-07-20	08:09:59	1199	164	166	312	260	198	232	220	0	0	8	296	310	272	0	10	451	222
2014-07-20	08:10:59	1199	165	166	311	260	199	232	221	0	0	8	296	310	271	0	10	451	222
2014-07-20	08:11:59	1199	165	166	312	260	200	232	221	0	0	8	296	310	272	0	10	451	222
2014-07-20	08:12:59	1199	165	166	311	260	202	232	221	0	0	8	296	310	271	0	10	451	222
2014-07-20	08:13:59	1199	166	166	311	260	195	232	221	0	0	8	295	309	272	0	10	451	222
2014-07-20	08:14:59	1199	166	166	311	260	192	232	221	0	0	8	295	309	271	0	10	451	222
2014-07-20	08:15:59	1199	166	166	311	260	193	233	221	0	0	8	295	309	271	0	10	451	222
2014-07-20	08:16:59	1199	167	166	311	260	194	233	219	0	0	8	295	309	271	0	10	451	222
2014-07-20	08:17:59	1199	167	166	311	260	195	233	219	0	0	8	295	309	271	0	10	451	222
2014-07-20	08:18:59	1199	167	166	311	260	196	233	219	0	0	8	294	309	270	0	10	451	222
2014-07-20	08:19:59	1199	168	166	311	259	197	233	219	0	0	8	294	309	270	0	10	450	222
2014-07-20	08:20:59	1199	168	166	311	259	188	233	219	0	0	8	295	308	271	0	10	451	222
2014-07-20	08:21:59	1199	169	166	311	259	187	233	218	0	0	8	294	308	270	0	10	451	222
2014-07-20	08:22:59	1199	169	166	311	259	188	234	218	0	0	8	294	308	270	0	10	451	222
2014-07-20	08:23:59	1199	171	166	311	259	190	233	218	0	0	8	294	308	270	0	10	450	222
2014-07-20	08:24:59	1199	171	166	311	259	191	234	218	0	0	8	294	307	269	0	10	450	222
2014-07-20	08:25:59	1199	172	166	310	259	190	234	216	0	0	8	294	307	270	0	10	450	222
2014-07-20	08:26:59	1199	172	166	311	259	183	234	216	0	0	8	294	307	270	0	10	450	222
2014-07-20	08:27:59	1199	173	166	311	259	183	234	216	0	0	8	294	307	270	0	10	450	222
2014-07-20	08:28:59	1199	173	166	310	258	184	234	216	0	0	8	294	306	269	0	10	450	222
2014-07-20	08:29:59	1199	173	166	310	258	185	234	216	0	0	8	294	307	269	0	10	450	222
2014-07-20	08:30:59	1199	174	166	310	258	186	235	215	0	0	8	294	307	269	0	10	450	222
2014-07-20	08:31:59	1199	174	166	310	258	187	234	215	0	0	8	294	306	269	0	10	450	222
2014-07-20	08:32:59	1199	175	166	310	258	185	235	215	0	0	8	293	306	268	0	10	450	222
2014-07-20	08:33:59	1199	175	166	310	258	180	235	215	0	0	8	294	305	269	0	10	450	222
2014-07-20	08:34:59	1199	176	166	310	258	181	235	215	0	0	8	293	305	268	0	10	450	222
2014-07-20	08:35:59	1199	176	166	310	258	182	235	215	0	0	8	293	305	268	0	10	450	222
2014-07-20	08:36:59	1199	176	166	310	258	183	235	215	0	0	8	293	305	268	0	10	450	222
2014-07-20	08:37:59	1199	177	166	310	258	184	235	213	0	0	8	293	305	268	0	10	450	222
2014-07-20	08:38:59	1199	177	166	310	257	185	235	213	0	0	8	292	305	268	0	10	450	222
2014-07-20	08:39:59	1199	177	166	310	257	186	235	213	0	0	8	292	305	267	0	10	450	222
2014-07-20	08:40:59	1199	177	166	310	257	178	235	213	0	0	8	292	304	267	0	10	449	222
2014-07-20	08:41:59	1199	178	166	309	257	177	235	213	0	0	8	292	304	267	0	10	449	222
2014-07-20	08:42:59	1199	178	166	309	257	178	235	213	0	0	8	292	304	267	0	10	449	222
2014-07-20	08:43:59	1199	178	166	309	257	180	235	213	0	0	8	292	304	267	0	10	449	222
2014-07-20	08:44:59	1199	180	166	309	257	181	235	212	0	0	8	292	304	266	0	10	449	222
2014-07-20	08:45:59	1199	180	166	309	257	181	235	212	0	0	8	292	304	266	0	10	449	222
2014-07-20	08:46:59	1199	180	166	309	257	174	235	212	0	0	8	291	303	267	0	10	449	222
2014-07-20	08:47:59	1199	180	167	309	256	174	235	212	0	0	8	291	303	266	0	10	449	222
2014-07-20	08:48:59	1199	181	167	309	256	175	235	212	0	0	8	291	303	266	0	10	449	222
2014-07-20	08:49:59	1199	181	167	309	256	176	235	212	0	0	8	291	303	266	0	10	449	222
2014-07-20	08:50:59	1199	181	167	309	256	177	235	212	0	0	8	291	303	266	0	10	449	222
2014-07-20	08:51:59	1199	182	167	309	256	178	235	210	0	0	8	291	303	265	0	10	449	222
2014-07-20	08:52:59	1199	182	167	309	256	180	235	210	0	0	8	290	303	265	0	10	449	222
2014-07-20	08:53:59	1199	182	167	308	256	181	235	210	0	0	8	290	303	265	0	10	449	222
2014-07-20	08:54:59	1199	182	167	308	256	182	235	210	0	0	8	290	303	265	0	10	449	222
2014-07-20	08:55:59	1199	182	167	308	256	183	235	210	0	0	8	290	303	265	0	10	449	222
2014-07-20	08:56:59	1199	182	167	308	256	184	235	210	0	0	8	290	303	264	0	10	449	222
2014-07-20	08:57:59	1199	183	167	308	255	184	235	210	0	0	8	290	303	264	0	10	449	222
2014-07-20	08:58:59	1199	183	167	308	255	185	235	210	0	0	8	290	303	264	0	10	449	222
2014-07-20	08:59:59	1199	183	167	308	256	186	235	210	0	0	8	289	303	264	0	10	449	222
2014-07-20	09:01:00	1199	183	167	308	255	187	235	210	0	0	8	289	303	264	0	10	448	222
2014-07-20	09:02:00	1199	184	167	308	255	188	235	208	0	0	8	289	303	264	0	10	449	222
2014-07-20	09:03:00	1199	184	167	308	255	188	235	208	0	0	8	289	303	264	0	10	448	222
2014-07-20	09:04:00	1199	184	167	308	255	190	235	208	0	0	8	289	303	264	0	10	449	222
2014-07-20	09:05:00	1199	185	168	308	255	191	235	209	0	0	8	289	302	264	0	10	448	222
2014-07-20	09:06:00	1199	185	168	307	255	191	235	209	0	0	8	289	302	264	0	10	448	222
2014-07-20	09:07:00	1199	186	168	307	255	192	235	209	0	0	8	288	302	264	0	10	448	222
2014-07-20	09:08:00	1199	187	168	308	255	193	235	207	0	0	8	288	302	264	0	10	448	222
2014-07-20	09:09:00	1199	188	168	307	254	193	235	207	0	0	8	288	302	264	0	10	448	222
2014-07-20	09:10:00	1199	190	168	307	254	194	235	205	0	0	8	288	302	264	0	10	448	222
2014-07-20	09:11:00	1199	192	168	307	254	195	235	203	0	0	8	287	302	264	0	10	448	222
2014-07-20	09:12:00	1199	194	168	307	254	195	235	201	0	0	8	288	302	264	0	10	448	222
2014-07-20	09:13:00	1199	196	168	307	254	196	235	200	0	0	8	288	302	264	0	10	448	223
2014-07-20	09:14:00	1199	197	168	307	254	197	235	201	0	0	8	287	302	264	0	10	448	222
2014-07-20	09:15:00	1199	199	168	307	254	197	235	200	0	0	8	287	302	264	0	10	448	222
2014-07-20	09:16:00	1199	202	169	307	254	198	235	200	0	0	8	287	302	264	0	10	448	223
2014-07-20	09:17:00	1199	204	169	307	254	198	235	200	0	0	8	287	302	264	0	10	448	222
2014-07-20	09:18:00	1199	205	169	307	254	199	235	200	0	0	8	287	302	264	0	10	448	222
2014-07-20	09:19:00	1199	206	169	307	254	199	235	200	0	0	8	287	302	264	0	10	448	222
2014-07-20	09:20:00	1199	206	169	306	254	200	234	200	0	0	8	287	302	264	0	10	448	222
2014-07-20	09:21:00	1199	206	169	306	253	201	234	200	0	0	8	286	301	264	0	10	448	222
2014-07-20	09:22:00	1199	206	169	307	253	202	235	200	0	0	8	286	301	263	0	10	448	222
2014-07-20	09:23:00	1199	207	169	306	253	202	235	200	0	0	8	286	302	264	0	10	448	223
2014-07-20	09:24:00	1199	208	170	307	253	202	235	200	0	0	8	287	302	263	0	10	448	222
2014-07-20	09:25:00	1199	208	170	306	253	203	235	200	0	0	8	286	301	264	0	10	447	223
2014-07-20	09:26:00	1199	209	170	306	253	204	235	200	0	0	8	286	302	264	0	10	447	223
2014-07-20	09:27:00	1199	209	170	306	253	204	235	200	0	0	8	286	301	264	0	10	447	223
2014-07-20	09:28:00	1199	209	170	306	253	205	234	200	0	0	8	286	302	264	0	10	448	223
2014-07-20	09:29:00	1199	208	170	306	253	205	234	200	0	0	8	286	301	264	0	10	448	223
2014-07-20	09:30:00	1199	207	170	306	253	206	234	200	0	0	8	286	301	264	0	10	447	222
2014-07-20	09:31:00	1199	206	171	305	253	206	234	200	0	0	8	285	301	264	0	10	447	223
2014-07-20	09:32:00	1199	206	171	306	253	206	234	200	0	0	8	285	301	263	0	10	447	223
2014-07-20	09:33:00	1199	205	171	305	252	207	234	200	0	0	8	285	301	264	0	10	447	223
2014-07-20	09:34:00	1199	205	171	305	253	208	234	200	0	0	8	285	301	264	0	10	447	223
2014-07-20	09:35:00	1199	205	171	305	253	208	234	200	0	0	8	285	301	264	0	10	447	223
2014-07-20	09:36:00	1199	206	171	305	252	208	234	200	0	0	8	285	301	264	0	10	447	223
2014-07-20	09:37:00	1199	207	171	305	252	209	234	200	0	0	8	284	301	264	0	10	445	223
2014-07-20	09:38:00	1199	208	171	305	252	209	234	200	0	0	8	284	301	263	0	10	444	223
2014-07-20	09:39:00	1199	210	172	305	252	209	234	200	0	0	8	284	301	264	0	10	444	223
2014-07-20	09:40:00	1199	211	172	305	252	210	234	200	0	0	8	284	301	264	0	10	443	223
2014-07-20	09:41:00	1199	212	172	305	252	210	234	200	0	0	8	284	301	264	0	10	443	223
2014-07-20	09:42:00	1199	213	172	305	252	211	234	200	0	0	8	284	301	264	0	10	443	223
2014-07-20	09:43:00	1199	214	172	305	252	211	234	200	0	0	8	284	301	264	0	10	442	223
2014-07-20	09:44:00	1199	215	172	305	252	211	234	200	0	0	8	284	301	263	0	10	442	223
2014-07-20	09:45:00	1199	217	173	305	252	212	234	200	0	0	8	283	301	264	0	10	441	223
2014-07-20	09:46:00	1199	218	173	305	252	212	234	200	0	0	8	283	301	264	0	10	440	223
2014-07-20	09:47:00	1199	219	173	305	252	212	234	200	0	0	8	283	301	264	0	10	439	223
2014-07-20	09:48:00	1199	220	173	305	252	213	234	200	0	0	8	283	301	264	0	10	439	223
2014-07-20	09:49:00	1199	221	173	304	251	213	234	200	0	0	8	283	301	264	0	10	439	223
2014-07-20	09:50:00	1199	221	173	304	252	213	234	200	0	0	8	283	301	263	0	10	438	223
2014-07-20	09:51:00	1199	221	174	304	252	214	234	200	0	0	8	283	301	264	0	10	438	223
2014-07-20	09:52:00	1199	222	174	304	251	214	234	200	0	0	8	283	301	264	0	10	438	223
2014-07-20	09:53:00	1199	222	174	304	251	214	234	200	0	0	8	283	301	264	0	10	438	223
2014-07-20	09:54:00	1199	222	174	304	251	215	234	200	0	0	8	282	301	264	0	10	438	223
2014-07-20	09:55:00	1199	223	174	304	251	215	234	200	0	0	8	283	301	264	0	10	438	223
2014-07-20	09:56:00	1199	223	174	304	251	215	234	200	0	0	8	282	301	264	0	10	438	223
2014-07-20	09:57:00	1199	224	175	304	251	216	234	200	0	0	8	282	301	264	0	10	438	223
2014-07-20	09:58:00	1199	224	175	304	251	216	234	200	0	0	8	282	301	264	0	10	438	223
2014-07-20	09:59:00	1199	225	175	304	251	216	234	200	0	0	8	282	301	264	0	10	437	223
2014-07-20	10:00:00	1199	225	175	304	251	217	234	200	0	0	8	282	301	264	0	10	438	223
2014-07-20	10:01:00	1199	225	176	304	251	218	234	200	0	0	8	282	301	264	0	10	437	223
2014-07-20	10:02:00	1199	226	176	304	250	218	234	200	0	0	8	282	301	264	0	10	437	223
2014-07-20	10:03:00	1199	226	176	303	251	219	234	200	0	0	8	282	301	264	0	10	437	223
2014-07-20	10:04:00	1199	226	176	304	250	219	234	200	0	0	8	281	301	264	0	10	437	223
2014-07-20	10:05:00	1199	226	176	303	250	219	233	200	0	0	8	281	301	264	0	10	437	223
2014-07-20	10:06:00	1199	226	176	303	250	219	234	200	0	0	8	281	301	264	0	10	437	223
2014-07-20	10:07:00	1199	226	177	303	250	220	233	200	0	0	8	281	301	264	0	10	437	223
2014-07-20	10:08:00	1199	226	177	303	250	220	234	200	0	0	8	281	301	264	0	10	437	223
2014-07-20	10:09:00	1199	226	177	303	250	220	233	200	0	0	8	281	301	264	0	10	437	223
2014-07-20	10:10:00	1199	227	177	303	250	221	233	200	0	0	8	281	301	264	0	10	437	224
2014-07-20	10:11:00	1199	227	177	303	250	221	233	200	0	0	8	281	301	264	0	10	436	223
2014-07-20	10:12:00	1199	227	178	303	250	221	234	200	0	0	8	281	301	264	0	10	436	223
2014-07-20	10:13:00	1199	227	178	303	250	221	233	200	0	0	8	281	301	264	0	10	436	223
2014-07-20	10:14:00	1199	227	178	303	250	222	233	200	0	0	8	281	301	264	0	10	436	224
2014-07-20	10:15:00	1199	227	178	303	250	221	233	200	0	0	8	280	301	264	0	10	435	224
2014-07-20	10:16:01	1199	226	178	303	250	222	233	200	0	0	8	280	301	264	0	10	435	224
2014-07-20	10:17:01	1199	226	178	303	250	222	233	200	0	0	8	280	301	264	0	10	435	224
2014-07-20	10:18:01	1199	225	179	303	250	222	233	200	0	0	8	280	301	264	0	10	435	224
2014-07-20	10:19:01	1199	224	179	302	250	223	233	200	0	0	8	280	301	264	0	10	435	224
2014-07-20	10:20:01	1199	223	179	302	250	223	233	200	0	0	8	280	301	264	0	10	435	224
2014-07-20	10:21:01	1199	222	179	302	250	223	233	200	0	0	8	280	301	264	0	10	435	224
2014-07-20	10:22:01	1199	222	179	302	249	223	233	200	0	0	8	280	301	264	0	10	435	224
2014-07-20	10:23:01	1199	221	179	302	249	224	233	200	0	0	8	279	301	264	0	10	435	224
2014-07-20	10:24:01	1199	221	180	302	249	224	233	200	0	0	8	279	301	264	0	10	435	224
2014-07-20	10:25:01	1199	221	180	302	249	224	233	200	0	0	8	279	301	264	0	10	435	224
2014-07-20	10:26:01	1199	221	180	302	249	224	234	200	0	0	8	280	301	264	0	10	435	224
2014-07-20	10:27:01	1199	221	180	302	249	225	233	200	0	0	8	279	300	264	0	10	435	224
2014-07-20	10:28:01	1199	221	180	302	249	224	233	200	0	0	8	279	300	264	0	10	435	224
2014-07-20	10:29:01	1199	221	180	302	249	225	233	200	0	0	8	279	301	264	0	10	435	224
2014-07-20	10:30:01	1199	221	180	302	249	225	233	200	0	0	8	279	301	264	0	10	435	224
2014-07-20	10:31:01	1199	222	181	302	249	225	233	200	0	0	8	279	301	263	0	10	435	224
2014-07-20	10:32:01	1199	222	181	302	249	226	233	200	0	0	8	278	301	264	0	10	435	224
2014-07-20	10:33:01	1199	222	181	302	249	226	233	200	0	0	8	279	301	264	0	10	435	224
2014-07-20	10:34:01	1199	222	181	302	249	226	233	200	0	0	8	278	301	264	0	10	435	224
2014-07-20	10:35:01	1199	222	181	302	249	226	233	200	0	0	8	279	301	264	0	10	435	225
2014-07-20	10:36:01	1199	222	181	301	248	227	233	200	0	0	8	278	300	264	0	10	435	225
2014-07-20	10:37:01	1199	223	182	301	249	227	233	200	0	0	8	278	301	263	0	10	435	225
2014-07-20	10:38:01	1199	223	182	301	249	227	233	200	0	0	8	278	301	264	0	10	435	225
2014-07-20	10:39:01	1199	223	182	301	248	227	233	200	0	0	8	278	300	264	0	10	435	225
2014-07-20	10:40:01	1199	223	182	301	249	227	233	200	0	0	8	278	301	264	0	10	435	225
2014-07-20	10:41:01	1199	223	182	301	249	227	233	200	0	0	8	278	301	264	0	10	435	225
2014-07-20	10:42:01	1199	223	182	301	249	228	233	200	0	0	8	278	300	264	0	10	434	225
2014-07-20	10:43:01	1199	223	182	301	248	228	233	200	0	0	8	278	300	264	0	10	434	225
2014-07-20	10:44:01	1199	223	183	301	248	228	233	200	0	0	8	278	300	264	0	10	435	225
2014-07-20	10:45:01	1199	223	183	301	248	228	233	200	0	0	8	277	300	264	0	10	435	225
2014-07-20	10:46:01	1199	223	183	301	248	228	233	200	0	0	8	277	300	264	0	10	434	225
2014-07-20	10:47:01	1199	223	183	301	248	228	233	200	0	0	8	277	300	264	0	10	434	225
2014-07-20	10:48:01	1199	223	183	301	248	229	233	200	0	0	8	277	300	264	0	10	434	225
2014-07-20	10:49:01	1199	222	183	301	248	229	233	200	0	0	8	277	300	264	0	10	434	225
2014-07-20	10:50:01	1199	222	183	301	248	229	233	200	0	0	8	277	300	264	0	10	434	225
2014-07-20	10:51:01	1199	222	184	301	248	229	233	200	0	0	8	277	300	264	0	10	434	225
2014-07-20	10:52:01	1199	221	184	301	248	229	233	200	0	0	8	277	300	264	0	10	433	225
2014-07-20	10:53:01	1199	221	184	300	248	229	233	200	0	0	8	277	300	264	0	10	434	225
2014-07-20	10:54:01	1199	221	184	300	248	229	233	200	0	0	8	277	300	264	0	10	433	225
2014-07-20	10:55:01	1199	221	184	300	248	230	233	200	0	0	8	276	300	264	0	10	432	225
2014-07-20	10:56:01	1199	220	184	300	248	230	233	200	0	0	8	276	300	264	0	10	432	225
2014-07-20	10:57:01	1199	220	185	300	248	230	233	200	0	0	8	276	300	264	0	10	432	225
2014-07-20	10:58:01	1199	220	185	300	248	231	233	200	0	0	8	276	300	263	0	10	432	225
2014-07-20	10:59:01	1199	221	185	300	248	231	233	200	0	0	8	276	300	264	0	10	432	225
2014-07-20	11:00:01	1199	221	185	300	248	231	233	200	0	0	8	276	300	264	0	10	432	225
2014-07-20	11:01:01	1199	222	185	300	248	231	233	200	0	0	8	276	300	264	0	10	432	225
2014-07-20	11:02:01	1199	222	185	300	247	85	158	200	0	0	14	276	296	268	0	10	432	225
2014-07-20	11:03:01	1199	223	185	300	247	79	95	200	0	0	14	276	292	269	0	10	431	225
2014-07-20	11:04:01	1199	224	186	300	247	80	90	200	0	0	8	276	291	267	0	10	431	225
2014-07-20	11:05:01	1199	225	186	300	247	83	91	200	0	0	8	275	291	265	0	10	431	225
2014-07-20	11:06:01	1199	225	186	300	247	86	92	200	0	0	8	275	291	262	0	10	431	225
2014-07-20	11:07:01	1199	226	186	300	246	88	92	200	0	0	8	275	290	260	0	10	431	225
2014-07-20	11:08:01	1199	226	186	300	246	91	94	200	0	0	8	274	290	258	0	10	431	225
2014-07-20	11:09:01	1199	227	186	299	246	94	95	200	0	0	8	274	289	256	0	10	431	225
2014-07-20	11:10:01	1199	227	186	299	245	96	95	200	0	0	8	274	289	254	0	10	431	226
2014-07-20	11:11:03	1199	227	187	299	244	98	96	200	0	0	8	274	288	252	0	10	431	226
2014-07-20	11:12:03	1199	227	187	299	244	100	97	200	0	0	8	274	288	251	0	10	431	225
2014-07-20	11:13:03	1199	227	187	299	244	103	98	200	0	0	8	274	287	249	0	10	431	225
2014-07-20	11:14:03	1199	227	187	299	244	104	98	200	0	0	8	273	286	248	0	10	431	226
2014-07-20	11:15:03	1199	227	187	299	243	107	99	200	0	0	8	273	286	247	0	10	431	226
2014-07-20	11:16:03	1199	227	187	299	243	108	99	200	0	0	8	273	285	246	0	10	431	226
2014-07-20	11:17:03	1199	228	187	299	243	109	100	200	0	0	8	273	285	244	0	10	431	225
2014-07-20	11:18:03	1199	228	188	299	243	111	100	200	0	0	8	272	284	243	0	10	431	226
2014-07-20	11:19:03	1199	229	188	298	243	112	100	200	0	0	8	272	284	242	0	10	431	226
2014-07-20	11:20:03	1199	229	188	298	243	114	102	200	0	0	8	272	283	241	0	10	431	226
2014-07-20	11:21:03	1199	230	188	298	243	115	102	200	0	0	8	272	283	240	0	10	431	226
2014-07-20	11:22:03	1199	231	188	298	243	116	102	200	0	0	8	272	283	240	0	10	431	226
2014-07-20	11:23:03	1199	232	188	298	242	117	103	200	0	0	8	272	282	239	0	10	431	226
2014-07-20	11:24:03	1199	232	189	298	242	118	103	200	0	0	8	272	282	239	0	10	431	226
2014-07-20	11:25:03	1199	232	189	298	242	120	103	200	0	0	8	271	282	238	0	10	431	226
2014-07-20	11:26:03	1199	232	189	297	242	121	104	200	0	0	8	271	281	237	0	10	431	226
2014-07-20	11:27:03	1199	232	189	298	241	122	104	200	0	0	8	271	281	237	0	10	431	226
2014-07-20	11:28:03	1199	232	189	297	241	123	104	200	0	0	8	271	281	237	0	10	431	226
2014-07-20	11:29:03	1199	232	189	297	241	124	105	200	0	0	8	271	281	236	0	10	431	226
2014-07-20	11:30:04	1199	232	190	297	241	125	106	200	0	0	8	270	280	236	0	10	431	226
2014-07-20	11:31:04	1199	232	190	297	241	126	106	200	0	0	8	271	280	236	0	10	431	226
2014-07-20	11:32:04	1199	232	190	297	241	127	106	200	0	0	8	270	280	236	0	10	431	226
2014-07-20	11:33:04	1199	232	190	297	240	127	106	200	0	0	8	270	280	235	0	10	431	226
2014-07-20	11:34:04	1199	232	190	297	240	128	107	200	0	0	8	270	280	235	0	10	431	226
2014-07-20	11:35:04	1199	232	190	297	240	129	107	200	0	0	8	269	280	235	0	10	430	226
2014-07-20	11:36:04	1199	232	190	297	240	129	108	200	0	0	8	270	280	235	0	10	430	226
2014-07-20	11:37:04	1199	233	191	297	240	131	108	200	0	0	8	269	279	234	0	10	430	226
2014-07-20	11:38:04	1199	233	191	297	240	131	108	200	0	0	8	269	279	235	0	10	430	226
2014-07-20	11:39:04	1199	233	191	297	239	132	108	200	0	0	8	269	279	234	0	10	430	226
2014-07-20	11:40:04	1199	233	191	296	239	133	109	200	0	0	8	269	279	234	0	10	430	226
2014-07-20	11:41:04	1199	233	191	296	239	133	109	200	0	0	8	269	279	234	0	10	430	226
2014-07-20	11:42:04	1199	233	191	296	239	134	109	200	0	0	8	268	278	234	0	10	430	226
2014-07-20	11:43:04	1199	233	192	296	239	135	111	200	0	0	8	268	278	234	0	10	430	226
2014-07-20	11:44:04	1199	233	192	296	239	136	111	200	0	0	8	268	278	233	0	10	430	226
2014-07-20	11:45:04	1199	234	192	296	239	136	111	200	0	0	8	268	278	233	0	10	430	226
2014-07-20	11:46:04	1199	234	192	296	239	137	111	200	0	0	8	268	278	233	0	10	430	226
2014-07-20	11:47:04	1199	234	192	296	238	137	112	200	0	0	8	268	278	233	0	10	430	226
2014-07-20	11:48:04	1199	234	192	296	238	138	112	200	0	0	8	268	277	233	0	10	430	226
2014-07-20	11:49:04	1199	234	192	296	238	139	112	200	0	0	8	268	277	233	0	10	430	226
2014-07-20	11:50:04	1199	234	193	296	238	139	112	200	0	0	8	267	278	233	0	10	430	226
2014-07-20	11:51:04	1199	234	193	295	238	140	113	200	0	0	8	267	277	233	0	10	430	226
2014-07-20	11:52:04	1199	235	193	295	238	140	113	200	0	0	8	267	277	232	0	10	430	227
2014-07-20	11:53:04	1199	235	193	295	238	141	113	200	0	0	8	267	277	233	0	10	430	226
2014-07-20	11:54:04	1199	235	193	295	238	142	113	200	0	0	8	267	277	232	0	10	430	226
2014-07-20	11:55:04	1199	235	194	295	237	143	115	200	0	0	8	266	277	233	0	10	429	226
2014-07-20	11:56:04	1199	235	194	295	237	143	115	200	0	0	8	266	277	232	0	10	429	227
2014-07-20	11:57:04	1199	234	194	295	237	143	115	200	0	0	8	266	277	232	0	10	429	227
2014-07-20	11:58:04	1199	235	194	295	237	144	115	200	0	0	8	266	277	232	0	10	429	227
2014-07-20	11:59:04	1199	234	194	295	237	144	115	200	0	0	8	266	277	232	0	10	429	227
2014-07-20	12:00:04	1199	234	194	295	237	145	116	200	0	0	8	266	277	232	0	10	429	227
2014-07-20	12:01:04	1199	234	194	295	237	145	116	200	0	0	8	266	276	232	0	10	429	227
2014-07-20	12:02:04	1199	234	195	295	236	146	116	200	0	0	8	265	276	232	0	10	429	227
2014-07-20	12:03:04	1199	234	195	295	236	146	117	200	0	0	8	265	276	232	0	10	429	227
2014-07-20	12:04:04	1199	233	195	295	236	146	117	200	0	0	8	265	276	232	0	10	429	227
2014-07-20	12:05:04	1199	233	195	295	236	147	117	200	0	0	8	265	276	232	0	10	429	227
2014-07-20	12:06:04	1199	233	195	294	236	148	117	200	0	0	8	265	276	232	0	10	429	227
2014-07-20	12:07:04	1199	233	195	294	236	149	118	200	0	0	8	265	276	232	0	10	429	227
2014-07-20	12:08:04	1199	233	195	295	236	149	118	200	0	0	8	264	276	232	0	10	429	227
2014-07-20	12:09:04	1199	233	196	294	236	150	118	200	0	0	8	264	276	232	0	10	429	227
2014-07-20	12:10:04	1199	234	196	294	235	150	118	200	0	0	8	264	276	232	0	10	429	227
2014-07-20	12:11:04	1199	234	196	294	235	151	118	200	0	0	8	264	275	232	0	10	429	227
2014-07-20	12:12:04	1199	235	196	295	235	151	119	200	0	0	8	264	275	232	0	10	429	227
2014-07-20	12:13:04	1199	235	196	294	235	151	120	200	0	0	8	264	275	232	0	10	429	227
2014-07-20	12:14:04	1199	236	196	294	235	152	120	200	0	0	8	264	275	232	0	10	428	227
2014-07-20	12:15:04	1199	236	196	294	235	152	120	200	0	0	8	264	275	232	0	10	428	227
2014-07-20	12:16:04	1199	236	197	294	235	152	120	200	0	0	8	264	275	232	0	10	428	227
2014-07-20	12:17:04	1199	237	197	294	235	153	121	200	0	0	8	263	275	232	0	10	428	227
2014-07-20	12:18:04	1199	237	197	294	234	153	121	200	0	0	8	263	275	232	0	10	428	227
2014-07-20	12:19:04	1199	237	197	294	234	154	121	200	0	0	8	263	275	232	0	10	427	227
2014-07-20	12:20:04	1199	237	197	294	234	155	121	200	0	0	8	263	275	232	0	10	427	227
2014-07-20	12:21:04	1199	237	197	294	234	155	122	200	0	0	8	263	275	232	0	10	427	227
2014-07-20	12:22:04	1199	238	197	294	234	156	122	200	0	0	8	263	275	232	0	10	427	227
2014-07-20	12:23:04	1199	238	198	294	233	156	122	200	0	0	8	263	275	231	0	10	427	227
2014-07-20	12:24:04	1199	238	198	294	233	156	122	200	0	0	8	263	275	231	0	10	427	227
2014-07-20	12:25:04	1199	238	198	294	233	157	122	200	0	0	8	263	275	231	0	10	427	227
2014-07-20	12:26:04	1199	238	198	294	233	157	122	200	0	0	8	262	275	231	0	10	427	227
2014-07-20	12:27:04	1199	238	198	294	233	157	123	200	0	0	8	262	274	231	0	10	427	227
2014-07-20	12:28:04	1199	238	198	294	233	158	123	200	0	0	8	262	274	231	0	10	427	227
2014-07-20	12:29:04	1199	238	198	294	233	158	123	200	0	0	8	262	274	231	0	10	427	227
2014-07-20	12:30:04	1199	238	199	294	233	158	123	200	0	0	8	262	274	231	0	10	427	227
2014-07-20	12:31:04	1199	238	199	294	233	159	123	200	0	0	8	262	274	231	0	10	427	227
2014-07-20	12:32:04	1199	238	199	294	233	159	125	200	0	0	8	261	274	232	0	10	427	227
2014-07-20	12:33:04	1199	238	199	294	233	159	125	200	0	0	8	261	274	231	0	10	427	227
2014-07-20	12:34:04	1199	239	199	294	232	160	125	200	0	0	8	261	274	231	0	10	427	227
2014-07-20	12:35:04	1199	239	199	294	232	160	125	200	0	0	8	261	274	231	0	10	427	227
2014-07-20	12:36:04	1199	239	199	294	232	160	126	200	0	0	8	261	274	231	0	10	427	227
2014-07-20	12:37:04	1199	239	200	294	232	161	125	200	0	0	8	261	274	231	0	10	427	227
2014-07-20	12:38:04	1199	239	200	294	232	161	126	200	0	0	8	261	274	231	0	10	426	227
2014-07-20	12:39:04	1199	239	200	294	232	162	126	200	0	0	8	261	274	232	0	10	426	227
2014-07-20	12:40:04	1199	239	200	294	232	162	126	200	0	0	8	261	274	232	0	10	425	227
2014-07-20	12:41:04	1199	239	200	294	232	163	126	200	0	0	8	260	274	231	0	10	424	227
2014-07-20	12:42:04	1199	239	200	294	231	163	127	200	0	0	8	260	274	231	0	10	423	227
2014-07-20	12:43:04	1199	239	201	294	231	164	127	200	0	0	8	260	274	232	0	10	422	227
2014-07-20	12:44:04	1199	239	201	294	231	164	127	200	0	0	8	260	274	232	0	10	422	227
2014-07-20	12:45:04	1199	239	201	294	231	165	127	200	0	0	8	260	274	232	0	10	422	227
2014-07-20	12:46:05	1199	239	201	294	231	165	128	200	0	0	8	260	273	232	0	10	421	227
2014-07-20	12:47:05	1199	239	201	294	231	165	128	200	0	0	8	259	273	232	0	10	421	227
2014-07-20	12:48:05	1199	238	201	294	231	165	128	200	0	0	8	259	273	231	0	10	421	227
2014-07-20	12:49:05	1199	238	201	294	231	166	128	200	0	0	8	260	273	232	0	10	421	227
2014-07-20	12:50:05	1199	238	201	294	231	166	128	200	0	0	8	259	273	231	0	10	421	227
2014-07-20	12:51:05	1199	238	202	294	231	166	128	200	0	0	8	259	273	232	0	10	421	227
2014-07-20	12:52:05	1199	238	202	294	231	166	129	200	0	0	8	259	273	231	0	10	421	227
2014-07-20	12:53:05	1199	238	202	293	230	167	129	200	0	0	8	259	273	231	0	10	421	227
2014-07-20	12:54:05	1199	237	202	293	230	167	129	200	0	0	8	259	273	232	0	10	421	227
2014-07-20	12:55:05	1199	237	202	294	230	167	129	200	0	0	8	259	273	232	0	10	421	227
2014-07-20	12:56:05	1199	237	202	293	230	167	129	200	0	0	8	259	273	232	0	10	421	227
2014-07-20	12:57:05	1199	237	203	294	230	168	130	200	0	0	8	258	273	231	0	10	420	227
2014-07-20	12:58:05	1199	237	203	293	230	168	131	200	0	0	8	258	273	232	0	10	420	227
2014-07-20	12:59:05	1199	237	203	293	230	168	131	200	0	0	8	258	273	231	0	10	420	227
2014-07-20	13:00:05	1199	237	203	293	230	169	131	200	0	0	8	258	273	232	0	10	420	227
2014-07-20	13:01:05	1199	237	203	293	230	169	131	200	0	0	8	258	273	231	0	10	420	227
2014-07-20	13:02:05	1199	237	203	293	229	169	131	200	0	0	14	258	273	232	0	20	420	227
2014-07-20	13:03:05	1199	237	203	346	349	82	90	200	0	0	15	402	547	67	0	20	419	227
2014-07-20	13:04:05	1199	237	203	444	439	80	52	200	0	0	15	476	657	81	0	20	418	227
2014-07-20	13:05:05	1199	238	204	507	480	80	47	200	0	0	15	527	727	90	0	20	418	227
2014-07-20	13:06:05	1199	238	204	547	505	81	49	200	0	0	15	561	775	93	0	20	418	227
2014-07-20	13:07:05	1199	238	204	573	522	82	49	200	0	0	15	583	807	94	0	20	420	227
2014-07-20	13:08:05	1199	238	204	589	534	82	52	200	0	0	15	597	832	94	0	20	425	227
2014-07-20	13:09:05	1199	239	204	601	543	82	52	200	0	0	15	609	851	95	0	20	431	227
2014-07-20	13:10:05	1199	239	204	611	552	83	53	200	0	0	15	618	868	97	0	20	436	227
2014-07-20	13:11:05	1199	240	204	618	558	84	56	200	0	0	15	626	883	98	0	20	442	227
2014-07-20	13:12:05	1199	240	204	626	565	86	58	200	0	0	15	632	897	100	0	20	447	227
2014-07-20	13:13:05	1199	240	205	632	571	87	59	200	0	0	14	638	909	103	0	10	452	227
2014-07-20	13:14:05	1199	240	205	633	567	91	83	200	0	162	8	660	837	137	0	10	458	227
2014-07-20	13:15:05	1199	240	205	633	562	95	91	200	0	162	8	669	748	170	0	10	463	227
2014-07-20	13:16:05	1199	241	205	633	558	98	95	200	0	162	8	667	654	211	0	10	467	227
2014-07-20	13:17:05	1199	241	205	633	555	100	99	200	0	162	8	662	592	237	0	10	469	227
2014-07-20	13:18:05	1199	241	205	632	549	103	108	200	0	162	8	654	554	257	0	10	472	228
2014-07-20	13:19:05	1199	241	205	632	539	107	118	200	0	0	8	645	528	275	0	10	473	228
2014-07-20	13:20:05	1199	241	205	631	518	109	126	200	0	0	8	633	508	289	0	10	474	228
2014-07-20	13:21:05	1199	241	206	626	491	112	131	200	0	0	8	621	490	299	0	10	475	228
2014-07-20	13:22:05	1199	241	206	618	468	116	134	200	0	0	8	608	475	308	0	10	475	228
2014-07-20	13:23:05	1199	241	206	610	455	118	136	200	0	0	8	599	463	315	0	10	475	228
2014-07-20	13:24:05	1199	241	206	602	448	121	137	200	0	0	8	592	454	320	0	10	475	228
2014-07-20	13:25:05	1199	241	206	595	443	123	137	200	0	0	8	584	447	324	0	10	475	228
2014-07-20	13:26:05	1199	241	206	588	440	126	138	200	0	0	8	576	440	327	0	10	475	228
2014-07-20	13:27:05	1199	241	206	583	438	128	138	200	0	0	8	571	435	329	0	10	475	228
2014-07-20	13:28:05	1199	241	207	579	436	131	139	200	0	0	8	565	430	331	0	10	475	228
2014-07-20	13:29:05	1199	241	207	574	435	133	139	200	0	0	8	559	426	331	0	10	475	228
2014-07-20	13:30:05	1199	241	207	570	434	136	139	200	0	0	8	554	423	332	0	10	475	228
2014-07-20	13:31:05	1199	240	207	566	433	138	140	200	0	0	8	548	420	332	0	10	476	228
2014-07-20	13:32:05	1199	240	207	562	433	139	140	200	0	0	8	544	418	332	0	10	476	228
2014-07-20	13:33:05	1199	240	207	558	432	142	142	200	0	0	8	538	415	332	0	10	475	228
2014-07-20	13:34:05	1199	240	207	556	431	144	142	200	0	0	8	534	412	332	0	10	476	228
2014-07-20	13:35:05	1199	240	207	553	431	145	143	200	0	0	8	529	410	332	0	10	476	228
2014-07-20	13:36:05	1199	239	208	549	430	147	143	200	0	0	8	523	408	332	0	10	476	228
2014-07-20	13:37:05	1199	239	208	547	429	150	144	200	0	0	8	518	406	331	0	10	476	228
2014-07-20	13:38:05	1199	239	208	544	428	151	144	200	0	0	8	513	404	331	0	10	476	228
2014-07-20	13:39:05	1199	239	208	542	427	152	145	200	0	0	8	507	402	331	0	10	476	228
2014-07-20	13:40:05	1199	239	208	539	426	155	145	200	0	0	8	502	400	331	0	10	476	228
2014-07-20	13:41:05	1199	238	208	536	425	157	146	200	0	0	8	498	398	331	0	10	476	228
2014-07-20	13:42:05	1199	238	208	534	424	158	147	200	0	0	8	494	397	331	0	10	475	228
2014-07-20	13:43:05	1199	238	208	532	423	159	147	200	0	0	8	490	395	330	0	10	475	228
2014-07-20	13:44:05	1199	238	208	530	422	161	149	200	0	0	8	485	393	329	0	10	475	228
2014-07-20	13:45:05	1199	238	209	527	421	163	149	200	0	0	8	482	392	329	0	10	474	229
2014-07-20	13:46:05	1199	238	209	525	420	164	150	200	0	0	8	478	391	328	0	10	474	228
2014-07-20	13:47:05	1199	237	209	522	419	165	151	200	0	0	8	475	389	328	0	10	474	228
2014-07-20	13:48:05	1199	237	209	521	418	167	151	200	0	0	8	473	388	327	0	10	474	228
2014-07-20	13:49:05	1199	237	209	519	417	168	152	200	0	0	8	470	387	327	0	10	474	229
2014-07-20	13:50:05	1199	237	209	517	416	169	153	200	0	0	8	468	386	327	0	10	474	229
2014-07-20	13:51:05	1199	237	209	515	414	171	153	200	0	0	8	466	385	326	0	10	474	229
2014-07-20	13:52:05	1199	237	209	514	413	172	155	200	0	0	8	464	384	326	0	10	474	229
2014-07-20	13:53:05	1199	237	209	511	412	173	155	200	0	0	8	462	383	325	0	10	474	229
2014-07-20	13:54:05	1199	236	210	509	411	174	156	200	0	0	8	460	382	325	0	10	473	229
2014-07-20	13:55:05	1199	236	210	508	410	175	157	200	0	0	8	458	381	324	0	10	473	229
2014-07-20	13:56:05	1199	236	210	506	409	176	157	200	0	0	8	456	380	324	0	10	474	229
2014-07-20	13:57:05	1199	236	210	504	408	177	158	200	0	0	8	455	378	323	0	10	474	229
2014-07-20	13:58:05	1199	235	210	503	406	178	158	200	0	0	8	453	377	323	0	10	473	229
2014-07-20	13:59:05	1199	235	210	501	405	180	159	200	0	0	8	451	377	323	0	10	473	229
2014-07-20	14:00:06	1199	234	210	500	404	181	159	200	0	0	8	450	376	322	0	10	473	229
2014-07-20	14:01:06	1199	234	210	499	403	182	160	200	0	0	8	449	375	322	0	10	473	229
2014-07-20	14:02:06	1199	234	210	496	402	183	161	200	0	0	8	447	374	322	0	10	474	229
2014-07-20	14:03:06	1199	233	210	495	401	184	161	200	0	0	8	446	373	321	0	10	473	229
2014-07-20	14:04:06	1199	233	210	493	400	184	163	200	0	0	8	445	372	321	0	10	473	229
2014-07-20	14:05:06	1199	232	211	492	399	185	163	200	0	0	8	443	371	321	0	10	473	229
2014-07-20	14:06:06	1199	232	211	490	398	186	164	200	0	0	8	442	371	320	0	10	473	229
2014-07-20	14:07:06	1199	231	211	489	397	187	164	200	0	0	8	441	370	320	0	10	473	229
2014-07-20	14:08:06	1199	231	211	486	396	188	165	200	0	0	8	440	369	320	0	10	473	229
2014-07-20	14:09:06	1199	231	211	484	395	189	166	200	0	0	8	439	368	319	0	10	473	229
2014-07-20	14:10:06	1199	230	211	483	393	190	166	200	0	0	8	438	368	319	0	10	473	229
2014-07-20	14:11:06	1199	230	211	481	393	191	166	200	0	0	8	437	367	319	0	10	472	229
2014-07-20	14:12:06	1199	229	211	480	391	192	167	200	0	0	8	436	366	319	0	10	473	229
2014-07-20	14:13:06	1199	228	211	479	390	193	168	200	0	0	8	435	366	319	0	10	473	229
2014-07-20	14:14:06	1199	227	211	477	390	194	168	200	0	0	8	434	365	318	0	10	472	229
2014-07-20	14:15:06	1199	226	211	475	388	194	168	200	0	0	8	433	364	318	0	10	472	229
2014-07-20	14:16:06	1199	225	211	474	387	195	169	200	0	0	8	432	364	318	0	10	472	229
2014-07-20	14:17:06	1199	224	211	473	386	196	169	200	0	0	8	431	363	318	0	10	472	229
2014-07-20	14:18:06	1199	223	211	471	386	196	169	200	0	0	8	431	362	317	0	10	472	229
2014-07-20	14:19:06	1199	222	211	469	385	197	171	200	0	0	8	430	362	317	0	10	472	229
2014-07-20	14:20:06	1199	221	211	468	384	198	171	200	0	0	8	429	362	317	0	10	472	229
2014-07-20	14:21:06	1199	220	212	467	384	198	171	200	0	0	8	428	361	316	0	10	472	229
2014-07-20	14:22:06	1199	219	212	466	382	199	172	200	0	0	8	427	361	316	0	10	471	229
2014-07-20	14:23:06	1199	218	212	464	381