Divisors		1	10	10	10	10	10	10	10	10	1	1	10	10	10	100	1	10	10
Date	Time	Version	BT1	BT1 Mean	BT2	BT3	BT10	BT11	Calc Supply	GM	Alarm	RELAYS PCA BASE	BT12	BT14	BT17	Tot.int.add.	Prio	BT6	BT50
2014-07-26	19:54:21	1199	281	276	636	570	79	66	200	0	0	8	646	920	111	0	10	436	246
2014-07-26	19:55:21	1199	281	276	634	566	83	82	200	0	162	8	670	830	155	0	10	444	246
2014-07-26	19:56:21	1199	281	276	634	563	87	88	200	0	162	8	671	742	202	0	10	450	246
2014-07-26	19:57:21	1199	281	276	634	559	91	92	200	0	162	8	667	673	239	0	10	455	246
2014-07-26	19:58:21	1199	280	276	634	552	95	101	200	0	162	8	662	629	259	0	10	459	246
2014-07-26	19:59:21	1199	280	276	634	544	99	113	200	0	162	8	656	602	272	0	10	461	246
2014-07-26	20:00:21	1199	280	276	633	539	103	121	200	0	0	8	650	579	283	0	10	462	247
2014-07-26	20:01:21	1199	280	276	632	537	107	127	200	0	0	8	643	558	298	0	10	464	247
2014-07-26	20:02:21	1199	279	276	631	534	111	130	200	0	0	8	636	541	315	0	10	465	246
2014-07-26	20:03:21	1199	279	276	629	523	115	132	200	0	0	8	628	527	328	0	10	465	247
2014-07-26	20:04:21	1199	279	276	626	505	118	133	200	0	0	8	619	517	338	0	10	465	247
2014-07-26	20:05:21	1199	278	276	620	484	122	134	200	0	0	8	609	508	347	0	10	466	247
2014-07-26	20:06:21	1199	278	276	613	466	126	134	200	0	0	8	600	500	354	0	10	466	247
2014-07-26	20:07:21	1199	277	276	605	452	128	136	200	0	0	8	593	494	358	0	10	466	247
2014-07-26	20:08:21	1199	277	276	598	443	132	136	200	0	0	8	586	489	363	0	10	466	247
2014-07-26	20:09:21	1199	277	276	592	437	134	137	200	0	0	8	580	483	366	0	10	466	247
2014-07-26	20:10:21	1199	277	276	587	433	137	137	200	0	0	8	575	479	368	0	10	467	247
2014-07-26	20:11:21	1199	276	276	582	431	140	138	200	0	0	8	570	475	370	0	10	467	247
2014-07-26	20:12:21	1199	276	276	579	429	143	139	200	0	0	8	565	472	371	0	10	467	247
2014-07-26	20:13:21	1199	276	276	575	429	145	139	200	0	0	8	560	469	372	0	10	467	247
2014-07-26	20:14:21	1199	275	276	572	428	147	140	200	0	0	8	556	466	373	0	10	467	247
2014-07-26	20:15:21	1199	275	276	570	428	150	142	200	0	0	8	552	463	373	0	10	468	247
2014-07-26	20:16:21	1199	275	276	566	428	152	143	200	0	0	8	547	460	373	0	10	468	247
2014-07-26	20:17:21	1199	275	276	564	428	155	143	200	0	0	8	544	457	372	0	10	467	247
2014-07-26	20:18:21	1199	274	276	562	428	157	144	200	0	0	8	539	455	372	0	10	467	247
2014-07-26	20:19:21	1199	274	276	559	428	159	145	200	0	0	8	536	452	371	0	10	467	247
2014-07-26	20:20:21	1199	274	276	557	428	160	145	200	0	0	8	532	450	371	0	10	467	247
2014-07-26	20:21:21	1199	274	276	554	427	163	146	200	0	0	8	529	448	370	0	10	467	247
2014-07-26	20:22:21	1199	273	276	552	427	165	147	200	0	0	8	525	445	370	0	10	467	247
2014-07-26	20:23:21	1199	273	276	549	427	166	149	200	0	0	8	521	443	369	0	10	467	247
2014-07-26	20:24:21	1199	273	276	548	426	168	150	200	0	0	8	518	441	368	0	10	467	247
2014-07-26	20:25:21	1199	272	276	546	426	169	150	200	0	0	8	515	439	368	0	10	467	247
2014-07-26	20:26:21	1199	272	276	544	425	172	151	200	0	0	8	511	438	367	0	10	467	247
2014-07-26	20:27:21	1199	272	276	542	425	173	152	200	0	0	8	508	436	366	0	10	466	247
2014-07-26	20:28:21	1199	272	276	540	424	175	153	200	0	0	8	506	434	365	0	10	466	247
2014-07-26	20:29:21	1199	271	276	539	423	176	154	200	0	0	8	503	432	365	0	10	466	247
2014-07-26	20:30:21	1199	271	276	537	423	177	155	200	0	0	8	500	431	365	0	10	466	247
2014-07-26	20:31:21	1199	271	276	535	422	180	156	200	0	0	8	498	429	363	0	10	466	247
2014-07-26	20:32:21	1199	271	276	534	421	181	157	200	0	0	8	496	428	363	0	10	466	247
2014-07-26	20:33:21	1199	270	276	533	420	182	158	200	0	0	8	493	426	362	0	10	466	247
2014-07-26	20:34:21	1199	270	276	531	420	183	159	200	0	0	8	491	425	362	0	10	466	247
2014-07-26	20:35:21	1199	270	276	530	420	184	159	200	0	0	8	489	423	361	0	10	466	247
2014-07-26	20:36:21	1199	269	276	527	419	186	160	200	0	0	8	486	422	360	0	10	466	247
2014-07-26	20:37:21	1199	269	276	526	418	187	161	200	0	0	8	484	421	359	0	10	466	247
2014-07-26	20:38:21	1199	269	276	524	418	188	161	200	0	0	8	482	420	359	0	10	466	247
2014-07-26	20:39:21	1199	269	276	523	417	190	163	200	0	0	8	481	419	358	0	10	466	247
2014-07-26	20:40:21	1199	268	276	521	416	190	164	200	0	0	8	479	418	358	0	10	466	247
2014-07-26	20:41:21	1199	268	276	521	415	192	164	200	0	0	8	477	417	358	0	10	466	247
2014-07-26	20:42:21	1199	268	276	519	414	193	165	200	0	0	8	475	415	358	0	10	466	247
2014-07-26	20:43:21	1199	268	276	518	413	194	165	200	0	0	8	474	414	357	0	10	466	247
2014-07-26	20:44:21	1199	267	276	517	412	195	166	200	0	0	8	472	413	357	0	10	466	247
2014-07-26	20:45:21	1199	267	276	515	412	196	167	200	0	0	8	471	412	356	0	10	465	247
2014-07-26	20:46:21	1199	267	276	514	411	197	168	200	0	0	8	469	411	356	0	10	465	247
2014-07-26	20:47:21	1199	267	276	513	410	197	168	200	0	0	8	468	410	355	0	10	465	247
2014-07-26	20:48:21	1199	266	276	511	409	199	168	200	0	0	8	467	409	355	0	10	465	247
2014-07-26	20:49:21	1199	266	276	509	408	199	169	200	0	0	8	465	408	354	0	10	465	247
2014-07-26	20:50:21	1199	266	276	508	408	200	170	200	0	0	8	464	407	354	0	10	465	247
2014-07-26	20:51:21	1199	265	276	507	407	202	171	200	0	0	8	462	406	354	0	10	465	247
2014-07-26	20:52:21	1199	265	276	506	406	203	171	200	0	0	8	461	406	353	0	10	465	247
2014-07-26	20:53:21	1199	265	276	505	405	204	172	200	0	0	8	460	405	353	0	10	465	247
2014-07-26	20:54:21	1199	264	276	504	404	204	172	200	0	0	8	459	404	352	0	10	465	247
2014-07-26	20:55:21	1199	264	276	502	403	206	172	200	0	0	8	457	403	352	0	10	465	247
2014-07-26	20:56:21	1199	264	275	501	403	206	173	200	0	0	8	456	403	351	0	10	465	247
2014-07-26	20:57:21	1199	264	275	500	402	207	173	200	0	0	8	455	402	351	0	10	465	247
2014-07-26	20:58:22	1199	263	275	499	401	208	174	200	0	0	8	454	401	350	0	10	465	247
2014-07-26	20:59:22	1199	263	275	497	400	208	174	200	0	0	8	453	401	350	0	10	465	247
2014-07-26	21:00:22	1199	263	275	497	399	210	175	200	0	0	8	452	400	350	0	10	465	246
2014-07-26	21:01:22	1199	262	275	496	399	210	175	200	0	0	8	451	399	350	0	10	465	247
2014-07-26	21:02:22	1199	262	275	495	398	211	176	200	0	0	8	450	399	349	0	10	464	247
2014-07-26	21:03:22	1199	262	275	493	397	212	176	200	0	0	8	449	398	349	0	10	464	246
2014-07-26	21:04:22	1199	261	275	492	396	213	176	200	0	0	8	448	398	348	0	10	461	247
2014-07-26	21:05:22	1199	261	275	491	396	213	177	200	0	0	8	447	397	348	0	10	458	246
2014-07-26	21:06:22	1199	261	275	490	395	214	177	200	0	0	8	446	396	348	0	10	454	246
2014-07-26	21:07:22	1199	261	275	489	394	215	177	200	0	0	8	445	396	347	0	10	449	247
2014-07-26	21:08:22	1199	260	275	488	393	216	177	200	0	0	8	444	395	347	0	10	444	246
2014-07-26	21:09:22	1199	260	275	485	392	216	178	200	0	0	8	443	395	347	0	10	441	246
2014-07-26	21:10:22	1199	260	275	484	392	218	178	200	0	0	8	442	394	347	0	10	439	246
2014-07-26	21:11:22	1199	259	275	483	390	219	178	200	0	0	8	441	394	346	0	10	437	246
2014-07-26	21:12:22	1199	259	275	482	390	219	179	200	0	0	8	441	393	346	0	10	436	246
2014-07-26	21:13:22	1199	259	275	481	389	220	180	200	0	0	8	440	393	346	0	10	435	246
2014-07-26	21:14:22	1199	258	275	480	388	221	180	200	0	0	8	439	392	345	0	10	435	247
2014-07-26	21:15:22	1199	258	274	480	387	221	181	200	0	0	8	438	392	345	0	10	435	247
2014-07-26	21:16:22	1199	258	274	478	386	222	181	200	0	0	8	437	391	344	0	10	435	246
2014-07-26	21:17:22	1199	258	274	477	386	223	181	200	0	0	8	437	391	344	0	10	434	246
2014-07-26	21:18:22	1199	257	274	476	386	223	181	200	0	0	8	436	390	344	0	10	434	246
2014-07-26	21:19:22	1199	257	274	475	385	224	182	200	0	0	8	435	390	344	0	10	433	247
2014-07-26	21:20:22	1199	257	274	474	384	225	182	200	0	0	8	434	389	343	0	10	433	246
2014-07-26	21:21:22	1199	257	274	473	384	225	182	200	0	0	8	434	389	343	0	10	432	247
2014-07-26	21:22:22	1199	256	274	472	383	226	182	200	0	0	8	433	388	343	0	10	432	247
2014-07-26	21:23:22	1199	256	274	472	382	227	183	200	0	0	8	432	388	343	0	10	432	247
2014-07-26	21:24:22	1199	256	274	471	381	228	183	200	0	0	8	432	388	342	0	10	432	247
2014-07-26	21:25:22	1199	255	274	470	381	228	183	200	0	0	8	431	387	342	0	10	431	246
2014-07-26	21:26:22	1199	255	274	469	380	228	183	200	0	0	8	430	387	342	0	10	431	246
2014-07-26	21:27:22	1199	255	274	467	380	229	184	200	0	0	8	430	387	342	0	10	431	246
2014-07-26	21:28:22	1199	255	274	466	379	230	184	200	0	0	8	429	386	342	0	10	431	246
2014-07-26	21:29:22	1199	255	274	466	378	230	184	200	0	0	8	428	386	341	0	10	430	246
2014-07-26	21:30:22	1199	254	273	465	377	231	184	200	0	0	8	428	386	341	0	10	430	246
2014-07-26	21:31:22	1199	254	273	464	377	231	185	200	0	0	8	427	386	340	0	10	430	246
2014-07-26	21:32:22	1199	254	273	463	376	232	185	200	0	0	8	427	386	340	0	10	430	246
2014-07-26	21:33:22	1199	254	273	462	376	233	185	200	0	0	8	426	385	340	0	10	430	246
2014-07-26	21:34:22	1199	253	273	461	375	233	185	200	0	0	8	425	385	340	0	10	429	246
2014-07-26	21:35:22	1199	253	273	460	374	233	186	200	0	0	8	425	384	339	0	10	429	246
2014-07-26	21:36:22	1199	253	273	460	373	234	186	200	0	0	8	424	384	339	0	10	429	246
2014-07-26	21:37:22	1199	253	273	458	373	235	186	200	0	0	8	423	384	339	0	10	429	246
2014-07-26	21:38:22	1199	252	273	458	372	235	187	200	0	0	8	423	383	339	0	10	429	246
2014-07-26	21:39:22	1199	252	273	457	372	236	186	200	0	0	8	422	383	338	0	10	429	246
2014-07-26	21:40:22	1199	252	273	456	371	236	187	200	0	0	8	422	383	338	0	10	429	246
2014-07-26	21:41:22	1199	252	273	455	370	237	187	200	0	0	8	421	382	338	0	10	429	246
2014-07-26	21:42:22	1199	252	273	454	370	237	188	200	0	0	8	421	382	337	0	10	429	246
2014-07-26	21:43:22	1199	251	272	454	369	238	188	200	0	0	8	420	382	337	0	10	428	246
2014-07-26	21:44:22	1199	251	272	453	369	238	188	200	0	0	8	420	381	337	0	10	428	246
2014-07-26	21:45:22	1199	251	272	452	368	239	188	200	0	0	8	420	381	337	0	10	428	245
2014-07-26	21:46:22	1199	251	272	451	367	239	188	200	0	0	8	420	381	336	0	10	427	246
2014-07-26	21:47:22	1199	250	272	451	367	240	188	200	0	0	8	419	380	336	0	10	427	245
2014-07-26	21:48:22	1199	250	272	450	366	240	190	200	0	0	8	418	380	336	0	10	426	245
2014-07-26	21:49:22	1199	250	272	449	366	241	190	200	0	0	8	418	380	336	0	10	426	245
2014-07-26	21:50:22	1199	249	272	448	365	241	190	200	0	0	8	417	379	335	0	10	426	245
2014-07-26	21:51:22	1199	249	272	447	365	241	191	200	0	0	8	417	379	335	0	10	426	245
2014-07-26	21:52:22	1199	249	272	446	364	242	191	200	0	0	8	416	379	335	0	10	425	245
2014-07-26	21:53:22	1199	249	272	446	364	243	191	200	0	0	8	416	379	335	0	10	425	245
2014-07-26	21:54:22	1199	248	272	445	363	243	191	200	0	0	8	415	378	334	0	10	425	245
2014-07-26	21:55:22	1199	248	272	444	362	243	191	200	0	0	8	415	378	334	0	10	425	244
2014-07-26	21:56:22	1199	248	271	443	362	244	192	200	0	0	8	414	378	334	0	10	425	245
2014-07-26	21:57:22	1199	248	271	442	361	244	192	200	0	0	8	414	377	334	0	10	425	245
2014-07-26	21:58:22	1199	247	271	442	361	246	192	200	0	0	8	413	377	334	0	10	424	245
2014-07-26	21:59:22	1199	247	271	441	361	246	192	200	0	0	8	413	377	333	0	10	424	245
2014-07-26	22:00:22	1199	246	271	440	360	246	193	200	0	0	8	412	377	333	0	10	424	245
2014-07-26	22:01:22	1199	246	271	439	359	247	193	200	0	0	8	412	376	333	0	10	424	245
2014-07-26	22:02:22	1199	245	271	438	359	247	193	200	0	0	8	412	376	333	0	10	424	244
2014-07-26	22:03:22	1199	244	271	437	358	248	193	200	0	0	8	411	376	333	0	10	424	245
2014-07-26	22:04:22	1199	244	271	437	358	248	194	200	0	0	8	411	376	332	0	10	424	245
2014-07-26	22:05:22	1199	244	270	436	358	249	194	200	0	0	8	410	375	332	0	10	423	245
2014-07-26	22:06:22	1199	243	270	435	358	249	194	200	0	0	8	410	375	332	0	10	423	245
2014-07-26	22:07:22	1199	243	270	434	357	249	194	200	0	0	8	409	375	332	0	10	423	246
2014-07-26	22:08:22	1199	243	270	434	357	250	195	200	0	0	8	409	374	332	0	10	423	245
2014-07-26	22:09:22	1199	242	270	433	356	250	195	200	0	0	8	409	374	331	0	10	423	245
2014-07-26	22:10:22	1199	242	270	432	356	250	195	200	0	0	8	408	374	331	0	10	423	246
2014-07-26	22:11:22	1199	242	270	431	355	251	195	200	0	0	8	408	374	331	0	10	423	245
2014-07-26	22:12:23	1199	241	270	431	355	251	195	200	0	0	8	407	373	331	0	10	423	245
2014-07-26	22:13:23	1199	241	270	430	354	252	196	200	0	0	8	407	373	331	0	10	422	245
2014-07-26	22:14:23	1199	240	270	429	354	252	196	200	0	0	8	407	373	331	0	10	422	246
2014-07-26	22:15:23	1199	240	269	428	354	252	197	200	0	0	8	406	373	331	0	10	422	246
2014-07-26	22:16:23	1199	239	269	427	353	253	197	200	0	0	8	406	373	331	0	10	422	246
2014-07-26	22:17:23	1199	238	269	427	353	253	197	200	0	0	8	405	372	331	0	10	422	246
2014-07-26	22:18:23	1199	238	269	427	352	253	197	200	0	0	8	405	372	331	0	10	422	246
2014-07-26	22:19:23	1199	237	269	426	352	254	197	200	0	0	8	404	372	331	0	10	422	246
2014-07-26	22:20:23	1199	237	269	425	351	254	197	200	0	0	8	404	372	330	0	10	421	246
2014-07-26	22:21:23	1199	236	269	424	351	254	197	200	0	0	8	404	371	330	0	10	421	246
2014-07-26	22:22:23	1199	236	269	423	350	255	198	200	0	0	8	403	371	329	0	10	420	246
2014-07-26	22:23:23	1199	235	269	400	413	108	173	200	0	0	15	378	469	143	0	20	411	246
2014-07-26	22:24:23	1199	235	268	457	411	90	79	200	0	0	15	470	632	63	0	20	390	246
2014-07-26	22:25:23	1199	234	268	498	436	89	59	200	0	0	15	510	715	82	0	20	362	246
2014-07-26	22:26:23	1199	234	268	524	460	90	55	200	0	0	15	532	759	95	0	20	339	246
2014-07-26	22:27:23	1199	233	268	543	475	90	55	200	0	0	15	548	787	100	0	20	329	246
2014-07-26	22:28:23	1199	233	268	556	486	90	55	200	0	0	15	561	806	97	0	20	328	246
2014-07-26	22:29:23	1199	232	268	567	497	90	56	200	0	0	15	570	821	98	0	20	332	246
2014-07-26	22:30:23	1199	232	268	576	505	90	58	200	0	0	15	578	835	103	0	20	341	246
2014-07-26	22:31:23	1199	232	267	584	513	91	59	200	0	0	15	586	847	102	0	20	352	246
2014-07-26	22:32:23	1199	231	267	591	521	93	61	200	0	0	15	593	858	103	0	20	363	246
2014-07-26	22:33:23	1199	231	267	599	529	95	62	200	0	0	15	600	870	107	0	20	374	246
2014-07-26	22:34:23	1199	230	267	606	536	95	65	200	0	0	15	607	881	108	0	20	385	246
2014-07-26	22:35:23	1199	230	267	613	544	95	65	200	0	0	15	615	892	107	0	20	395	246
2014-07-26	22:36:23	1199	230	267	619	552	98	66	200	0	0	15	622	902	108	0	20	406	246
2014-07-26	22:37:23	1199	229	267	627	558	96	69	200	0	0	15	628	911	108	0	20	416	246
2014-07-26	22:38:23	1199	229	267	632	565	88	65	200	0	0	15	636	924	103	0	20	423	246
2014-07-26	22:39:23	1199	229	266	636	571	83	61	200	0	0	14	640	936	99	0	10	431	246
2014-07-26	22:40:23	1199	229	266	637	567	84	82	200	0	162	8	656	863	141	0	10	439	246
2014-07-26	22:41:23	1199	228	266	636	564	90	90	200	0	162	8	663	776	182	0	10	446	246
2014-07-26	22:42:23	1199	228	266	636	560	92	95	200	0	162	8	660	692	227	0	10	452	246
2014-07-26	22:43:23	1199	228	266	634	555	96	99	200	0	162	8	656	638	254	0	10	456	246
2014-07-26	22:44:23	1199	227	266	634	546	100	108	200	0	162	8	651	604	268	0	10	459	247
2014-07-26	22:45:23	1199	227	266	633	539	104	118	200	0	0	8	646	580	279	0	10	461	246
2014-07-26	22:46:23	1199	227	265	632	536	108	125	200	0	0	8	640	559	295	0	10	463	246
2014-07-26	22:47:23	1199	227	265	631	534	112	129	200	0	0	8	633	541	312	0	10	463	246
2014-07-26	22:48:23	1199	226	265	628	530	116	132	200	0	0	8	626	526	325	0	10	464	246
2014-07-26	22:49:23	1199	226	265	624	519	120	134	200	0	0	8	618	515	335	0	10	464	246
2014-07-26	22:50:23	1199	226	265	620	502	123	136	200	0	0	8	611	505	344	0	10	464	246
2014-07-26	22:51:23	1199	225	265	614	483	126	136	200	0	0	8	601	497	351	0	10	464	246
2014-07-26	22:52:23	1199	225	265	607	466	129	137	200	0	0	8	594	491	356	0	10	465	246
2014-07-26	22:53:23	1199	225	264	600	453	132	137	200	0	0	8	587	485	359	0	10	465	246
2014-07-26	22:54:23	1199	225	264	594	444	136	138	200	0	0	8	581	480	363	0	10	465	246
2014-07-26	22:55:23	1199	224	264	588	438	138	139	200	0	0	8	575	475	365	0	10	465	246
2014-07-26	22:56:23	1199	224	264	583	434	141	139	200	0	0	8	571	472	367	0	10	465	246
2014-07-26	22:57:23	1199	224	264	579	432	143	140	200	0	0	8	566	468	368	0	10	465	246
2014-07-26	22:58:23	1199	223	264	575	430	146	142	200	0	0	8	561	465	369	0	10	466	246
2014-07-26	22:59:23	1199	223	263	572	429	149	143	200	0	0	8	557	462	369	0	10	466	246
2014-07-26	23:00:23	1199	223	263	568	429	151	143	200	0	0	8	553	459	370	0	10	466	246
2014-07-26	23:01:23	1199	223	263	566	428	153	144	200	0	0	8	549	456	370	0	10	466	246
2014-07-26	23:02:23	1199	222	263	563	428	156	144	200	0	0	8	545	453	369	0	10	466	246
2014-07-26	23:03:23	1199	222	263	560	428	158	145	200	0	0	8	542	451	369	0	10	466	246
2014-07-26	23:04:23	1199	222	263	558	428	159	146	200	0	0	8	537	448	368	0	10	466	246
2014-07-26	23:05:24	1199	222	262	556	428	161	147	200	0	0	8	534	447	368	0	10	467	246
2014-07-26	23:06:24	1199	221	262	554	428	164	148	200	0	0	8	531	444	367	0	10	466	246
2014-07-26	23:07:24	1199	221	262	552	427	165	149	200	0	0	8	527	442	367	0	10	467	246
2014-07-26	23:08:24	1199	221	262	549	427	167	150	200	0	0	8	523	440	366	0	10	467	246
2014-07-26	23:09:24	1199	220	262	547	426	169	151	200	0	0	8	520	438	366	0	10	466	246
2014-07-26	23:10:24	1199	220	262	545	426	171	152	200	0	0	8	517	436	365	0	10	466	246
2014-07-26	23:11:24	1199	220	262	544	425	172	152	200	0	0	8	514	434	364	0	10	466	246
2014-07-26	23:12:24	1199	219	261	542	425	174	153	200	0	0	8	511	432	363	0	10	466	246
2014-07-26	23:13:24	1199	219	261	540	424	175	155	200	0	0	8	508	430	363	0	10	466	246
2014-07-26	23:14:24	1199	219	261	538	423	177	156	200	0	0	8	505	429	362	0	10	466	246
2014-07-26	23:15:24	1199	218	261	536	423	178	156	200	0	0	8	503	427	362	0	10	466	246
2014-07-26	23:16:24	1199	218	261	535	422	180	157	200	0	0	8	500	426	361	0	10	466	246
2014-07-26	23:17:24	1199	217	261	534	421	181	158	200	0	0	8	498	424	361	0	10	466	246
2014-07-26	23:18:24	1199	216	260	532	421	182	159	200	0	0	8	496	423	359	0	10	466	246
2014-07-26	23:19:24	1199	216	260	530	420	184	159	200	0	0	8	493	421	359	0	10	466	246
2014-07-26	23:20:24	1199	215	260	529	420	185	160	200	0	0	8	491	420	358	0	10	466	246
2014-07-26	23:21:24	1199	215	260	527	420	186	161	200	0	0	8	489	420	358	0	10	466	246
2014-07-26	23:22:24	1199	215	260	525	419	187	163	200	0	0	8	486	418	358	0	10	466	246
2014-07-26	23:23:24	1199	214	260	524	418	188	163	200	0	0	8	484	417	357	0	10	466	246
2014-07-26	23:24:24	1199	214	259	522	417	190	164	200	0	0	8	482	416	357	0	10	466	246
2014-07-26	23:25:24	1199	214	259	521	416	191	165	200	0	0	8	481	414	356	0	10	466	246
2014-07-26	23:26:24	1199	213	259	520	416	192	166	200	0	0	8	479	413	356	0	10	465	246
2014-07-26	23:27:25	1199	213	259	518	415	193	166	200	0	0	8	477	412	355	0	10	465	246
2014-07-26	23:28:25	1199	213	259	517	414	194	167	200	0	0	8	476	411	355	0	10	465	246
2014-07-26	23:29:25	1199	213	259	516	413	195	167	200	0	0	8	474	410	354	0	10	465	246
2014-07-26	23:30:25	1199	212	258	515	412	196	168	200	0	0	8	472	409	354	0	10	465	245
2014-07-26	23:31:25	1199	212	258	514	412	197	169	200	0	0	8	471	408	354	0	10	465	246
2014-07-26	23:32:25	1199	212	258	510	411	198	169	200	0	0	8	469	407	353	0	10	465	245
2014-07-26	23:33:25	1199	211	258	510	410	199	170	200	0	0	8	468	406	352	0	10	465	245
2014-07-26	23:34:25	1199	211	258	509	409	200	171	200	0	0	8	467	405	352	0	10	465	245
2014-07-26	23:35:25	1199	211	258	507	408	201	171	200	0	0	8	465	404	351	0	10	465	245
2014-07-26	23:36:25	1199	211	257	506	407	203	172	200	0	0	8	464	403	351	0	10	465	245
2014-07-26	23:37:25	1199	210	257	505	407	203	173	200	0	0	8	462	403	351	0	10	465	244
2014-07-26	23:38:25	1199	210	257	503	406	204	173	200	0	0	8	461	402	350	0	10	465	245
2014-07-26	23:39:25	1199	210	257	502	405	205	173	200	0	0	8	460	401	350	0	10	465	244
2014-07-26	23:40:25	1199	210	257	501	404	206	174	200	0	0	8	459	400	350	0	10	465	244
2014-07-26	23:41:25	1199	210	257	500	403	207	174	200	0	0	8	457	400	349	0	10	465	244
2014-07-26	23:42:25	1199	209	256	499	403	208	175	200	0	0	8	456	399	349	0	10	464	244
2014-07-26	23:43:25	1199	209	256	498	402	208	175	200	0	0	8	455	398	349	0	10	465	244
2014-07-26	23:44:25	1199	209	256	497	401	209	175	200	0	0	8	454	398	348	0	10	465	244
2014-07-26	23:45:25	1199	209	256	496	400	210	176	200	0	0	8	453	397	348	0	10	465	244
2014-07-26	23:46:25	1199	208	256	494	399	211	177	200	0	0	8	452	396	347	0	10	465	244
2014-07-26	23:47:25	1199	208	256	492	399	212	177	200	0	0	8	451	396	347	0	10	464	244
2014-07-26	23:48:25	1199	208	255	491	398	212	177	200	0	0	8	450	395	347	0	10	464	244
2014-07-26	23:49:25	1199	208	255	491	397	213	178	200	0	0	8	449	395	346	0	10	464	244
2014-07-26	23:50:25	1199	207	255	489	396	214	178	200	0	0	8	448	394	346	0	10	464	244
2014-07-26	23:51:25	1199	207	255	488	396	215	178	200	0	0	8	447	394	346	0	10	464	244
2014-07-26	23:52:25	1199	207	255	488	395	215	178	200	0	0	8	446	393	345	0	10	464	244
2014-07-26	23:53:25	1199	207	254	486	394	216	180	200	0	0	8	445	393	345	0	10	464	244
2014-07-26	23:54:25	1199	206	254	485	393	218	180	200	0	0	8	444	392	345	0	10	464	244
2014-07-26	23:55:25	1199	206	254	483	392	219	180	200	0	0	8	443	392	344	0	10	464	244
2014-07-26	23:56:25	1199	206	254	482	392	219	181	200	0	0	8	442	391	344	0	10	464	244
2014-07-26	23:57:25	1199	206	254	481	391	220	181	200	0	0	8	441	390	344	0	10	464	244
2014-07-26	23:58:25	1199	205	253	480	390	221	181	200	0	0	8	441	390	343	0	10	463	244
2014-07-26	23:59:25	1199	205	253	479	390	221	181	200	0	0	8	440	390	343	0	10	463	244
2014-07-27	00:00:25	1199	205	253	478	389	222	182	200	0	0	8	439	389	343	0	10	463	244
2014-07-27	00:01:25	1199	204	253	477	388	222	182	200	0	0	8	438	388	342	0	10	462	244
2014-07-27	00:02:25	1199	204	253	476	388	223	182	200	0	0	8	437	388	342	0	10	462	244
2014-07-27	00:03:25	1199	204	252	475	387	224	182	200	0	0	8	436	388	342	0	10	462	244
2014-07-27	00:04:25	1199	204	252	474	386	224	183	200	0	0	8	436	387	342	0	10	462	244
2014-07-27	00:05:25	1199	203	252	473	386	225	183	200	0	0	8	435	387	342	0	10	461	244
2014-07-27	00:06:25	1199	203	252	472	386	225	183	200	0	0	8	434	386	341	0	10	461	244
2014-07-27	00:07:25	1199	203	252	470	385	226	184	200	0	0	8	433	386	341	0	10	461	243
2014-07-27	00:08:25	1199	203	252	470	384	227	184	200	0	0	8	433	386	341	0	10	461	244
2014-07-27	00:09:25	1199	202	251	469	384	228	184	200	0	0	8	432	386	340	0	10	461	244
2014-07-27	00:10:25	1199	202	251	467	383	228	184	200	0	0	8	431	386	340	0	10	461	243
2014-07-27	00:11:25	1199	202	251	467	382	229	185	200	0	0	8	430	385	340	0	10	461	244
2014-07-27	00:12:25	1199	202	251	466	381	229	185	200	0	0	8	430	385	340	0	10	461	243
2014-07-27	00:13:25	1199	201	251	464	381	230	185	200	0	0	8	429	385	339	0	10	461	243
2014-07-27	00:14:25	1199	200	250	464	380	231	186	200	0	0	8	428	384	339	0	10	461	244
2014-07-27	00:15:25	1199	200	250	462	379	231	185	200	0	0	8	428	384	339	0	10	461	244
2014-07-27	00:16:25	1199	200	250	462	379	232	186	200	0	0	8	427	383	339	0	10	460	243
2014-07-27	00:17:25	1199	199	250	461	378	232	186	200	0	0	8	426	383	338	0	10	460	243
2014-07-27	00:18:25	1199	199	250	459	378	233	186	200	0	0	8	426	383	338	0	10	460	243
2014-07-27	00:19:25	1199	199	250	459	377	233	187	200	0	0	8	425	382	338	0	10	460	243
2014-07-27	00:20:25	1199	199	249	458	376	234	187	200	0	0	8	424	382	338	0	10	460	243
2014-07-27	00:21:25	1199	199	249	457	375	235	187	200	0	0	8	424	382	337	0	10	460	244
2014-07-27	00:22:25	1199	198	249	456	375	235	187	200	0	0	8	423	382	337	0	10	460	243
2014-07-27	00:23:25	1199	198	249	455	374	236	188	200	0	0	8	423	381	337	0	10	459	243
2014-07-27	00:24:25	1199	198	249	454	373	236	188	200	0	0	8	422	381	336	0	10	459	243
2014-07-27	00:25:25	1199	198	248	453	373	237	188	200	0	0	8	421	381	336	0	10	458	243
2014-07-27	00:26:25	1199	197	248	452	372	237	188	200	0	0	8	421	381	336	0	10	458	243
2014-07-27	00:27:25	1199	197	248	451	372	238	189	200	0	0	8	420	380	336	0	10	458	243
2014-07-27	00:28:25	1199	197	248	451	371	238	190	200	0	0	8	420	380	336	0	10	458	243
2014-07-27	00:29:25	1199	197	248	450	370	239	190	200	0	0	8	420	379	335	0	10	458	243
2014-07-27	00:30:25	1199	197	248	448	370	239	190	200	0	0	8	419	379	335	0	10	458	243
2014-07-27	00:31:25	1199	196	247	448	369	240	190	200	0	0	8	419	379	335	0	10	458	243
2014-07-27	00:32:25	1199	196	247	446	368	240	191	200	0	0	8	418	378	335	0	10	458	243
2014-07-27	00:33:25	1199	196	247	445	368	240	191	200	0	0	8	418	378	334	0	10	457	243
2014-07-27	00:34:25	1199	196	247	443	368	241	191	200	0	0	8	417	378	334	0	10	457	243
2014-07-27	00:35:25	1199	196	247	444	367	241	192	200	0	0	8	417	378	334	0	10	457	243
2014-07-27	00:36:25	1199	196	246	443	366	242	192	200	0	0	8	416	377	334	0	10	457	243
2014-07-27	00:37:25	1199	195	246	442	365	242	192	200	0	0	8	416	377	334	0	10	457	243
2014-07-27	00:38:25	1199	195	246	441	365	243	192	200	0	0	8	415	377	334	0	10	457	243
2014-07-27	00:39:25	1199	195	246	440	364	243	192	200	0	0	8	415	376	333	0	10	457	243
2014-07-27	00:40:25	1199	195	246	440	364	244	193	200	0	0	8	414	376	333	0	10	457	243
2014-07-27	00:41:25	1199	195	245	439	363	244	193	200	0	0	8	414	376	333	0	10	457	243
2014-07-27	00:42:26	1199	194	245	438	363	246	193	200	0	0	8	413	376	333	0	10	457	243
2014-07-27	00:43:26	1199	194	245	437	362	246	193	200	0	0	8	413	376	332	0	10	457	243
2014-07-27	00:44:26	1199	194	245	437	361	246	194	200	0	0	8	412	375	332	0	10	457	243
2014-07-27	00:45:26	1199	194	245	436	361	247	194	200	0	0	8	412	375	332	0	10	457	243
2014-07-27	00:46:26	1199	194	244	436	360	247	194	200	0	0	8	411	375	332	0	10	457	243
2014-07-27	00:47:26	1199	194	244	435	360	248	194	200	0	0	8	411	374	332	0	10	457	243
2014-07-27	00:48:26	1199	193	244	433	359	248	195	200	0	0	8	410	374	331	0	10	457	243
2014-07-27	00:49:26	1199	193	244	433	359	248	195	200	0	0	8	410	374	331	0	10	457	243
2014-07-27	00:50:26	1199	193	244	432	358	249	195	200	0	0	8	410	374	331	0	10	457	243
2014-07-27	00:51:26	1199	193	244	431	358	249	195	200	0	0	8	409	373	331	0	10	456	243
2014-07-27	00:52:26	1199	192	243	431	358	250	195	200	0	0	8	409	373	331	0	10	457	243
2014-07-27	00:53:26	1199	192	243	429	358	250	196	200	0	0	8	408	373	331	0	10	456	243
2014-07-27	00:54:26	1199	192	243	429	357	250	196	200	0	0	8	408	373	331	0	10	456	243
2014-07-27	00:55:26	1199	192	243	428	357	251	196	200	0	0	8	407	373	331	0	10	456	243
2014-07-27	00:56:26	1199	192	242	427	356	251	196	200	0	0	8	407	372	331	0	10	456	242
2014-07-27	00:57:26	1199	191	242	427	356	252	196	200	0	0	8	407	372	330	0	10	456	243
2014-07-27	00:58:26	1199	191	242	426	355	252	197	200	0	0	8	406	372	330	0	10	456	243
2014-07-27	00:59:26	1199	191	242	425	355	252	197	200	0	0	8	406	372	330	0	10	456	242
2014-07-27	01:00:26	1199	191	242	425	354	252	197	200	0	0	8	405	371	330	0	10	456	242
2014-07-27	01:01:26	1199	191	241	423	354	253	197	200	0	0	8	405	371	330	0	10	456	243
2014-07-27	01:02:26	1199	191	241	423	353	253	197	200	0	0	8	404	371	329	0	10	456	242
2014-07-27	01:03:26	1199	190	241	422	353	254	198	200	0	0	8	404	371	329	0	10	456	242
2014-07-27	01:04:26	1199	190	241	421	353	254	198	200	0	0	8	404	371	329	0	10	456	242
2014-07-27	01:05:26	1199	190	241	421	352	254	198	200	0	0	8	403	370	328	0	10	456	242
2014-07-27	01:06:26	1199	190	241	420	352	255	199	200	0	0	8	403	370	328	0	10	456	242
2014-07-27	01:07:26	1199	190	240	420	351	255	199	200	0	0	8	403	370	328	0	10	456	243
2014-07-27	01:08:26	1199	190	240	420	351	255	199	200	0	0	8	402	370	328	0	10	456	242
2014-07-27	01:09:26	1199	189	240	419	350	255	199	200	0	0	8	402	369	328	0	10	456	242
2014-07-27	01:10:26	1199	188	240	419	350	256	199	200	0	0	8	401	369	327	0	10	456	242
2014-07-27	01:11:26	1199	188	240	418	349	256	199	200	0	0	8	401	369	327	0	10	456	242
2014-07-27	01:12:26	1199	188	239	418	349	256	200	200	0	0	8	400	369	327	0	10	455	242
2014-07-27	01:13:26	1199	188	239	417	348	257	200	200	0	0	8	400	368	327	0	10	455	242
2014-07-27	01:14:26	1199	188	239	416	348	257	200	200	0	0	8	400	368	326	0	10	455	242
2014-07-27	01:15:26	1199	188	239	415	348	258	201	200	0	0	8	399	368	326	0	10	455	242
2014-07-27	01:16:26	1199	188	239	414	347	258	202	200	0	0	8	399	368	326	0	10	455	242
2014-07-27	01:17:26	1199	187	238	414	347	258	202	200	0	0	8	398	368	326	0	10	455	242
2014-07-27	01:18:26	1199	187	238	413	346	258	202	200	0	0	8	398	367	326	0	10	455	242
2014-07-27	01:19:26	1199	187	238	413	346	258	202	200	0	0	8	398	367	325	0	10	455	242
2014-07-27	01:20:26	1199	187	238	412	346	259	202	200	0	0	8	397	367	325	0	10	455	242
2014-07-27	01:21:26	1199	187	238	411	345	259	203	200	0	0	8	397	367	325	0	10	455	242
2014-07-27	01:22:26	1199	187	238	411	345	259	203	200	0	0	8	397	367	325	0	10	455	242
2014-07-27	01:23:26	1199	187	237	410	344	260	203	200	0	0	8	396	367	325	0	10	455	242
2014-07-27	01:24:26	1199	187	237	410	344	260	203	200	0	0	8	396	367	324	0	10	455	242
2014-07-27	01:25:26	1199	187	237	409	343	260	203	200	0	0	8	395	366	324	0	10	455	242
2014-07-27	01:26:26	1199	186	237	408	343	260	204	200	0	0	8	395	366	324	0	10	455	242
2014-07-27	01:27:26	1199	186	237	408	342	261	204	200	0	0	8	395	366	324	0	10	455	242
2014-07-27	01:28:26	1199	186	236	407	342	261	204	200	0	0	8	395	366	324	0	10	455	242
2014-07-27	01:29:26	1199	186	236	406	342	261	204	200	0	0	8	394	366	324	0	10	455	242
2014-07-27	01:30:26	1199	186	236	406	341	261	204	200	0	0	8	394	366	324	0	10	455	242
2014-07-27	01:31:26	1199	186	236	405	341	262	205	200	0	0	8	393	366	324	0	10	454	242
2014-07-27	01:32:26	1199	186	236	405	340	262	205	200	0	0	8	393	365	324	0	10	454	242
2014-07-27	01:33:26	1199	186	235	404	340	262	205	200	0	0	8	393	365	323	0	10	454	242
2014-07-27	01:34:26	1199	185	235	403	340	262	205	200	0	0	8	392	365	323	0	10	454	242
2014-07-27	01:35:26	1199	185	235	403	339	263	206	200	0	0	8	392	365	323	0	10	454	242
2014-07-27	01:36:26	1199	185	235	403	340	263	206	200	0	0	8	392	365	323	0	10	454	242
2014-07-27	01:37:26	1199	185	235	402	338	263	206	200	0	0	8	391	365	323	0	10	454	242
2014-07-27	01:38:26	1199	185	235	401	338	263	206	200	0	0	8	391	365	323	0	10	454	242
2014-07-27	01:39:26	1199	185	234	401	338	264	206	200	0	0	8	390	364	323	0	10	454	242
2014-07-27	01:40:26	1199	185	234	400	337	264	206	200	0	0	8	390	364	323	0	10	454	242
2014-07-27	01:41:26	1199	184	234	399	337	264	207	200	0	0	8	390	364	322	0	10	454	242
2014-07-27	01:42:26	1199	184	234	399	336	264	207	200	0	0	8	389	364	322	0	10	454	242
2014-07-27	01:43:26	1199	184	234	398	336	264	207	200	0	0	8	389	364	322	0	10	454	242
2014-07-27	01:44:26	1199	184	233	398	336	264	207	200	0	0	8	389	363	322	0	10	454	242
2014-07-27	01:45:26	1199	184	233	397	335	265	207	200	0	0	8	389	363	322	0	10	454	242
2014-07-27	01:46:26	1199	184	233	396	335	265	208	200	0	0	8	388	363	322	0	10	454	242
2014-07-27	01:47:26	1199	184	233	396	335	265	208	200	0	0	8	388	363	322	0	10	454	242
2014-07-27	01:48:26	1199	184	233	396	334	265	208	200	0	0	8	387	363	322	0	10	454	241
2014-07-27	01:49:26	1199	183	233	395	334	266	208	200	0	0	8	387	363	321	0	10	453	242
2014-07-27	01:50:26	1199	183	232	395	334	266	208	200	0	0	8	387	362	321	0	10	453	242
2014-07-27	01:51:26	1199	183	232	394	333	266	208	200	0	0	8	386	362	321	0	10	453	241
2014-07-27	01:52:26	1199	183	232	394	333	266	209	200	0	0	8	386	362	321	0	10	453	241
2014-07-27	01:53:26	1199	183	232	393	333	266	209	200	0	0	8	386	362	321	0	10	453	242
2014-07-27	01:54:26	1199	183	231	393	332	266	209	200	0	0	8	386	362	321	0	10	453	241
2014-07-27	01:55:26	1199	182	231	392	332	267	209	200	0	0	8	386	362	321	0	10	453	241
2014-07-27	01:56:27	1199	182	231	392	332	267	209	200	0	0	8	386	362	321	0	10	453	241
2014-07-27	01:57:27	1199	182	231	392	331	267	210	200	0	0	8	385	361	320	0	10	453	241
2014-07-27	01:58:27	1199	182	231	390	331	267	210	200	0	0	8	385	361	320	0	10	453	241
2014-07-27	01:59:27	1199	182	231	390	331	268	210	200	0	0	8	385	361	320	0	10	453	241
2014-07-27	02:00:27	1199	182	230	390	331	268	210	200	0	0	8	385	361	320	0	10	453	241
2014-07-27	02:01:27	1199	182	230	389	331	268	210	200	0	0	8	384	361	320	0	10	453	241
2014-07-27	02:02:27	1199	182	230	389	331	268	211	200	0	0	8	384	361	320	0	10	453	241
2014-07-27	02:03:27	1199	182	230	388	330	268	211	200	0	0	8	383	361	319	0	10	453	241
2014-07-27	02:04:27	1199	181	230	388	330	269	211	200	0	0	8	383	361	319	0	10	453	241
2014-07-27	02:05:27	1199	181	230	388	330	269	211	200	0	0	8	383	360	319	0	10	453	241
2014-07-27	02:06:27	1199	181	229	387	329	269	211	200	0	0	8	382	360	319	0	10	453	241
2014-07-27	02:07:27	1199	181	229	386	329	269	212	200	0	0	8	382	360	319	0	10	453	241
2014-07-27	02:08:27	1199	181	229	386	329	269	212	200	0	0	8	382	360	319	0	10	453	241
2014-07-27	02:09:27	1199	181	229	386	328	270	212	200	0	0	8	381	360	319	0	10	452	241
2014-07-27	02:10:27	1199	181	229	386	328	269	212	200	0	0	8	381	359	318	0	10	453	241
2014-07-27	02:11:27	1199	181	228	386	328	270	212	200	0	0	8	381	359	318	0	10	452	241
2014-07-27	02:12:27	1199	180	228	385	327	270	212	200	0	0	8	380	359	318	0	10	452	241
2014-07-27	02:13:27	1199	180	228	384	327	270	212	200	0	0	8	380	359	318	0	10	452	241
2014-07-27	02:14:27	1199	180	228	384	327	270	212	200	0	0	8	380	359	318	0	10	452	241
2014-07-27	02:15:27	1199	180	228	383	327	270	213	200	0	0	8	379	359	318	0	10	452	241
2014-07-27	02:16:27	1199	180	228	383	326	270	213	200	0	0	8	379	359	318	0	10	452	241
2014-07-27	02:17:27	1199	180	227	383	326	271	213	200	0	0	8	379	359	318	0	10	452	241
2014-07-27	02:18:28	1199	180	227	382	326	271	213	200	0	0	8	378	358	318	0	10	452	241
2014-07-27	02:19:28	1199	180	227	382	325	271	213	200	0	0	8	378	358	317	0	10	452	241
2014-07-27	02:20:28	1199	180	227	382	325	271	213	200	0	0	8	378	358	317	0	10	452	241
2014-07-27	02:21:28	1199	180	227	381	325	271	214	200	0	0	8	377	358	317	0	10	452	241
2014-07-27	02:22:28	1199	180	227	380	325	271	214	200	0	0	8	377	358	317	0	10	452	241
2014-07-27	02:23:28	1199	180	226	380	324	271	214	200	0	0	8	377	358	317	0	10	452	241
2014-07-27	02:24:28	1199	180	226	380	324	272	214	200	0	0	8	377	358	317	0	10	452	241
2014-07-27	02:25:28	1199	179	226	379	324	272	214	200	0	0	8	377	358	317	0	10	452	241
2014-07-27	02:26:28	1199	179	226	379	323	272	214	200	0	0	8	376	358	317	0	10	451	241
2014-07-27	02:27:28	1199	178	226	378	323	272	215	200	0	0	8	375	358	317	0	10	452	241
2014-07-27	02:28:28	1199	178	225	378	323	272	214	200	0	0	8	375	358	316	0	10	452	241
2014-07-27	02:29:28	1199	178	225	378	322	272	215	200	0	0	8	375	358	316	0	10	451	241
2014-07-27	02:30:28	1199	178	225	377	322	272	215	200	0	0	8	374	358	316	0	10	451	241
2014-07-27	02:31:28	1199	178	225	377	322	272	215	200	0	0	8	374	357	316	0	10	451	241
2014-07-27	02:32:28	1199	178	225	376	322	272	215	200	0	0	8	374	357	316	0	10	451	241
2014-07-27	02:33:28	1199	178	225	376	321	273	215	200	0	0	8	374	357	316	0	10	451	241
2014-07-27	02:34:28	1199	178	224	375	321	273	216	200	0	0	8	373	357	316	0	10	451	241
2014-07-27	02:35:28	1199	177	224	375	321	273	216	200	0	0	8	373	357	316	0	10	451	241
2014-07-27	02:36:28	1199	177	224	375	320	273	216	200	0	0	8	373	357	315	0	10	451	241
2014-07-27	02:37:28	1199	177	224	374	320	273	216	200	0	0	8	372	357	315	0	10	451	241
2014-07-27	02:38:28	1199	177	224	374	320	273	216	200	0	0	8	372	356	315	0	10	451	241
2014-07-27	02:39:28	1199	177	224	373	320	273	216	200	0	0	8	372	356	315	0	10	451	241
2014-07-27	02:40:28	1199	177	223	374	320	273	217	200	0	0	8	372	357	315	0	10	451	241
2014-07-27	02:41:28	1199	177	223	373	319	274	218	200	0	0	8	371	356	315	0	10	451	241
2014-07-27	02:42:28	1199	177	223	373	319	274	218	200	0	0	8	371	356	315	0	10	451	241
2014-07-27	02:43:28	1199	176	223	372	319	274	218	200	0	0	8	371	356	315	0	10	451	241
2014-07-27	02:44:28	1199	176	223	372	319	274	218	200	0	0	8	370	356	315	0	10	451	241
2014-07-27	02:45:28	1199	176	223	371	318	274	218	200	0	0	8	370	356	315	0	10	451	241
2014-07-27	02:46:28	1199	176	222	371	318	274	218	200	0	0	8	370	355	314	0	10	450	241
2014-07-27	02:47:28	1199	176	222	371	318	274	218	200	0	0	8	369	355	314	0	10	451	241
2014-07-27	02:48:28	1199	176	222	370	317	274	219	200	0	0	8	369	355	314	0	10	451	241
2014-07-27	02:49:28	1199	176	222	370	317	274	219	200	0	0	8	369	355	314	0	10	451	241
2014-07-27	02:50:28	1199	176	222	370	317	275	219	200	0	0	8	368	355	314	0	10	450	240
2014-07-27	02:51:28	1199	176	221	369	317	275	219	200	0	0	8	368	355	314	0	10	450	241
2014-07-27	02:52:28	1199	175	221	369	317	275	219	200	0	0	8	368	355	314	0	10	450	241
2014-07-27	02:53:28	1199	175	221	368	316	275	219	200	0	0	8	367	354	313	0	10	450	241
2014-07-27	02:54:28	1199	175	221	368	316	275	220	200	0	0	8	367	354	313	0	10	450	240
2014-07-27	02:55:28	1199	175	221	368	316	275	220	200	0	0	8	367	354	313	0	10	450	240
2014-07-27	02:56:28	1199	175	220	367	316	275	220	200	0	0	8	366	354	313	0	10	450	240
2014-07-27	02:57:28	1199	175	220	366	315	275	220	200	0	0	8	366	354	313	0	10	450	240
2014-07-27	02:58:28	1199	175	220	367	315	275	220	200	0	0	8	366	354	313	0	10	450	241
2014-07-27	02:59:28	1199	175	220	366	315	276	220	200	0	0	8	366	353	313	0	10	450	240
2014-07-27	03:00:28	1199	174	220	366	315	276	220	200	0	0	8	365	353	313	0	10	450	240
2014-07-27	03:01:28	1199	174	220	366	315	276	220	200	0	0	8	365	353	313	0	10	450	240
2014-07-27	03:02:28	1199	174	219	365	314	276	221	200	0	0	8	365	353	313	0	10	450	240
2014-07-27	03:03:28	1199	174	219	365	314	276	221	200	0	0	8	365	353	312	0	10	450	240
2014-07-27	03:04:28	1199	174	219	365	314	276	221	200	0	0	8	364	353	313	0	10	450	240
2014-07-27	03:05:28	1199	174	219	365	313	276	221	200	0	0	8	364	353	312	0	10	450	240
2014-07-27	03:06:28	1199	174	219	364	313	276	221	200	0	0	8	364	353	312	0	10	449	240
2014-07-27	03:07:28	1199	174	219	363	313	276	221	200	0	0	8	364	352	312	0	10	449	240
2014-07-27	03:08:28	1199	174	218	363	313	276	221	200	0	0	8	363	352	312	0	10	449	240
2014-07-27	03:09:28	1199	174	218	363	313	276	222	200	0	0	8	363	352	312	0	10	449	240
2014-07-27	03:10:28	1199	173	218	362	312	277	222	200	0	0	8	363	352	312	0	10	449	240
2014-07-27	03:11:29	1199	173	218	362	312	277	222	200	0	0	8	362	352	312	0	10	449	240
2014-07-27	03:12:29	1199	173	218	362	312	277	222	200	0	0	8	362	352	312	0	10	449	240
2014-07-27	03:13:29	1199	173	218	362	312	277	222	200	0	0	8	362	352	312	0	10	449	240
2014-07-27	03:14:29	1199	173	218	362	312	277	223	200	0	0	8	362	352	311	0	10	449	240
2014-07-27	03:15:29	1199	173	217	361	311	277	222	200	0	0	8	362	351	311	0	10	449	240
2014-07-27	03:16:29	1199	173	217	361	311	277	223	200	0	0	8	361	351	311	0	10	449	240
2014-07-27	03:17:29	1199	173	217	361	311	277	223	200	0	0	8	361	351	311	0	10	449	240
2014-07-27	03:18:29	1199	173	217	361	311	277	223	200	0	0	8	361	351	311	0	10	449	240
2014-07-27	03:19:29	1199	173	217	360	311	277	223	200	0	0	8	360	351	311	0	10	449	240
2014-07-27	03:20:29	1199	173	217	360	310	277	223	200	0	0	8	360	351	311	0	10	449	240
2014-07-27	03:21:29	1199	173	216	360	310	277	223	200	0	0	8	360	351	311	0	10	449	240
2014-07-27	03:22:29	1199	172	216	359	310	277	223	200	0	0	8	360	351	311	0	10	449	240
2014-07-27	03:23:29	1199	172	216	359	310	277	223	200	0	0	8	359	351	311	0	10	449	240
2014-07-27	03:24:29	1199	172	216	359	310	278	224	200	0	0	8	359	351	311	0	10	449	240
2014-07-27	03:25:29	1199	172	216	358	309	278	224	200	0	0	8	359	351	311	0	10	449	240
2014-07-27	03:26:29	1199	172	216	358	309	277	224	200	0	0	8	359	351	311	0	10	449	240
2014-07-27	03:27:29	1199	172	215	358	309	278	224	200	0	0	8	358	351	310	0	10	448	240
2014-07-27	03:28:29	1199	172	215	358	309	278	224	200	0	0	8	358	351	310	0	10	448	240
2014-07-27	03:29:29	1199	172	215	358	308	278	224	200	0	0	8	358	350	310	0	10	449	240
2014-07-27	03:30:29	1199	172	215	358	308	278	224	200	0	0	8	358	351	310	0	10	448	240
2014-07-27	03:31:29	1199	172	215	358	308	278	225	200	0	0	8	358	350	310	0	10	449	240
2014-07-27	03:32:29	1199	172	215	357	308	278	225	200	0	0	8	358	350	310	0	10	448	240
2014-07-27	03:33:29	1199	172	214	357	308	278	225	200	0	0	8	358	350	310	0	10	448	240
2014-07-27	03:34:29	1199	172	214	357	308	278	225	200	0	0	8	358	350	310	0	10	448	240
2014-07-27	03:35:29	1199	172	214	356	308	278	225	200	0	0	8	358	350	310	0	10	448	240
2014-07-27	03:36:29	1199	171	214	356	307	278	225	200	0	0	8	357	350	310	0	10	448	240
2014-07-27	03:37:29	1199	171	214	356	307	278	225	200	0	0	8	357	350	310	0	10	448	240
2014-07-27	03:38:29	1199	171	214	356	307	278	225	200	0	0	8	357	350	309	0	10	448	240
2014-07-27	03:39:29	1199	171	213	356	307	278	226	200	0	0	8	356	350	309	0	10	448	240
2014-07-27	03:40:29	1199	171	213	355	306	278	226	200	0	0	8	356	349	309	0	10	448	240
2014-07-27	03:41:29	1199	171	213	355	306	278	226	200	0	0	8	356	350	309	0	10	448	239
2014-07-27	03:42:29	1199	171	213	355	306	279	226	200	0	0	8	356	349	309	0	10	448	240
2014-07-27	03:43:29	1199	171	213	355	306	279	227	200	0	0	8	355	349	310	0	10	448	240
2014-07-27	03:44:29	1199	171	213	354	306	279	226	200	0	0	8	355	349	309	0	10	448	239
2014-07-27	03:45:29	1199	171	213	354	305	279	226	200	0	0	8	355	349	309	0	10	448	239
2014-07-27	03:46:29	1199	171	212	354	305	279	226	200	0	0	8	355	349	309	0	10	448	240
2014-07-27	03:47:29	1199	171	212	354	305	279	226	200	0	0	8	355	349	309	0	10	448	239
2014-07-27	03:48:29	1199	171	212	354	305	279	227	200	0	0	8	354	349	309	0	10	447	239
2014-07-27	03:49:29	1199	171	212	353	305	279	227	200	0	0	8	354	349	309	0	10	447	239
2014-07-27	03:50:29	1199	170	212	353	305	279	227	200	0	0	8	354	349	309	0	10	447	240
2014-07-27	03:51:29	1199	169	211	353	304	279	227	200	0	0	8	354	349	309	0	10	447	239
2014-07-27	03:52:29	1199	169	211	353	304	279	227	200	0	0	8	353	348	308	0	10	447	239
2014-07-27	03:53:29	1199	169	211	352	304	279	227	200	0	0	8	353	348	308	0	10	447	239
2014-07-27	03:54:29	1199	169	211	352	304	279	227	200	0	0	8	353	348	308	0	10	447	239
2014-07-27	03:55:29	1199	169	211	352	304	279	227	200	0	0	8	353	348	308	0	10	447	239
2014-07-27	03:56:29	1199	169	211	351	303	279	228	200	0	0	8	353	348	308	0	10	447	239
2014-07-27	03:57:29	1199	169	211	351	303	280	228	200	0	0	8	352	348	308	0	10	447	239
2014-07-27	03:58:29	1199	169	210	351	303	279	228	200	0	0	8	352	348	308	0	10	447	239
2014-07-27	03:59:29	1199	169	210	351	303	279	228	200	0	0	8	352	348	308	0	10	447	239
2014-07-27	04:00:29	1199	169	210	351	303	279	228	200	0	0	8	352	348	308	0	10	447	239
2014-07-27	04:01:29	1199	169	210	350	303	279	228	200	0	0	8	351	348	308	0	10	447	239
2014-07-27	04:02:29	1199	169	210	350	302	279	228	200	0	0	8	351	348	307	0	10	447	239
2014-07-27	04:03:29	1199	168	210	350	302	280	229	200	0	0	8	351	347	307	0	10	447	239
2014-07-27	04:04:29	1199	168	209	350	302	280	229	200	0	0	8	351	347	307	0	10	447	239
2014-07-27	04:05:29	1199	168	209	350	302	280	229	200	0	0	8	351	347	307	0	10	447	239
2014-07-27	04:06:29	1199	168	209	349	302	280	229	200	0	0	8	350	347	307	0	10	447	239
2014-07-27	04:07:29	1199	168	209	349	302	280	229	200	0	0	8	350	347	307	0	10	447	239
2014-07-27	04:08:29	1199	168	209	349	302	280	229	200	0	0	8	350	347	307	0	10	446	239
2014-07-27	04:09:29	1199	168	209	349	301	279	229	200	0	0	8	349	347	307	0	10	446	239
2014-07-27	04:10:29	1199	168	209	349	302	280	229	200	0	0	8	349	347	307	0	10	446	239
2014-07-27	04:11:29	1199	168	208	348	301	280	229	200	0	0	8	349	347	307	0	10	446	239
2014-07-27	04:12:29	1199	168	208	348	301	280	229	200	0	0	8	349	347	306	0	10	446	239
2014-07-27	04:13:29	1199	168	208	348	301	280	230	200	0	0	8	349	347	306	0	10	446	239
2014-07-27	04:14:29	1199	168	208	348	301	280	230	200	0	0	8	348	346	307	0	10	446	239
2014-07-27	04:15:29	1199	168	208	348	301	280	230	200	0	0	8	348	346	306	0	10	446	239
2014-07-27	04:16:29	1199	168	208	347	300	280	230	200	0	0	8	348	346	306	0	10	446	239
2014-07-27	04:17:29	1199	167	208	347	300	280	230	200	0	0	8	348	346	306	0	10	446	239
2014-07-27	04:18:29	1199	167	207	347	300	280	230	200	0	0	8	347	346	306	0	10	446	239
2014-07-27	04:19:29	1199	167	207	347	300	280	230	200	0	0	8	347	346	306	0	10	446	239
2014-07-27	04:20:29	1199	167	207	346	300	280	230	200	0	0	8	347	346	306	0	10	446	239
2014-07-27	04:21:29	1199	167	207	346	299	280	230	200	0	0	8	346	347	306	0	10	446	239
2014-07-27	04:22:29	1199	167	207	346	299	280	231	200	0	0	8	346	346	306	0	10	446	239
2014-07-27	04:23:29	1199	167	207	346	299	280	231	200	0	0	8	347	346	306	0	10	446	239
2014-07-27	04:24:29	1199	167	207	346	299	280	231	200	0	0	8	346	346	306	0	10	445	239
2014-07-27	04:25:29	1199	167	206	346	299	280	231	200	0	0	8	346	345	305	0	10	445	239
2014-07-27	04:26:30	1199	167	206	345	299	280	231	200	0	0	8	346	345	306	0	10	446	239
2014-07-27	04:27:30	1199	167	206	345	299	280	231	200	0	0	8	345	345	305	0	10	446	239
2014-07-27	04:28:30	1199	167	206	345	298	280	231	200	0	0	8	346	345	305	0	10	445	239
2014-07-27	04:29:30	1199	167	206	344	298	280	231	200	0	0	8	345	345	305	0	10	445	239
2014-07-27	04:30:30	1199	167	206	345	298	280	231	200	0	0	8	345	345	305	0	10	445	238
2014-07-27	04:31:30	1199	167	205	345	298	280	232	200	0	0	8	345	345	305	0	10	445	238
2014-07-27	04:32:30	1199	167	205	344	298	280	231	200	0	0	8	344	344	305	0	10	445	239
2014-07-27	04:33:30	1199	167	205	344	298	280	231	200	0	0	8	345	345	305	0	10	445	239
2014-07-27	04:34:30	1199	166	205	344	298	280	232	200	0	0	8	344	344	305	0	10	445	238
2014-07-27	04:35:30	1199	166	205	344	298	280	232	200	0	0	8	344	344	305	0	10	445	238
2014-07-27	04:36:30	1199	166	205	344	297	280	232	200	0	0	8	343	344	305	0	10	445	238
2014-07-27	04:37:30	1199	166	205	343	297	281	232	200	0	0	8	343	344	305	0	10	445	238
2014-07-27	04:38:30	1199	166	205	343	297	280	232	200	0	0	8	343	344	304	0	10	445	238
2014-07-27	04:39:30	1199	166	204	343	297	281	232	200	0	0	8	343	344	305	0	10	445	238
2014-07-27	04:40:30	1199	166	204	343	297	281	232	200	0	0	8	343	344	304	0	10	445	238
2014-07-27	04:41:30	1199	166	204	342	297	281	232	200	0	0	8	342	344	305	0	10	445	238
2014-07-27	04:42:30	1199	166	204	342	296	281	233	200	0	0	8	342	344	304	0	10	445	238
2014-07-27	04:43:30	1199	166	204	342	296	281	233	200	0	0	8	342	344	304	0	10	445	238
2014-07-27	04:44:30	1199	166	204	342	296	281	233	200	0	0	8	342	343	304	0	10	445	238
2014-07-27	04:45:30	1199	165	204	342	296	281	233	200	0	0	8	342	343	304	0	10	445	238
2014-07-27	04:46:30	1199	165	203	342	296	281	233	200	0	0	8	341	343	304	0	10	445	238
2014-07-27	04:47:30	1199	165	203	342	296	281	233	200	0	0	8	341	343	304	0	10	445	238
2014-07-27	04:48:30	1199	165	203	342	296	281	233	200	0	0	8	341	343	304	0	10	444	238
2014-07-27	04:49:30	1199	165	203	341	296	281	233	200	0	0	8	341	343	304	0	10	444	238
2014-07-27	04:50:30	1199	165	203	341	296	281	233	200	0	0	8	341	343	304	0	10	445	238
2014-07-27	04:51:30	1199	165	203	341	295	281	233	200	0	0	8	340	343	304	0	10	444	238
2014-07-27	04:52:30	1199	165	202	341	295	281	233	200	0	0	8	340	343	304	0	10	444	238
2014-07-27	04:53:30	1199	165	202	340	295	281	233	200	0	0	8	340	343	304	0	10	444	238
2014-07-27	04:54:30	1199	165	202	340	295	281	234	200	0	0	8	340	343	304	0	10	444	238
2014-07-27	04:55:30	1199	165	202	340	295	281	234	200	0	0	8	339	342	304	0	10	444	238
2014-07-27	04:56:30	1199	165	202	340	295	281	234	200	0	0	8	339	342	304	0	10	444	238
2014-07-27	04:57:30	1199	165	202	340	295	281	234	200	0	0	8	339	342	303	0	10	444	238
2014-07-27	04:58:30	1199	165	202	340	295	281	234	200	0	0	8	339	342	303	0	10	444	238
2014-07-27	04:59:30	1199	164	201	340	294	281	235	200	0	0	8	339	342	303	0	10	444	238
2014-07-27	05:00:30	1199	164	201	339	294	281	234	200	0	0	8	338	342	303	0	10	444	238
2014-07-27	05:01:30	1199	164	201	339	294	281	234	200	0	0	8	338	342	303	0	10	444	238
2014-07-27	05:02:30	1199	164	201	340	294	281	234	200	0	0	8	338	342	303	0	10	444	238
2014-07-27	05:03:30	1199	164	201	339	294	281	234	200	0	0	8	338	342	303	0	10	444	238
2014-07-27	05:04:30	1199	164	201	339	294	281	235	200	0	0	8	338	341	303	0	10	444	238
2014-07-27	05:05:30	1199	164	201	339	294	281	234	200	0	0	8	338	341	303	0	10	444	238
2014-07-27	05:06:30	1199	164	200	338	294	281	235	200	0	0	8	337	342	303	0	10	444	238
2014-07-27	05:07:30	1199	164	200	338	294	281	235	200	0	0	8	337	341	303	0	10	444	238
2014-07-27	05:08:30	1199	164	200	338	294	281	235	200	0	0	8	337	341	303	0	10	444	238
2014-07-27	05:09:30	1199	164	200	338	294	281	235	200	0	0	8	337	341	303	0	10	443	238
2014-07-27	05:10:30	1199	164	200	338	294	281	235	200	0	0	8	336	341	303	0	10	443	238
2014-07-27	05:11:30	1199	164	200	338	294	281	235	200	0	0	8	336	341	303	0	10	443	238
2014-07-27	05:12:30	1199	164	200	338	294	281	235	200	0	0	8	336	341	303	0	10	443	238
2014-07-27	05:13:30	1199	164	200	338	294	281	235	200	0	0	8	336	341	303	0	10	443	238
2014-07-27	05:14:30	1199	164	199	337	294	281	235	200	0	0	8	336	341	302	0	10	443	238
2014-07-27	05:15:30	1199	163	199	337	293	281	235	200	0	0	8	335	340	302	0	10	443	237
2014-07-27	05:16:30	1199	163	199	337	293	281	235	200	0	0	8	335	340	302	0	10	443	238
2014-07-27	05:17:30	1199	163	199	337	293	281	236	200	0	0	8	335	340	302	0	10	443	237
2014-07-27	05:18:30	1199	163	199	337	293	281	236	200	0	0	8	335	340	302	0	10	443	238
2014-07-27	05:19:30	1199	163	199	336	293	281	236	200	0	0	8	335	340	302	0	10	443	238
2014-07-27	05:20:30	1199	163	199	336	293	281	236	200	0	0	8	334	341	303	0	10	443	237
2014-07-27	05:21:30	1199	163	198	336	293	281	236	200	0	0	8	334	340	302	0	10	443	238
2014-07-27	05:22:30	1199	163	198	336	293	281	236	200	0	0	8	334	340	302	0	10	443	237
2014-07-27	05:23:30	1199	163	198	336	293	281	236	200	0	0	8	334	340	302	0	10	443	237
2014-07-27	05:24:30	1199	163	198	336	292	281	236	200	0	0	8	334	340	302	0	10	443	237
2014-07-27	05:25:30	1199	163	198	336	292	281	236	200	0	0	8	333	340	302	0	10	443	237
2014-07-27	05:26:30	1199	163	198	336	292	281	236	200	0	0	8	333	340	302	0	10	443	237
2014-07-27	05:27:30	1199	163	198	335	292	281	236	200	0	0	8	333	340	301	0	10	442	237
2014-07-27	05:28:30	1199	163	198	335	292	281	236	200	0	0	8	333	340	302	0	10	443	237
2014-07-27	05:29:30	1199	163	197	335	292	281	237	200	0	0	8	333	339	302	0	10	443	237
2014-07-27	05:30:30	1199	163	197	335	292	281	237	200	0	0	8	333	339	301	0	10	443	237
2014-07-27	05:31:31	1199	162	197	335	292	281	237	200	0	0	8	332	339	302	0	10	442	237
2014-07-27	05:32:31	1199	162	197	335	292	281	237	200	0	0	8	332	339	302	0	10	443	237
2014-07-27	05:33:31	1199	162	197	335	291	281	237	200	0	0	8	332	339	301	0	10	443	237
2014-07-27	05:34:31	1199	161	197	335	291	281	237	200	0	0	8	332	339	301	0	10	442	237
2014-07-27	05:35:31	1199	161	197	334	291	281	237	200	0	0	8	332	339	301	0	10	442	237
2014-07-27	05:36:31	1199	161	197	334	291	281	237	200	0	0	8	332	339	301	0	10	442	237
2014-07-27	05:37:31	1199	161	196	334	291	281	237	200	0	0	8	331	339	301	0	10	442	237
2014-07-27	05:38:31	1199	161	196	334	291	281	237	200	0	0	8	331	339	301	0	10	442	237
2014-07-27	05:39:31	1199	161	196	334	291	281	237	200	0	0	8	331	339	301	0	10	442	237
2014-07-27	05:40:31	1199	161	196	334	291	281	237	200	0	0	8	331	338	301	0	10	442	237
2014-07-27	05:41:32	1199	161	196	334	290	281	237	200	0	0	8	331	338	301	0	10	442	237
2014-07-27	05:42:32	1199	161	196	334	290	281	237	200	0	0	8	331	338	301	0	10	442	237
2014-07-27	05:43:32	1199	161	196	334	290	281	238	200	0	0	8	331	339	301	0	10	442	237
2014-07-27	05:44:32	1199	161	196	333	290	281	238	200	0	0	8	331	338	301	0	10	442	237
2014-07-27	05:45:32	1199	161	195	333	290	281	238	200	0	0	8	331	338	300	0	10	442	237
2014-07-27	05:46:32	1199	161	195	333	290	281	238	200	0	0	8	331	338	300	0	10	442	237
2014-07-27	05:47:32	1199	161	195	333	290	281	238	200	0	0	8	331	338	301	0	10	442	237
2014-07-27	05:48:32	1199	161	195	333	290	281	238	200	0	0	8	331	338	300	0	10	442	237
2014-07-27	05:49:32	1199	161	195	333	290	281	238	200	0	0	8	331	338	300	0	10	442	237
2014-07-27	05:50:32	1199	161	195	333	289	281	239	200	0	0	8	330	338	300	0	10	442	237
2014-07-27	05:51:32	1199	161	195	333	289	281	238	200	0	0	8	330	338	300	0	10	442	237
2014-07-27	05:52:32	1199	160	194	332	289	281	238	200	0	0	8	330	338	300	0	10	441	237
2014-07-27	05:53:32	1199	161	194	332	289	281	238	200	0	0	8	330	337	300	0	10	441	237
2014-07-27	05:54:32	1199	160	194	332	289	281	238	200	0	0	8	329	337	300	0	10	441	237
2014-07-27	05:55:32	1199	160	194	332	289	281	238	200	0	0	8	329	337	300	0	10	441	237
2014-07-27	05:56:32	1199	160	194	332	289	281	239	200	0	0	8	329	337	300	0	10	441	237
2014-07-27	05:57:32	1199	160	194	332	289	281	239	200	0	0	8	329	337	300	0	10	441	237
2014-07-27	05:58:32	1199	160	194	332	289	281	239	200	0	0	8	329	337	300	0	10	441	237
2014-07-27	05:59:32	1199	160	193	332	288	281	239	200	0	0	8	329	337	300	0	10	441	237
2014-07-27	06:00:32	1199	160	193	332	289	281	239	200	0	0	8	328	337	300	0	10	441	236
2014-07-27	06:01:32	1199	160	193	332	288	281	239	200	0	0	8	328	337	300	0	10	441	237
2014-07-27	06:02:32	1199	160	193	331	288	281	239	200	0	0	8	328	337	300	0	10	441	236
2014-07-27	06:03:32	1199	160	193	331	288	281	239	200	0	0	8	328	337	300	0	10	441	236
2014-07-27	06:04:32	1199	160	193	331	288	281	239	200	0	0	8	327	337	300	0	10	441	236
2014-07-27	06:05:32	1199	160	193	331	288	281	239	200	0	0	8	327	336	299	0	10	441	236
2014-07-27	06:06:32	1199	160	193	331	288	281	239	200	0	0	8	327	336	300	0	10	441	236
2014-07-27	06:07:32	1199	160	193	331	288	281	239	200	0	0	8	327	336	299	0	10	441	237
2014-07-27	06:08:32	1199	160	192	331	288	281	239	200	0	0	8	327	336	299	0	10	441	236
2014-07-27	06:09:32	1199	160	192	331	288	281	240	200	0	0	8	327	336	299	0	10	441	236
2014-07-27	06:10:32	1199	160	192	331	287	281	240	200	0	0	8	327	336	299	0	10	441	236
2014-07-27	06:11:32	1199	160	192	331	287	281	240	200	0	0	8	326	336	299	0	10	441	236
2014-07-27	06:12:32	1199	160	192	331	287	281	240	200	0	0	8	327	336	299	0	10	441	236
2014-07-27	06:13:32	1199	160	192	331	287	281	240	200	0	0	8	326	336	299	0	10	441	236
2014-07-27	06:14:32	1199	160	192	331	287	281	240	200	0	0	8	326	336	299	0	10	440	236
2014-07-27	06:15:32	1199	159	192	331	287	281	240	200	0	0	8	325	336	299	0	10	440	236
2014-07-27	06:16:32	1199	159	191	331	287	281	240	200	0	0	8	326	336	299	0	10	440	236
2014-07-27	06:17:32	1199	159	191	331	287	281	240	200	0	0	8	325	336	299	0	10	440	236
2014-07-27	06:18:32	1199	159	191	331	287	281	240	200	0	0	8	325	336	299	0	10	440	236
2014-07-27	06:19:32	1199	159	191	331	287	281	240	200	0	0	8	325	335	299	0	10	440	236
2014-07-27	06:20:32	1199	159	191	331	287	281	240	200	0	0	8	325	335	299	0	10	440	236
2014-07-27	06:21:32	1199	159	191	331	286	281	240	200	0	0	8	325	335	299	0	10	440	236
2014-07-27	06:22:32	1199	159	191	330	286	281	240	200	0	0	8	325	335	299	0	10	440	236
2014-07-27	06:23:32	1199	159	191	330	286	281	240	200	0	0	8	325	335	299	0	10	440	236
2014-07-27	06:24:32	1199	159	191	331	286	281	241	200	0	0	8	324	335	298	0	10	440	236
2014-07-27	06:25:32	1199	159	190	330	286	281	240	200	0	0	8	324	335	298	0	10	440	236
2014-07-27	06:26:32	1199	159	190	330	286	281	241	200	0	0	8	324	335	298	0	10	440	236
2014-07-27	06:27:32	1199	159	190	330	286	281	241	200	0	0	8	324	335	299	0	10	440	236
2014-07-27	06:28:32	1199	159	190	330	286	281	241	200	0	0	8	324	335	299	0	10	440	236
2014-07-27	06:29:32	1199	159	190	330	286	281	241	200	0	0	8	323	335	298	0	10	440	236
2014-07-27	06:30:32	1199	159	190	330	285	281	241	200	0	0	8	323	335	298	0	10	440	236
2014-07-27	06:31:32	1199	159	190	330	285	281	241	200	0	0	8	323	335	298	0	10	440	236
2014-07-27	06:32:32	1199	159	190	330	285	281	241	200	0	0	8	323	334	298	0	10	440	236
2014-07-27	06:33:32	1199	159	189	330	285	281	241	200	0	0	8	323	335	298	0	10	440	236
2014-07-27	06:34:32	1199	159	189	329	285	281	241	200	0	0	8	323	334	298	0	10	440	236
2014-07-27	06:35:32	1199	159	189	329	285	281	241	200	0	0	8	323	334	298	0	10	439	236
2014-07-27	06:36:32	1199	159	189	329	285	281	241	200	0	0	8	322	334	298	0	10	439	236
2014-07-27	06:37:32	1199	159	189	329	285	281	241	200	0	0	8	322	334	298	0	10	439	236
2014-07-27	06:38:32	1199	159	189	329	285	281	241	200	0	0	8	322	334	298	0	10	439	236
2014-07-27	06:39:32	1199	159	189	329	285	281	242	200	0	0	8	322	334	297	0	10	439	236
2014-07-27	06:40:32	1199	159	189	329	285	281	242	200	0	0	8	322	334	298	0	10	439	236
2014-07-27	06:41:32	1199	159	189	329	285	281	241	200	0	0	8	322	334	297	0	10	439	236
2014-07-27	06:42:32	1199	159	188	329	285	281	242	200	0	0	8	321	334	298	0	10	439	235
2014-07-27	06:43:32	1199	159	188	328	284	281	242	200	0	0	8	321	334	297	0	10	439	236
2014-07-27	06:44:32	1199	159	188	328	284	281	242	200	0	0	8	321	334	297	0	10	439	236
2014-07-27	06:45:32	1199	159	188	328	284	281	242	200	0	0	8	321	334	297	0	10	439	236
2014-07-27	06:46:32	1199	159	188	328	284	281	242	200	0	0	8	321	334	297	0	10	439	236
2014-07-27	06:47:32	1199	159	188	328	284	281	242	200	0	0	8	321	333	297	0	10	439	235
2014-07-27	06:48:32	1199	159	188	328	284	281	242	200	0	0	8	321	334	297	0	10	439	236
2014-07-27	06:49:32	1199	159	188	328	284	281	242	200	0	0	8	321	333	297	0	10	439	236
2014-07-27	06:50:32	1199	159	188	328	284	281	242	200	0	0	8	320	334	297	0	10	439	235
2014-07-27	06:51:32	1199	159	187	328	284	281	242	200	0	0	8	320	333	297	0	10	439	235
2014-07-27	06:52:32	1199	159	187	328	284	281	242	200	0	0	8	320	334	297	0	10	439	235
2014-07-27	06:53:32	1199	159	187	328	284	281	242	200	0	0	8	320	333	297	0	10	439	235
2014-07-27	06:54:32	1199	159	187	328	283	281	243	200	0	0	8	320	333	297	0	10	439	235
2014-07-27	06:55:33	1199	159	187	328	283	281	243	200	0	0	8	319	333	297	0	10	439	235
2014-07-27	06:56:33	1199	159	187	328	283	281	242	200	0	0	8	319	333	297	0	10	439	235
2014-07-27	06:57:33	1199	160	187	327	283	281	243	200	0	0	8	319	333	297	0	10	439	235
2014-07-27	06:58:33	1199	160	187	327	283	281	243	200	0	0	8	319	333	297	0	10	438	235
2014-07-27	06:59:33	1199	160	187	328	283	281	243	200	0	0	8	319	333	296	0	10	439	235
2014-07-27	07:00:33	1199	160	186	327	283	281	243	200	0	0	8	319	333	296	0	10	438	235
2014-07-27	07:01:33	1199	160	186	327	283	281	243	200	0	0	8	319	332	297	0	10	438	235
2014-07-27	07:02:33	1199	160	186	327	283	281	243	200	0	0	8	318	332	296	0	10	438	235
2014-07-27	07:03:33	1199	160	186	327	283	281	243	200	0	0	8	318	333	296	0	10	438	235
2014-07-27	07:04:33	1199	160	186	327	283	281	243	200	0	0	8	318	332	296	0	10	438	235
2014-07-27	07:05:33	1199	160	186	327	282	281	243	200	0	0	8	318	332	296	0	10	438	235
2014-07-27	07:06:33	1199	160	186	327	283	281	243	200	0	0	8	318	332	296	0	10	438	235
2014-07-27	07:07:33	1199	160	186	327	282	281	243	200	0	0	8	318	332	296	0	10	438	235
2014-07-27	07:08:33	1199	160	186	327	282	280	243	200	0	0	8	318	332	296	0	10	438	235
2014-07-27	07:09:33	1199	160	186	327	282	281	243	200	0	0	8	318	332	296	0	10	438	235
2014-07-27	07:10:33	1199	160	186	327	282	281	243	200	0	0	8	318	332	296	0	10	438	235
2014-07-27	07:11:33	1199	160	185	327	282	281	243	200	0	0	8	317	332	296	0	10	438	235
2014-07-27	07:12:33	1199	160	185	327	282	281	243	200	0	0	8	317	332	296	0	10	438	235
2014-07-27	07:13:33	1199	160	185	326	282	281	244	200	0	0	8	317	332	296	0	10	438	235
2014-07-27	07:14:33	1199	160	185	326	282	280	243	200	0	0	8	317	332	296	0	10	438	235
2014-07-27	07:15:33	1199	161	185	327	282	281	243	200	0	0	8	317	332	296	0	10	438	235
2014-07-27	07:16:33	1199	161	185	326	282	281	244	200	0	0	8	317	332	296	0	10	438	235
2014-07-27	07:17:33	1199	161	185	326	282	281	244	200	0	0	8	316	332	296	0	10	438	235
2014-07-27	07:18:33	1199	161	185	326	281	281	244	200	0	0	8	317	332	296	0	10	438	235
2014-07-27	07:19:33	1199	161	185	326	281	281	244	200	0	0	8	316	332	295	0	10	437	235
2014-07-27	07:20:33	1199	161	185	326	282	280	244	200	0	0	8	316	332	295	0	10	438	235
2014-07-27	07:21:33	1199	161	185	326	281	281	244	200	0	0	8	316	331	296	0	10	437	235
2014-07-27	07:22:33	1199	161	184	326	281	281	244	200	0	0	8	316	331	295	0	10	438	235
2014-07-27	07:23:33	1199	161	184	326	281	280	244	200	0	0	8	316	331	295	0	10	437	235
2014-07-27	07:24:33	1199	161	184	326	281	280	244	200	0	0	8	316	331	295	0	10	437	235
2014-07-27	07:25:33	1199	161	184	325	281	280	244	200	0	0	8	315	331	295	0	10	437	235
2014-07-27	07:26:33	1199	161	184	325	281	281	244	200	0	0	8	315	331	295	0	10	437	235
2014-07-27	07:27:33	1199	161	184	325	281	281	244	200	0	0	8	315	331	295	0	10	437	235
2014-07-27	07:28:33	1199	161	184	325	281	281	244	200	0	0	8	315	331	295	0	10	437	235
2014-07-27	07:29:33	1199	161	184	325	281	280	245	200	0	0	8	315	331	295	0	10	437	235
2014-07-27	07:30:33	1199	161	184	325	280	280	245	200	0	0	8	316	331	295	0	10	437	235
2014-07-27	07:31:33	1199	161	184	325	281	280	245	200	0	0	8	315	331	295	0	10	437	235
2014-07-27	07:32:33	1199	161	184	325	280	280	245	200	0	0	8	315	331	295	0	10	437	235
2014-07-27	07:33:33	1199	162	184	325	280	280	244	200	0	0	8	314	331	295	0	10	437	235
2014-07-27	07:34:33	1199	162	183	325	280	281	246	200	0	0	8	314	331	295	0	10	437	235
2014-07-27	07:35:33	1199	162	183	325	280	280	246	200	0	0	8	314	331	295	0	10	437	235
2014-07-27	07:36:33	1199	163	183	325	280	280	245	200	0	0	8	314	331	295	0	10	437	235
2014-07-27	07:37:33	1199	163	183	325	280	280	246	200	0	0	8	314	331	295	0	10	437	235
2014-07-27	07:38:33	1199	163	183	325	280	280	246	200	0	0	8	314	331	295	0	10	437	235
2014-07-27	07:39:33	1199	163	183	325	280	280	246	200	0	0	8	314	331	295	0	10	437	235
2014-07-27	07:40:33	1199	163	183	324	280	280	246	200	0	0	8	313	331	295	0	10	437	234
2014-07-27	07:41:33	1199	163	183	325	280	280	246	200	0	0	8	313	331	295	0	10	437	235
2014-07-27	07:42:33	1199	163	183	325	279	280	246	200	0	0	8	313	331	295	0	10	437	234
2014-07-27	07:43:33	1199	163	183	324	280	280	246	200	0	0	8	313	331	295	0	10	437	234
2014-07-27	07:44:33	1199	163	183	324	280	281	246	200	0	0	8	313	331	294	0	10	437	234
2014-07-27	07:45:33	1199	163	183	324	280	280	246	200	0	0	8	313	331	295	0	10	436	234
2014-07-27	07:46:33	1199	164	182	324	279	280	246	200	0	0	8	313	331	295	0	10	436	234
2014-07-27	07:47:33	1199	164	182	324	279	280	246	200	0	0	8	313	331	295	0	10	436	234
2014-07-27	07:48:33	1199	164	182	324	280	280	246	200	0	0	8	313	331	294	0	10	436	235
2014-07-27	07:49:33	1199	164	182	324	280	280	246	200	0	0	8	312	331	294	0	10	436	234
2014-07-27	07:50:33	1199	164	182	324	279	280	246	200	0	0	8	312	331	294	0	10	436	235
2014-07-27	07:51:33	1199	164	182	324	279	280	247	200	0	0	8	312	331	294	0	10	436	234
2014-07-27	07:52:33	1199	164	182	324	279	280	246	200	0	0	8	312	331	294	0	10	436	234
2014-07-27	07:53:33	1199	164	182	324	279	280	247	200	0	0	8	312	331	294	0	10	436	234
2014-07-27	07:54:33	1199	164	182	324	279	280	247	200	0	0	8	312	331	294	0	10	436	234
2014-07-27	07:55:33	1199	165	182	324	279	280	247	200	0	0	8	312	331	295	0	10	436	234
2014-07-27	07:56:33	1199	165	182	324	279	280	247	200	0	0	8	311	330	294	0	10	436	234
2014-07-27	07:57:33	1199	165	182	323	278	280	247	200	0	0	8	311	330	294	0	10	436	234
2014-07-27	07:58:33	1199	165	182	323	278	280	247	200	0	0	8	311	331	294	0	10	436	234
2014-07-27	07:59:33	1199	165	182	323	278	280	247	200	0	0	8	311	331	294	0	10	436	234
2014-07-27	08:00:33	1199	165	182	323	278	280	247	200	0	0	8	311	331	294	0	10	436	234
2014-07-27	08:01:33	1199	165	181	323	278	280	247	200	0	0	8	311	331	294	0	10	436	234
2014-07-27	08:02:33	1199	165	181	323	278	280	247	200	0	0	8	311	330	294	0	10	436	234
2014-07-27	08:03:33	1199	166	181	323	278	280	247	200	0	0	8	311	330	294	0	10	436	234
2014-07-27	08:04:33	1199	166	181	323	278	280	247	200	0	0	8	311	330	294	0	10	436	234
2014-07-27	08:05:33	1199	166	181	323	278	280	247	200	0	0	8	310	330	294	0	10	436	234
2014-07-27	08:06:33	1199	166	181	323	278	280	247	200	0	0	8	310	330	294	0	10	436	234
2014-07-27	08:07:33	1199	166	181	323	278	280	247	200	0	0	8	310	330	294	0	10	436	234
2014-07-27	08:08:33	1199	166	181	323	278	280	247	200	0	0	8	310	330	294	0	10	435	234
2014-07-27	08:09:33	1199	166	181	323	278	280	247	200	0	0	8	310	330	294	0	10	435	234
2014-07-27	08:10:33	1199	167	181	323	278	280	247	200	0	0	8	310	330	294	0	10	435	234
2014-07-27	08:11:34	1199	167	181	322	278	280	247	200	0	0	8	310	330	294	0	10	436	234
2014-07-27	08:12:34	1199	167	181	323	278	280	247	200	0	0	8	310	330	294	0	10	435	234
2014-07-27	08:13:34	1199	167	181	322	278	280	248	200	0	0	8	310	330	294	0	10	435	234
2014-07-27	08:14:34	1199	167	181	322	277	280	247	200	0	0	8	309	330	294	0	10	435	234
2014-07-27	08:15:34	1199	167	181	322	277	280	248	200	0	0	8	309	330	294	0	10	435	234
2014-07-27	08:16:34	1199	167	181	322	277	280	248	200	0	0	8	309	330	294	0	10	435	234
2014-07-27	08:17:34	1199	168	181	322	277	280	248	200	0	0	8	309	329	294	0	10	435	234
2014-07-27	08:18:34	1199	168	181	322	277	280	248	200	0	0	8	309	330	294	0	10	435	234
2014-07-27	08:19:34	1199	168	181	322	277	280	248	200	0	0	8	309	329	294	0	10	435	234
2014-07-27	08:20:34	1199	168	180	322	277	280	248	200	0	0	8	309	329	294	0	10	435	234
2014-07-27	08:21:34	1199	168	180	322	277	280	248	200	0	0	8	309	329	294	0	10	435	234
2014-07-27	08:22:34	1199	168	180	321	277	280	248	200	0	0	8	308	329	294	0	10	435	234
2014-07-27	08:23:34	1199	169	180	321	277	280	248	200	0	0	8	308	329	294	0	10	435	234
2014-07-27	08:24:34	1199	169	180	321	277	280	248	200	0	0	8	308	329	294	0	10	435	234
2014-07-27	08:25:34	1199	169	180	321	277	280	248	200	0	0	8	308	329	294	0	10	435	234
2014-07-27	08:26:34	1199	169	180	321	277	280	248	200	0	0	8	308	329	294	0	10	435	234
2014-07-27	08:27:34	1199	170	180	321	276	280	248	200	0	0	8	308	329	294	0	10	435	234
2014-07-27	08:28:34	1199	171	180	321	276	280	248	200	0	0	8	308	329	294	0	10	435	234
2014-07-27	08:29:34	1199	171	180	321	276	280	248	200	0	0	8	308	329	294	0	10	435	234
2014-07-27	08:30:34	1199	171	180	321	276	280	248	200	0	0	8	308	329	294	0	10	435	234
2014-07-27	08:31:34	1199	171	180	321	276	280	248	200	0	0	8	308	329	294	0	10	435	234
2014-07-27	08:32:34	1199	171	180	321	276	280	248	200	0	0	8	307	329	294	0	10	435	234
2014-07-27	08:33:34	1199	172	180	321	276	280	248	200	0	0	8	307	329	294	0	10	435	234
2014-07-27	08:34:34	1199	172	180	321	276	280	249	200	0	0	8	307	329	294	0	10	435	234
2014-07-27	08:35:34	1199	172	180	321	276	280	248	200	0	0	8	307	329	294	0	10	435	234
2014-07-27	08:36:34	1199	172	180	320	276	279	249	200	0	0	8	307	329	294	0	10	434	234
2014-07-27	08:37:34	1199	172	180	321	276	280	248	200	0	0	8	307	329	293	0	10	435	234
2014-07-27	08:38:34	1199	173	180	320	276	280	249	200	0	0	8	307	329	294	0	10	434	234
2014-07-27	08:39:34	1199	173	180	320	276	279	248	200	0	0	8	306	329	293	0	10	434	234
2014-07-27	08:40:34	1199	173	180	320	276	280	249	200	0	0	8	306	329	293	0	10	434	234
2014-07-27	08:41:34	1199	174	180	320	276	280	249	200	0	0	8	306	329	293	0	10	434	234
2014-07-27	08:42:34	1199	174	180	320	276	279	249	200	0	0	8	306	328	293	0	10	434	234
2014-07-27	08:43:35	1199	174	180	320	276	280	249	200	0	0	8	306	328	293	0	10	434	234
2014-07-27	08:44:35	1199	175	180	320	275	279	249	200	0	0	8	306	328	293	0	10	434	234
2014-07-27	08:45:35	1199	175	180	320	275	279	249	200	0	0	8	306	328	293	0	10	434	234
2014-07-27	08:46:35	1199	175	180	320	276	279	249	200	0	0	8	307	328	293	0	10	434	234
2014-07-27	08:47:35	1199	176	180	320	276	279	249	200	0	0	8	306	329	293	0	10	434	234
2014-07-27	08:48:35	1199	176	180	320	275	280	249	200	0	0	8	305	328	293	0	10	434	234
2014-07-27	08:49:35	1199	176	180	320	275	279	249	200	0	0	8	305	328	293	0	10	434	234
2014-07-27	08:50:35	1199	177	180	320	275	279	249	200	0	0	8	305	328	293	0	10	434	234
2014-07-27	08:51:35	1199	177	180	319	275	279	249	200	0	0	8	305	328	293	0	10	434	234
2014-07-27	08:52:35	1199	177	180	319	275	279	249	200	0	0	8	305	328	293	0	10	434	234
2014-07-27	08:53:35	1199	177	180	319	275	279	249	200	0	0	8	305	328	293	0	10	434	234
2014-07-27	08:54:35	1199	178	180	319	275	279	249	200	0	0	8	305	328	293	0	10	434	234
2014-07-27	08:55:35	1199	178	180	319	275	279	249	200	0	0	8	305	328	293	0	10	434	234
2014-07-27	08:56:35	1199	178	180	319	275	279	249	200	0	0	8	305	328	293	0	10	434	234
2014-07-27	08:57:35	1199	178	180	319	275	279	249	200	0	0	8	305	328	293	0	10	434	234
2014-07-27	08:58:35	1199	180	180	319	275	279	250	200	0	0	8	304	328	293	0	10	434	234
2014-07-27	08:59:35	1199	180	180	319	274	279	249	200	0	0	8	304	328	293	0	10	433	234
2014-07-27	09:00:35	1199	180	180	319	274	279	249	200	0	0	8	304	328	293	0	10	434	234
2014-07-27	09:01:35	1199	180	180	319	274	279	250	200	0	0	8	304	328	293	0	10	433	234
2014-07-27	09:02:35	1199	181	180	319	274	279	250	200	0	0	8	304	328	292	0	10	434	234
2014-07-27	09:03:35	1199	181	180	319	274	279	250	200	0	0	8	304	328	293	0	10	433	234
2014-07-27	09:04:35	1199	181	180	319	274	279	249	200	0	0	8	304	327	293	0	10	433	234
2014-07-27	09:05:35	1199	182	180	319	274	279	250	200	0	0	8	304	328	292	0	10	433	234
2014-07-27	09:06:35	1199	182	180	319	274	279	250	200	0	0	8	304	328	293	0	10	433	234
2014-07-27	09:07:35	1199	183	180	318	274	279	250	200	0	0	8	304	327	292	0	10	433	234
2014-07-27	09:08:35	1199	184	180	318	274	279	250	200	0	0	8	303	327	292	0	10	433	234
2014-07-27	09:09:35	1199	185	180	318	274	279	250	200	0	0	8	303	327	292	0	10	433	234
2014-07-27	09:10:35	1199	185	180	318	274	279	250	200	0	0	8	304	327	293	0	10	433	234
2014-07-27	09:11:35	1199	187	180	318	274	279	250	200	0	0	8	303	327	292	0	10	433	234
2014-07-27	09:12:35	1199	189	180	318	274	279	250	200	0	0	8	303	327	292	0	10	433	234
2014-07-27	09:13:35	1199	192	180	318	274	279	250	200	0	0	8	303	327	292	0	10	433	234
2014-07-27	09:14:35	1199	194	180	318	274	279	250	200	0	0	8	303	327	292	0	10	433	234
2014-07-27	09:15:35	1199	197	180	318	274	279	250	200	0	0	8	303	327	292	0	10	433	234
2014-07-27	09:16:35	1199	199	180	318	274	279	250	200	0	0	8	303	327	292	0	10	433	234
2014-07-27	09:17:35	1199	203	180	318	274	279	250	200	0	0	8	303	327	292	0	10	433	234
2014-07-27	09:18:35	1199	205	180	318	273	279	250	200	0	0	8	303	327	292	0	10	433	234
2014-07-27	09:19:35	1199	207	180	317	274	279	250	200	0	0	8	302	327	292	0	10	433	234
2014-07-27	09:20:35	1199	209	180	317	273	279	250	200	0	0	8	302	327	292	0	10	433	234
2014-07-27	09:21:35	1199	211	180	317	273	279	250	200	0	0	8	302	327	292	0	10	433	234
2014-07-27	09:22:35	1199	213	180	317	273	279	250	200	0	0	8	302	327	292	0	10	433	234
2014-07-27	09:23:35	1199	215	181	317	273	279	250	200	0	0	8	302	327	292	0	10	433	234
2014-07-27	09:24:35	1199	216	181	317	273	279	250	200	0	0	8	302	327	292	0	10	433	234
2014-07-27	09:25:36	1199	219	181	317	273	279	250	200	0	0	8	302	327	292	0	10	433	234
2014-07-27	09:26:36	1199	220	181	317	273	279	251	200	0	0	8	302	327	292	0	10	433	234
2014-07-27	09:27:36	1199	221	181	317	273	279	250	200	0	0	8	302	327	292	0	10	433	234
2014-07-27	09:28:36	1199	223	181	317	273	279	250	200	0	0	8	302	327	292	0	10	433	234
2014-07-27	09:29:36	1199	224	181	317	273	279	250	200	0	0	8	301	327	291	0	10	433	234
2014-07-27	09:30:36	1199	225	182	317	273	279	250	200	0	0	8	301	327	292	0	10	433	234
2014-07-27	09:31:36	1199	226	182	317	273	279	251	200	0	0	8	302	327	291	0	10	433	234
2014-07-27	09:32:36	1199	227	182	317	273	278	251	200	0	0	8	301	327	292	0	10	433	234
2014-07-27	09:33:36	1199	228	182	317	273	279	251	200	0	0	8	301	327	292	0	10	433	235
2014-07-27	09:34:36	1199	229	182	316	273	279	251	200	0	0	8	301	327	291	0	10	432	235
2014-07-27	09:35:36	1199	230	182	316	273	279	250	200	0	0	8	301	327	292	0	10	432	234
2014-07-27	09:36:36	1199	230	183	317	273	279	251	200	0	0	8	301	326	291	0	10	432	234
2014-07-27	09:37:36	1199	231	183	316	272	279	251	200	0	0	8	301	327	291	0	10	433	234
2014-07-27	09:38:36	1199	232	183	316	272	279	251	200	0	0	8	301	326	291	0	10	432	235
2014-07-27	09:39:36	1199	233	183	316	272	278	251	200	0	0	8	301	326	291	0	10	432	234
2014-07-27	09:40:36	1199	233	183	316	272	278	251	200	0	0	8	301	326	291	0	10	432	235
2014-07-27	09:41:36	1199	234	184	316	272	279	251	200	0	0	8	300	327	291	0	10	432	235
2014-07-27	09:42:36	1199	235	184	316	272	278	251	200	0	0	8	300	326	291	0	10	432	235
2014-07-27	09:43:36	1199	235	184	316	272	278	251	200	0	0	8	300	326	291	0	10	431	235
2014-07-27	09:44:36	1199	236	184	316	272	278	251	200	0	0	8	300	326	291	0	10	431	235
2014-07-27	09:45:36	1199	236	184	316	272	278	251	200	0	0	8	300	326	291	0	10	430	234
2014-07-27	09:46:36	1199	237	185	316	272	278	251	200	0	0	8	300	326	291	0	10	430	235
2014-07-27	09:47:36	1199	237	185	316	272	278	251	200	0	0	8	300	326	291	0	10	430	235
2014-07-27	09:48:36	1199	238	185	316	272	279	251	200	0	0	8	300	326	291	0	10	429	235
2014-07-27	09:49:36	1199	238	185	315	272	278	251	200	0	0	8	300	326	291	0	10	429	235
2014-07-27	09:50:36	1199	239	185	315	272	278	251	200	0	0	8	300	326	291	0	10	429	235
2014-07-27	09:51:36	1199	239	186	316	271	278	251	200	0	0	8	300	326	291	0	10	429	235
2014-07-27	09:52:36	1199	240	186	315	272	278	251	200	0	0	8	300	326	291	0	10	429	235
2014-07-27	09:53:36	1199	240	186	315	272	278	251	200	0	0	8	299	326	291	0	10	428	235
2014-07-27	09:54:36	1199	240	186	315	272	278	251	200	0	0	8	299	326	291	0	10	427	235
2014-07-27	09:55:36	1199	241	186	315	272	278	251	200	0	0	8	299	326	291	0	10	426	235
2014-07-27	09:56:36	1199	241	187	315	272	278	251	200	0	0	8	299	326	291	0	10	426	235
2014-07-27	09:57:36	1199	241	187	315	272	278	251	200	0	0	8	299	326	291	0	10	425	235
2014-07-27	09:58:36	1199	242	187	315	272	278	251	200	0	0	8	299	326	291	0	10	425	235
2014-07-27	09:59:36	1199	242	187	315	271	278	252	200	0	0	8	299	326	291	0	10	425	235
2014-07-27	10:00:36	1199	243	187	315	271	278	252	200	0	0	8	299	326	291	0	10	425	235
2014-07-27	10:01:36	1199	243	188	315	271	278	252	200	0	0	8	299	326	291	0	10	425	235
2014-07-27	10:02:36	1199	243	188	315	271	278	252	200	0	0	8	299	326	291	0	10	424	235
2014-07-27	10:03:36	1199	243	188	314	271	278	252	200	0	0	8	298	326	291	0	10	424	235
2014-07-27	10:04:36	1199	244	188	315	271	278	251	200	0	0	8	298	326	291	0	10	425	235
2014-07-27	10:05:36	1199	244	188	314	272	278	252	200	0	0	8	299	325	290	0	10	424	235
2014-07-27	10:06:36	1199	244	189	315	271	278	252	200	0	0	8	298	326	290	0	10	424	235
2014-07-27	10:07:36	1199	244	189	314	271	278	252	200	0	0	8	298	325	290	0	10	424	235
2014-07-27	10:08:36	1199	244	189	314	271	278	252	200	0	0	8	298	325	291	0	10	423	235
2014-07-27	10:09:36	1199	244	189	314	271	278	252	200	0	0	8	298	325	290	0	10	423	235
2014-07-27	10:10:36	1199	244	189	314	271	278	252	200	0	0	8	298	325	290	0	10	423	235
2014-07-27	10:11:36	1199	244	190	314	271	278	252	200	0	0	8	298	325	290	0	10	423	235
2014-07-27	10:12:36	1199	244	190	314	271	278	252	200	0	0	8	298	325	290	0	10	422	235
2014-07-27	10:13:36	1199	244	190	314	271	278	252	200	0	0	8	298	325	290	0	10	422	235
2014-07-27	10:14:36	1199	243	190	314	271	278	252	200	0	0	8	298	325	290	0	10	422	235
2014-07-27	10:15:36	1199	243	190	315	271	278	252	200	0	0	8	297	325	290	0	10	422	235
2014-07-27	10:16:36	1199	242	191	314	271	278	252	200	0	0	8	298	325	290	0	10	423	235
2014-07-27	10:17:36	1199	241	191	314	270	278	252	200	0	0	8	298	325	290	0	10	422	235
2014-07-27	10:18:36	1199	241	191	314	271	278	252	200	0	0	8	297	325	290	0	10	422	236
2014-07-27	10:19:36	1199	240	191	313	271	278	252	200	0	0	8	297	325	290	0	10	422	236
2014-07-27	10:20:36	1199	239	191	313	271	278	252	200	0	0	8	297	325	290	0	10	422	236
2014-07-27	10:21:36	1199	239	192	313	271	278	252	200	0	0	8	297	325	290	0	10	422	236
2014-07-27	10:22:36	1199	238	192	313	270	278	252	200	0	0	8	297	325	290	0	10	422	236
2014-07-27	10:23:36	1199	238	192	313	270	278	252	200	0	0	8	297	325	290	0	10	422	235
2014-07-27	10:24:36	1199	238	192	313	270	278	252	200	0	0	8	297	325	290	0	10	422	236
2014-07-27	10:25:36	1199	237	192	313	270	278	252	200	0	0	8	297	325	290	0	10	422	236
2014-07-27	10:26:36	1199	237	192	313	270	278	252	200	0	0	8	297	325	290	0	10	422	236
2014-07-27	10:27:36	1199	237	193	313	270	278	253	200	0	0	8	297	325	290	0	10	422	236
2014-07-27	10:28:36	1199	237	193	313	270	278	253	200	0	0	8	297	325	290	0	10	422	236
2014-07-27	10:29:36	1199	237	193	314	271	278	252	200	0	0	8	296	325	290	0	10	422	236
2014-07-27	10:30:36	1199	237	193	313	270	278	252	200	0	0	8	297	325	290	0	10	422	236
2014-07-27	10:31:36	1199	237	193	313	270	278	252	200	0	0	8	296	325	290	0	10	422	236
2014-07-27	10:32:36	1199	237	193	313	270	278	252	200	0	0	8	296	325	290	0	10	422	236
2014-07-27	10:33:36	1199	237	194	313	270	278	253	200	0	0	8	296	325	290	0	10	422	236
2014-07-27	10:34:36	1199	237	194	313	270	278	253	200	0	0	8	296	325	290	0	10	422	236
2014-07-27	10:35:36	1199	237	194	313	270	278	252	200	0	0	8	296	325	290	0	10	422	236
2014-07-27	10:36:36	1199	237	194	313	270	277	253	200	0	0	8	296	325	290	0	10	422	236
2014-07-27	10:37:36	1199	237	194	313	270	278	253	200	0	0	8	296	325	290	0	10	421	236
2014-07-27	10:38:36	1199	238	194	312	270	278	253	200	0	0	8	296	325	290	0	10	422	236
2014-07-27	10:39:36	1199	238	195	312	270	138	239	200	0	0	14	296	323	292	0	10	422	236
2014-07-27	10:40:36	1199	238	195	312	270	87	113	200	0	0	14	296	316	294	0	10	421	236
2014-07-27	10:41:37	1199	238	195	312	269	87	98	200	0	0	8	295	315	293	0	10	421	236
2014-07-27	10:42:37	1199	238	195	313	270	90	99	200	0	0	8	295	314	290	0	10	421	236
2014-07-27	10:43:37	1199	239	195	312	269	92	100	200	0	0	8	295	314	288	0	10	421	236
2014-07-27	10:44:37	1199	239	196	312	269	96	102	200	0	0	8	295	313	285	0	10	421	236
2014-07-27	10:45:37	1199	239	196	312	269	99	103	200	0	0	8	295	312	282	0	10	421	236
2014-07-27	10:46:37	1199	239	196	312	269	103	103	200	0	0	8	294	311	280	0	10	421	236
2014-07-27	10:47:37	1199	240	196	312	268	106	104	200	0	0	8	294	311	278	0	10	421	237
2014-07-27	10:48:37	1199	240	196	312	268	108	106	200	0	0	8	294	310	275	0	10	421	236
2014-07-27	10:49:37	1199	240	196	312	268	111	106	200	0	0	8	294	309	274	0	10	421	237
2014-07-27	10:50:37	1199	240	196	312	268	113	107	200	0	0	8	294	308	272	0	10	421	236
2014-07-27	10:51:37	1199	240	197	312	267	116	107	200	0	0	8	294	307	270	0	10	421	237
2014-07-27	10:52:37	1199	240	197	312	267	117	108	200	0	0	8	294	307	269	0	10	421	237
2014-07-27	10:53:37	1199	240	197	312	267	120	108	200	0	0	8	294	306	267	0	10	421	237
2014-07-27	10:54:37	1199	240	197	311	267	121	109	200	0	0	8	294	305	266	0	10	421	237
2014-07-27	10:55:37	1199	240	197	311	267	122	109	200	0	0	8	294	305	265	0	10	421	237
2014-07-27	10:56:37	1199	240	197	311	266	125	110	200	0	0	8	293	304	264	0	10	421	237
2014-07-27	10:57:37	1199	240	198	311	266	126	111	200	0	0	8	293	304	263	0	10	421	237
2014-07-27	10:58:37	1199	240	198	311	266	127	111	200	0	0	8	293	303	262	0	10	421	237
2014-07-27	10:59:37	1199	240	198	311	266	128	112	200	0	0	8	293	303	261	0	10	421	237
2014-07-27	11:00:37	1199	240	198	310	266	129	112	200	0	0	8	292	302	260	0	10	421	237
2014-07-27	11:01:37	1199	240	198	310	265	131	112	200	0	0	8	292	302	260	0	10	421	237
2014-07-27	11:02:37	1199	241	198	310	265	132	113	200	0	0	8	292	301	259	0	10	421	237
2014-07-27	11:03:37	1199	241	199	310	265	133	113	200	0	0	8	292	301	259	0	10	421	237
2014-07-27	11:04:37	1199	241	199	310	265	134	114	200	0	0	8	291	301	258	0	10	421	237
2014-07-27	11:05:37	1199	241	199	310	264	136	114	200	0	0	8	291	301	258	0	10	421	237
2014-07-27	11:06:37	1199	242	199	310	264	137	115	200	0	0	8	291	300	257	0	10	421	237
2014-07-27	11:07:37	1199	242	199	310	264	137	115	200	0	0	8	291	300	257	0	10	421	237
2014-07-27	11:08:37	1199	243	199	309	264	138	116	200	0	0	8	291	299	256	0	10	421	237
2014-07-27	11:09:37	1199	243	199	309	264	139	116	200	0	0	8	290	299	256	0	10	421	237
2014-07-27	11:10:37	1199	243	200	309	264	140	116	200	0	0	8	290	299	255	0	10	421	237
2014-07-27	11:11:37	1199	244	200	309	263	141	117	200	0	0	8	290	299	256	0	10	421	237
2014-07-27	11:12:37	1199	244	200	309	263	142	117	200	0	0	8	290	299	255	0	10	421	237
2014-07-27	11:13:37	1199	244	200	309	263	143	117	200	0	0	8	290	298	255	0	10	421	237
2014-07-27	11:14:37	1199	244	200	309	263	144	118	200	0	0	8	290	298	254	0	10	421	237
2014-07-27	11:15:37	1199	246	200	309	263	144	118	200	0	0	8	289	298	254	0	10	420	237
2014-07-27	11:16:37	1199	246	201	308	262	145	119	200	0	0	8	289	298	254	0	10	420	237
2014-07-27	11:17:37	1199	246	201	308	262	145	120	200	0	0	8	289	297	254	0	10	421	237
2014-07-27	11:18:37	1199	247	201	309	262	146	120	200	0	0	8	289	297	254	0	10	420	237
2014-07-27	11:19:37	1199	247	201	308	262	147	120	200	0	0	8	288	297	254	0	10	420	238
2014-07-27	11:20:37	1199	247	201	308	262	148	121	200	0	0	8	288	297	253	0	10	420	237
2014-07-27	11:21:37	1199	248	201	308	261	149	121	200	0	0	8	288	297	253	0	10	420	238
2014-07-27	11:22:37	1199	248	202	308	261	150	121	200	0	0	8	288	297	253	0	10	420	238
2014-07-27	11:23:37	1199	248	202	308	261	150	121	200	0	0	8	288	296	253	0	10	420	238
2014-07-27	11:24:37	1199	249	202	308	261	151	122	200	0	0	8	288	296	252	0	10	420	238
2014-07-27	11:25:37	1199	249	202	308	261	151	122	200	0	0	8	288	296	252	0	10	420	238
2014-07-27	11:26:37	1199	249	202	308	261	152	122	200	0	0	8	288	296	252	0	10	420	238
2014-07-27	11:27:37	1199	250	202	308	260	152	122	200	0	0	8	287	296	252	0	10	420	238
2014-07-27	11:28:37	1199	250	203	308	260	153	123	200	0	0	8	287	296	252	0	10	420	238
2014-07-27	11:29:37	1199	250	203	308	260	153	123	200	0	0	8	287	295	252	0	10	420	238
2014-07-27	11:30:37	1199	251	203	308	260	155	124	200	0	0	8	287	295	252	0	10	420	238
2014-07-27	11:31:37	1199	251	203	308	260	156	124	200	0	0	8	287	295	252	0	10	420	238
2014-07-27	11:32:37	1199	252	203	305	294	152	123	200	0	0	14	287	295	252	0	20	419	238
2014-07-27	11:33:37	1199	252	204	405	355	88	78	200	0	0	15	442	589	64	0	20	417	238
2014-07-27	11:34:37	1199	252	204	478	446	87	57	200	0	0	15	506	700	91	0	20	416	238
2014-07-27	11:35:37	1199	253	204	531	492	87	55	200	0	0	15	548	761	98	0	20	416	238
2014-07-27	11:36:37	1199	253	204	564	516	88	56	200	0	0	15	576	800	99	0	20	417	238
2014-07-27	11:37:37	1199	253	204	586	531	88	57	200	0	0	15	595	828	100	0	20	420	238
2014-07-27	11:38:37	1199	254	204	601	542	87	58	200	0	0	15	608	850	100	0	20	424	238
2014-07-27	11:39:37	1199	254	205	611	550	88	59	200	0	0	15	618	868	102	0	20	431	238
2014-07-27	11:40:37	1199	254	205	619	558	90	61	200	0	0	15	627	885	103	0	20	438	238
2014-07-27	11:41:37	1199	254	205	627	565	91	62	200	0	0	15	634	898	106	0	20	443	238
2014-07-27	11:42:37	1199	254	205	634	571	92	65	200	0	0	14	641	906	109	0	10	449	238
2014-07-27	11:43:37	1199	255	206	634	566	97	91	200	0	162	8	660	819	149	0	10	455	238
2014-07-27	11:44:37	1199	255	206	634	562	101	98	200	0	162	8	666	732	183	0	10	460	238
2014-07-27	11:45:37	1199	255	206	634	558	103	102	200	0	162	8	662	643	223	0	10	465	238
2014-07-27	11:46:37	1199	256	206	634	555	107	106	200	0	162	8	656	587	249	0	10	468	238
2014-07-27	11:47:37	1199	256	206	633	549	109	116	200	0	162	8	650	552	270	0	10	470	238
2014-07-27	11:48:37	1199	256	206	632	537	113	125	200	0	0	8	640	529	287	0	10	472	238
2014-07-27	11:49:37	1199	256	207	629	516	116	133	200	0	0	8	628	509	300	0	10	473	238
2014-07-27	11:50:37	1199	256	207	624	490	118	137	200	0	0	8	616	493	310	0	10	474	238
2014-07-27	11:51:37	1199	257	207	616	471	122	139	200	0	0	8	605	479	319	0	10	474	238
2014-07-27	11:52:37	1199	257	207	607	459	125	142	200	0	0	8	596	468	325	0	10	474	238
2014-07-27	11:53:37	1199	257	207	599	452	127	143	200	0	0	8	588	458	330	0	10	474	238
2014-07-27	11:54:37	1199	257	208	593	449	129	143	200	0	0	8	581	451	332	0	10	475	238
2014-07-27	11:55:38	1199	258	208	587	446	132	144	200	0	0	8	575	445	335	0	10	475	238
2014-07-27	11:56:39	1199	258	208	582	444	134	144	200	0	0	8	570	440	337	0	10	475	238
2014-07-27	11:57:39	1199	258	208	578	443	137	145	200	0	0	8	564	435	339	0	10	475	238
2014-07-27	11:58:39	1199	259	208	573	443	139	145	200	0	0	8	558	432	340	0	10	475	238
2014-07-27	11:59:39	1199	259	208	570	442	142	145	200	0	0	8	554	428	341	0	10	475	238
2014-07-27	12:00:39	1199	259	209	566	442	144	145	200	0	0	8	548	425	341	0	10	475	238
2014-07-27	12:01:39	1199	260	209	563	441	146	147	200	0	0	8	544	423	342	0	10	475	238
2014-07-27	12:02:39	1199	260	209	559	440	147	147	200	0	0	8	539	420	342	0	10	476	238
2014-07-27	12:03:39	1199	260	209	556	440	150	147	200	0	0	8	535	419	341	0	10	476	238
2014-07-27	12:04:39	1199	260	209	553	439	152	149	200	0	0	8	530	417	341	0	10	476	238
2014-07-27	12:05:39	1199	261	210	550	438	153	149	200	0	0	8	524	415	341	0	10	475	238
2014-07-27	12:06:39	1199	261	210	548	437	156	150	200	0	0	8	520	413	341	0	10	475	239
2014-07-27	12:07:39	1199	262	210	545	436	158	151	200	0	0	8	515	411	340	0	10	475	238
2014-07-27	12:08:39	1199	262	210	543	435	159	151	200	0	0	8	510	409	340	0	10	475	238
2014-07-27	12:09:39	1199	262	210	540	434	160	152	200	0	0	8	505	407	339	0	10	475	239
2014-07-27	12:10:39	1199	263	211	538	433	163	153	200	0	0	8	501	406	339	0	10	474	239
2014-07-27	12:11:39	1199	263	211	536	432	164	153	200	0	0	8	497	404	339	0	10	474	239
2014-07-27	12:12:39	1199	263	211	535	431	166	155	200	0	0	8	494	403	339	0	10	474	239
2014-07-27	12:13:39	1199	264	211	532	430	167	155	200	0	0	8	491	401	338	0	10	474	238
2014-07-27	12:14:39	1199	264	211	531	429	169	156	200	0	0	8	486	400	337	0	10	474	239
2014-07-27	12:15:39	1199	264	212	529	427	171	157	200	0	0	8	484	398	337	0	10	474	239
2014-07-27	12:16:39	1199	265	212	526	426	172	158	200	0	0	8	481	397	336	0	10	473	239
2014-07-27	12:17:39	1199	265	212	525	425	173	158	200	0	0	8	478	396	336	0	10	474	238
2014-07-27	12:18:39	1199	265	212	523	424	175	159	200	0	0	8	476	395	335	0	10	474	239
2014-07-27	12:19:39	1199	266	212	522	423	176	159	200	0	0	8	474	394	335	0	10	474	239
2014-07-27	12:20:39	1199	266	213	520	422	177	160	200	0	0	8	472	392	335	0	10	473	239
2014-07-27	12:21:39	1199	266	213	518	420	178	161	200	0	0	8	470	391	334	0	10	473	239
2014-07-27	12:22:39	1199	266	213	517	420	180	161	200	0	0	8	468	390	334	0	10	473	239
2014-07-27	12:23:39	1199	267	213	515	419	181	163	200	0	0	8	466	389	334	0	10	473	239
2014-07-27	12:24:39	1199	267	213	514	418	182	164	200	0	0	8	464	388	333	0	10	473	239
2014-07-27	12:25:39	1199	267	214	511	417	183	164	200	0	0	8	462	387	332	0	10	473	239
2014-07-27	12:26:39	1199	267	214	509	416	184	165	200	0	0	8	461	386	332	0	10	473	239
2014-07-27	12:27:39	1199	268	214	508	414	185	166	200	0	0	8	459	386	332	0	10	473	239
2014-07-27	12:28:39	1199	268	214	506	413	186	166	200	0	0	8	458	386	331	0	10	473	239
2014-07-27	12:29:39	1199	268	214	505	412	187	167	200	0	0	8	456	385	331	0	10	473	239
2014-07-27	12:30:39	1199	268	214	503	411	188	167	200	0	0	8	455	384	331	0	10	473	239
2014-07-27	12:31:39	1199	269	215	502	410	190	168	200	0	0	8	454	383	331	0	10	472	239
2014-07-27	12:32:39	1199	269	215	501	409	191	168	200	0	0	8	452	382	331	0	10	472	239
2014-07-27	12:33:39	1199	269	215	499	408	192	169	200	0	0	8	451	381	331	0	10	472	239
2014-07-27	12:34:39	1199	270	215	497	407	193	171	200	0	0	8	450	381	331	0	10	472	239
2014-07-27	12:35:39	1199	270	215	496	405	193	171	200	0	0	8	449	380	330	0	10	472	239
2014-07-27	12:36:39	1199	270	216	494	404	194	172	200	0	0	8	448	379	330	0	10	472	239
2014-07-27	12:37:39	1199	270	216	493	403	195	172	200	0	0	8	447	379	330	0	10	472	239
2014-07-27	12:38:39	1199	270	216	492	402	196	173	200	0	0	8	446	378	329	0	10	472	239
2014-07-27	12:39:39	1199	270	216	490	401	197	173	200	0	0	8	445	377	329	0	10	472	239
2014-07-27	12:40:39	1199	270	217	489	400	198	174	200	0	0	8	444	377	329	0	10	472	239
2014-07-27	12:41:39	1199	271	217	486	399	198	174	200	0	0	8	443	376	329	0	10	471	239
2014-07-27	12:42:39	1199	271	217	485	398	199	175	200	0	0	8	442	375	328	0	10	471	239
2014-07-27	12:43:39	1199	271	217	484	397	200	175	200	0	0	8	441	375	328	0	10	472	239
