Divisors		1	10	10	10	10	10	10	10	10	1	1	10	10	10	100	1	10	10
Date	Time	Version	BT1	BT1 Mean	BT2	BT3	BT10	BT11	Calc Supply	GM	Alarm	RELAYS PCA BASE	BT12	BT14	BT17	Tot.int.add.	Prio	BT6	BT50
2014-09-11	22:40:36	1199	143	167	382	343	241	190	220	0	0	8	387	349	307	0	10	439	226
2014-09-11	22:41:36	1199	143	167	381	342	241	190	220	0	0	8	386	349	306	0	20	419	226
2014-09-11	22:42:36	1199	143	167	367	373	89	129	220	0	0	15	389	539	75	0	20	361	226
2014-09-11	22:43:36	1199	143	167	431	398	73	58	220	0	0	15	447	619	47	0	20	314	226
2014-09-11	22:44:37	1199	143	167	471	420	72	41	220	0	0	15	484	692	72	0	20	287	226
2014-09-11	22:45:37	1199	144	167	500	441	72	38	219	0	0	15	508	733	79	0	20	274	226
2014-09-11	22:46:37	1199	144	167	520	457	73	38	219	0	0	15	526	762	86	0	20	272	226
2014-09-11	22:47:37	1199	144	167	535	470	73	40	219	0	0	15	541	782	82	0	20	277	226
2014-09-11	22:48:37	1199	144	167	547	480	75	41	219	0	0	15	551	799	84	0	20	285	226
2014-09-11	22:49:37	1199	144	166	556	490	75	43	219	0	0	15	559	814	87	0	20	295	226
2014-09-11	22:50:37	1199	144	166	565	498	74	43	219	0	0	15	568	827	86	0	20	307	226
2014-09-11	22:51:37	1199	144	166	572	505	73	43	219	0	0	15	575	839	83	0	20	320	226
2014-09-11	22:52:37	1199	144	166	579	514	73	44	219	0	0	15	581	851	87	0	20	331	226
2014-09-11	22:53:37	1199	145	166	586	520	73	43	219	0	0	15	587	864	88	0	20	343	226
2014-09-11	22:54:37	1199	144	166	592	526	73	44	219	0	0	15	594	872	86	0	20	355	226
2014-09-11	22:55:37	1199	145	166	597	532	78	47	219	0	0	15	600	883	91	0	20	365	226
2014-09-11	22:56:37	1199	145	166	603	538	78	50	219	0	0	15	606	890	94	0	20	375	226
2014-09-11	22:57:37	1199	145	166	608	544	72	47	219	0	0	15	613	902	86	0	20	385	226
2014-09-11	22:58:37	1199	145	166	613	549	68	44	219	0	0	15	614	910	83	0	20	394	226
2014-09-11	22:59:37	1199	145	166	617	553	65	43	219	0	0	15	618	919	84	0	20	402	226
2014-09-11	23:00:37	1199	145	166	619	558	63	41	219	0	0	15	622	928	82	0	20	411	226
2014-09-11	23:01:37	1199	145	166	623	563	62	40	219	0	0	15	626	936	81	0	20	419	226
2014-09-11	23:02:37	1199	145	165	627	567	62	40	219	0	0	15	630	944	82	0	20	426	226
2014-09-11	23:03:37	1199	145	165	631	571	62	41	219	0	0	10	636	945	84	0	10	433	226
2014-09-11	23:04:37	1199	145	165	631	566	65	63	219	0	162	8	664	857	130	0	10	440	226
2014-09-11	23:05:37	1199	145	165	629	563	72	73	219	0	162	8	671	766	176	0	10	446	226
2014-09-11	23:06:37	1199	145	165	629	559	76	84	219	0	162	8	668	689	220	0	10	451	226
2014-09-11	23:07:37	1199	145	165	629	556	79	99	219	0	162	8	662	639	242	0	10	454	226
2014-09-11	23:08:37	1199	145	165	629	546	83	112	219	0	162	8	651	609	259	0	10	457	226
2014-09-11	23:09:37	1199	145	165	628	530	87	120	219	0	0	8	639	583	272	0	10	458	226
2014-09-11	23:10:37	1199	145	165	623	506	91	123	219	0	0	8	626	561	290	0	10	460	226
2014-09-11	23:11:37	1199	145	165	616	489	94	125	219	0	0	8	612	543	306	0	10	461	226
2014-09-11	23:12:37	1199	145	165	607	477	98	125	219	0	0	8	601	527	320	0	10	462	226
2014-09-11	23:13:37	1199	145	165	599	470	101	126	219	0	0	8	592	516	331	0	10	462	226
2014-09-11	23:14:37	1199	145	165	592	466	104	127	219	0	0	8	585	506	339	0	10	463	226
2014-09-11	23:15:37	1199	145	164	586	463	108	127	219	0	0	8	578	498	346	0	10	463	226
2014-09-11	23:16:37	1199	145	164	580	461	111	127	219	0	0	8	571	491	351	0	10	464	226
2014-09-11	23:17:37	1199	145	164	575	461	113	128	219	0	0	8	565	484	355	0	10	464	226
2014-09-11	23:18:37	1199	145	164	570	460	117	128	219	0	0	8	559	479	358	0	10	465	226
2014-09-11	23:19:37	1199	145	164	566	459	120	129	219	0	0	8	555	474	359	0	10	465	226
2014-09-11	23:20:37	1199	145	164	562	459	122	131	219	0	0	8	549	470	361	0	10	466	226
2014-09-11	23:21:37	1199	145	164	558	458	125	131	219	0	0	8	544	466	362	0	10	466	226
2014-09-11	23:22:37	1199	145	164	554	457	127	132	219	0	0	8	538	463	363	0	10	467	226
2014-09-11	23:23:37	1199	145	164	551	457	129	133	219	0	0	8	533	459	363	0	10	467	226
2014-09-11	23:24:37	1199	145	164	548	456	132	133	219	0	0	8	527	456	363	0	10	467	226
2014-09-11	23:25:37	1199	145	164	545	456	134	134	219	0	0	8	521	453	363	0	10	468	226
2014-09-11	23:26:37	1199	145	164	540	455	137	135	219	0	0	8	516	451	363	0	10	469	226
2014-09-11	23:27:37	1199	145	164	537	454	139	136	219	0	0	8	510	448	363	0	10	469	226
2014-09-11	23:28:37	1199	145	164	534	453	142	137	219	0	0	8	505	445	362	0	10	469	226
2014-09-11	23:29:37	1199	145	163	531	452	143	138	219	0	0	8	500	443	362	0	10	470	226
2014-09-11	23:30:37	1199	145	163	526	451	145	138	219	0	0	8	495	441	361	0	10	470	226
2014-09-11	23:31:37	1199	145	163	523	450	147	139	219	0	0	8	491	439	361	0	10	470	226
2014-09-11	23:32:37	1199	145	163	520	449	150	140	219	0	0	8	487	436	360	0	10	471	226
2014-09-11	23:33:37	1199	145	163	517	448	151	142	219	0	0	8	483	434	359	0	10	471	226
2014-09-11	23:34:37	1199	145	163	514	447	152	142	219	0	0	8	480	432	358	0	10	471	226
2014-09-11	23:35:37	1199	145	163	510	446	155	143	219	0	0	8	477	430	358	0	10	471	226
2014-09-11	23:36:37	1199	145	163	508	444	156	144	219	0	0	8	475	428	358	0	10	471	226
2014-09-11	23:37:37	1199	145	163	505	443	157	145	219	0	0	8	472	427	357	0	10	471	226
2014-09-11	23:38:37	1199	144	163	502	441	159	145	219	0	0	8	470	425	357	0	10	471	226
2014-09-11	23:39:37	1199	145	163	500	440	160	146	219	0	0	8	468	423	356	0	10	471	226
2014-09-11	23:40:37	1199	145	163	498	439	162	147	219	0	0	8	467	422	355	0	10	471	226
2014-09-11	23:41:37	1199	145	163	496	438	164	149	219	0	0	8	465	420	355	0	10	471	226
2014-09-11	23:42:37	1199	145	163	494	437	165	149	219	0	0	8	464	420	354	0	10	471	226
2014-09-11	23:43:37	1199	144	163	492	436	166	150	219	0	0	8	462	418	353	0	10	471	226
2014-09-11	23:44:37	1199	145	162	490	435	167	151	219	0	0	8	461	417	353	0	10	471	226
2014-09-11	23:45:37	1199	144	162	486	434	168	151	219	0	0	8	459	415	352	0	10	471	226
2014-09-11	23:46:37	1199	145	162	484	433	170	152	219	0	0	8	458	414	351	0	10	471	226
2014-09-11	23:47:37	1199	144	162	482	432	172	152	219	0	0	8	457	412	351	0	10	471	226
2014-09-11	23:48:37	1199	144	162	480	431	173	153	219	0	0	8	456	411	350	0	10	471	226
2014-09-11	23:49:37	1199	145	162	478	430	174	153	219	0	0	8	455	410	350	0	10	471	226
2014-09-11	23:50:37	1199	145	162	475	428	175	154	219	0	0	8	453	409	349	0	10	471	226
2014-09-11	23:51:37	1199	144	162	473	427	176	155	219	0	0	8	452	407	349	0	10	471	226
2014-09-11	23:52:37	1199	145	162	471	426	177	156	219	0	0	8	452	406	348	0	10	471	226
2014-09-11	23:53:37	1199	144	162	469	425	178	156	219	0	0	8	451	405	348	0	10	472	226
2014-09-11	23:54:37	1199	145	162	467	424	180	156	219	0	0	8	450	404	347	0	10	472	226
2014-09-11	23:55:37	1199	144	162	464	423	181	157	222	0	0	8	450	403	347	0	10	472	225
2014-09-11	23:56:37	1199	144	162	463	422	182	157	219	0	0	8	449	402	346	0	10	471	226
2014-09-11	23:57:37	1199	145	162	461	421	182	158	223	0	0	8	448	401	345	0	10	471	225
2014-09-11	23:58:37	1199	145	162	459	420	184	159	219	0	0	8	448	400	345	0	10	471	226
2014-09-11	23:59:37	1199	145	161	457	419	185	158	219	0	0	8	447	399	344	0	10	471	226
2014-09-12	00:00:38	1199	145	161	455	418	185	159	219	0	0	8	447	398	344	0	10	471	226
2014-09-12	00:01:38	1199	144	161	453	417	186	159	219	0	0	8	446	397	344	0	10	471	226
2014-09-12	00:02:38	1199	145	161	452	416	187	160	219	0	0	8	446	396	343	0	10	471	226
2014-09-12	00:03:38	1199	144	161	451	415	188	160	222	0	0	8	445	396	342	0	10	471	225
2014-09-12	00:04:38	1199	145	161	449	414	190	160	219	0	0	8	444	395	342	0	10	471	226
2014-09-12	00:05:38	1199	145	161	448	413	191	161	219	0	0	8	444	394	342	0	10	471	226
2014-09-12	00:06:38	1199	144	161	447	412	192	161	222	0	0	8	444	393	341	0	10	471	225
2014-09-12	00:07:38	1199	145	161	446	411	192	161	223	0	0	8	443	393	341	0	10	471	225
2014-09-12	00:08:38	1199	144	161	445	410	193	163	219	0	0	8	442	392	340	0	10	471	226
2014-09-12	00:09:38	1199	145	161	444	409	194	163	223	0	0	8	442	391	340	0	10	471	225
2014-09-12	00:10:38	1199	145	161	443	409	195	163	219	0	0	8	441	391	340	0	10	470	226
2014-09-12	00:11:38	1199	144	161	442	408	196	163	222	0	0	8	441	390	340	0	10	470	225
2014-09-12	00:12:38	1199	145	161	441	407	197	164	223	0	0	8	440	389	339	0	10	470	225
2014-09-12	00:13:38	1199	144	161	441	406	197	164	222	0	0	8	440	389	339	0	10	470	225
2014-09-12	00:14:38	1199	144	161	440	406	198	164	222	0	0	8	439	388	338	0	10	470	225
2014-09-12	00:15:38	1199	145	160	439	405	199	164	223	0	0	8	439	388	338	0	10	469	225
2014-09-12	00:16:38	1199	144	160	438	404	200	164	222	0	0	8	438	387	338	0	10	469	225
2014-09-12	00:17:38	1199	145	160	437	403	201	165	223	0	0	8	438	386	337	0	10	469	225
2014-09-12	00:18:38	1199	144	160	436	402	202	165	222	0	0	8	437	386	337	0	10	468	225
2014-09-12	00:19:38	1199	144	160	436	402	203	165	222	0	0	8	437	386	337	0	10	468	225
2014-09-12	00:20:38	1199	145	160	435	401	204	166	223	0	0	8	436	386	336	0	10	467	225
2014-09-12	00:21:38	1199	144	160	434	400	204	166	222	0	0	8	436	385	336	0	10	466	225
2014-09-12	00:22:38	1199	145	160	433	399	205	166	223	0	0	8	435	384	336	0	10	465	225
2014-09-12	00:23:38	1199	144	160	433	398	206	167	222	0	0	8	434	384	336	0	10	465	225
2014-09-12	00:24:38	1199	144	160	432	398	207	167	222	0	0	8	434	383	335	0	10	464	225
2014-09-12	00:25:38	1199	144	160	431	397	207	167	222	0	0	8	433	383	335	0	10	463	225
2014-09-12	00:26:38	1199	144	160	430	396	208	167	222	0	0	8	433	382	335	0	10	462	225
2014-09-12	00:27:38	1199	144	160	430	396	209	167	222	0	0	8	432	382	334	0	10	461	225
2014-09-12	00:28:38	1199	144	160	428	395	210	168	222	0	0	8	432	381	334	0	10	460	225
2014-09-12	00:29:38	1199	144	160	428	394	210	168	222	0	0	8	431	381	334	0	10	460	225
2014-09-12	00:30:38	1199	144	160	428	393	211	168	222	0	0	8	430	380	333	0	10	459	225
2014-09-12	00:31:38	1199	144	160	427	392	212	168	222	0	0	8	430	380	333	0	10	458	225
2014-09-12	00:32:38	1199	144	159	426	392	212	168	222	0	0	8	429	379	333	0	10	457	225
2014-09-12	00:33:38	1199	144	159	426	391	213	169	222	0	0	8	429	379	333	0	10	457	225
2014-09-12	00:34:38	1199	144	159	425	390	213	169	222	0	0	8	428	379	333	0	10	457	225
2014-09-12	00:35:38	1199	144	159	424	389	214	169	222	0	0	8	428	378	332	0	10	456	225
2014-09-12	00:36:38	1199	144	159	423	388	215	169	222	0	0	8	427	378	332	0	10	456	225
2014-09-12	00:37:38	1199	144	159	423	388	215	171	222	0	0	8	426	377	332	0	10	456	225
2014-09-12	00:38:38	1199	144	159	422	387	216	171	222	0	0	8	426	377	331	0	10	455	225
2014-09-12	00:39:38	1199	144	159	421	386	217	171	222	0	0	8	425	377	331	0	10	455	225
2014-09-12	00:40:38	1199	144	159	421	386	218	171	222	0	0	8	425	376	331	0	10	455	225
2014-09-12	00:41:38	1199	144	159	420	385	219	172	222	0	0	8	424	376	331	0	10	455	225
2014-09-12	00:42:38	1199	144	159	420	385	219	172	222	0	0	8	424	375	331	0	10	455	225
2014-09-12	00:43:38	1199	144	159	420	384	220	172	222	0	0	8	423	375	331	0	10	454	225
2014-09-12	00:44:38	1199	144	159	420	383	220	172	222	0	0	8	423	374	331	0	10	455	225
2014-09-12	00:45:38	1199	144	159	419	382	221	173	222	0	0	8	422	374	331	0	10	454	225
2014-09-12	00:46:38	1199	144	159	419	382	221	173	222	0	0	8	421	374	330	0	10	454	225
2014-09-12	00:47:38	1199	144	159	418	381	222	173	222	0	0	8	421	373	330	0	10	454	225
2014-09-12	00:48:38	1199	144	159	417	381	223	173	222	0	0	8	420	373	330	0	10	454	225
2014-09-12	00:49:38	1199	144	159	416	379	223	173	222	0	0	8	420	373	330	0	10	454	225
2014-09-12	00:50:38	1199	144	158	415	379	224	174	222	0	0	8	420	372	329	0	10	453	225
2014-09-12	00:51:38	1199	144	158	415	378	224	174	225	0	0	8	420	372	329	0	10	453	224
2014-09-12	00:52:38	1199	144	158	415	377	225	174	225	0	0	8	419	372	329	0	10	453	224
2014-09-12	00:53:38	1199	144	158	414	377	225	174	222	0	0	8	418	371	328	0	10	453	225
2014-09-12	00:54:38	1199	144	158	414	376	226	175	225	0	0	8	418	371	328	0	10	453	224
2014-09-12	00:55:38	1199	144	158	413	375	226	175	225	0	0	8	417	371	328	0	10	453	224
2014-09-12	00:56:38	1199	144	158	413	375	227	175	225	0	0	8	417	370	328	0	10	453	224
2014-09-12	00:57:38	1199	144	158	412	374	227	175	225	0	0	8	416	370	327	0	10	453	224
2014-09-12	00:58:38	1199	144	158	412	374	228	176	225	0	0	8	416	370	327	0	10	453	224
2014-09-12	00:59:38	1199	144	158	411	373	229	176	225	0	0	8	415	369	327	0	10	453	224
2014-09-12	01:00:38	1199	144	158	410	372	229	177	225	0	0	8	414	369	327	0	10	453	224
2014-09-12	01:01:38	1199	144	158	410	371	229	176	225	0	0	8	414	369	326	0	10	453	224
2014-09-12	01:02:38	1199	144	158	410	371	230	177	225	0	0	8	413	368	326	0	10	452	224
2014-09-12	01:03:38	1199	144	158	409	370	230	177	225	0	0	8	413	368	326	0	10	452	224
2014-09-12	01:04:38	1199	144	158	408	370	230	177	225	0	0	8	412	368	326	0	10	452	224
2014-09-12	01:05:38	1199	144	158	408	369	231	177	225	0	0	8	412	368	325	0	10	452	224
2014-09-12	01:06:38	1199	144	158	407	369	232	177	225	0	0	8	411	367	325	0	10	452	224
2014-09-12	01:07:38	1199	144	158	407	368	232	178	225	0	0	8	411	367	325	0	10	452	224
2014-09-12	01:08:38	1199	144	158	406	367	233	178	225	0	0	8	410	367	325	0	10	452	224
2014-09-12	01:09:38	1199	144	157	406	366	233	178	225	0	0	8	410	367	325	0	10	452	224
2014-09-12	01:10:38	1199	144	157	405	366	233	179	225	0	0	8	409	366	325	0	10	452	224
2014-09-12	01:11:38	1199	144	157	405	365	234	180	225	0	0	8	408	366	325	0	10	452	224
2014-09-12	01:12:38	1199	144	157	404	365	234	180	225	0	0	8	408	366	324	0	10	452	224
2014-09-12	01:13:38	1199	144	157	404	364	235	180	225	0	0	8	407	366	324	0	10	452	224
2014-09-12	01:14:38	1199	144	157	403	364	235	180	225	0	0	8	407	366	324	0	10	451	224
2014-09-12	01:15:39	1199	144	157	402	363	235	181	225	0	0	8	406	365	323	0	10	451	224
2014-09-12	01:16:39	1199	144	157	402	363	236	181	225	0	0	8	406	365	323	0	10	451	224
2014-09-12	01:17:39	1199	144	157	401	362	236	181	225	0	0	8	405	365	323	0	10	451	224
2014-09-12	01:18:39	1199	144	157	401	362	237	181	225	0	0	8	405	365	323	0	10	451	224
2014-09-12	01:19:39	1199	144	157	400	361	237	182	225	0	0	8	404	364	323	0	10	451	224
2014-09-12	01:20:39	1199	144	157	400	361	237	182	225	0	0	8	404	364	322	0	10	451	224
2014-09-12	01:21:39	1199	144	157	399	360	238	182	225	0	0	8	403	364	322	0	10	451	224
2014-09-12	01:22:39	1199	143	157	398	360	238	182	225	0	0	8	403	363	322	0	10	451	224
2014-09-12	01:23:39	1199	144	157	398	359	239	182	225	0	0	8	402	363	322	0	10	451	224
2014-09-12	01:24:39	1199	144	157	397	359	239	183	225	0	0	8	402	363	322	0	10	451	224
2014-09-12	01:25:39	1199	143	157	397	358	239	183	225	0	0	8	401	363	321	0	10	450	224
2014-09-12	01:26:39	1199	143	157	397	358	240	183	225	0	0	8	401	363	321	0	10	450	224
2014-09-12	01:27:39	1199	143	157	396	358	240	183	225	0	0	8	400	362	321	0	10	450	224
2014-09-12	01:28:39	1199	143	156	396	358	240	183	225	0	0	8	400	362	321	0	10	450	224
2014-09-12	01:29:39	1199	143	156	395	357	241	184	225	0	0	8	399	362	321	0	10	450	224
2014-09-12	01:30:39	1199	143	156	395	357	241	184	225	0	0	8	398	362	321	0	10	450	224
2014-09-12	01:31:39	1199	143	156	394	356	241	184	225	0	0	8	398	362	320	0	10	450	224
2014-09-12	01:32:39	1199	143	156	394	356	242	185	225	0	0	8	398	361	320	0	10	449	224
2014-09-12	01:33:39	1199	143	156	393	356	242	185	225	0	0	8	397	361	320	0	10	449	224
2014-09-12	01:34:39	1199	143	156	393	355	242	185	225	0	0	8	397	361	320	0	10	449	224
2014-09-12	01:35:39	1199	143	156	392	355	243	185	225	0	0	8	396	361	320	0	10	449	224
2014-09-12	01:36:39	1199	143	156	392	354	243	185	225	0	0	8	396	361	319	0	10	449	224
2014-09-12	01:37:39	1199	143	156	391	354	243	186	229	0	0	8	395	361	319	0	10	449	223
2014-09-12	01:38:39	1199	143	156	391	353	244	186	225	0	0	8	395	361	319	0	10	449	224
2014-09-12	01:39:39	1199	143	156	390	353	244	186	225	0	0	8	394	360	319	0	10	449	224
2014-09-12	01:40:39	1199	143	156	390	352	245	186	229	0	0	8	394	360	319	0	10	449	223
2014-09-12	01:41:39	1199	143	156	389	352	246	186	225	0	0	8	393	360	319	0	10	448	224
2014-09-12	01:42:39	1199	143	156	389	351	246	186	229	0	0	8	393	359	318	0	10	448	223
2014-09-12	01:43:39	1199	143	156	388	351	246	187	225	0	0	8	392	359	318	0	10	448	224
2014-09-12	01:44:39	1199	143	156	388	350	247	187	229	0	0	8	391	359	318	0	10	448	223
2014-09-12	01:45:39	1199	143	156	387	350	247	187	229	0	0	8	391	359	317	0	10	448	223
2014-09-12	01:46:39	1199	143	156	387	349	247	187	225	0	0	8	391	359	317	0	10	448	224
2014-09-12	01:47:39	1199	143	156	386	349	248	188	225	0	0	8	390	358	317	0	10	447	224
2014-09-12	01:48:39	1199	143	156	386	348	248	188	229	0	0	8	390	358	316	0	10	447	223
2014-09-12	01:49:39	1199	143	155	386	348	248	188	229	0	0	8	389	358	316	0	10	447	223
2014-09-12	01:50:39	1199	143	155	386	347	249	188	229	0	0	8	389	358	316	0	10	447	223
2014-09-12	01:51:41	1199	143	155	385	347	249	190	229	0	0	8	388	358	316	0	10	447	223
2014-09-12	01:52:40	1199	143	155	384	346	249	189	229	0	0	8	388	358	316	0	10	447	223
2014-09-12	01:53:40	1199	143	155	384	346	249	190	229	0	0	8	387	358	315	0	10	447	223
2014-09-12	01:54:40	1199	143	155	384	346	250	190	229	0	0	8	387	358	315	0	10	446	223
2014-09-12	01:55:40	1199	143	155	383	345	250	190	229	0	0	8	386	358	315	0	10	446	223
2014-09-12	01:56:40	1199	143	155	383	345	250	190	229	0	0	8	386	358	315	0	10	446	223
2014-09-12	01:57:40	1199	143	155	382	344	250	191	229	0	0	8	386	358	315	0	10	446	223
2014-09-12	01:58:40	1199	143	155	382	344	250	191	229	0	0	8	386	358	315	0	10	445	223
2014-09-12	01:59:40	1199	143	155	381	344	251	191	229	0	0	8	385	357	314	0	10	445	223
2014-09-12	02:00:40	1199	143	155	381	343	251	191	229	0	0	8	385	358	314	0	10	445	223
2014-09-12	02:01:40	1199	143	155	380	343	252	191	229	0	0	8	384	357	314	0	10	445	223
2014-09-12	02:02:40	1199	143	155	380	342	252	192	229	0	0	8	384	357	314	0	10	444	223
2014-09-12	02:03:40	1199	143	155	379	342	252	192	229	0	0	8	383	357	314	0	10	444	223
2014-09-12	02:04:40	1199	143	155	379	342	252	193	229	0	0	8	383	357	313	0	10	444	223
2014-09-12	02:05:40	1199	143	155	378	341	252	192	229	0	0	8	383	357	313	0	10	443	223
2014-09-12	02:06:40	1199	143	155	378	341	253	193	229	0	0	8	382	356	313	0	10	443	223
2014-09-12	02:07:40	1199	143	155	378	340	253	193	229	0	0	8	382	356	313	0	10	443	223
2014-09-12	02:08:40	1199	143	155	377	340	253	193	229	0	0	8	381	356	313	0	10	443	223
2014-09-12	02:09:40	1199	143	155	377	339	253	193	229	0	0	8	381	356	313	0	10	442	223
2014-09-12	02:10:40	1199	143	155	376	339	254	194	229	0	0	8	380	356	313	0	10	442	223
2014-09-12	02:11:40	1199	143	155	375	338	254	194	229	0	0	8	380	356	313	0	10	441	223
2014-09-12	02:12:40	1199	143	154	375	338	254	194	229	0	0	8	380	355	313	0	10	441	223
2014-09-12	02:13:40	1199	143	154	374	337	254	194	229	0	0	8	379	355	313	0	10	441	223
2014-09-12	02:14:40	1199	143	154	374	337	254	194	229	0	0	8	379	355	312	0	10	441	223
2014-09-12	02:15:40	1199	142	154	373	337	254	194	229	0	0	8	378	355	312	0	10	440	223
2014-09-12	02:16:40	1199	143	154	373	336	255	195	229	0	0	8	377	355	312	0	10	440	223
2014-09-12	02:17:40	1199	142	154	373	336	255	195	229	0	0	8	377	354	312	0	10	439	223
2014-09-12	02:18:40	1199	142	154	373	335	255	195	229	0	0	8	377	355	312	0	10	439	223
2014-09-12	02:19:40	1199	142	154	372	335	255	195	229	0	0	8	376	354	311	0	10	439	223
2014-09-12	02:20:40	1199	142	154	372	334	256	195	229	0	0	8	376	354	311	0	10	439	223
2014-09-12	02:21:40	1199	142	154	371	334	256	196	229	0	0	8	375	354	311	0	10	438	223
2014-09-12	02:22:40	1199	142	154	371	334	256	196	229	0	0	8	375	354	311	0	10	438	223
2014-09-12	02:23:40	1199	142	154	370	334	256	196	229	0	0	8	374	354	311	0	10	438	223
2014-09-12	02:24:40	1199	142	154	370	333	256	196	229	0	0	8	374	354	311	0	10	437	223
2014-09-12	02:25:40	1199	142	154	369	333	257	196	229	0	0	8	373	353	311	0	10	437	223
2014-09-12	02:26:40	1199	142	154	368	332	257	197	229	0	0	8	373	353	311	0	10	437	223
2014-09-12	02:27:40	1199	142	154	368	332	257	197	229	0	0	8	373	353	310	0	10	437	223
2014-09-12	02:28:40	1199	142	154	368	332	257	197	229	0	0	8	372	353	310	0	10	437	223
2014-09-12	02:29:41	1199	142	154	367	331	257	197	229	0	0	8	372	353	310	0	10	436	223
2014-09-12	02:30:41	1199	142	154	367	331	258	197	232	0	0	8	371	353	310	0	10	436	222
2014-09-12	02:31:41	1199	142	154	367	331	258	198	229	0	0	8	371	352	310	0	10	436	223
2014-09-12	02:32:41	1199	142	154	366	331	258	198	229	0	0	8	370	352	310	0	10	436	223
2014-09-12	02:33:41	1199	142	154	366	331	258	198	229	0	0	8	370	352	309	0	10	436	223
2014-09-12	02:34:41	1199	142	153	366	330	258	198	229	0	0	8	370	352	309	0	10	435	223
2014-09-12	02:35:41	1199	142	153	365	330	258	198	232	0	0	8	369	352	309	0	10	435	222
2014-09-12	02:36:41	1199	142	153	365	329	258	199	229	0	0	8	369	352	309	0	10	435	223
2014-09-12	02:37:41	1199	142	153	364	329	258	199	232	0	0	8	368	352	309	0	10	435	222
2014-09-12	02:38:41	1199	142	153	364	329	259	199	229	0	0	8	368	352	309	0	10	435	223
2014-09-12	02:39:41	1199	142	153	364	328	259	199	232	0	0	8	368	351	308	0	10	435	222
2014-09-12	02:40:41	1199	142	153	363	328	259	199	232	0	0	8	367	351	308	0	10	434	222
2014-09-12	02:41:41	1199	142	153	363	328	259	199	232	0	0	8	367	351	308	0	10	435	222
2014-09-12	02:42:41	1199	142	153	362	327	260	199	232	0	0	8	366	351	308	0	10	434	222
2014-09-12	02:43:41	1199	142	153	362	327	260	200	229	0	0	8	366	351	308	0	10	434	223
2014-09-12	02:44:41	1199	142	153	362	327	260	200	232	0	0	8	365	350	308	0	10	434	222
2014-09-12	02:45:41	1199	142	153	361	326	260	200	232	0	0	8	365	350	308	0	10	434	222
2014-09-12	02:46:41	1199	142	153	361	326	260	200	232	0	0	8	365	350	308	0	10	434	222
2014-09-12	02:47:41	1199	142	153	360	325	260	200	232	0	0	8	365	350	307	0	10	434	222
2014-09-12	02:48:41	1199	142	153	360	325	260	201	232	0	0	8	364	350	307	0	10	433	222
2014-09-12	02:49:41	1199	142	153	359	325	260	202	232	0	0	8	364	350	307	0	10	433	222
2014-09-12	02:50:41	1199	142	153	359	324	261	202	232	0	0	8	363	350	307	0	10	433	222
2014-09-12	02:51:41	1199	142	153	359	324	261	202	232	0	0	8	363	350	307	0	10	433	222
2014-09-12	02:52:41	1199	142	153	358	324	261	202	229	0	0	8	363	349	307	0	10	433	223
2014-09-12	02:53:41	1199	142	153	358	323	261	202	232	0	0	8	362	349	307	0	10	433	222
2014-09-12	02:54:41	1199	142	153	358	323	261	203	232	0	0	8	362	349	306	0	10	433	222
2014-09-12	02:55:41	1199	142	153	358	322	261	203	232	0	0	8	361	349	307	0	10	432	222
2014-09-12	02:56:41	1199	142	153	358	322	262	203	232	0	0	8	361	349	306	0	10	432	222
2014-09-12	02:57:41	1199	142	153	358	322	262	203	232	0	0	8	361	349	306	0	10	432	222
2014-09-12	02:58:41	1199	142	152	358	321	262	203	232	0	0	8	361	349	306	0	10	432	222
2014-09-12	02:59:41	1199	142	152	357	321	262	203	232	0	0	8	360	348	306	0	10	432	222
2014-09-12	03:00:41	1199	142	152	357	321	262	204	232	0	0	8	360	348	306	0	10	432	222
2014-09-12	03:01:41	1199	142	152	356	320	262	204	232	0	0	8	360	348	306	0	10	432	222
2014-09-12	03:02:41	1199	142	152	356	320	262	204	232	0	0	8	359	348	305	0	10	432	222
2014-09-12	03:03:41	1199	142	152	356	320	262	204	232	0	0	8	359	348	305	0	10	432	222
2014-09-12	03:04:41	1199	142	152	355	319	262	204	232	0	0	8	359	348	305	0	10	431	222
2014-09-12	03:05:41	1199	142	152	355	319	263	204	232	0	0	8	358	348	305	0	10	431	222
2014-09-12	03:06:41	1199	142	152	354	319	263	204	232	0	0	8	358	348	305	0	10	431	222
2014-09-12	03:07:41	1199	142	152	355	319	263	205	232	0	0	8	358	347	305	0	10	431	222
2014-09-12	03:08:41	1199	142	152	354	318	263	205	232	0	0	8	358	347	305	0	10	431	222
2014-09-12	03:09:41	1199	141	152	353	318	263	205	234	0	0	8	358	347	305	0	10	431	222
2014-09-12	03:10:41	1199	140	152	353	317	263	205	234	0	0	8	357	347	304	0	10	431	222
2014-09-12	03:11:41	1199	140	152	353	317	263	205	234	0	0	8	357	347	304	0	10	430	222
2014-09-12	03:12:41	1199	140	152	352	317	264	205	234	0	0	8	357	346	304	0	10	430	222
2014-09-12	03:13:41	1199	140	152	352	316	264	205	234	0	0	8	357	346	304	0	10	430	222
2014-09-12	03:14:41	1199	140	152	352	316	264	206	234	0	0	8	356	346	304	0	10	430	222
2014-09-12	03:15:41	1199	139	152	351	315	264	206	233	0	0	8	356	346	304	0	10	430	222
2014-09-12	03:16:41	1199	139	152	351	315	264	206	233	0	0	8	356	346	304	0	10	430	222
2014-09-12	03:17:41	1199	139	152	351	315	264	206	233	0	0	8	356	346	304	0	10	430	222
2014-09-12	03:18:41	1199	139	152	350	315	264	206	233	0	0	8	355	346	304	0	10	429	222
2014-09-12	03:19:41	1199	138	152	350	314	264	207	235	0	0	8	355	346	303	0	10	430	222
2014-09-12	03:20:41	1199	138	152	349	314	264	207	235	0	0	8	354	345	303	0	10	429	222
2014-09-12	03:21:41	1199	138	151	349	313	264	207	235	0	0	8	354	345	303	0	10	429	222
2014-09-12	03:22:41	1199	138	151	349	313	264	207	235	0	0	8	354	345	303	0	10	429	222
2014-09-12	03:23:41	1199	138	151	348	313	264	207	235	0	0	8	353	345	303	0	10	429	222
2014-09-12	03:24:41	1199	137	151	348	313	264	207	235	0	0	8	353	345	303	0	10	429	222
2014-09-12	03:25:41	1199	137	151	348	312	264	207	235	0	0	8	353	345	303	0	10	429	222
2014-09-12	03:26:41	1199	137	151	347	312	265	207	235	0	0	8	353	344	303	0	10	429	222
2014-09-12	03:27:41	1199	137	151	347	312	265	207	235	0	0	8	352	344	303	0	10	428	222
2014-09-12	03:28:41	1199	136	151	346	311	265	208	236	0	0	8	352	344	303	0	10	428	222
2014-09-12	03:29:41	1199	136	151	346	311	265	208	236	0	0	8	352	344	302	0	10	428	222
2014-09-12	03:30:41	1199	136	151	346	311	265	208	236	0	0	8	351	344	302	0	10	428	222
2014-09-12	03:31:41	1199	136	151	346	311	265	208	236	0	0	8	351	344	302	0	10	428	222
2014-09-12	03:32:41	1199	136	151	345	310	265	208	236	0	0	8	351	343	302	0	10	428	222
2014-09-12	03:33:41	1199	136	151	345	310	265	208	236	0	0	8	350	343	302	0	10	427	222
2014-09-12	03:34:41	1199	136	151	344	310	265	209	236	0	0	8	350	343	302	0	10	427	222
2014-09-12	03:35:41	1199	136	151	344	309	266	209	236	0	0	8	350	343	302	0	10	427	222
2014-09-12	03:36:41	1199	136	151	344	309	266	209	236	0	0	8	350	343	302	0	10	427	222
2014-09-12	03:37:41	1199	136	151	344	309	266	209	236	0	0	8	349	343	302	0	10	427	222
2014-09-12	03:38:41	1199	136	151	343	308	266	209	236	0	0	8	349	343	301	0	10	427	222
2014-09-12	03:39:41	1199	136	151	343	308	266	209	236	0	0	8	349	343	301	0	10	427	222
2014-09-12	03:40:41	1199	136	150	343	308	266	209	236	0	0	2	348	343	301	0	10	426	222
2014-09-12	03:41:41	1199	136	150	339	308	266	210	236	106	0	2	349	342	301	0	10	426	222
2014-09-12	03:42:41	1199	136	150	329	308	266	210	236	205	0	2	348	342	301	0	10	426	222
2014-09-12	03:43:41	1199	136	150	320	309	266	210	236	293	0	2	347	342	301	0	10	426	222
2014-09-12	03:44:42	1199	136	150	321	309	266	210	236	372	0	2	347	342	301	0	10	426	222
2014-09-12	03:45:42	1199	136	150	322	309	266	210	238	456	0	2	346	342	301	0	10	426	221
2014-09-12	03:46:42	1199	136	150	317	309	266	210	236	539	0	2	344	342	300	0	10	425	222
2014-09-12	03:47:42	1199	136	150	315	309	266	210	238	617	0	2	342	342	300	0	10	425	221
2014-09-12	03:48:42	1199	136	150	312	310	266	211	238	694	0	2	340	342	300	0	10	425	221
2014-09-12	03:49:42	1199	136	150	309	310	266	211	236	770	0	2	339	342	300	0	10	425	222
2014-09-12	03:50:42	1199	137	150	307	310	267	211	238	841	0	2	338	341	300	0	10	424	221
2014-09-12	03:51:42	1199	137	150	304	310	267	211	235	913	0	2	337	341	300	0	10	424	222
2014-09-12	03:52:42	1199	136	150	303	310	267	211	236	981	0	2	336	341	300	0	10	424	222
2014-09-12	03:53:42	1199	137	150	300	311	267	211	238	1000	0	2	335	341	300	0	10	424	221
2014-09-12	03:54:42	1199	137	150	296	310	267	211	235	1000	0	2	334	341	300	0	10	423	222
2014-09-12	03:55:42	1199	137	150	296	311	267	211	238	1000	0	2	333	341	299	0	10	423	221
2014-09-12	03:56:42	1199	137	150	293	311	267	212	238	1000	0	2	332	341	300	0	10	423	221
2014-09-12	03:57:42	1199	137	150	290	312	267	212	238	1000	0	2	331	341	299	0	10	423	221
2014-09-12	03:58:42	1199	137	150	287	312	267	212	238	1000	0	2	331	340	299	0	10	423	221
2014-09-12	03:59:42	1199	137	149	287	312	267	212	238	1000	0	2	330	340	299	0	10	422	221
2014-09-12	04:00:42	1199	137	149	280	312	267	212	238	1000	0	2	329	341	299	0	10	422	221
2014-09-12	04:01:42	1199	137	149	277	313	268	212	238	1000	0	2	328	340	299	0	10	422	221
2014-09-12	04:02:42	1199	137	149	274	313	267	212	238	1000	0	2	327	340	299	0	10	421	221
2014-09-12	04:03:42	1199	137	149	269	314	268	212	235	1000	0	2	326	340	299	0	10	421	222
2014-09-12	04:04:42	1199	137	149	258	314	267	212	238	1000	0	2	324	340	299	0	10	421	221
2014-09-12	04:05:42	1199	137	149	248	315	267	213	238	1000	0	2	323	340	299	0	10	421	221
2014-09-12	04:06:42	1199	137	149	247	316	267	213	238	1000	0	2	321	340	298	0	10	421	221
2014-09-12	04:07:42	1199	137	149	249	316	268	213	238	1000	0	2	319	339	299	0	10	420	221
2014-09-12	04:08:42	1199	138	149	240	317	268	213	238	1000	0	2	317	339	298	0	10	420	221
2014-09-12	04:09:42	1199	138	149	236	318	268	213	238	1000	0	2	315	339	298	0	10	420	221
2014-09-12	04:10:42	1199	138	149	232	319	268	213	238	995	0	2	313	339	298	0	10	420	221
2014-09-12	04:11:42	1199	138	149	234	320	268	214	238	990	0	2	310	339	298	0	10	420	221
2014-09-12	04:12:42	1199	138	149	231	321	268	214	238	985	0	2	307	339	298	0	10	420	221
2014-09-12	04:13:42	1199	138	149	231	322	268	214	238	978	0	2	304	339	298	0	10	420	221
2014-09-12	04:14:42	1199	138	149	231	323	268	214	238	971	0	2	302	339	298	0	10	420	221
2014-09-12	04:15:42	1199	138	149	231	325	268	214	238	964	0	2	299	339	298	0	10	420	221
2014-09-12	04:16:42	1199	138	149	231	326	268	214	238	957	0	2	294	339	298	0	10	420	221
2014-09-12	04:17:42	1199	138	149	230	326	268	214	238	949	0	14	291	339	298	0	20	420	221
2014-09-12	04:18:42	1199	138	149	374	361	81	122	238	941	0	15	434	577	68	0	20	419	221
2014-09-12	04:19:42	1199	138	149	462	447	71	57	238	933	0	15	494	671	50	0	20	419	221
2014-09-12	04:20:42	1199	138	149	518	488	71	44	238	925	0	15	538	746	75	0	20	419	221
2014-09-12	04:21:42	1199	138	149	554	510	72	43	238	917	0	15	567	793	84	0	20	419	221
2014-09-12	04:22:42	1199	138	148	576	524	73	44	238	909	0	15	587	823	88	0	20	419	221
2014-09-12	04:23:42	1199	138	148	590	534	73	45	238	901	0	15	599	845	90	0	20	420	221
2014-09-12	04:24:42	1199	138	148	600	542	75	47	238	893	0	15	608	862	90	0	20	423	221
2014-09-12	04:25:42	1199	138	148	608	548	75	49	238	885	0	15	614	875	88	0	20	427	221
2014-09-12	04:26:42	1199	138	148	614	554	73	48	238	877	0	15	619	888	91	0	20	431	221
2014-09-12	04:27:42	1199	138	148	619	558	73	47	238	869	0	15	626	899	90	0	20	435	221
2014-09-12	04:28:42	1199	138	148	624	564	72	47	238	861	0	15	629	911	90	0	20	439	221
2014-09-12	04:29:42	1199	138	148	628	569	72	48	238	853	0	15	633	921	90	0	20	445	221
2014-09-12	04:30:42	1199	138	148	628	568	73	64	238	853	0	2	637	889	111	0	10	450	221
2014-09-12	04:31:42	1199	138	148	613	565	78	79	238	853	162	2	651	797	153	0	10	454	221
2014-09-12	04:32:42	1199	138	148	626	560	80	90	238	853	162	2	661	701	198	0	10	458	221
2014-09-12	04:33:42	1199	138	148	628	558	85	108	238	1000	162	2	658	632	231	0	10	461	221
2014-09-12	04:34:42	1199	138	148	628	460	91	122	238	1000	0	2	643	591	249	0	10	463	221
2014-09-12	04:35:42	1199	138	148	618	312	92	132	238	1000	0	2	623	565	270	0	10	465	221
2014-09-12	04:36:42	1199	138	148	599	258	94	136	238	1000	0	2	604	540	289	0	10	465	221
2014-09-12	04:37:42	1199	138	148	583	236	96	139	238	1000	0	2	588	519	301	0	10	466	221
2014-09-12	04:38:42	1199	138	148	568	227	99	140	238	1000	0	2	568	501	311	0	10	466	221
2014-09-12	04:39:42	1199	138	148	543	223	103	142	238	1000	0	2	533	487	318	0	10	465	221
2014-09-12	04:40:42	1199	138	148	488	221	104	143	238	1000	0	2	480	475	323	0	10	465	221
2014-09-12	04:41:42	1199	138	148	420	221	107	143	238	1000	0	2	427	465	327	0	10	465	221
2014-09-12	04:42:42	1199	138	148	363	221	109	144	238	1000	0	2	383	456	329	0	10	464	221
2014-09-12	04:43:42	1199	137	148	326	221	112	144	242	1000	0	2	347	449	330	0	10	464	220
2014-09-12	04:44:42	1199	137	148	300	222	113	144	238	1000	0	2	320	442	331	0	10	464	221
2014-09-12	04:45:42	1199	137	148	284	222	116	144	242	1000	0	2	299	437	331	0	10	464	220
2014-09-12	04:46:42	1199	137	148	273	224	118	145	238	1000	0	2	286	432	330	0	10	464	221
2014-09-12	04:47:42	1199	137	148	265	225	121	145	238	1000	0	2	275	427	329	0	10	464	221
2014-09-12	04:48:42	1199	136	148	260	227	122	145	242	1000	0	2	266	423	329	0	10	464	220
2014-09-12	04:49:42	1199	136	147	255	228	125	145	238	1000	0	2	261	420	327	0	10	464	221
2014-09-12	04:50:42	1199	136	147	252	228	126	146	242	1000	0	2	256	417	326	0	10	464	220
2014-09-12	04:51:42	1199	136	147	250	229	128	146	238	1000	0	2	252	413	325	0	10	464	221
2014-09-12	04:52:42	1199	136	147	248	230	129	146	242	1000	0	2	249	410	323	0	10	464	220
2014-09-12	04:53:42	1199	136	147	246	231	132	147	242	1000	0	2	247	407	322	0	10	464	220
2014-09-12	04:54:42	1199	136	147	244	232	133	147	242	1000	0	2	246	404	320	0	10	464	220
2014-09-12	04:55:42	1199	136	147	243	233	134	147	238	1000	0	2	243	401	319	0	10	464	221
2014-09-12	04:56:42	1199	136	147	242	234	136	147	242	1000	0	2	243	399	317	0	10	465	220
2014-09-12	04:57:42	1199	136	147	241	235	138	148	238	1000	0	2	241	396	316	0	10	464	221
2014-09-12	04:58:42	1199	136	147	241	236	139	149	238	1000	0	2	241	394	315	0	10	465	221
2014-09-12	04:59:42	1199	136	147	240	236	140	149	242	1000	0	2	240	391	313	0	10	465	220
2014-09-12	05:00:43	1199	136	147	240	237	142	149	242	1000	0	2	240	389	312	0	10	465	220
2014-09-12	05:01:43	1199	136	147	240	237	143	149	238	1000	0	2	239	387	311	0	10	465	220
2014-09-12	05:02:44	1199	136	147	239	239	144	150	242	998	0	2	239	385	309	0	10	465	220
2014-09-12	05:03:44	1199	136	147	239	239	146	150	238	995	0	2	239	383	308	0	10	465	221
2014-09-12	05:04:44	1199	136	147	239	239	147	150	242	996	0	2	239	381	307	0	10	465	220
2014-09-12	05:05:44	1199	136	147	239	240	149	150	242	993	0	2	239	379	306	0	10	465	220
2014-09-12	05:06:44	1199	136	147	239	240	150	150	238	994	0	2	239	378	305	0	10	465	221
2014-09-12	05:07:44	1199	136	147	239	240	150	150	242	991	0	2	239	376	304	0	10	465	220
2014-09-12	05:08:44	1199	136	147	239	241	151	151	242	988	0	2	239	374	303	0	10	465	220
2014-09-12	05:09:44	1199	136	147	239	241	152	151	242	984	0	2	239	373	302	0	10	465	220
2014-09-12	05:10:44	1199	136	147	239	241	153	151	242	981	0	2	239	371	301	0	10	465	220
2014-09-12	05:11:44	1199	136	147	239	241	155	151	242	982	0	2	239	369	300	0	10	465	220
2014-09-12	05:12:44	1199	136	147	239	241	156	151	242	979	0	2	240	368	299	0	10	465	220
2014-09-12	05:13:44	1199	136	146	239	242	156	152	242	976	0	2	240	366	298	0	10	465	220
2014-09-12	05:14:44	1199	136	146	239	242	157	152	238	973	0	2	239	365	298	0	10	465	221
2014-09-12	05:15:44	1199	136	146	239	242	158	152	242	970	0	2	240	364	297	0	10	465	220
2014-09-12	05:16:44	1199	136	146	239	242	159	152	242	967	0	2	240	362	296	0	10	465	220
2014-09-12	05:17:44	1199	136	146	239	242	160	152	242	964	0	2	240	361	295	0	10	465	220
2014-09-12	05:18:44	1199	136	146	239	242	160	152	242	961	0	2	241	360	295	0	10	465	220
2014-09-12	05:19:44	1199	136	146	239	242	161	153	242	958	0	2	241	359	294	0	10	465	220
2014-09-12	05:20:44	1199	136	146	240	243	163	153	242	956	0	2	241	358	294	0	10	465	220
2014-09-12	05:21:44	1199	136	146	240	243	164	153	242	954	0	2	241	358	294	0	10	465	220
2014-09-12	05:22:44	1199	136	146	240	243	164	153	242	952	0	2	241	357	293	0	10	464	220
2014-09-12	05:23:44	1199	136	146	240	243	165	153	242	950	0	2	242	356	293	0	10	465	220
2014-09-12	05:24:44	1199	136	146	240	242	166	153	242	948	0	2	242	355	293	0	10	464	220
2014-09-12	05:25:44	1199	136	146	240	243	166	155	242	946	0	2	242	354	292	0	10	464	220
2014-09-12	05:26:44	1199	136	146	240	243	167	154	242	944	0	2	242	354	291	0	10	464	220
2014-09-12	05:27:44	1199	136	146	241	243	168	155	242	943	0	2	243	352	291	0	10	464	220
2014-09-12	05:28:44	1199	136	146	241	243	168	155	242	942	0	2	243	352	290	0	10	464	220
2014-09-12	05:29:44	1199	136	146	241	243	169	155	242	941	0	2	243	351	290	0	10	464	220
2014-09-12	05:30:44	1199	136	146	241	243	170	155	242	940	0	2	243	350	290	0	10	464	220
2014-09-12	05:31:44	1199	136	146	242	243	171	156	242	939	0	2	244	349	289	0	10	464	220
2014-09-12	05:32:44	1199	136	146	242	243	172	155	242	939	0	2	244	348	289	0	10	463	220
2014-09-12	05:33:44	1199	136	146	243	243	172	156	242	940	0	2	244	348	288	0	10	463	220
2014-09-12	05:34:44	1199	136	146	243	243	173	156	242	941	0	2	244	347	288	0	10	463	220
2014-09-12	05:35:44	1199	136	146	244	242	173	156	242	943	0	2	245	346	288	0	10	463	220
2014-09-12	05:36:44	1199	136	146	246	242	174	156	242	946	0	2	246	345	287	0	10	463	220
2014-09-12	05:37:44	1199	136	146	247	242	174	156	242	951	0	2	246	345	287	0	10	463	220
2014-09-12	05:38:44	1199	136	146	249	242	175	156	242	957	0	2	246	344	287	0	10	463	220
2014-09-12	05:39:44	1199	136	145	251	242	176	157	242	965	0	2	247	343	286	0	10	462	220
2014-09-12	05:40:44	1199	136	145	253	242	176	157	242	975	0	2	247	343	286	0	10	462	220
2014-09-12	05:41:44	1199	136	145	256	242	177	157	242	987	0	2	247	342	286	0	10	462	220
2014-09-12	05:42:44	1199	135	145	258	242	177	157	243	1000	0	2	247	342	285	0	10	461	220
2014-09-12	05:43:44	1199	135	145	260	242	178	157	243	1000	0	2	247	341	285	0	10	461	220
2014-09-12	05:44:44	1199	135	145	263	241	180	158	243	1000	0	2	248	341	285	0	10	461	220
2014-09-12	05:45:44	1199	134	145	265	241	180	158	242	1000	0	2	248	340	284	0	10	460	220
2014-09-12	05:46:44	1199	134	145	267	241	181	158	242	1000	0	2	248	339	284	0	10	460	220
2014-09-12	05:47:44	1199	134	145	268	241	181	158	242	1000	0	2	248	339	284	0	10	459	220
2014-09-12	05:48:44	1199	134	145	270	241	181	158	242	1000	0	2	248	338	283	0	10	459	220
2014-09-12	05:49:44	1199	134	145	271	241	182	158	242	1000	0	2	248	338	283	0	10	459	220
2014-09-12	05:50:44	1199	134	145	272	241	183	158	242	1000	0	2	249	337	283	0	10	458	220
2014-09-12	05:51:44	1199	134	145	273	241	183	159	242	1000	0	2	249	337	283	0	10	458	220
2014-09-12	05:52:44	1199	134	145	273	241	184	159	242	1000	0	2	249	336	282	0	10	457	220
2014-09-12	05:53:44	1199	134	145	274	241	184	159	242	1000	0	2	249	336	282	0	10	457	220
2014-09-12	05:54:44	1199	134	145	274	241	185	159	242	1000	0	2	249	335	282	0	10	456	220
2014-09-12	05:55:44	1199	134	145	275	241	185	159	242	1000	0	2	249	335	282	0	10	456	220
2014-09-12	05:56:44	1199	134	145	275	241	185	159	242	1000	0	2	249	335	281	0	10	456	220
2014-09-12	05:57:44	1199	134	145	276	240	186	159	242	1000	0	2	250	334	281	0	10	455	220
2014-09-12	05:58:44	1199	134	145	276	240	186	160	242	1000	0	2	250	334	281	0	10	455	220
2014-09-12	05:59:44	1199	134	145	276	240	187	160	242	1000	0	2	250	333	281	0	10	454	220
2014-09-12	06:00:44	1199	134	145	276	240	187	160	242	1000	0	2	250	333	281	0	10	454	220
2014-09-12	06:01:44	1199	134	145	276	240	188	160	242	1000	0	2	250	333	280	0	10	454	220
2014-09-12	06:02:44	1199	134	145	277	240	188	160	242	1000	0	2	250	332	280	0	10	453	220
2014-09-12	06:03:44	1199	134	145	277	240	189	160	242	1000	0	2	250	332	280	0	10	453	220
2014-09-12	06:04:44	1199	134	145	277	241	190	161	242	1000	0	2	250	331	280	0	10	453	220
2014-09-12	06:05:44	1199	134	144	277	240	190	161	242	1000	0	2	250	331	280	0	10	452	220
2014-09-12	06:06:44	1199	134	144	277	240	191	161	242	1000	0	2	250	331	279	0	10	452	220
2014-09-12	06:07:44	1199	134	144	276	240	191	161	242	1000	0	2	250	331	279	0	10	452	220
2014-09-12	06:08:44	1199	134	144	276	240	192	161	242	1000	0	2	250	331	279	0	10	451	220
2014-09-12	06:09:44	1199	134	144	276	240	192	161	242	1000	0	2	250	331	279	0	10	451	220
2014-09-12	06:10:44	1199	134	144	276	240	193	161	242	1000	0	2	250	331	279	0	10	451	220
2014-09-12	06:11:44	1199	134	144	276	240	193	163	246	1000	0	2	250	330	278	0	10	450	219
2014-09-12	06:12:44	1199	134	144	275	240	193	162	242	1000	0	2	250	330	278	0	10	450	220
2014-09-12	06:13:44	1199	134	144	275	239	194	163	242	1000	0	2	250	330	278	0	10	450	220
2014-09-12	06:14:45	1199	134	144	275	240	194	163	246	1000	0	2	250	329	278	0	10	449	219
2014-09-12	06:15:45	1199	134	144	275	239	194	163	242	1000	0	2	250	329	278	0	10	449	220
2014-09-12	06:16:45	1199	133	144	274	240	195	163	246	1000	0	2	250	329	278	0	10	449	219
2014-09-12	06:17:45	1199	134	144	274	240	195	163	242	1000	0	2	250	328	277	0	10	449	220
2014-09-12	06:18:45	1199	134	144	274	239	196	164	246	1000	0	2	250	328	277	0	10	448	219
2014-09-12	06:19:45	1199	133	144	273	239	196	164	246	1000	0	2	249	328	277	0	10	448	219
2014-09-12	06:20:45	1199	134	144	273	239	196	164	246	1000	0	2	249	328	277	0	10	448	219
2014-09-12	06:21:45	1199	133	144	273	239	197	164	246	1000	0	2	249	327	277	0	10	448	219
2014-09-12	06:22:45	1199	134	144	272	239	197	164	246	1000	0	2	249	327	277	0	10	448	219
2014-09-12	06:23:45	1199	134	144	272	239	198	164	246	1000	0	2	249	327	276	0	10	447	219
2014-09-12	06:24:45	1199	134	144	272	239	198	164	246	1000	0	2	249	327	276	0	10	447	219
2014-09-12	06:25:45	1199	134	144	271	239	198	165	246	1000	0	2	248	326	276	0	10	447	219
2014-09-12	06:26:45	1199	134	144	271	239	198	165	246	1000	0	2	248	326	276	0	10	447	219
2014-09-12	06:27:45	1199	134	144	271	239	199	165	246	1000	0	2	248	326	276	0	10	447	219
2014-09-12	06:28:45	1199	134	144	270	239	199	165	242	1000	0	2	248	326	276	0	10	447	220
2014-09-12	06:29:45	1199	134	144	270	239	200	165	246	1000	0	2	248	325	275	0	10	447	219
2014-09-12	06:30:45	1199	134	143	270	239	200	166	246	1000	0	2	248	325	275	0	10	446	219
2014-09-12	06:31:45	1199	134	143	269	239	200	166	246	1000	0	2	248	325	275	0	10	446	219
2014-09-12	06:32:45	1199	134	143	269	239	202	166	246	1000	0	2	248	325	275	0	10	446	219
2014-09-12	06:33:45	1199	134	143	268	239	202	166	246	1000	0	2	247	324	274	0	10	446	219
2014-09-12	06:34:45	1199	134	143	268	239	202	166	246	1000	0	2	248	324	274	0	10	446	219
2014-09-12	06:35:45	1199	134	143	268	239	203	166	246	1000	0	2	248	324	274	0	10	446	219
2014-09-12	06:36:45	1199	134	143	267	239	203	166	246	1000	0	2	247	324	274	0	10	446	219
2014-09-12	06:37:45	1199	134	143	267	239	203	167	246	1000	0	2	247	324	273	0	10	446	219
2014-09-12	06:38:45	1199	134	143	266	239	204	167	246	1000	0	2	247	323	273	0	10	445	219
2014-09-12	06:39:45	1199	134	143	266	239	204	167	246	1000	0	2	247	323	273	0	10	445	219
2014-09-12	06:40:45	1199	134	143	266	238	204	167	246	1000	0	2	247	323	273	0	10	445	219
2014-09-12	06:41:45	1199	134	143	265	239	204	167	246	1000	0	2	247	323	273	0	10	445	219
2014-09-12	06:42:45	1199	134	143	265	239	205	167	246	1000	0	2	246	322	272	0	10	445	219
2014-09-12	06:43:45	1199	134	143	264	239	205	167	246	1000	0	2	246	322	272	0	10	445	219
2014-09-12	06:44:45	1199	133	143	264	239	205	167	246	1000	0	2	246	322	272	0	10	445	219
2014-09-12	06:45:45	1199	134	143	263	239	206	168	246	1000	0	2	246	322	272	0	10	445	219
2014-09-12	06:46:45	1199	134	143	263	239	206	168	246	1000	0	2	246	322	272	0	10	445	219
2014-09-12	06:47:45	1199	133	143	263	239	206	168	246	1000	0	2	246	321	272	0	10	444	219
2014-09-12	06:48:45	1199	134	143	262	239	206	168	246	1000	0	2	246	321	272	0	10	444	219
2014-09-12	06:49:45	1199	133	143	262	238	207	168	246	1000	0	2	246	321	271	0	10	444	219
2014-09-12	06:50:45	1199	133	143	261	238	207	168	246	1000	0	2	246	321	271	0	10	444	219
2014-09-12	06:51:45	1199	134	143	261	238	207	169	246	1000	0	2	246	321	271	0	10	444	219
2014-09-12	06:52:45	1199	133	143	261	239	208	169	246	1000	0	2	246	321	271	0	10	444	219
2014-09-12	06:53:45	1199	134	143	260	239	208	169	246	1000	0	2	246	320	271	0	10	444	219
2014-09-12	06:54:45	1199	133	143	260	239	208	169	246	1000	0	2	245	320	271	0	10	444	219
2014-09-12	06:55:45	1199	133	143	259	239	208	169	246	1000	0	2	245	320	271	0	10	444	219
2014-09-12	06:56:45	1199	134	143	259	238	209	169	246	1000	0	2	246	320	271	0	10	443	219
2014-09-12	06:57:45	1199	133	143	259	238	209	170	246	1000	0	2	245	320	271	0	10	443	219
2014-09-12	06:58:45	1199	134	143	258	239	209	170	246	1000	0	2	244	320	271	0	10	443	219
2014-09-12	06:59:45	1199	134	143	258	238	209	171	246	1000	0	2	244	320	271	0	10	443	219
2014-09-12	07:00:45	1199	134	142	258	238	210	171	246	1000	0	2	244	319	271	0	10	443	219
2014-09-12	07:01:45	1199	134	142	258	238	210	171	246	1000	0	2	244	319	271	0	10	443	219
2014-09-12	07:02:45	1199	134	142	257	239	210	171	246	1000	0	2	244	319	270	0	10	443	219
2014-09-12	07:03:45	1199	134	142	257	238	211	171	246	1000	0	2	244	319	271	0	10	443	219
2014-09-12	07:04:45	1199	134	142	256	238	211	172	246	1000	0	2	244	319	270	0	10	443	219
2014-09-12	07:05:45	1199	134	142	256	239	211	172	246	1000	0	2	244	319	270	0	10	442	219
2014-09-12	07:06:45	1199	134	142	255	239	211	172	246	1000	0	2	244	319	270	0	10	442	219
2014-09-12	07:07:45	1199	134	142	255	238	211	172	246	1000	0	2	244	318	270	0	10	442	219
2014-09-12	07:08:45	1199	134	142	255	238	212	172	246	1000	0	2	244	318	270	0	10	442	219
2014-09-12	07:09:45	1199	134	142	255	238	212	172	246	1000	0	2	244	318	270	0	10	442	219
2014-09-12	07:10:45	1199	134	142	254	239	212	172	246	1000	0	2	244	318	270	0	10	442	219
2014-09-12	07:11:45	1199	134	142	254	238	212	173	246	1000	0	2	244	318	270	0	10	442	219
2014-09-12	07:12:45	1199	134	142	254	239	213	173	246	1000	0	2	244	317	270	0	10	442	219
2014-09-12	07:13:45	1199	134	142	253	239	213	173	246	1000	0	2	244	317	270	0	10	441	219
2014-09-12	07:14:45	1199	134	142	253	239	213	173	246	1000	0	2	244	317	269	0	10	441	219
2014-09-12	07:15:45	1199	134	142	253	238	213	173	246	1000	0	2	244	317	269	0	10	441	219
2014-09-12	07:16:45	1199	134	142	252	238	213	173	246	1000	0	2	244	317	269	0	10	441	219
2014-09-12	07:17:45	1199	134	142	252	238	214	173	249	1000	0	2	244	317	269	0	10	441	218
2014-09-12	07:18:45	1199	134	142	252	239	214	174	246	1000	0	2	244	317	269	0	10	441	219
2014-09-12	07:19:45	1199	134	142	252	238	214	174	249	1000	0	2	244	317	269	0	10	440	218
2014-09-12	07:20:45	1199	134	142	251	238	214	174	246	1000	0	2	244	316	269	0	10	440	219
2014-09-12	07:21:45	1199	134	142	251	238	214	174	246	1000	0	2	244	316	269	0	10	440	219
2014-09-12	07:22:45	1199	134	142	251	239	215	174	249	1000	0	2	244	316	269	0	10	440	218
2014-09-12	07:23:45	1199	134	142	251	238	215	174	249	1000	0	2	244	316	268	0	10	440	218
2014-09-12	07:24:45	1199	134	142	250	239	215	174	246	1000	0	2	244	316	268	0	10	439	219
2014-09-12	07:25:45	1199	134	142	251	239	215	174	249	1000	0	2	244	316	268	0	10	439	218
2014-09-12	07:26:45	1199	134	142	250	238	215	175	249	1000	0	2	244	316	268	0	10	439	218
2014-09-12	07:27:45	1199	134	142	250	239	216	175	249	1000	0	2	244	316	268	0	10	439	218
2014-09-12	07:28:45	1199	134	142	250	239	216	175	246	1000	0	2	244	316	268	0	10	439	219
2014-09-12	09:29:46	1199	134	142	250	239	216	175	249	1000	0	2	244	315	268	0	10	439	218
2014-09-12	07:30:46	1199	134	142	250	238	216	175	249	1000	0	2	244	315	268	0	10	438	218
2014-09-12	07:31:46	1199	134	142	250	238	216	176	249	1000	0	2	244	315	268	0	10	438	218
2014-09-12	07:32:46	1199	134	142	249	239	217	176	249	1000	0	2	244	315	268	0	10	438	218
2014-09-12	07:33:46	1199	134	141	250	239	218	176	249	1000	0	2	244	315	268	0	10	438	218
2014-09-12	07:34:46	1199	134	141	249	239	218	176	249	1000	0	2	245	315	268	0	10	437	218
2014-09-12	07:35:46	1199	135	141	249	239	218	176	249	1000	0	2	245	315	268	0	10	437	218
2014-09-12	07:36:46	1199	135	141	249	239	218	176	249	1000	0	2	245	315	267	0	10	437	218
2014-09-12	07:37:46	1199	135	141	249	239	218	176	249	1000	0	2	244	315	268	0	10	437	218
2014-09-12	07:38:46	1199	135	141	249	239	219	176	249	1000	0	2	246	314	267	0	10	436	218
2014-09-12	07:39:46	1199	135	141	249	239	219	176	249	1000	0	2	246	314	267	0	10	436	218
2014-09-12	07:40:46	1199	135	141	249	239	219	177	249	1000	0	2	246	314	267	0	10	436	218
2014-09-12	07:41:46	1199	136	141	249	239	219	177	249	1000	0	2	246	314	267	0	10	435	218
2014-09-12	07:42:46	1199	136	141	249	239	219	177	249	1000	0	2	246	314	267	0	10	435	218
2014-09-12	07:43:46	1199	136	141	249	239	220	177	249	1000	0	2	246	314	267	0	10	435	218
2014-09-12	07:44:46	1199	136	141	249	239	220	177	249	1000	0	2	246	313	267	0	10	435	218
2014-09-12	07:45:46	1199	135	141	250	239	220	177	245	1000	0	2	246	314	267	0	10	435	219
2014-09-12	07:46:46	1199	136	141	249	238	220	177	249	1000	0	2	246	313	267	0	10	434	218
2014-09-12	07:47:46	1199	136	141	249	239	220	177	249	1000	0	2	246	313	267	0	10	434	218
2014-09-12	07:48:46	1199	136	141	249	239	220	178	249	1000	0	2	246	313	267	0	10	434	218
2014-09-12	07:49:46	1199	136	141	249	239	221	178	249	1000	0	2	246	313	267	0	10	433	218
2014-09-12	07:50:46	1199	136	141	249	238	221	178	249	1000	0	2	246	313	267	0	10	433	218
2014-09-12	07:51:46	1199	136	141	249	239	221	178	249	1000	0	2	246	313	267	0	10	433	218
2014-09-12	07:52:46	1199	136	141	249	239	221	178	249	1000	0	2	246	312	266	0	10	433	218
2014-09-12	07:53:46	1199	136	141	249	239	221	179	249	1000	0	2	247	313	266	0	10	432	218
2014-09-12	07:54:46	1199	136	141	249	238	221	180	249	1000	0	2	247	312	266	0	10	432	218
2014-09-12	07:55:46	1199	136	141	249	239	222	180	249	1000	0	2	246	312	266	0	10	432	218
2014-09-12	07:56:46	1199	136	141	249	239	222	180	249	1000	0	2	247	312	266	0	10	432	218
2014-09-12	07:57:46	1199	136	141	249	239	222	180	249	1000	0	2	247	312	266	0	10	431	218
2014-09-12	07:58:46	1199	136	141	249	239	222	180	249	1000	0	2	247	312	266	0	10	431	218
2014-09-12	07:59:46	1199	136	141	249	239	222	180	249	1000	0	2	247	312	266	0	10	431	218
2014-09-12	08:00:46	1199	136	141	249	239	222	180	249	1000	0	2	247	311	266	0	10	431	218
2014-09-12	08:01:46	1199	136	141	249	239	222	180	249	1000	0	2	247	312	266	0	10	431	218
2014-09-12	08:02:46	1199	136	141	249	238	223	180	249	1000	0	2	247	311	266	0	10	431	218
2014-09-12	08:03:46	1199	136	141	249	239	223	181	249	1000	0	2	247	311	266	0	10	430	218
2014-09-12	08:04:46	1199	136	141	249	239	223	181	249	1000	0	2	247	311	266	0	10	430	218
2014-09-12	08:05:46	1199	136	141	249	238	223	181	249	1000	0	2	247	311	266	0	10	430	218
2014-09-12	08:06:46	1199	136	141	249	239	223	181	249	1000	0	2	247	311	266	0	10	430	218
2014-09-12	08:07:46	1199	136	141	250	239	223	181	249	1000	0	2	247	311	266	0	10	429	218
2014-09-12	08:08:46	1199	136	