Divisors		1	10	10	10	10	10	10	10	10	1	1	10	10	10	100	1	10	10
Date	Time	Version	BT1	BT1 Mean	BT2	BT3	BT10	BT11	Calc Supply	GM	Alarm	RELAYS PCA BASE	BT12	BT14	BT17	Tot.int.add.	Prio	BT6	BT50
2014-10-27	13:22:28	1199	108	106	373	320	50	41	287	165	0	2	393	563	92	0	10	420	214
2014-10-27	13:23:28	1199	108	106	375	319	54	49	287	251	0	2	397	509	119	0	10	420	214
2014-10-27	13:24:29	1199	108	106	376	318	58	56	287	339	0	2	395	466	144	0	10	420	214
2014-10-27	13:25:29	1199	108	106	376	317	61	62	287	428	0	2	388	434	164	0	10	420	214
2014-10-27	13:26:29	1199	109	106	360	401	56	69	287	516	0	15	349	416	184	0	20	420	214
2014-10-27	13:27:29	1199	109	106	434	401	47	34	287	516	0	15	454	627	26	0	20	419	214
2014-10-27	13:28:29	1199	108	106	490	457	46	21	287	516	0	15	511	720	41	0	20	419	214
2014-10-27	13:29:29	1199	109	106	532	494	45	18	287	516	0	15	544	775	61	0	20	419	214
2014-10-27	13:30:29	1199	108	106	558	512	44	18	287	516	0	15	568	811	62	0	20	419	214
2014-10-27	13:31:29	1199	109	106	575	524	44	18	287	516	0	15	583	835	62	0	20	420	214
2014-10-27	13:32:29	1199	109	106	586	532	46	20	287	516	0	15	591	851	64	0	20	422	214
2014-10-27	13:33:29	1199	109	106	594	538	47	21	287	516	0	15	599	866	66	0	20	425	214
2014-10-27	13:34:29	1199	109	106	600	544	46	22	287	516	0	15	605	881	66	0	20	429	214
2014-10-27	13:35:29	1199	109	106	605	549	45	22	287	516	0	15	610	893	65	0	20	433	214
2014-10-27	13:36:29	1199	109	106	610	554	44	22	287	516	0	15	613	902	66	0	20	436	214
2014-10-27	13:37:29	1199	109	106	613	558	44	22	287	516	0	15	617	911	66	0	20	441	214
2014-10-27	13:38:29	1199	109	106	617	562	44	22	287	516	0	15	622	922	66	0	20	445	214
2014-10-27	13:39:29	1199	109	106	622	567	46	22	287	516	0	15	626	931	68	0	20	450	214
2014-10-27	13:40:29	1199	109	106	626	571	47	26	287	516	0	6	631	937	71	0	10	455	214
2014-10-27	13:41:29	1199	109	106	626	566	50	48	287	516	0	2	649	851	110	0	10	459	214
2014-10-27	13:42:29	1199	109	106	626	501	56	58	287	516	0	2	650	754	154	0	10	463	214
2014-10-27	13:43:29	1199	109	106	615	333	59	68	287	516	0	2	630	668	202	0	10	466	214
2014-10-27	13:44:29	1199	109	106	594	308	63	82	287	836	0	2	606	616	232	0	10	469	214
2014-10-27	13:45:29	1199	109	106	573	302	66	94	287	1000	0	2	582	582	256	0	10	471	214
2014-10-27	13:46:29	1199	108	106	524	298	69	101	287	1000	0	2	536	553	272	0	10	472	214
2014-10-27	13:47:29	1199	109	106	438	294	72	104	287	1000	0	2	473	528	284	0	10	473	214
2014-10-27	13:48:29	1199	108	106	377	289	75	106	287	1000	0	2	420	508	294	0	10	472	214
2014-10-27	13:49:29	1199	108	106	346	285	78	107	287	1000	0	2	384	492	300	0	10	472	214
2014-10-27	13:50:29	1199	108	106	331	283	80	107	287	1000	0	2	359	478	305	0	10	472	214
2014-10-27	13:51:29	1199	108	106	322	281	83	108	287	1000	0	2	344	467	309	0	10	471	214
2014-10-27	13:52:29	1199	108	106	317	280	84	108	287	1000	0	2	332	458	312	0	10	471	214
2014-10-27	13:53:29	1199	108	106	313	279	87	108	287	1000	0	2	325	449	314	0	10	470	214
2014-10-27	13:54:29	1199	109	106	310	279	90	108	287	1000	0	2	318	443	315	0	10	469	214
2014-10-27	13:55:29	1199	108	106	307	279	92	108	287	1000	0	2	313	436	316	0	10	468	214
2014-10-27	13:56:29	1199	108	106	305	279	94	109	287	1000	0	2	309	431	316	0	10	468	214
2014-10-27	13:57:29	1199	108	106	303	278	96	110	287	1000	0	2	306	426	316	0	10	468	214
2014-10-27	13:58:29	1199	108	106	301	278	99	111	287	1000	0	2	303	422	315	0	10	468	214
2014-10-27	13:59:29	1199	108	106	300	278	100	111	287	1000	0	2	300	419	314	0	10	468	214
2014-10-27	14:00:29	1199	108	106	298	278	103	112	287	1000	0	2	298	415	314	0	10	468	214
2014-10-27	14:01:29	1199	108	106	296	278	104	112	287	1000	0	2	296	411	312	0	10	468	214
2014-10-27	14:02:29	1199	108	106	296	278	107	113	287	1000	0	2	295	408	311	0	10	468	214
2014-10-27	14:03:29	1199	108	106	295	278	108	113	287	1000	0	2	294	405	311	0	10	468	214
2014-10-27	14:04:29	1199	108	106	294	278	110	115	287	1000	0	2	293	402	309	0	10	468	214
2014-10-27	14:05:29	1199	108	106	293	278	112	115	287	1000	0	2	292	399	308	0	10	468	214
2014-10-27	14:06:29	1199	108	106	292	278	113	116	287	1000	0	2	291	396	307	0	10	468	214
2014-10-27	14:07:29	1199	108	106	292	278	115	116	287	1000	0	2	290	394	306	0	10	468	214
2014-10-27	14:08:29	1199	108	106	291	278	117	117	287	1000	0	2	289	391	305	0	10	468	214
2014-10-27	14:09:29	1199	108	107	290	277	118	117	287	1000	0	2	288	389	303	0	10	468	214
2014-10-27	14:10:29	1199	108	107	290	277	120	118	287	1000	0	2	288	386	302	0	10	468	214
2014-10-27	14:11:29	1199	108	107	289	277	121	119	287	1000	0	2	287	385	301	0	10	468	214
2014-10-27	14:12:29	1199	108	107	289	277	123	120	287	1000	0	2	287	383	300	0	10	468	214
2014-10-27	14:13:29	1199	108	107	288	277	125	121	287	1000	0	2	286	381	299	0	10	468	214
2014-10-27	14:14:29	1199	108	107	288	277	126	121	283	1000	0	2	286	378	298	0	10	468	215
2014-10-27	14:15:29	1199	108	107	287	276	127	122	283	1000	0	2	286	376	297	0	10	468	215
2014-10-27	14:16:29	1199	108	107	287	276	128	122	287	1000	0	2	285	374	297	0	10	469	214
2014-10-27	14:17:29	1199	108	107	287	275	130	123	283	1000	0	2	285	372	296	0	10	468	215
2014-10-27	14:18:29	1199	108	107	286	275	131	123	283	1000	0	2	285	370	295	0	10	468	215
2014-10-27	14:19:29	1199	108	107	286	275	133	125	283	999	0	2	284	368	294	0	10	468	215
2014-10-27	14:20:29	1199	108	107	286	274	133	125	283	998	0	2	284	366	294	0	10	469	215
2014-10-27	14:21:29	1199	108	107	285	274	134	126	283	997	0	2	284	365	293	0	10	468	215
2014-10-27	14:22:29	1199	108	107	285	273	136	126	287	999	0	2	284	363	293	0	10	469	214
2014-10-27	14:23:29	1199	108	107	285	273	138	127	283	997	0	2	283	362	292	0	10	468	215
2014-10-27	14:24:29	1199	108	107	285	272	138	127	283	999	0	2	283	361	291	0	10	468	215
2014-10-27	14:25:29	1199	108	107	284	272	139	128	283	1000	0	2	283	359	291	0	10	468	215
2014-10-27	14:26:29	1199	108	107	284	272	140	128	283	1000	0	2	283	358	290	0	10	469	215
2014-10-27	14:27:29	1199	108	107	284	271	142	129	283	1000	0	2	283	358	289	0	10	468	215
2014-10-27	14:28:29	1199	108	107	284	271	143	129	283	1000	0	2	282	356	289	0	10	468	215
2014-10-27	14:29:29	1199	108	107	284	270	144	131	283	1000	0	2	282	355	288	0	10	468	215
2014-10-27	14:30:29	1199	108	107	283	270	145	131	283	1000	0	2	282	354	288	0	10	468	215
2014-10-27	14:31:29	1199	108	107	283	270	145	131	283	1000	0	2	282	353	287	0	10	468	215
2014-10-27	14:32:29	1199	108	107	283	269	146	132	283	1000	0	2	282	352	287	0	10	468	215
2014-10-27	14:33:29	1199	108	107	283	269	147	132	283	1000	0	2	281	351	286	0	10	468	215
2014-10-27	14:34:29	1199	108	107	282	268	149	132	283	1000	0	2	281	350	286	0	10	468	215
2014-10-27	14:35:29	1199	108	107	282	268	149	133	283	999	0	2	281	349	285	0	10	468	215
2014-10-27	14:36:29	1199	108	107	282	267	150	133	283	998	0	2	281	348	285	0	10	468	215
2014-10-27	14:37:29	1199	108	107	282	267	151	133	283	997	0	2	281	347	284	0	10	468	215
2014-10-27	14:38:29	1199	108	107	282	267	152	134	283	996	0	2	281	346	284	0	10	467	215
2014-10-27	14:39:30	1199	108	107	282	266	152	134	283	995	0	2	281	345	283	0	10	467	215
2014-10-27	14:40:30	1199	108	107	282	266	153	134	283	994	0	2	280	344	283	0	10	467	215
2014-10-27	14:41:30	1199	108	107	281	265	155	136	283	992	0	2	280	343	283	0	10	467	215
2014-10-27	14:42:30	1199	108	107	281	265	155	136	283	990	0	2	280	342	282	0	10	467	215
2014-10-27	14:43:30	1199	108	107	281	264	156	136	283	988	0	2	280	342	282	0	10	467	215
2014-10-27	14:44:30	1199	108	107	281	264	157	136	283	986	0	2	279	341	281	0	10	467	215
2014-10-27	14:45:30	1199	108	107	281	263	157	137	283	984	0	2	280	340	281	0	10	467	215
2014-10-27	14:46:30	1199	108	107	281	263	158	137	283	982	0	2	279	339	281	0	10	467	215
2014-10-27	14:47:30	1199	108	107	281	262	159	137	283	980	0	2	279	339	280	0	10	467	215
2014-10-27	14:48:30	1199	108	107	280	262	159	137	283	977	0	2	279	338	280	0	10	466	215
2014-10-27	14:49:30	1199	108	107	280	261	160	138	283	974	0	2	279	337	280	0	10	466	215
2014-10-27	14:50:30	1199	108	107	280	260	160	138	283	971	0	2	279	336	279	0	10	466	215
2014-10-27	14:51:30	1199	108	107	280	260	161	138	283	968	0	2	278	336	279	0	10	466	215
2014-10-27	14:52:30	1199	108	107	280	259	162	138	283	965	0	2	278	335	279	0	10	466	215
2014-10-27	14:53:30	1199	108	107	280	259	163	139	283	962	0	2	278	335	278	0	10	465	215
2014-10-27	14:54:30	1199	108	107	279	258	164	139	283	959	0	2	278	334	278	0	10	465	215
2014-10-27	14:55:30	1199	108	107	280	258	164	139	283	955	0	2	277	334	277	0	10	465	215
2014-10-27	14:56:30	1199	108	107	279	258	165	139	283	951	0	2	277	333	277	0	10	465	215
2014-10-27	14:57:30	1199	108	107	279	257	165	140	283	947	0	2	277	332	277	0	10	464	215
2014-10-27	14:58:30	1199	108	107	279	256	166	140	283	943	0	2	277	332	276	0	10	464	215
2014-10-27	14:59:30	1199	108	107	279	256	167	140	283	939	0	2	276	331	276	0	10	464	215
2014-10-27	15:00:30	1199	108	107	279	256	167	140	283	935	0	2	276	331	276	0	10	464	215
2014-10-27	15:01:30	1199	108	107	278	255	168	140	283	930	0	2	276	331	276	0	10	463	215
2014-10-27	15:02:30	1199	108	107	278	255	168	141	283	925	0	2	275	331	275	0	10	463	215
2014-10-27	15:03:30	1199	108	107	278	254	169	141	283	920	0	2	275	330	275	0	10	463	215
2014-10-27	15:04:30	1199	108	107	278	254	169	142	283	915	0	2	274	329	275	0	10	462	215
2014-10-27	15:05:30	1199	108	107	278	254	170	142	282	910	0	2	274	329	274	0	10	462	216
2014-10-27	15:06:30	1199	108	107	277	253	171	142	282	904	0	2	274	328	274	0	10	461	216
2014-10-27	15:07:30	1199	108	107	277	253	172	142	283	899	0	2	273	328	274	0	10	461	215
2014-10-27	15:08:30	1199	108	107	277	253	172	143	283	894	0	2	273	328	274	0	10	460	215
2014-10-27	15:09:30	1199	108	107	277	252	173	143	282	889	0	2	273	327	273	0	10	460	216
2014-10-27	15:10:30	1199	108	107	277	252	173	143	282	884	0	2	272	327	273	0	10	459	216
2014-10-27	15:11:30	1199	108	107	276	252	174	143	283	878	0	2	272	326	273	0	10	459	215
2014-10-27	15:12:30	1199	108	107	276	251	174	144	282	872	0	2	272	326	273	0	10	459	216
2014-10-27	15:13:30	1199	108	107	276	251	174	144	282	866	0	2	271	326	272	0	10	458	216
2014-10-27	15:14:30	1199	108	107	275	250	175	144	282	860	0	2	271	325	272	0	10	458	216
2014-10-27	15:15:30	1199	108	107	275	250	176	144	282	852	0	2	271	325	272	0	10	458	216
2014-10-27	15:16:30	1199	108	107	275	250	176	144	282	845	0	2	270	324	272	0	10	457	216
2014-10-27	15:17:30	1199	108	107	275	250	176	144	283	838	0	2	270	324	271	0	10	457	215
2014-10-27	15:18:30	1199	108	107	274	250	177	144	282	831	0	2	270	323	271	0	10	457	216
2014-10-27	15:19:30	1199	108	107	274	249	177	145	282	823	0	2	269	323	271	0	10	457	216
2014-10-27	15:20:30	1199	108	107	274	249	178	145	283	815	0	2	269	323	270	0	10	456	215
2014-10-27	15:21:30	1199	108	107	273	249	178	145	282	807	0	2	268	322	270	0	10	456	216
2014-10-27	15:22:30	1199	108	107	273	249	178	145	282	798	0	2	268	322	270	0	10	456	216
2014-10-27	15:23:30	1199	108	107	273	248	180	145	282	789	0	2	268	321	270	0	10	455	216
2014-10-27	15:24:30	1199	108	107	273	248	180	145	282	780	0	2	267	321	270	0	10	455	216
2014-10-27	15:25:30	1199	108	107	272	248	181	146	283	771	0	2	267	321	269	0	10	455	215
2014-10-27	15:26:30	1199	108	107	272	248	181	146	283	760	0	2	266	320	269	0	10	454	215
2014-10-27	15:27:30	1199	108	107	272	247	181	146	282	750	0	2	266	320	269	0	10	453	216
2014-10-27	15:28:30	1199	108	107	271	247	182	146	282	740	0	2	265	320	269	0	10	452	216
2014-10-27	15:29:30	1199	108	107	271	247	182	146	282	730	0	2	265	319	268	0	10	452	216
2014-10-27	15:30:30	1199	108	107	271	247	182	146	282	719	0	2	265	319	268	0	10	451	216
2014-10-27	15:31:30	1199	108	107	270	247	183	146	282	708	0	2	264	319	268	0	10	450	216
2014-10-27	15:32:30	1199	109	107	270	246	183	147	281	696	0	2	264	318	267	0	10	449	216
2014-10-27	15:33:30	1199	108	107	270	246	184	147	282	684	0	2	263	318	267	0	10	448	216
2014-10-27	15:34:30	1199	109	107	270	246	184	147	281	673	0	2	263	318	267	0	10	447	216
2014-10-27	15:35:30	1199	109	107	269	245	184	147	281	660	0	2	263	318	267	0	10	447	216
2014-10-27	15:36:30	1199	109	107	269	245	185	148	281	646	0	2	262	317	266	0	10	446	216
2014-10-27	15:37:30	1199	109	107	268	244	185	148	281	634	0	2	262	317	267	0	10	446	216
2014-10-27	15:38:30	1199	109	107	268	244	186	149	281	621	0	2	262	317	266	0	10	445	216
2014-10-27	15:39:30	1199	109	107	268	244	186	149	281	608	0	2	261	316	266	0	10	445	216
2014-10-27	15:40:30	1199	109	107	267	244	186	149	281	595	0	2	261	316	266	0	10	445	216
2014-10-27	15:41:30	1199	109	107	267	243	187	149	281	581	0	2	260	316	265	0	10	445	216
2014-10-27	15:42:30	1199	109	107	267	243	187	150	281	567	0	2	260	315	265	0	10	444	216
2014-10-27	15:43:30	1199	109	107	266	243	187	150	281	552	0	2	260	315	265	0	10	444	216
2014-10-27	15:44:30	1199	109	107	266	243	187	150	281	537	0	2	259	315	265	0	10	444	216
2014-10-27	15:45:30	1199	109	107	266	242	188	150	281	522	0	2	259	315	265	0	10	444	216
2014-10-27	15:46:30	1199	109	107	265	242	188	150	281	506	0	2	258	314	264	0	10	444	216
2014-10-27	15:47:30	1199	109	107	265	242	189	150	281	490	0	2	258	314	264	0	10	444	216
2014-10-27	15:48:30	1199	109	107	264	242	190	150	281	474	0	2	258	314	264	0	10	444	216
2014-10-27	15:49:30	1199	109	107	264	241	190	151	281	457	0	2	257	313	264	0	10	444	216
2014-10-27	15:50:30	1199	109	107	264	241	190	151	281	440	0	2	257	313	264	0	10	444	216
2014-10-27	15:51:30	1199	109	107	263	241	190	151	281	422	0	2	257	313	263	0	10	444	216
2014-10-27	15:52:30	1199	109	107	263	241	191	151	281	404	0	2	256	313	263	0	10	444	216
2014-10-27	15:53:30	1199	109	107	263	240	191	151	281	386	0	2	256	313	263	0	10	444	216
2014-10-27	15:54:31	1199	109	107	262	240	192	152	281	367	0	2	256	312	262	0	10	444	216
2014-10-27	15:55:31	1199	109	107	262	240	192	152	281	348	0	2	256	312	262	0	10	444	216
2014-10-27	15:56:31	1199	109	107	261	240	192	152	281	328	0	2	255	312	262	0	10	444	216
2014-10-27	15:57:31	1199	109	107	261	239	192	152	281	308	0	2	255	312	261	0	10	444	216
2014-10-27	15:58:31	1199	109	107	261	239	193	152	281	288	0	2	255	311	261	0	10	443	216
2014-10-27	15:59:31	1199	109	107	260	239	193	152	281	267	0	2	254	311	261	0	10	443	216
2014-10-27	16:00:31	1199	109	107	260	239	193	152	281	246	0	2	254	311	261	0	10	443	216
2014-10-27	16:01:31	1199	109	107	259	238	194	153	281	225	0	2	253	311	260	0	10	443	216
2014-10-27	16:02:31	1199	109	107	259	238	194	153	281	203	0	2	253	310	260	0	10	443	216
2014-10-27	16:03:31	1199	109	107	259	238	194	153	281	181	0	2	253	310	260	0	10	443	216
2014-10-27	16:04:31	1199	109	107	258	237	194	153	281	158	0	2	253	310	260	0	10	443	216
2014-10-27	16:05:31	1199	109	107	258	237	194	153	281	135	0	2	253	310	259	0	10	443	216
2014-10-27	16:06:31	1199	109	107	257	237	195	153	281	112	0	2	252	309	259	0	10	443	216
2014-10-27	16:07:31	1199	110	107	257	237	195	154	281	88	0	2	252	309	259	0	10	443	216
2014-10-27	16:08:31	1199	110	107	257	236	195	154	281	64	0	2	251	309	259	0	10	442	216
2014-10-27	16:09:31	1199	110	107	256	236	196	155	281	40	0	2	251	309	259	0	10	442	216
2014-10-27	16:10:31	1199	110	107	256	235	196	155	281	16	0	2	251	309	258	0	10	442	216
2014-10-27	16:11:31	1199	111	107	256	235	196	155	280	-9	0	2	251	308	258	0	10	442	216
2014-10-27	16:12:31	1199	111	107	255	234	196	155	280	-33	0	2	250	308	258	0	10	442	216
2014-10-27	16:13:31	1199	111	107	255	234	196	155	280	-58	0	2	250	308	258	0	10	441	216
2014-10-27	16:14:31	1199	111	107	255	233	196	155	280	-83	0	2	250	308	258	0	10	441	216
2014-10-27	16:15:31	1199	111	107	254	233	197	155	280	-108	0	2	250	308	258	0	10	441	216
2014-10-27	16:16:31	1199	111	107	254	233	197	156	280	-133	0	2	250	307	258	0	10	441	216
2014-10-27	16:17:31	1199	111	107	254	232	197	156	280	-159	0	2	249	307	258	0	10	441	216
2014-10-27	16:18:31	1199	111	107	254	231	197	156	280	-185	0	2	249	307	258	0	10	441	216
2014-10-27	16:19:31	1199	111	107	253	231	198	156	280	-211	0	2	249	307	258	0	10	441	216
2014-10-27	16:20:31	1199	111	107	253	231	198	156	280	-238	0	2	248	307	257	0	10	441	216
2014-10-27	16:21:31	1199	111	107	253	230	198	156	280	-265	0	2	248	306	257	0	10	441	216
2014-10-27	16:22:31	1199	111	107	253	230	199	157	280	-292	0	2	248	306	257	0	10	441	216
2014-10-27	16:23:31	1199	111	107	252	229	199	157	280	-320	0	2	248	306	257	0	10	441	216
2014-10-27	16:24:31	1199	111	107	252	229	199	157	280	-348	0	2	248	306	257	0	10	440	216
2014-10-27	16:25:31	1199	111	107	252	229	199	157	280	-376	0	2	247	306	257	0	10	440	216
2014-10-27	16:26:31	1199	111	107	252	228	199	157	280	-404	0	2	247	305	257	0	10	440	216
2014-10-27	16:27:31	1199	111	107	251	228	199	157	280	-433	0	2	247	305	256	0	10	440	216
2014-10-27	16:28:31	1199	111	107	251	228	200	157	280	-462	0	2	247	305	256	0	10	440	216
2014-10-27	16:29:32	1199	111	107	251	228	200	158	280	-491	0	2	246	305	256	0	10	440	216
2014-10-27	16:30:32	1199	111	107	251	227	200	157	280	-520	0	2	246	305	256	0	10	440	216
2014-10-27	16:31:32	1199	111	107	251	227	200	158	280	-549	0	2	246	304	256	0	10	440	216
2014-10-27	16:32:32	1199	111	107	250	227	200	158	280	-578	0	2	246	304	256	0	10	440	216
2014-10-27	16:33:32	1199	111	107	241	225	110	155	280	-607	0	7	235	327	219	0	30	440	216
2014-10-27	16:34:32	1199	111	107	279	231	61	46	280	-607	0	7	290	479	26	0	30	440	216
2014-10-27	16:35:32	1199	111	107	293	234	59	19	280	-607	0	7	298	524	57	0	30	440	216
2014-10-27	16:36:32	1199	111	107	297	241	61	14	280	-593	0	7	303	541	61	0	30	440	216
2014-10-27	16:37:32	1199	111	108	302	246	62	13	280	-574	0	7	309	550	61	0	30	440	216
2014-10-27	16:38:32	1199	111	108	308	253	62	13	280	-550	0	7	315	559	61	0	30	439	216
2014-10-27	16:39:32	1199	111	108	316	263	62	13	280	-520	0	7	324	570	61	0	30	439	216
2014-10-27	16:40:32	1199	111	108	325	273	63	14	280	-481	0	7	332	581	63	0	30	439	216
2014-10-27	16:41:32	1199	111	108	333	281	62	16	280	-432	0	7	341	589	61	0	30	439	216
2014-10-27	16:42:32	1199	111	108	341	288	62	16	280	-376	0	7	347	598	62	0	30	439	216
2014-10-27	16:43:32	1199	111	108	347	294	61	15	280	-313	0	7	353	605	59	0	30	439	216
2014-10-27	16:44:32	1199	111	108	352	299	61	14	280	-244	0	7	357	612	62	0	30	439	216
2014-10-27	16:45:32	1199	111	108	357	304	61	15	280	-170	0	7	361	618	61	0	30	439	216
2014-10-27	16:46:32	1199	111	108	362	310	62	15	280	-92	0	7	366	626	64	0	30	439	216
2014-10-27	16:47:32	1199	111	108	367	316	63	18	280	-8	0	7	371	631	66	0	30	439	216
2014-10-27	16:48:32	1199	111	108	371	319	58	35	280	81	0	2	379	615	74	0	10	439	216
2014-10-27	16:49:32	1199	111	108	372	317	59	52	280	173	0	2	383	558	100	0	10	439	216
2014-10-27	16:50:32	1199	111	108	372	317	62	61	280	265	0	2	385	505	124	0	10	438	216
2014-10-27	16:51:32	1199	111	108	372	316	66	66	280	357	0	2	382	465	147	0	10	438	216
2014-10-27	16:52:32	1199	111	108	370	315	69	72	280	448	0	2	376	434	167	0	10	438	216
2014-10-27	16:53:32	1199	111	108	366	313	71	78	280	536	0	2	369	414	186	0	10	438	216
2014-10-27	16:54:32	1199	111	108	363	312	72	83	280	621	0	2	362	397	202	0	10	438	216
2014-10-27	16:55:32	1199	111	108	359	311	73	87	280	703	0	2	357	385	213	0	10	438	216
2014-10-27	16:56:32	1199	111	108	356	309	76	88	280	781	0	2	351	375	226	0	10	437	216
2014-10-27	16:57:32	1199	111	108	352	307	78	91	280	855	0	2	346	366	234	0	10	437	216
2014-10-27	16:58:32	1199	111	108	347	306	80	92	280	925	0	2	341	359	240	0	10	437	216
2014-10-27	16:59:32	1199	111	108	343	305	82	95	280	991	0	2	336	354	245	0	10	437	216
2014-10-27	17:00:32	1199	111	108	339	303	83	95	280	1000	0	2	332	349	249	0	10	437	216
2014-10-27	17:01:32	1199	111	108	336	302	86	96	280	1000	0	2	330	345	251	0	10	437	216
2014-10-27	17:02:32	1199	111	108	333	301	87	98	280	1000	0	2	326	341	253	0	10	436	216
2014-10-27	17:03:32	1199	111	108	331	300	89	98	280	1000	0	2	323	337	254	0	10	436	216
2014-10-27	17:04:32	1199	111	108	329	300	91	99	280	1000	0	2	321	334	255	0	10	436	216
2014-10-27	17:05:32	1199	111	108	326	299	92	99	280	1000	0	2	319	331	256	0	10	436	216
2014-10-27	17:06:32	1199	111	108	324	298	94	99	280	1000	0	2	317	330	257	0	10	435	216
2014-10-27	17:07:32	1199	111	108	322	297	95	100	280	1000	0	2	315	328	257	0	10	435	216
2014-10-27	17:08:32	1199	111	108	320	296	98	100	280	1000	0	2	313	326	257	0	10	435	216
2014-10-27	17:09:33	1199	111	108	318	296	99	101	280	1000	0	2	312	324	258	0	10	435	216
2014-10-27	17:10:33	1199	112	108	317	295	100	102	280	1000	0	2	311	322	257	0	10	435	216
2014-10-27	17:11:33	1199	111	108	316	295	102	102	280	1000	0	2	309	321	257	0	10	434	216
2014-10-27	17:12:33	1199	112	108	315	294	103	103	280	1000	0	2	308	319	257	0	10	434	216
2014-10-27	17:13:33	1199	111	108	314	294	106	103	280	1000	0	2	307	318	257	0	10	434	216
2014-10-27	17:14:33	1199	111	108	313	294	107	104	280	1000	0	2	306	317	256	0	10	433	216
2014-10-27	17:15:33	1199	112	108	312	293	108	104	280	1000	0	2	305	315	256	0	10	433	216
2014-10-27	17:16:33	1199	111	108	311	292	109	104	280	1000	0	2	304	314	256	0	10	433	216
2014-10-27	17:17:33	1199	112	108	310	292	111	106	280	1000	0	2	303	313	255	0	10	433	216
2014-10-27	17:18:33	1199	111	108	309	291	112	106	280	1000	0	2	302	312	255	0	10	432	216
2014-10-27	17:19:33	1199	111	108	309	290	113	106	280	1000	0	2	301	311	255	0	10	432	216
2014-10-27	17:20:33	1199	112	108	308	289	115	107	280	1000	0	2	300	310	254	0	10	431	216
2014-10-27	17:21:33	1199	111	108	307	289	116	107	280	1000	0	2	299	309	254	0	10	431	216
2014-10-27	17:22:33	1199	111	108	306	288	117	107	280	1000	0	2	298	309	254	0	10	431	216
2014-10-27	17:23:33	1199	111	108	305	287	118	108	280	1000	0	2	297	308	253	0	10	430	216
2014-10-27	17:24:33	1199	111	108	304	286	120	108	280	1000	0	2	296	307	253	0	10	430	216
2014-10-27	17:25:33	1199	112	108	303	285	121	108	280	1000	0	2	295	306	253	0	10	430	216
2014-10-27	17:26:33	1199	111	108	302	284	122	108	280	1000	0	2	295	305	252	0	10	429	216
2014-10-27	17:27:33	1199	111	108	302	284	122	109	280	1000	0	2	294	305	252	0	10	429	216
2014-10-27	17:28:33	1199	111	108	301	283	123	109	280	1000	0	2	294	304	251	0	10	429	216
2014-10-27	17:29:33	1199	111	108	300	282	125	109	280	1000	0	2	293	303	251	0	10	428	216
2014-10-27	17:30:33	1199	111	108	299	281	126	110	280	1000	0	2	293	303	250	0	10	428	216
2014-10-27	17:31:33	1199	111	108	299	280	127	111	280	1000	0	2	292	302	250	0	10	428	216
2014-10-27	17:32:33	1199	111	108	298	279	128	111	280	1000	0	2	291	302	249	0	10	427	216
2014-10-27	17:33:33	1199	111	108	297	278	128	111	280	1000	0	2	291	301	249	0	10	427	216
2014-10-27	17:34:33	1199	111	108	296	278	129	112	280	1000	0	2	290	300	249	0	10	427	216
2014-10-27	17:35:33	1199	111	108	296	277	131	112	280	1000	0	2	290	300	248	0	10	426	216
2014-10-27	17:36:33	1199	111	108	295	276	131	112	280	1000	0	2	289	299	248	0	10	426	216
2014-10-27	17:37:33	1199	111	108	294	275	132	113	280	1000	0	2	289	299	248	0	10	426	216
2014-10-27	17:38:33	1199	111	108	294	274	133	113	280	1000	0	2	288	298	247	0	10	425	216
2014-10-27	17:39:33	1199	111	108	294	273	134	113	278	1000	0	2	288	298	247	0	10	425	217
2014-10-27	17:40:33	1199	111	108	294	273	134	113	280	1000	0	2	287	297	247	0	10	425	216
2014-10-27	17:41:33	1199	111	108	293	272	136	114	278	1000	0	2	287	297	247	0	10	424	217
2014-10-27	17:42:33	1199	111	108	292	271	136	115	280	1000	0	2	286	296	246	0	10	424	216
2014-10-27	17:43:33	1199	111	108	292	270	137	115	278	1000	0	2	286	296	246	0	10	423	217
2014-10-27	17:44:33	1199	111	108	291	270	138	115	278	1000	0	2	285	295	246	0	10	423	217
2014-10-27	17:45:33	1199	111	108	291	269	138	116	278	1000	0	2	285	295	245	0	10	422	217
2014-10-27	17:46:33	1199	111	108	290	268	139	116	278	1000	0	2	284	295	244	0	10	422	217
2014-10-27	17:47:33	1199	111	108	290	268	139	116	278	1000	0	2	284	294	244	0	10	421	217
2014-10-27	17:48:33	1199	111	108	289	267	140	116	278	1000	0	2	283	294	244	0	10	420	217
2014-10-27	17:49:33	1199	111	108	289	267	141	116	278	1000	0	2	283	294	244	0	10	420	217
2014-10-27	17:50:33	1199	111	108	284	400	99	115	278	1000	0	15	279	296	242	0	20	419	217
2014-10-27	17:51:33	1199	111	108	410	395	56	49	278	1000	0	15	432	583	34	0	20	418	217
2014-10-27	17:52:33	1199	111	108	478	449	56	30	278	1000	0	15	501	698	56	0	20	417	217
2014-10-27	17:53:33	1199	111	108	525	489	58	28	275	1000	0	15	542	761	72	0	20	417	218
2014-10-27	17:54:33	1199	111	108	556	510	59	30	275	1000	0	15	568	801	73	0	20	417	218
2014-10-27	17:55:33	1199	111	108	575	524	60	32	275	1000	0	15	586	827	75	0	20	419	218
2014-10-27	17:56:33	1199	111	108	588	533	61	33	275	1000	0	15	596	848	76	0	20	420	218
2014-10-27	17:57:33	1199	111	108	597	542	61	35	275	1000	0	15	603	862	77	0	20	423	218
2014-10-27	17:58:33	1199	111	108	605	547	61	35	275	1000	0	15	610	876	79	0	20	428	218
2014-10-27	17:59:33	1199	111	108	611	552	61	36	275	1000	0	15	616	888	78	0	20	432	218
2014-10-27	18:00:33	1199	111	108	614	556	59	35	275	1000	0	15	619	899	76	0	20	436	218
2014-10-27	18:01:33	1199	111	108	618	559	59	35	275	1000	0	15	622	909	79	0	20	441	218
2014-10-27	18:02:33	1199	111	108	622	564	59	36	275	1000	0	15	627	919	78	0	20	445	218
2014-10-27	18:03:33	1199	111	108	626	570	59	36	275	1000	0	15	631	926	77	0	20	450	218
2014-10-27	18:04:33	1199	111	109	629	568	61	52	275	1000	0	2	633	893	101	0	10	455	218
2014-10-27	18:05:33	1199	111	109	629	565	66	66	275	1000	162	2	652	799	140	0	10	459	218
2014-10-27	18:06:33	1199	111	109	626	387	71	72	275	1000	0	2	641	699	191	0	10	463	218
2014-10-27	18:07:33	1199	111	109	606	281	74	81	275	1000	0	2	615	631	229	0	10	466	218
2014-10-27	18:08:33	1199	111	109	584	263	78	91	275	1000	0	2	593	589	253	0	10	468	218
2014-10-27	18:09:33	1199	111	109	557	256	80	100	275	1000	0	2	561	558	269	0	10	469	218
2014-10-27	18:10:33	1199	111	109	473	253	83	107	275	1000	0	2	498	532	281	0	10	470	218
2014-10-27	18:11:33	1199	111	109	381	251	86	109	275	1000	0	2	429	509	291	0	10	470	218
2014-10-27	18:12:33	1199	111	109	328	248	88	112	275	1000	0	2	376	491	297	0	10	470	218
2014-10-27	18:13:33	1199	111	109	302	246	90	113	275	1000	0	2	342	476	302	0	10	470	218
2014-10-27	18:14:33	1199	111	109	290	246	92	113	275	1000	0	2	319	464	306	0	10	469	218
2014-10-27	18:15:33	1199	111	109	282	246	95	115	275	1000	0	2	304	454	308	0	10	468	218
2014-10-27	18:16:33	1199	111	109	277	246	98	115	278	1000	0	2	294	445	310	0	10	467	217
2014-10-27	18:17:33	1199	111	109	274	246	99	115	275	1000	0	2	287	438	311	0	10	467	218
2014-10-27	18:18:33	1199	111	109	271	247	102	116	275	998	0	2	281	432	312	0	10	466	218
2014-10-27	18:19:33	1199	111	109	269	248	104	116	275	994	0	2	277	427	312	0	10	465	218
2014-10-27	18:20:33	1199	111	109	268	248	106	116	275	988	0	2	274	421	312	0	10	464	218
2014-10-27	18:21:33	1199	111	109	267	249	108	117	275	980	0	2	271	418	311	0	10	464	218
2014-10-27	18:22:33	1199	111	109	266	249	109	117	275	971	0	2	268	414	310	0	10	463	218
2014-10-27	18:23:33	1199	111	109	265	249	111	118	275	961	0	2	266	410	309	0	10	463	218
2014-10-27	18:24:33	1199	111	109	264	250	113	118	275	950	0	2	265	407	309	0	10	463	218
2014-10-27	18:25:34	1199	111	109	263	251	115	120	275	939	0	2	264	403	307	0	10	463	218
2014-10-27	18:26:34	1199	111	109	263	251	117	120	275	927	0	2	263	401	306	0	10	463	218
2014-10-27	18:27:34	1199	111	109	262	252	118	121	275	914	0	2	262	397	305	0	10	463	218
2014-10-27	18:28:34	1199	111	109	262	252	121	121	275	901	0	2	261	395	304	0	10	463	218
2014-10-27	18:29:34	1199	111	109	261	253	122	122	275	888	0	2	260	392	303	0	10	463	218
2014-10-27	18:30:34	1199	111	109	261	253	123	122	275	874	0	2	260	389	302	0	10	463	218
2014-10-27	18:31:34	1199	111	109	261	253	125	123	275	860	0	2	259	387	301	0	10	463	218
2014-10-27	18:32:34	1199	111	109	260	254	126	123	275	846	0	2	259	385	299	0	10	463	218
2014-10-27	18:33:34	1199	111	109	260	254	127	125	275	831	0	2	259	383	298	0	10	464	218
2014-10-27	18:34:34	1199	111	109	260	254	128	125	275	816	0	2	259	380	297	0	10	464	218
2014-10-27	18:35:34	1199	111	109	260	254	131	125	275	801	0	2	258	378	296	0	10	464	218
2014-10-27	18:36:34	1199	111	109	260	254	132	126	275	786	0	2	258	375	295	0	10	464	218
2014-10-27	18:37:34	1199	111	109	259	254	133	127	275	771	0	2	258	373	295	0	10	464	218
2014-10-27	18:38:34	1199	111	109	259	254	133	127	275	755	0	2	258	371	294	0	10	464	218
2014-10-27	18:39:34	1199	111	109	259	254	136	128	275	739	0	2	258	369	294	0	10	464	218
2014-10-27	18:40:34	1199	111	109	259	254	137	128	275	723	0	2	258	367	293	0	10	465	218
2014-10-27	18:41:34	1199	111	109	259	254	138	129	275	707	0	2	257	365	292	0	10	464	218
2014-10-27	18:42:34	1199	111	109	259	254	139	129	275	691	0	2	257	364	291	0	10	464	218
2014-10-27	18:43:34	1199	111	109	259	254	140	130	275	675	0	2	258	362	290	0	10	464	218
2014-10-27	18:44:34	1199	111	109	259	254	142	131	275	659	0	2	257	361	289	0	10	464	218
2014-10-27	18:45:34	1199	111	109	259	253	143	132	275	643	0	2	258	359	289	0	10	464	218
2014-10-27	18:46:34	1199	111	109	259	253	143	132	275	627	0	2	257	358	288	0	10	464	218
2014-10-27	18:47:34	1199	111	109	259	253	144	133	275	611	0	2	258	358	288	0	10	464	218
2014-10-27	18:48:34	1199	111	109	259	252	145	133	275	595	0	2	258	357	287	0	10	464	218
2014-10-27	18:49:34	1199	111	109	260	252	146	134	275	580	0	2	258	355	286	0	10	464	218
2014-10-27	18:50:34	1199	111	109	260	252	147	134	275	565	0	2	258	354	286	0	10	464	218
2014-10-27	18:51:34	1199	111	109	260	251	149	135	275	550	0	2	258	353	285	0	10	464	218
2014-10-27	18:52:34	1199	111	109	261	251	149	136	275	535	0	2	259	352	285	0	10	464	218
2014-10-27	18:53:34	1199	111	109	262	250	150	137	275	521	0	2	258	351	284	0	10	464	218
2014-10-27	18:54:34	1199	111	109	264	250	151	137	275	509	0	2	258	350	284	0	10	464	218
2014-10-27	18:55:34	1199	111	109	268	250	152	137	275	499	0	2	259	348	284	0	10	464	218
2014-10-27	18:56:34	1199	111	109	271	249	152	138	275	493	0	2	259	348	283	0	10	464	218
2014-10-27	18:57:34	1199	111	109	274	249	153	138	275	490	0	2	259	346	282	0	10	464	218
2014-10-27	18:58:34	1199	111	109	276	248	155	139	275	490	0	2	259	346	282	0	10	464	218
2014-10-27	18:59:34	1199	111	109	278	248	156	139	275	492	0	2	259	345	282	0	10	464	218
2014-10-27	19:00:34	1199	111	109	278	248	156	140	275	495	0	2	259	344	281	0	10	464	218
2014-10-27	19:01:34	1199	111	109	279	248	157	140	275	499	0	2	259	343	281	0	10	464	218
2014-10-27	19:02:34	1199	111	109	280	247	158	140	275	503	0	2	259	342	280	0	10	464	218
2014-10-27	19:03:34	1199	111	109	280	247	158	141	275	508	0	2	259	341	280	0	10	463	218
2014-10-27	19:04:34	1199	111	109	280	247	159	142	275	513	0	2	260	340	280	0	10	464	218
2014-10-27	19:05:34	1199	111	109	280	246	159	143	275	517	0	2	259	339	279	0	10	463	218
2014-10-27	19:06:34	1199	111	109	279	246	160	143	275	521	0	2	259	339	279	0	10	463	218
2014-10-27	19:07:34	1199	111	109	279	246	161	143	275	525	0	2	259	338	279	0	10	463	218
2014-10-27	19:08:34	1199	111	109	278	246	163	143	271	528	0	2	259	337	278	0	10	463	219
2014-10-27	19:09:34	1199	111	109	277	246	163	143	275	531	0	2	259	336	278	0	10	463	218
2014-10-27	19:10:34	1199	111	109	277	246	164	144	271	533	0	2	258	336	277	0	10	462	219
2014-10-27	19:11:34	1199	111	109	276	245	164	144	275	535	0	2	258	335	277	0	10	462	218
2014-10-27	19:12:34	1199	111	109	275	245	165	144	271	536	0	2	258	334	277	0	10	462	219
2014-10-27	19:13:34	1199	111	109	275	244	165	145	275	536	0	2	257	334	277	0	10	461	218
2014-10-27	19:14:34	1199	111	109	274	244	166	145	275	540	0	2	257	333	276	0	10	461	218
2014-10-27	19:15:34	1199	111	109	273	244	167	145	275	539	0	2	256	332	276	0	10	460	218
2014-10-27	19:16:34	1199	111	109	272	244	167	145	275	537	0	2	256	332	276	0	10	460	218
2014-10-27	19:17:34	1199	111	109	272	244	168	145	275	534	0	2	255	331	275	0	10	460	218
2014-10-27	19:18:34	1199	111	109	270	244	168	146	275	530	0	2	255	331	275	0	10	459	218
2014-10-27	19:19:34	1199	111	109	269	244	169	146	275	525	0	2	254	331	275	0	10	459	218
2014-10-27	19:20:34	1199	111	109	268	244	169	146	275	519	0	2	254	331	274	0	10	459	218
2014-10-27	19:21:34	1199	111	109	267	244	171	147	275	512	0	2	254	330	274	0	10	458	218
2014-10-27	19:22:34	1199	111	109	266	244	171	147	271	504	0	2	253	330	274	0	10	458	219
2014-10-27	19:23:34	1199	111	109	265	243	172	147	275	495	0	2	253	329	274	0	10	458	218
2014-10-27	19:24:34	1199	111	109	264	243	172	147	275	485	0	2	253	329	273	0	10	458	218
2014-10-27	19:25:34	1199	111	109	264	244	173	147	271	478	0	2	252	328	273	0	10	457	219
2014-10-27	19:26:34	1199	111	109	263	243	173	149	271	466	0	2	252	328	273	0	10	457	219
2014-10-27	19:27:34	1199	111	109	262	243	174	149	275	453	0	2	252	327	272	0	10	457	218
2014-10-27	19:28:34	1199	111	109	261	243	174	149	275	440	0	2	251	327	272	0	10	457	218
2014-10-27	19:29:34	1199	111	109	260	243	175	149	271	426	0	2	251	326	272	0	10	456	219
2014-10-27	19:30:34	1199	111	109	259	243	175	149	275	411	0	2	251	326	272	0	10	456	218
2014-10-27	19:31:34	1199	111	109	259	243	176	150	275	395	0	2	251	325	272	0	10	456	218
2014-10-27	19:32:34	1199	111	109	258	243	176	150	271	378	0	2	250	325	271	0	10	456	219
2014-10-27	19:33:34	1199	111	109	257	243	177	150	271	361	0	2	250	325	271	0	10	455	219
2014-10-27	19:34:34	1199	111	109	256	243	177	150	271	347	0	2	250	324	271	0	10	455	219
2014-10-27	19:35:34	1199	111	109	256	243	178	150	275	328	0	2	250	324	271	0	10	455	218
2014-10-27	19:36:34	1199	111	109	255	243	178	151	275	308	0	2	250	323	270	0	10	455	218
2014-10-27	19:37:35	1199	111	109	254	243	178	151	275	287	0	2	250	323	270	0	10	454	218
2014-10-27	19:38:36	1199	111	109	253	243	180	151	275	266	0	2	250	323	270	0	10	454	218
2014-10-27	19:39:36	1199	111	109	253	243	180	151	275	244	0	2	249	322	270	0	10	454	218
2014-10-27	19:40:36	1199	111	109	252	243	181	151	275	221	0	2	249	322	269	0	10	454	218
2014-10-27	19:41:36	1199	111	109	251	243	181	152	275	202	0	2	249	321	269	0	10	454	218
2014-10-27	19:42:36	1199	111	109	250	243	181	152	271	182	0	2	250	321	269	0	10	453	219
2014-10-27	19:43:36	1199	110	109	250	243	182	152	271	161	0	2	249	321	269	0	10	453	219
2014-10-27	19:44:36	1199	111	109	250	243	182	152	271	140	0	2	249	320	269	0	10	453	219
2014-10-27	19:45:36	1199	111	109	249	243	183	152	275	114	0	2	249	320	269	0	10	453	218
2014-10-27	19:46:36	1199	111	109	248	243	183	152	271	92	0	2	249	320	268	0	10	453	219
2014-10-27	19:47:36	1199	111	109	248	243	184	152	271	69	0	2	249	319	268	0	10	452	219
2014-10-27	19:48:36	1199	111	109	248	242	184	152	271	46	0	2	249	319	268	0	10	452	219
2014-10-27	19:49:36	1199	111	109	248	242	184	153	271	23	0	2	249	319	268	0	10	452	219
2014-10-27	19:50:36	1199	111	109	247	243	185	153	271	0	0	2	249	319	267	0	10	451	219
2014-10-27	19:51:36	1199	111	109	247	242	185	153	271	-24	0	2	249	318	268	0	10	451	219
2014-10-27	19:52:36	1199	111	109	247	242	185	153	271	-48	0	2	249	318	267	0	10	451	219
2014-10-27	19:53:36	1199	111	109	247	242	186	154	271	-72	0	2	250	317	267	0	10	451	219
2014-10-27	19:54:36	1199	111	109	247	242	186	155	271	-97	0	2	249	317	267	0	10	450	219
2014-10-27	19:55:36	1199	111	109	246	242	186	155	271	-122	0	2	250	317	266	0	10	450	219
2014-10-27	19:56:36	1199	111	109	246	242	187	155	271	-147	0	2	249	317	266	0	10	450	219
2014-10-27	19:57:36	1199	111	109	244	242	187	155	271	-173	0	2	250	316	266	0	10	450	219
2014-10-27	19:58:36	1199	111	109	244	242	188	155	271	-200	0	2	250	316	266	0	10	449	219
2014-10-27	19:59:36	1199	111	109	243	242	188	156	271	-232	0	2	250	316	266	0	10	449	219
2014-10-27	20:00:36	1199	111	109	243	242	188	155	271	-260	0	2	250	316	266	0	10	448	219
2014-10-27	20:01:36	1199	111	109	242	242	188	156	271	-289	0	2	250	315	265	0	10	448	219
2014-10-27	20:02:36	1199	111	109	241	242	190	156	271	-319	0	2	250	315	265	0	10	447	219
2014-10-27	20:03:36	1199	111	109	240	242	190	156	275	-349	0	2	250	315	265	0	10	447	218
2014-10-27	20:04:36	1199	111	109	239	242	190	156	271	-380	0	2	249	315	265	0	10	446	219
2014-10-27	20:05:36	1199	111	109	238	242	191	156	275	-416	0	2	250	315	265	0	10	446	218
2014-10-27	20:06:36	1199	111	109	237	242	191	157	271	-453	0	2	249	314	264	0	10	446	219
2014-10-27	20:07:36	1199	111	109	236	242	191	157	275	-487	0	2	249	314	264	0	10	446	218
2014-10-27	20:08:36	1199	111	109	235	242	192	157	271	-522	0	2	249	314	264	0	10	445	219
2014-10-27	20:09:36	1199	111	109	233	243	192	157	271	-558	0	2	249	313	264	0	10	445	219
2014-10-27	20:10:36	1199	111	109	240	229	106	150	271	-601	0	7	246	351	196	0	30	445	219
2014-10-27	20:11:36	1199	111	109	278	231	61	44	271	-601	0	7	290	487	27	0	30	445	219
2014-10-27	20:12:36	1199	111	109	294	235	59	19	275	-601	0	7	299	532	58	0	30	444	218
2014-10-27	20:13:36	1199	111	109	298	242	61	14	271	-582	0	7	304	548	62	0	30	443	219
2014-10-27	20:14:36	1199	111	109	307	251	62	13	271	-552	0	7	314	560	61	0	30	443	219
2014-10-27	20:15:36	1199	111	109	315	261	62	13	275	-518	0	7	323	571	61	0	30	441	218
2014-10-27	20:16:36	1199	111	109	325	272	62	14	275	-475	0	7	332	583	62	0	30	439	218
2014-10-27	20:17:36	1199	111	109	334	282	63	16	275	-421	0	7	342	593	62	0	30	437	218
2014-10-27	20:18:36	1199	111	110	344	290	63	16	275	-354	0	7	350	602	63	0	30	434	218
2014-10-27	20:19:36	1199	111	110	351	297	62	16	275	-283	0	7	357	611	62	0	30	432	218
2014-10-27	20:20:36	1199	111	110	358	305	61	16	271	-204	0	7	362	619	61	0	30	429	219
2014-10-27	20:21:36	1199	111	110	363	312	61	16	275	-120	0	7	368	627	62	0	30	427	218
2014-10-27	20:22:36	1199	111	110	370	319	61	16	275	-30	0	7	375	635	62	0	30	426	218
2014-10-27	20:23:36	1199	111	110	376	322	62	36	275	67	0	2	382	620	79	0	10	425	218
2014-10-27	20:24:36	1199	111	110	377	321	65	55	275	169	0	2	389	562	104	0	10	424	218
2014-10-27	20:25:36	1199	111	110	377	320	68	63	275	271	0	2	392	509	128	0	10	424	218
2014-10-27	20:26:36	1199	111	110	377	319	69	71	275	374	0	2	390	468	152	0	10	424	218
2014-10-27	20:27:36	1199	111	110	377	318	71	78	275	476	0	2	386	437	172	0	10	424	218
2014-10-27	20:28:36	1199	111	110	375	317	73	84	275	577	0	2	379	417	192	0	10	424	218
2014-10-27	20:29:36	1199	111	110	371	316	76	90	275	676	0	2	372	401	207	0	10	424	218
2014-10-27	20:30:36	1199	111	110	367	315	79	92	271	775	0	2	364	389	223	0	10	424	219
2014-10-27	20:31:36	1199	111	110	364	313	80	95	271	870	0	2	358	379	233	0	10	424	219
2014-10-27	20:32:36	1199	111	110	360	312	82	96	271	961	0	2	354	370	240	0	10	424	219
2014-10-27	20:33:36	1199	111	110	357	310	83	98	271	1000	0	2	349	362	246	0	10	424	219
2014-10-27	20:34:36	1199	111	110	353	309	84	98	268	1000	0	2	344	357	250	0	10	424	220
2014-10-27	20:35:36	1199	111	110	349	307	86	99	268	1000	0	2	340	352	253	0	10	425	220
2014-10-27	20:36:36	1199	111	110	346	306	88	99	268	1000	0	2	336	348	256	0	10	425	220
2014-10-27	20:37:36	1199	111	110	343	305	90	99	268	1000	0	2	332	343	257	0	10	425	220
2014-10-27	20:38:36	1199	111	110	339	304	92	100	268	1000	0	2	330	340	258	0	10	425	220
2014-10-27	20:39:36	1199	111	110	337	303	94	100	268	1000	0	2	327	337	259	0	10	425	220
2014-10-27	20:40:36	1199	111	110	334	302	95	102	268	1000	0	2	325	334	260	0	10	425	220
2014-10-27	20:41:36	1199	111	110	331	302	96	102	268	1000	0	2	322	331	260	0	10	425	220
2014-10-27	20:42:36	1199	111	110	330	301	98	103	268	1000	0	2	320	330	261	0	10	425	220
2014-10-27	20:43:36	1199	111	110	328	300	100	103	268	1000	0	2	319	328	261	0	10	424	220
2014-10-27	20:44:36	1199	111	110	326	300	102	104	268	1000	0	2	317	326	261	0	10	424	220
2014-10-27	20:45:36	1199	111	110	324	299	103	104	268	1000	0	2	316	325	261	0	10	424	220
2014-10-27	20:46:36	1199	111	110	322	299	105	104	268	1000	0	2	314	323	260	0	10	424	220
2014-10-27	20:47:36	1199	111	110	321	298	106	104	268	1000	0	2	313	322	260	0	10	424	220
2014-10-27	20:48:36	1199	111	110	320	297	108	106	268	1000	0	2	312	320	260	0	10	424	220
2014-10-27	20:49:36	1199	111	110	319	297	109	106	268	1000	0	2	311	319	260	0	10	424	220
2014-10-27	20:50:36	1199	111	110	317	296	111	106	271	1000	0	2	310	318	259	0	10	424	219
2014-10-27	20:51:36	1199	111	110	317	296	112	106	268	1000	0	2	309	317	259	0	10	424	220
2014-10-27	20:52:36	1199	111	110	316	295	113	107	268	1000	0	2	308	316	258	0	10	423	220
2014-10-27	20:53:36	1199	111	110	315	295	115	107	268	1000	0	2	307	315	258	0	10	423	220
2014-10-27	20:54:37	1199	111	110	314	294	116	107	268	1000	0	2	306	314	258	0	10	423	220
2014-10-27	20:55:37	1199	111	110	313	294	117	108	271	1000	0	2	305	313	257	0	10	422	219
2014-10-27	20:56:37	1199	111	110	312	294	118	108	271	1000	0	2	304	312	257	0	10	421	219
2014-10-27	20:57:37	1199	111	110	311	293	120	108	268	1000	0	2	303	311	256	0	10	420	220
2014-10-27	20:58:37	1199	111	110	311	292	121	109	271	1000	0	2	302	311	256	0	10	420	219
2014-10-27	20:59:37	1199	111	110	310	292	122	109	271	1000	0	2	301	310	256	0	10	420	219
2014-10-27	21:00:37	1199	111	110	309	291	123	109	271	1000	0	14	301	309	255	0	20	420	219
2014-10-27	21:01:37	1199	111	110	365	359	62	73	268	1000	0	15	415	568	49	0	20	419	220
2014-10-27	21:02:37	1199	111	110	449	441	57	35	271	1000	0	15	478	669	37	0	20	418	219
2014-10-27	21:03:37	1199	111	110	507	478	56	27	271	1000	0	15	524	741	69	0	20	418	219
2014-10-27	21:04:37	1199	111	110	543	501	56	29	271	1000	0	15	556	787	69	0	20	418	219
2014-10-27	21:05:37	1199	111	110	566	517	58	29	271	1000	0	15	575	816	72	0	20	418	219
2014-10-27	21:06:37	1199	111	110	581	527	58	30	271	1000	0	15	589	839	73	0	20	419	219
2014-10-27	21:07:37	1199	111	110	592	536	59	32	271	1000	0	15	598	856	75	0	20	421	219
2014-10-27	21:08:37	1199	111	110	600	543	59	34	271	1000	0	15	606	870	76	0	20	425	219
2014-10-27	21:09:37	1199	111	110	607	549	59	34	268	1000	0	15	611	883	78	0	20	428	220
2014-10-27	21:10:37	1199	111	110	612	554	58	34	271	1000	0	15	617	895	76	0	20	433	219
2014-10-27	21:11:37	1199	111	110	617	559	58	34	271	1000	0	15	622	907	75	0	20	437	219
2014-10-27	21:12:37	1199	111	110	621	564	57	34	271	1000	0	15	625	916	78	0	20	443	219
2014-10-27	21:13:37	1199	111	110	626	568	57	35	271	1000	0	15	631	926	78	0	20	447	219
2014-10-27	21:14:37	1199	111	110	627	568	59	49	271	1000	0	2	636	896	94	0	10	452	219
2014-10-27	21:15:37	1199	111	110	627	565	65	63	271	1000	162	2	658	801	132	0	10	457	219
2014-10-27	21:16:37	1199	111	110	627	450	69	71	271	1000	0	2	650	704	181	0	10	461	219
2014-10-27	21:17:37	1199	111	110	614	305	72	82	271	1000	0	2	625	633	223	0	10	464	219
2014-10-27	21:18:37	1199	111	110	593	281	76	96	271	1000	0	2	604	591	249	0	10	466	219
2014-10-27	21:19:37	1199	111	110	573	273	79	106	271	1000	0	2	580	559	267	0	10	467	219
2014-10-27	21:20:37	1199	111	110	523	269	82	112	268	1000	0	2	532	532	280	0	10	468	220
2014-10-27	21:21:37	1199	111	110	434	266	84	115	268	1000	0	2	468	509	290	0	10	468	220
2014-10-27	21:22:37	1199	111	110	365	262	87	116	268	1000	0	2	411	492	297	0	10	467	220
2014-10-27	21:23:37	1199	111	110	331	259	89	116	268	1000	0	2	368	477	302	0	10	467	220
2014-10-27	21:24:37	1199	111	110	311	257	91	116	271	1000	0	2	342	465	306	0	10	466	219
2014-10-27	21:25:37	1199	111	110	300	256	94	117	268	1000	0	2	324	455	309	0	10	465	220
2014-10-27	21:26:37	1199	111	110	294	256	95	117	271	1000	0	2	311	447	311	0	10	465	219
2014-10-27	21:27:37	1199	111	110	290	256	98	117	271	1000	0	2	302	440	312	0	10	464	219
2014-10-27	21:28:37	1199	111	110	286	256	100	117	271	1000	0	2	295	433	313	0	10	463	219
2014-10-27	21:29:37	1199	111	110	284	257	102	118	268	1000	0	2	291	428	313	0	10	462	220
2014-10-27	21:30:37	1199	111	110	282	257	104	118	268	1000	0	2	288	423	313	0	10	461	220
2014-10-27	21:31:37	1199	111	110	280	258	107	119	271	1000	0	2	284	420	312	0	10	460	219
2014-10-27	21:32:37	1199	111	110	279	258	108	120	271	1000	0	2	282	416	312	0	10	459	219
2014-10-27	21:33:37	1199	111	110	278	258	111	120	271	1000	0	2	280	412	311	0	10	458	219
2014-10-27	21:34:37	1199	111	110	277	259	112	121	271	1000	0	2	278	408	310	0	10	456	219
2014-10-27	21:35:37	1199	111	110	276	260	113	121	271	1000	0	2	276	405	309	0	10	455	219
2014-10-27	21:36:37	1199	111	110	275	260	116	122	271	1000	0	2	275	402	308	0	10	455	219
2014-10-27	21:37:37	1199	111	110	275	260	117	122	271	1000	0	2	274	399	306	0	10	454	219
2014-10-27	21:38:37	1199	111	110	274	261	118	123	271	1000	0	2	272	396	305	0	10	454	219
2014-10-27	21:39:37	1199	111	110	273	262	121	123	271	1000	0	2	272	393	304	0	10	454	219
2014-10-27	21:40:37	1199	111	110	273	262	122	125	271	1000	0	2	271	391	303	0	10	454	219
2014-10-27	21:41:37	1199	111	110	273	262	123	125	271	1000	0	2	270	388	302	0	10	455	219
2014-10-27	21:42:37	1199	111	110	272	262	125	126	271	1000	0	2	270	386	301	0	10	455	219
2014-10-27	21:43:37	1199	111	110	272	262	126	126	271	1000	0	2	269	384	300	0	10	455	219
2014-10-27	21:44:37	1199	111	110	271	262	128	127	271	1000	0	2	268	381	299	0	10	455	219
2014-10-27	21:45:37	1199	111	110	271	262	129	127	271	1000	0	2	268	379	298	0	10	455	219
2014-10-27	21:46:37	1199	111	110	270	262	131	128	271	1000	0	2	268	377	297	0	10	455	219
2014-10-27	21:47:37	1199	111	110	270	262	132	128	271	999	0	2	267	375	296	0	10	455	219
2014-10-27	21:48:37	1199	111	110	270	262	133	129	271	998	0	2	267	373	295	0	10	456	219
2014-10-27	21:49:37	1199	111	110	270	262	134	129	271	997	0	2	267	370	294	0	10	456	219
2014-10-27	21:50:37	1199	111	110	269	262	136	131	271	995	0	2	267	369	294	0	10	456	219
2014-10-27	21:51:37	1199	111	110	269	262	137	131	271	993	0	2	266	367	294	0	10	456	219
2014-10-27	21:52:37	1199	111	110	269	262	138	132	271	991	0	2	266	365	293	0	10	457	219
2014-10-27	21:53:37	1199	111	110	269	262	139	132	271	989	0	2	266	363	292	0	10	457	219
2014-10-27	21:54:37	1199	111	110	269	262	140	133	271	987	0	2	266	362	291	0	10	457	219
2014-10-27	21:55:37	1199	111	110	269	261	142	133	271	985	0	2	266	360	290	0	10	457	219
2014-10-27	21:56:37	1199	111	110	268	261	143	134	271	983	0	2	266	359	290	0	10	457	219
2014-10-27	21:57:37	1199	111	110	268	261	144	134	271	981	0	2	266	358	289	0	10	457	219
2014-10-27	21:58:37	1199	111	110	268	261	145	136	271	978	0	2	266	357	289	0	10	457	219
2014-10-27	21:59:37	1199	111	110	268	260	145	136	271	975	0	2	266	356	288	0	10	457	219
2014-10-27	22:00:37	1199	111	110	268	260	146	137	271	973	0	2	266	355	287	0	10	457	219
2014-10-27	22:01:37	1199	111	110	268	260	147	137	271	970	0	2	266	354	287	0	10	457	219
2014-10-27	22:02:37	1199	111	110	268	260	149	138	271	967	0	2	266	353	286	0	10	457	219
2014-10-27	22:03:37	1199	111	110	268	260	150	138	271	964	0	2	266	351	286	0	10	458	219
2014-10-27	22:04:37	1199	111	110	268	259	150	138	271	961	0	2	266	350	285	0	10	458	219
2014-10-27	22:05:37	1199	111	110	268	259	151	139	271	958	0	2	266	349	285	0	10	458	219
2014-10-27	22:06:37	1199	111	110	268	258	152	139	271	955	0	2	266	348	284	0	10	458	219
2014-10-27	22:07:37	1199	111	110	268	258	153	140	271	952	0	2	266	348	284	0	10	458	219
2014-10-27	22:08:37	1199	111	110	269	258	153	140	271	950	0	2	266	347	284	0	10	457	219
2014-10-27	22:09:37	1199	111	110	269	257	155	140	271	948	0	2	266	346	283	0	10	458	219
2014-10-27	22:10:38	1199	111	110	269	257	156	141	271	946	0	2	266	345	283	0	10	458	219
2014-10-27	22:11:38	1199	111	110	270	257	156	142	271	944	0	2	266	344	282	0	10	458	219
2014-10-27	22:12:38	1199	111	110	271	257	157	142	271	943	0	2	266	343	282	0	10	458	219
2014-10-27	22:13:38	1199	111	110	273	256	158	143	271	944	0	2	266	342	282	0	10	457	219
2014-10-27	22:14:38	1199	111	110	275	256	158	143	271	946	0	2	266	341	281	0	10	457	219
2014-10-27	22:15:38	1199	111	110	277	256	159	143	271	951	0	2	266	341	281	0	10	457	219
2014-10-27	22:16:38	1199	111	110	280	255	160	143	271	958	0	2	267	340	280	0	10	457	219
2014-10-27	22:17:38	1199	111	110	282	255	160	143	271	967	0	2	266	339	280	0	10	457	219
2014-10-27	22:18:38	1199	111	110	283	255	161	144	271	978	0	2	267	338	280	0	10	457	219
2014-10-27	22:19:38	1199	111	110	285	255	162	144	271	991	0	2	267	338	279	0	10	457	219
2014-10-27	22:20:38	1199	111	110	286	255	163	144	271	1000	0	2	267	337	279	0	10	457	219
2014-10-27	22:21:38	1199	111	110	286	254	164	144	271	1000	0	2	267	336	279	0	10	457	219
2014-10-27	22:22:38	1199	111	110	287	254	164	145	271	1000	0	2	267	336	278	0	10	457	219
2014-10-27	22:23:38	1199	111	110	287	254	165	145	271	1000	0	2	267	335	278	0	10	457	219
2014-10-27	22:24:38	1199	111	110	287	254	166	145	271	1000	0	2	267	334	278	0	10	457	219
2014-10-27	22:25:38	1199	111	110	287	253	166	145	271	1000	0	2	267	334	277	0	10	457	219
2014-10-27	22:26:38	1199	111	110	287	253	166	146	271	1000	0	2	267	333	277	0	10	457	219
2014-10-27	22:27:38	1199	111	110	286	253	167	146	275	1000	0	2	267	333	277	0	10	456	218
2014-10-27	22:28:38	1199	111	110	286	253	168	146	271	1000	0	2	267	332	276	0	10	456	219
2014-10-27	22:29:38	1199	111	110	286	253	168	147	271	1000	0	2	267	331	276	0	10	456	219
2014-10-27	22:30:38	1199	111	110	286	253	169	147	271	1000	0	2	266	331	276	0	10	457	219
2014-10-27	22:31:38	1199	111	110	285	253	169	147	271	1000	0	2	266	331	276	0	10	456	219
2014-10-27	22:32:38	1199	111	110	284	253	171	147	271	1000	0	2	266	331	275	0	10	456	219
2014-10-27	22:33:38	1199	111	110	284	252	171	147	275	1000	0	2	266	330	275	0	10	456	218
2014-10-27	22:34:38	1199	111	110	283	252	172	147	275	1000	0	2	266	330	275	0	10	456	218
2014-10-27	22:35:38	1199	111	110	283	253	172	147	275	1000	0	2	265	329	274	0	10	455	218
2014-10-27	22:36:38	1199	111	110	282	252	173	149	275	1000	0	2	265	329	274	0	10	455	218
2014-10-27	22:37:38	1199	111	110	281	252	173	149	275	1000	0	2	264	328	274	0	10	455	218
2014-10-27	22:38:38	1199	111	110	281	252	174	149	275	1000	0	2	264	328	274	0	10	455	218
2014-10-27	22:39:38	1199	111	110	280	252	174	149	275	1000	0	2	264	327	273	0	10	455	218
2014-10-27	22:40:38	1199	111	110	279	252	175	150	275	1000	0	2	263	327	273	0	10	454	218
2014-10-27	22:41:38	1199	111	110	278	252	175	150	275	1000	0	2	263	327	273	0	10	454	218
2014-10-27	22:42:38	1199	111	110	278	252	176	150	275	1000	0	2	262	326	273	0	10	454	218
2014-10-27	22:43:38	1199	111	110	277	252	176	150	275	1000	0	2	262	326	272	0	10	454	218
2014-10-27	22:44:38	1199	111	110	276	252	177	150	275	1000	0	2	262	325	272	0	10	453	218
2014-10-27	22:45:38	1199	111	110	275	252	177	150	275	1000	0	2	261	325	272	0	10	453	218
2014-10-27	22:46:39	1199	111	110	275	252	178	151	275	1000	0	2	261	325	272	0	10	453	218
2014-10-27	22:47:39	1199	111	110	274	252	178	151	275	999	0	2	261	324	272	0	10	453	218
2014-10-27	22:48:39	1199	111	110	273	252	180	151	275	998	0	2	260	324	271	0	10	452	218
2014-10-27	22:49:39	1199	111	110	273	251	180	151	275	996	0	2	260	323	271	0	10	452	218
2014-10-27	22:50:39	1199	111	110	272	251	180	152	275	993	0	2	259	323	271	0	10	452	218
2014-10-27	22:51:39	1199	111	110	271	251	181	151	275	990	0	2	259	323	271	0	10	451	218
2014-10-27	22:52:39	1199	111	110	271	251	181	152	275	987	0	2	259	323	270	0	10	451	218
2014-10-27	22:53:39	1199	111	110	270	251	182	152	275	983	0	2	259	322	270	0	10	445	218
2014-10-27	22:54:39	1199	111	110	268	248	169	151	275	978	0	15	259	322	270	0	20	393	218
2014-10-27	22:55:39	1199	111	110	355	294	61	67	275	973	0	15	390	553	38	0	20	329	218
2014-10-27	22:56:39	1199	111	110	416	369	59	32	275	968	0	15	440	635	34	0	20	287	218
2014-10-27	22:57:39	1199	111	110	459	410	59	25	275	963	0	15	470	697	70	0	20	265	218
2014-10-27	22:58:39	1199	111	110	489	433	61	26	275	958	0	15	498	732	66	0	20	256	218
2014-10-27	22:59:39	1199	111	110	510	451	62	27	275	953	0	15	516	758	71	0	20	256	218
2014-10-27	23:00:39	1199	111	110	526	464	62	28	275	948	0	15	530	780	73	0	20	262	218
2014-10-27	23:01:39	1199	111	110	538	475	63	30	275	943	0	15	542	796	72	0	20	272	218
2014-10-27	23:02:39	1199	111	110	548	484	62	32	275	938	0	15	552	811	73	0	20	285	218
2014-10-27	23:03:39	1199	111	110	557	493	62	32	275	933	0	15	559	825	76	0	20	297	218
2014-10-27	23:04:39	1199	111	110	565	497	61	32	275	928	0	15	566	837	75	0	20	310	218
2014-10-27	23:05:39	1199	111	110	567	493	61	32	275	923	0	15	566	841	72	0	20	321	218
2014-10-27	23:06:39	1199	111	110	564	483	61	32	275	918	0	15	561	841	72	0	20	330	218
2014-10-27	23:07:39	1199	111	110	557	474	61	30	275	913	0	15	553	837	75	0	20	333	218
2014-10-27	23:08:39	1199	111	110	548	464	64	30	275	908	0	15	545	831	78	0	20	332	218
2014-10-27	23:09:39	1199	111	110	540	454	61	30	275	903	0	15	536	823	69	0	20	321	218
2014-10-27	23:10:39	1199	111	110	532	445	56	26	278	898	0	15	527	817	64	0	20	302	217
2014-10-27	23:11:39	1199	111	110	523	442	53	22	278	893	0	15	521	814	62	0	20	284	217
2014-10-27	23:12:39	1199	111	110	521	444	50	19	278	888	0	15	519	816	63	0	20	272	217
2014-10-27	23:13:39	1199	111	110	522	449	49	19	275	883	0	15	521	820	63	0	20	267	218
2014-10-27	23:14:39	1199	111	110	525	454	49	18	275	878	0	15	525	825	61	0	20	269	218
2014-10-27	23:15:39	1199	111	110	531	461	49	19	278	873	0	15	531	831	60	0	20	276	217
2014-10-27	23:16:39	1199	111	110	536	468	49	19	278	868	0	15	537	839	60	0	20	286	217
2014-10-27	23:17:39	1199	111	110	542	475	49	19	278	863	0	15	543	847	63	0	20	295	217
2014-10-27	23:18:39	1199	111	110	548	482	47	19	278	858	0	15	549	855	65	0	20	306	217
2014-10-27	23:19:39	1199	111	110	555	489	47	19	278	853	0	15	556	862	62	0	20	317	217
2014-10-27	23:20:39	1199	111	110	560	495	47	20	280	848	0	15	561	869	62	0	20	327	216
2014-10-27	23:21:39	1199	111	110	565	501	47	21	280	843	0	15	566	877	62	0	20	336	216
2014-10-27	23:22:39	1199	111	110	571	507	47	21	280	838	0	15	572	885	65	0	20	346	216
2014-10-27	23:23:39	1199	111	110	576	513	47	21	280	833	0	15	577	893	65	0	20	355	216
2014-10-27	23:24:39	1199	111	110	581	519	46	21	278	828	0	15	582	899	63	0	20	362	217
2014-10-27	23:25:40	1199	111	110	586	524	45	21	280	823	0	15	587	906	62	0	20	371	216
2014-10-27	23:26:40	1199	111	110	590	530	44	21	280	818	0	15	592	914	63	0	20	380	216
2014-10-27	23:27:40	1199	111	110	595	534	43	20	278	813	0	15	595	921	64	0	20	387	217
2014-10-27	23:28:40	1199	111	110	597	536	43	20	280	808	0	15	598	924	63	0	20	395	216
2014-10-27	23:29:40	1199	111	110	601	540	43	20	280	803	0	15	601	930	63	0	20	402	216
2014-10-27	23:30:40	1199	111	110	605	545	43	21	280	798	0	15	606	936	63	0	20	409	216
2014-10-27	23:31:40	1199	111	110	610	550	42	21	280	793	0	15	610	944	64	0	20	416	216
2014-10-27	23:32:40	1199	111	110	613	556	43	21	280	788	0	15	614	949	65	0	20	421	216
2014-10-27	23:33:40	1199	111	110	618	560	42	21	280	783	0	15	619	957	65	0	20	428	216
2014-10-27	23:34:40	1199	111	110	622	565	41	21	280	778	0	15	624	963	66	0	20	434	216
2014-10-27	23:35:40	1199	111	110	627	571	42	22	280	773	0	7	629	971	67	0	10	440	216
2014-10-27	23:36:40	1199	111	110	624	567	44	41	280	773	0	2	644	908	101	0	10	446	216
2014-10-27	23:37:40	1199	111	110	626	565	50	52	280	773	162	2	670	814	147	0	10	452	216
2014-10-27	23:38:40	1199	111	110	627	417	56	63	280	773	162	2	656	727	197	0	10	457	216
2014-10-27	23:39:40	1199	111	110	612	267	59	82	280	1000	0	2	630	672	226	0	10	460	216
2014-10-27	23:40:40	1199	111	110	590	244	63	95	280	1000	0	2	606	634	252	0	10	463	216
2014-10-27	23:41:40	1199	111	110	568	240	68	102	280	1000	0	2	578	602	274	0	10	464	216
2014-10-27	23:42:40	1199	111	110	507	240	71	106	280	1000	0	2	520	575	292	0	10	465	216
2014-10-27	23:43:40	1199	111	110	408	241	73	107	280	1000	0	2	451	555	305	0	10	466	216
2014-10-27	23:44:40	1199	111	110	337	241	76	107	280	1000	0	2	389	537	316	0	10	466	216
2014-10-27	23:45:40	1199	111	110	301	239	79	108	280	1000	0	2	346	523	324	0	10	466	216
2014-10-27	23:46:40	1199	111	110	283	238	82	108	280	1000	0	2	318	510	330	0	10	466	216
2014-10-27	23:47:40	1199	110	110	272	237	85	108	281	998	0	2	299	501	333	0	10	466	216
2014-10-27	23:48:40	1199	109	110	266	236	88	108	281	987	0	2	288	492	336	0	10	467	216
2014-10-27	23:49:40	1199	109	110	263	237	90	109	281	971	0	2	281	484	338	0	10	467	216
2014-10-27	23:50:40	1199	109	110	260	237	93	109	281	952	0	2	275	477	339	0	10	467	216
2014-10-27	23:51:40	1199	109	110	259	238	95	109	281	931	0	2	271	471	339	0	10	467	216
2014-10-27	23:52:40	1199	109	110	258	238	98	111	281	909	0	2	268	465	339	0	10	468	216
2014-10-27	23:53:40	1199	109	110	257	239	100	111	281	886	0	2	266	460	339	0	10	468	216
2014-10-27	23:54:40	1199	109	110	257	240	103	112	281	862	0	2	264	456	338	0	10	468	216
2014-10-27	23:55:40	1199	109	110	256	241	105	113	281	838	0	2	263	451	337	0	10	468	216
2014-10-27	23:56:40	1199	109	110	256	243	107	113	281	813	0	2	262	447	336	0	10	469	216
2014-10-27	23:57:40	1199	109	110	256	243	109	114	281	788	0	2	261	443	335	0	10	469	216
2014-10-27	23:58:40	1199	109	110	256	244	111	115	281	763	0	2	261	439	333	0	10	469	216
2014-10-27	23:59:40	1199	109	110	255	246	113	116	281	738	0	2	260	436	332	0	10	469	216
2014-10-28	00:00:40	1199	109	110	255	246	115	116	281	712	0	2	259	432	331	0	10	469	216
2014-10-28	00:01:40	1199	109	110	255	247	117	117	281	686	0	2	259	429	331	0	10	470	216
2014-10-28	00:02:40	1199	109	110	255	248	118	118	281	660	0	2	259	426	329	0	10	470	216
2014-10-28	00:03:40	1199	109	110	255	248	120	118	281	634	0	2	259	423	328	0	10	470	216
2014-10-28	00:04:40	1199	109	110	255	248	122	120	281	608	0	2	258	420	327	0	10	470	216
2014-10-28	00:05:40	1199	109	110	255	249	123	121	281	582	0	2	258	418	325	0	10	471	216
2014-10-28	00:06:40	1199	109	110	255	249	125	121	281	556	0	2	258	415	324	0	10	471	216
2014-10-28	00:07:40	1199	109	110	255	249	126	122	281	530	0	2	258	413	323	0	10	471	216
2014-10-28	00:08:40	1199	109	110	255	250	128	122	283	504	0	2	258	410	322	0	10	471	215
2014-10-28	00:09:40	1199	109	110	255	250	129	123	281	478	0	2	258	408	320	0	10	471	216
2014-10-28	00:10:40	1199	109	110	255	250	131	123	283	452	0	2	258	405	319	0	10	472	215
2014-10-28	00:11:40	1199	109	110	255	250	132	125	283	426	0	2	258	403	318	0	10	472	215
2014-10-28	00:12:40	1199	109	110	255	250	133	126	281	398	0	2	257	401	317	0	10	472	216
2014-10-28	00:13:40	1199	109	110	255	250	134	126	281	370	0	2	258	399	316	0	10	472	216
2014-10-28	00:14:40	1199	109	110	255	251	136	127	283	342	0	2	258	397	315	0	10	472	215
2014-10-28	00:15:40	1199	109	110	255	251	137	128	283	314	0	2	258	395	314	0	10	472	215
2014-10-28	00:16:40	1199	109	110	255	251	138	128	283	286	0	2	258	393	313	0	10	472	215
2014-10-28	00:17:40	1199	109	110	255	251	139	128	283	258	0	2	258	391	312	0	10	472	215
2014-10-28	00:18:40	1199	110	110	256	251	140	129	284	232	0	2	258	389	311	0	10	472	215
2014-10-28	00:19:40	1199	110	110	255	250	142	130	284	203	0	2	258	387	311	0	10	473	215
2014-10-28	00:20:40	1199	110	110	255	250	143	131	284	175	0	2	258	386	310	0	10	473	215
2014-10-28	00:21:40	1199	110	110	256	250	144	131	284	147	0	2	259	385	309	0	10	473	215
2014-10-28	00:22:40	1199	109	110	256	250	145	132	283	119	0	2	259	383	308	0	10	473	215
2014-10-28	00:23:40	1199	109	110	257	250	145	132	283	92	0	2	259	381	307	0	10	473	215
2014-10-28	00:24:40	1199	109	110	258	249	146	133	283	65	0	2	259	380	307	0	10	473	215
2014-10-28	00:25:40	1199	110	110	260	249	147	133	284	39	0	2	260	378	306	0	10	473	215
2014-10-28	00:26:40	1199	109	110	263	249	149	133	283	17	0	2	260	376	305	0	10	473	215
2014-10-28	00:27:40	1199	109	110	267	249	150	134	283	-3	0	2	260	375	304	0	10	473	215
2014-10-28	00:28:40	1199	109	110	271	248	151	134	283	-18	0	2	260	373	304	0	10	473	215
2014-10-28	00:29:40	1199	109	110	273	248	152	135	283	-31	0	2	260	372	303	0	10	473	215
2014-10-28	00:30:40	1199	109	110	275	248	152	136	283	-40	0	2	261	371	302	0	10	473	215
2014-10-28	00:31:40	1199	109	110	276	248	153	136	283	-48	0	2	261	369	302	0	10	473	215
2014-10-28	00:32:40	1199	109	110	277	248	155	136	283	-55	0	2	261	368	301	0	10	472	215
2014-10-28	00:33:40	1199	109	110	277	248	156	137	283	-61	0	2	261	367	301	0	10	472	215
2014-10-28	00:34:40	1199	109	110	277	247	156	137	283	-67	0	2	262	366	300	0	10	472	215
2014-10-28	00:35:40	1199	109	110	277	247	157	137	283	-73	0	2	262	365	300	0	10	472	215
2014-10-28	00:36:40	1199	109	110	277	247	158	138	283	-79	0	2	262	364	299	0	10	472	215
2014-10-28	00:37:40	1199	109	110	276	247	159	138	283	-85	0	2	262	363	299	0	10	472	215
2014-10-28	00:38:40	1199	109	110	276	247	160	138	283	-92	0	2	262	362	298	0	10	472	215
2014-10-28	00:39:40	1199	109	110	275	247	160	138	283	-100	0	2	261	361	298	0	10	472	215
2014-10-28	00:40:41	1199	109	110	274	246	161	138	283	-108	0	2	261	360	297	0	10	472	215
2014-10-28	00:41:41	1199	109	110	274	246	163	139	283	-117	0	2	261	359	297	0	10	472	215
2014-10-28	00:42:41	1199	109	110	273	246	163	139	283	-127	0	2	261	358	296	0	10	471	215
2014-10-28	00:43:41	1199	109	110	272	246	164	139	283	-137	0	2	260	358	296	0	10	471	215
2014-10-28	00:44:41	1199	109	110	271	246	165	139	283	-148	0	2	260	358	295	0	10	471	215
2014-10-28	00:45:41	1199	108	110	270	246	165	140	283	-160	0	2	260	357	295	0	10	471	215
2014-10-28	00:46:41	1199	109	110	270	246	166	140	283	-173	0	2	260	356	294	0	10	471	215
2014-10-28	00:47:41	1199	108	110	269	246	166	140	283	-186	0	2	259	356	294	0	10	471	215
2014-10-28	00:48:41	1199	108	110	268	246	167	142	283	-201	0	2	258	355	294	0	10	470	215
2014-10-28	00:49:41	1199	108	110	266	246	168	142	283	-217	0	2	258	354	294	0	10	470	215
2014-10-28	00:50:41	1199	108	110	265	246	169	142	283	-234	0	2	257	354	293	0	10	470	215
2014-10-28	00:51:41	1199	108	110	264	246	169	142	283	-252	0	2	257	353	293	0	10	470	215
2014-10-28	00:52:41	1199	108	110	263	246	171	143	283	-271	0	2	257	352	293	0	10	469	215
2014-10-28	00:53:41	1199	108	110	262	246	171	143	283	-291	0	2	256	352	292	0	10	469	215
2014-10-28	00:54:41	1199	108	110	261	245	172	143	283	-312	0	2	256	351	292	0	10	468	215
2014-10-28	00:55:41	1199	108	110	260	246	173	143	283	-338	0	2	255	350	291	0	10	468	215
2014-10-28	00:56:41	1199	108	110	259	246	173	143	283	-361	0	2	255	350	291	0	10	467	215
2014-10-28	00:57:41	1199	109	110	258	246	173	144	287	-389	0	2	255	349	291	0	10	467	214
2014-10-28	00:58:41	1199	108	110	257	245	174	144	287	-414	0	2	255	349	290	0	10	466	214
2014-10-28	00:59:41	1199	108	110	256	245	175	144	283	-440	0	2	254	348	290	0	10	465	215
2014-10-28	01:00:41	1199	108	110	255	244	175	144	283	-471	0	2	254	347	289	0	10	464	215
2014-10-28	01:01:41	1199	108	110	254	245	176	144	287	-504	0	2	254	347	289	0	10	463	214
2014-10-28	01:02:41	1199	109	110	253	244	177	144	283	-533	0	2	254	346	289	0	10	462	215
2014-10-28	01:03:41	1199	109	110	252	244	177	145	287	-568	0	2	253	346	288	0	10	461	214
2014-10-28	01:04:41	1199	109	110	250	228	87	134	287	-604	0	7	249	397	189	0	30	460	214
2014-10-28	01:05:41	1199	109	110	283	236	56	39	287	-604	0	7	294	509	22	0	30	459	214
2014-10-28	01:06:41	1199	109	110	297	237	56	16	287	-604	0	7	302	552	53	0	30	458	214
2014-10-28	01:07:41	1199	109	110	304	248	58	13	287	-593	0	7	308	570	61	0	30	458	214
2014-10-28	01:08:41	1199	109	110	313	258	59	11	287	-574	0	7	321	584	59	0	30	457	214
2014-10-28	01:09:41	1199	109	110	323	270	59	13	287	-545	0	7	331	594	58	0	30	456	214
2014-10-28	01:10:41	1199	109	110	334	282	61	13	287	-505	0	7	342	607	62	0	30	456	214
2014-10-28	01:11:41	1199	109	110	344	291	61	15	287	-455	0	7	351	614	59	0	30	456	214
2014-10-28	01:12:41	1199	109	110	353	299	61	15	287	-395	0	7	358	624	62	0	30	455	214
2014-10-28	01:13:41	1199	109	110	359	307	59	15	287	-326	0	7	364	632	59	0	30	455	214
2014-10-28	01:14:41	1199	109	110	367	315	59	14	287	-251	0	7	371	640	61	0	30	454	214
2014-10-28	01:15:41	1199	109	110	374	323	58	15	287	-169	0	7	379	647	58	0	30	454	214
2014-10-28	01:16:41	1199	109	110	382	330	59	14	287	-79	0	7	385	655	62	0	30	454	214
2014-10-28	01:17:41	1199	109	110	386	332	59	34	287	18	0	2	392	636	76	0	10	454	214
2014-10-28	01:18:41	1199	109	110	388	331	62	53	287	118	0	2	401	578	105	0	10	453	214
2014-10-28	01:19:41	1199	109	110	388	331	64	61	287	219	0	2	404	525	130	0	10	454	214
2014-10-28	01:20:41	1199	109	110	388	331	66	69	287	320	0	2	402	483	152	0	10	453	214
2014-10-28	01:21:41	1199	109	110	387	330	68	76	287	421	0	2	397	452	173	0	10	453	214
2014-10-28	01:22:41	1199	109	110	386	328	71	83	287	521	0	2	391	431	195	0	10	453	214
2014-10-28	01:23:41	1199	109	110	384	327	75	88	287	619	0	2	384	416	212	0	10	453	214
2014-10-28	01:24:41	1199	109	110	379	326	78	92	287	714	0	2	377	405	229	0	10	453	214
2014-10-28	01:25:41	1199	109	110	375	324	79	95	287	805	0	2	370	394	240	0	10	453	214
2014-10-28	01:26:41	1199	109	110	371	322	79	96	287	892	0	2	363	386	250	0	10	452	214
2014-10-28	01:27:41	1199	109	110	366	320	81	98	287	974	0	2	358	377	255	0	10	453	214
2014-10-28	01:28:41	1199	109	110	362	319	83	99	287	1000	0	2	355	370	260	0	10	452	214
2014-10-28	01:29:41	1199	109	110	358	317	84	99	287	1000	0	2	351	364	263	0	10	452	214
2014-10-28	01:30:41	1199	109	110	356	316	87	99	287	1000	0	2	347	359	265	0	10	452	214
2014-10-28	01:31:41	1199	109	110	353	315	88	100	287	1000	0	2	343	356	267	0	10	452	214
2014-10-28	01:32:41	1199	109	110	350	314	91	100	287	1000	0	2	340	353	269	0	10	452	214
2014-10-28	01:33:41	1199	109	110	347	313	92	102	287	1000	0	2	337	350	270	0	10	452	214
2014-10-28	01:34:41	1199	109	110	344	312	94	103	287	1000	0	2	335	347	270	0	10	452	214
2014-10-28	01:35:41	1199	109	110	342	311	96	103	287	1000	0	2	332	345	271	0	10	452	214
2014-10-28	01:36:41	1199	109	110	339	311	98	103	287	1000	0	2	331	342	271	0	10	452	214
2014-10-28	01:37:41	1199	109	110	337	310	99	104	287	1000	0	2	329	340	271	0	10	452	214
2014-10-28	01:38:41	1199	109	110	335	310	101	104	287	1000	0	2	328	339	271	0	10	451	214
2014-10-28	01:39:41	1199	109	110	333	309	103	104	287	1000	0	2	326	337	271	0	10	451	214
2014-10-28	01:40:41	1199	109	110	331	308	104	105	287	1000	0	2	325	335	271	0	10	451	214
2014-10-28	01:41:41	1199	109	110	331	308	106	106	287	1000	0	2	324	334	270	0	10	451	214
2014-10-28	01:42:41	1199	109	110	330	307	107	106	287	1000	0	2	322	333	270	0	10	451	214
2014-10-28	01:43:41	1199	109	110	328	306	109	107	287	1000	0	2	321	331	270	0	10	451	214
2014-10-28	01:44:41	1199	109	110	327	305	111	107	287	1000	0	2	320	331	269	0	10	451	214
2014-10-28	01:45:41	1199	109	110	327	305	112	107	290	1000	0	2	319	330	269	0	10	451	213
2014-10-28	01:46:41	1199	110	110	325	304	113	108	289	1000	0	2	318	329	268	0	10	451	213
2014-10-28	01:47:41	1199	110	110	324	303	115	108	286	1000	0	2	316	328	268	0	10	451	214
2014-10-28	01:48:41	1199	110	110	323	302	116	108	286	1000	0	2	315	327	267	0	10	451	214
2014-10-28	01:49:41	1199	111	110	322	302	117	108	289	1000	0	2	314	326	267	0	10	451	213
2014-10-28	01:50:41	1199	111	110	321	301	120	109	289	1000	0	2	313	325	266	0	10	450	213
2014-10-28	01:51:41	1199	111	110	321	300	121	109	289	1000	0	2	312	324	266	0	10	450	213
2014-10-28	01:52:41	1199	111	110	319	299	122	109	286	1000	0	2	311	323	266	0	10	450	214
2014-10-28	01:53:41	1199	111	110	318	298	122	109	289	1000	0	2	310	322	265	0	10	450	213
2014-10-28	01:54:41	1199	111	110	317	297	125	110	289	1000	0	2	309	321	265	0	10	450	213
2014-10-28	01:55:43	1199	111	110	316	296	126	111	289	1000	0	2	308	320	264	0	10	450	213
2014-10-28	01:56:43	1199	111	110	315	295	126	111	289	1000	0	2	308	320	264	0	10	450	213
2014-10-28	01:57:43	1199	111	110	314	294	127	111	289	1000	0	2	307	319	263	0	10	450	213
2014-10-28	01:58:43	1199	111	110	313	294	128	112	289	1000	0	2	306	318	263	0	10	450	213
2014-10-28	01:59:43	1199	111	110	313	293	129	112	289	1000	0	2	305	318	262	0	10	450	213
2014-10-28	02:00:43	1199	111	110	311	291	131	112	289	1000	0	2	304	317	262	0	10	450	213
2014-10-28	02:01:43	1199	111	110	311	290	132	113	289	1000	0	2	303	316	261	0	10	449	213
2014-10-28	02:02:43	1199	111	110	310	289	132	113	289	1000	0	2	303	315	261	0	10	449	213
2014-10-28	02:03:43	1199	111	110	309	288	133	113	289	1000	0	2	302	315	260	0	10	449	213
2014-10-28	02:04:43	1199	111	110	308	287	134	113	289	1000	0	2	302	314	260	0	10	449	213
2014-10-28	02:05:43	1199	111	110	307	286	136	113	289	1000	0	2	301	314	260	0	10	449	213
2014-10-28	02:06:43	1199	111	110	307	285	137	113	289	1000	0	2	301	313	259	0	10	449	213
2014-10-28	02:07:43	1199	111	110	306	284	137	115	289	1000	0	2	300	312	259	0	10	449	213
2014-10-28	02:08:43	1199	111	110	305	283	138	115	289	1000	0	2	299	312	258	0	10	449	213
2014-10-28	02:09:43	1199	111	110	304	282	139	115	289	1000	0	2	299	311	258	0	10	449	213
2014-10-28	02:10:43	1199	111	110	304	281	140	115	289	1000	0	2	298	310	258	0	10	448	213
2014-10-28	02:11:43	1199	111	110	303	280	140	115	289	1000	0	2	298	310	257	0	10	448	213
2014-10-28	02:12:43	1199	111	110	303	279	142	116	289	1000	0	2	297	309	257	0	10	448	213
2014-10-28	02:13:43	1199	111	110	302	278	143	116	289	1000	0	2	296	309	257	0	10	448	213
2014-10-28	02:14:43	1199	111	110	301	277	143	116	289	1000	0	2	296	308	257	0	10	448	213
2014-10-28	02:15:43	1199	111	110	301	276	144	116	289	1000	0	2	295	308	256	0	10	448	213
2014-10-28	02:16:43	1199	111	110	300	275	145	117	289	1000	0	2	295	307	256	0	10	448	213
2014-10-28	02:17:43	1199	111	110	300	274	145	117	289	1000	0	2	294	307	256	0	10	448	213
2014-10-28	02:18:43	1199	111	110	299	274	146	117	289	1000	0	2	294	306	256	0	10	448	213
2014-10-28	02:19:43	1199	111	110	299	273	146	117	289	1000	0	2	294	305	255	0	10	447	213
2014-10-28	02:20:43	1199	111	110	298	272	147	118	289	1000	0	2	293	305	255	0	10	447	213
2014-10-28	02:21:43	1199	111	110	297	271	147	118	289	1000	0	2	292	305	255	0	10	447	213
2014-10-28	02:22:43	1199	111	110	297	270	149	118	289	1000	0	2	292	304	254	0	10	447	213
2014-10-28	02:23:43	1199	111	110	296	269	150	118	289	1000	0	2	291	304	254	0	10	447	213
2014-10-28	02:24:43	1199	111	110	296	269	150	119	289	1000	0	2	290	303	254	0	10	447	213
2014-10-28	02:25:43	1199	111	110	295	268	151	119	289	1000	0	2	290	303	254	0	10	447	213
2014-10-28	02:26:43	1199	111	110	295	267	151	119	289	1000	0	2	289	302	254	0	10	447	213
2014-10-28	02:27:43	1199	111	110	294	266	152	120	289	1000	0	2	288	302	253	0	10	446	213
2014-10-28	02:28:43	1199	111	110	294	266	152	120	289	1000	0	2	287	302	253	0	10	446	213
2014-10-28	02:29:43	1199	111	110	294	265	153	121	289	1000	0	2	287	301	253	0	10	446	213
2014-10-28	02:30:43	1199	111	110	293	264	153	121	289	1000	0	2	286	301	252	0	10	446	213
2014-10-28	02:31:43	1199	111	110	292	264	154	121	289	1000	0	2	285	300	252	0	10	446	213
2014-10-28	02:32:43	1199	111	110	292	263	155	121	289	1000	0	2	284	300	252	0	10	446	213
2014-10-28	02:33:43	1199	111	110	291	262	156	121	289	1000	0	2	284	300	252	0	10	446	213
2014-10-28	02:34:43	1199	111	110	290	262	156	121	289	1000	0	2	283	299	251	0	10	445	213
2014-10-28	02:35:43	1199	111	110	290	261	156	122	289	1000	0	2	282	299	251	0	10	445	213
2014-10-28	02:36:43	1199	111	110	289	260	157	122	289	1000	0	2	281	299	251	0	10	445	213
2014-10-28	02:37:43	1199	111	110	288	260	157	122	289	1000	0	2	280	298	251	0	10	445	213
2014-10-28	02:38:43	1199	111	110	288	259	158	122	289	999	0	2	280	298	251	0	10	445	213
2014-10-28	02:39:43	1199	111	110	287	259	158	122	289	997	0	2	279	298	251	0	10	445	213
2014-10-28	02:40:43	1199	111	110	286	258	159	123	289	995	0	2	278	297	250	0	10	444	213
2014-10-28	02:41:43	1199	111	110	286	257	159	123	289	992	0	2	278	297	250	0	10	444	213
2014-10-28	02:42:43	1199	111	110	285	257	160	123	289	988	0	2	277	297	250	0	10	444	213
2014-10-28	02:43:43	1199	112	110	284	256	160	123	288	984	0	2	276	297	250	0	10	444	213
2014-10-28	02:44:43	1199	111	110	284	256	160	124	289	980	0	2	275	296	250	0	10	443	213
2014-10-28	02:45:43	1199	112	110	283	255	161	125	288	974	0	2	275	296	249	0	10	443	213
2014-10-28	02:46:43	1199	112	110	282	255	161	125	288	968	0	2	274	296	249	0	10	443	213
2014-10-28	02:47:43	1199	112	110	281	254	163	125	288	962	0	2	273	295	249	0	10	442	213
2014-10-28	02:48:43	1199	112	110	281	254	163	125	288	955	0	2	273	295	249	0	10	442	213
2014-10-28	02:49:43	1199	112	110	280	253	163	125	288	948	0	2	272	295	248	0	10	442	213
2014-10-28	02:50:43	1199	112	110	280	253	164	126	288	940	0	2	271	294	248	0	10	442	213
2014-10-28	02:51:43	1199	112	110	279	253	164	126	288	931	0	2	271	294	248	0	10	441	213
2014-10-28	02:52:43	1199	112	110	279	252	165	126	288	922	0	2	271	294	248	0	10	441	213
2014-10-28	02:53:43	1199	112	110	278	252	165	126	288	912	0	2	270	294	248	0	10	440	213
2014-10-28	02:54:43	1199	112	110	277	252	165	126	288	902	0	2	269	294	247	0	10	440	213
2014-10-28	02:55:43	1199	112	110	276	251	166	127	291	888	0	2	268	294	247	0	10	440	212
2014-10-28	02:56:43	1199	112	110	276	250	166	127	291	873	0	2	268	294	247	0	10	439	212
2014-10-28	02:57:43	1199	112	110	275	250	166	127	291	858	0	2	267	294	247	0	10	439	212
2014-10-28	02:58:43	1199	112	110	274	250	167	127	288	842	0	2	266	293	247	0	10	439	213
2014-10-28	02:59:43	1199	112	110	274	249	167	127	288	828	0	2	266	293	247	0	10	438	213
2014-10-28	03:00:43	1199	112	110	274	249	168	127	291	811	0	2	266	293	246	0	10	437	212
2014-10-28	03:01:43	1199	112	110	273	249	168	128	291	793	0	2	265	292	246	0	10	437	212
2014-10-28	03:02:43	1199	112	110	272	248	168	128	291	775	0	2	265	292	246	0	10	437	212
2014-10-28	03:03:43	1199	112	110	272	248	168	128	291	759	0	2	264	292	246	0	10	436	212
2014-10-28	03:04:43	1199	112	110	271	248	169	128	288	740	0	2	264	292	246	0	10	437	213
2014-10-28	03:05:43	1199	112	110	271	248	169	128	291	721	0	2	263	292	246	0	10	436	212
2014-10-28	03:06:43	1199	112	110	271	247	169	129	291	701	0	2	263	291	244	0	10	436	212
2014-10-28	03:07:43	1199	112	110	270	247	171	129	291	684	0	2	262	291	244	0	10	435	212
2014-10-28	03:08:43	1199	112	110	270	247	171	129	288	663	0	2	262	291	244	0	10	435	213
2014-10-28	03:09:43	1199	112	110	269	246	171	129	291	642	0	2	261	291	244	0	10	435	212
2014-10-28	03:10:43	1199	112	110	269	246	171	129	291	620	0	2	261	291	244	0	10	434	212
2014-10-28	03:11:44	1199	112	110	268	246	172	129	288	598	0	2	261	290	243	0	10	434	213
2014-10-28	03:12:44	1199	112	110	268	245	172	131	291	575	0	2	260	290	243	0	10	434	212
2014-10-28	03:13:44	1199	112	110	268	244	173	131	291	552	0	2	260	290	243	0	10	434	212
2014-10-28	03:14:44	1199	112	110	267	244	173	131	291	529	0	2	260	290	243	0	10	433	212
2014-10-28	03:15:44	1199	112	110	267	244	173	131	291	505	0	2	259	290	243	0	10	433	212
2014-10-28	03:16:44	1199	112	110	267	244	173	131	291	481	0	2	259	290	243	0	10	433	212
2014-10-28	03:17:44	1199	112	110	266	243	174	131	291	456	0	2	258	290	242	0	10	433	212
2014-10-28	03:18:44	1199	112	110	266	243	174	131	291	431	0	2	258	290	242	0	10	432	212
2014-10-28	03:19:44	1199	112	110	266	243	174	132	291	406	0	2	258	289	242	0	10	432	212
2014-10-28	03:20:44	1199	112	110	265	243	175	132	291	380	0	2	258	289	242	0	10	433	212
2014-10-28	03:21:44	1199	112	110	265	242	175	132	291	354	0	2	257	289	242	0	10	432	212
2014-10-28	03:22:44	1199	112	110	264	242	175	132	291	328	0	2	257	289	242	0	10	432	212
2014-10-28	03:23:44	1199	112	110	264	242	176	133	291	301	0	2	256	289	242	0	10	432	212
2014-10-28	03:24:44	1199	112	110	264	242	176	133	291	274	0	2	256	288	242	0	10	432	212
2014-10-28	03:25:44	1199	112	110	263	241	176	133	291	247	0	2	256	288	241	0	10	432	212
2014-10-28	03:26:44	1199	112	110	263	241	177	133	291	219	0	2	255	288	241	0	10	431	212
2014-10-28	03:27:44	1199	112	110	263	241	177	133	291	191	0	2	255	288	241	0	10	431	212
2014-10-28	03:28:44	1199	112	110	263	241	177	133	291	163	0	2	255	288	241	0	10	431	212
2014-10-28	03:29:44	1199	112	110	262	241	177	134	291	134	0	2	255	288	241	0	10	431	212
2014-10-28	03:30:44	1199	112	110	262	241	178	134	291	105	0	2	254	288	241	0	10	431	212
2014-10-28	03:31:44	1199	112	110	262	241	178	134	291	76	0	2	254	287	241	0	10	431	212
2014-10-28	03:32:44	1199	112	110	262	240	178	134	291	47	0	2	254	287	241	0	10	430	212
2014-10-28	03:33:44	1199	112	110	261	240	178	134	291	17	0	2	254	287	241	0	10	430	212
2014-10-28	03:34:44	1199	112	110	261	240	179	134	291	-13	0	2	253	287	241	0	10	430	212
2014-10-28	03:35:44	1199	112	110	261	240	180	135	291	-43	0	2	253	287	240	0	10	430	212
2014-10-28	03:36:44	1199	112	110	260	240	180	136	291	-73	0	2	253	287	241	0	10	430	212
2014-10-28	03:37:44	1199	112	110	260	239	180	136	291	-104	0	2	253	286	240	0	10	430	212
2014-10-28	03:38:44	1199	112	110	260	239	180	136	291	-135	0	2	252	287	240	0	10	430	212
2014-10-28	03:39:44	1199	112	110	260	239	181	136	291	-166	0	2	252	286	240	0	10	429	212
2014-10-28	03:40:44	1199	112	110	259	239	181	136	291	-198	0	2	252	286	240	0	10	429	212
2014-10-28	03:41:44	1199	112	110	259	239	181	137	291	-230	0	2	252	286	240	0	10	429	212
2014-10-28	03:42:44	1199	112	110	259	239	182	137	291	-262	0	2	251	286	240	0	10	429	212
2014-10-28	03:43:44	1199	112	110	259	239	182	137	291	-294	0	2	251	286	240	0	10	429	212
2014-10-28	03:44:44	1199	112	110	258	238	182	137	291	-326	0	2	251	286	240	0	10	429	212
2014-10-28	03:45:44	1199	112	110	258	238	182	137	291	-359	0	2	251	286	240	0	10	429	212
2014-10-28	03:46:44	1199	112	110	258	238	182	137	291	-392	0	2	251	286	240	0	10	429	212
2014-10-28	03:47:44	1199	112	110	258	238	182	138	291	-425	0	2	251	286	240	0	10	428	212
2014-10-28	03:48:44	1199	112	110	257	238	183	138	291	-458	0	2	250	286	240	0	10	428	212
2014-10-28	03:49:44	1199	113	111	257	237	183	138	291	-492	0	2	250	286	239	0	10	428	212
2014-10-28	03:50:44	1199	112	111	257	237	183	138	291	-526	0	2	250	286	239	0	10	428	212
2014-10-28	03:51:44	1199	113	111	257	237	183	138	291	-560	0	2	250	286	239	0	10	428	212
2014-10-28	03:52:44	1199	113	111	257	237	184	138	291	-594	0	2	250	286	239	0	10	428	212
2014-10-28	03:53:44	1199	113	111	247	224	100	135	291	-628	0	7	242	339	134	0	30	428	212
2014-10-28	03:54:44	1199	113	111	285	234	60	40	291	-628	0	7	295	480	29	0	30	427	212
2014-10-28	03:55:44	1199	112	111	297	239	59	18	291	-628	0	7	303	523	61	0	30	428	212
2014-10-28	03:56:44	1199	113	111	304	249	61	14	295	-621	0	7	312	540	61	0	30	427	211
2014-10-28	03:57:44	1199	113	111	313	258	62	13	291	-605	0	7	320	553	61	0	30	427	212
2014-10-28	03:58:44	1199	113	111	322	270	62	13	291	-585	0	7	330	566	61	0	30	427	212
2014-10-28	03:59:44	1199	113	111	333	282	62	14	295	-551	0	7	341	581	62	0	30	427	211
2014-10-28	04:00:44	1199	113	111	344	291	63	16	295	-510	0	7	352	594	62	0	30	427	211
2014-10-28	04:01:44	1199	113	111	353	299	62	16	295	-458	0	7	358	603	62	0	30	427	211
2014-10-28	04:02:44	1199	113	111	359	307	62	17	291	-398	0	7	364	612	62	0	30	427	212
2014-10-28	04:03:44	1199	113	111	366	315	61	16	291	-332	0	7	372	622	62	0	30	426	212
2014-10-28	04:04:44	1199	113	111	374	323	61	16	295	-255	0	7	380	631	62	0	30	426	211
2014-10-28	04:05:44	1199	113	111	382	331	61	16	291	-173	0	7	386	640	62	0	30	426	212
2014-10-28	04:06:44	1199	113	111	388	336	62	18	295	-84	0	7	392	649	63	0	30	426	211
2014-10-28	04:07:44	1199	113	111	393	339	63	38	295	11	0	2	400	632	82	0	10	426	211
2014-10-28	04:08:44	1199	113	111	394	337	65	56	295	114	0	2	409	572	108	0	10	426	211
2014-10-28	04:09:44	1199	113	111	395	337	68	64	295	214	0	2	412	517	133	0	10	426	211
2014-10-28	04:10:44	1199	113	111	395	335	71	71	295	314	0	2	410	472	157	0	10	426	211
2014-10-28	04:11:44	1199	113	111	395	334	73	78	295	414	0	2	405	440	177	0	10	425	211
2014-10-28	04:12:44	1199	113	111	393	333	76	85	295	513	0	2	398	418	194	0	10	425	211
2014-10-28	04:13:44	1199	113	111	389	332	78	90	295	610	0	2	390	403	211	0	10	425	211
2014-10-28	04:14:44	1199	113	111	386	331	79	94	295	703	0	2	383	391	224	0	10	425	211
2014-10-28	04:15:44	1199	113	111	382	329	80	97	295	793	0	2	375	381	235	0	10	425	211
2014-10-28	04:16:44	1199	113	111	377	327	82	99	295	878	0	2	368	370	242	0	10	425	211
2014-10-28	04:17:44	1199	113	111	372	325	84	100	295	958	0	2	362	362	248	0	10	425	211
2014-10-28	04:18:44	1199	113	111	367	323	86	102	295	1000	0	2	358	357	251	0	10	425	211
2014-10-28	04:19:44	1199	113	111	363	322	88	103	295	1000	0	2	354	352	254	0	10	424	211
2014-10-28	04:20:44	1199	113	111	359	321	90	104	295	1000	0	2	350	347	256	0	10	424	211
2014-10-28	04:21:44	1199	113	111	357	319	92	104	295	1000	0	2	347	343	257	0	10	424	211
2014-10-28	04:22:44	1199	113	111	353	318	94	106	295	1000	0	2	343	339	258	0	10	424	211
2014-10-28	04:23:44	1199	113	111	350	317	95	106	295	1000	0	2	340	336	259	0	10	424	211
2014-10-28	04:24:44	1199	113	111	347	316	96	107	295	1000	0	2	338	333	260	0	10	424	211
2014-10-28	04:25:45	1199	113	111	344	315	99	107	295	1000	0	2	335	331	260	0	10	424	211
2014-10-28	04:26:45	1199	113	111	341	315	100	107	295	1000	0	2	333	329	260	0	10	424	211
2014-10-28	04:27:45	1199	113	111	339	314	102	108	295	1000	0	2	331	328	260	0	10	423	211
2014-10-28	04:28:45	1199	113	111	337	313	103	108	295	1000	0	2	331	326	260	0	10	423	211
2014-10-28	04:29:45	1199	113	111	335	312	104	108	295	1000	0	2	329	324	260	0	10	423	211
2014-10-28	04:30:45	1199	113	111	334	311	106	109	295	1000	0	2	328	322	260	0	10	423	211
2014-10-28	04:31:45	1199	113	111	332	311	108	109	295	1000	0	2	327	321	260	0	10	423	211
2014-10-28	04:32:45	1199	113	111	331	310	109	109	295	1000	0	2	325	320	260	0	10	422	211
2014-10-28	04:33:45	1199	113	111	331	309	111	111	295	1000	0	2	325	319	259	0	10	422	211
2014-10-28	04:34:45	1199	113	111	330	308	112	111	295	1000	0	2	323	317	259	0	10	422	211
2014-10-28	04:35:45	1199	113	111	329	307	113	111	295	1000	0	2	321	316	259	0	10	422	211
2014-10-28	04:36:45	1199	113	111	328	306	115	111	295	1000	0	2	320	315	258	0	10	422	211
2014-10-28	04:37:45	1199	113	111	327	305	116	112	295	1000	0	2	319	314	258	0	10	422	211
2014-10-28	04:38:45	1199	113	111	326	304	117	112	295	1000	0	2	318	313	257	0	10	421	211
2014-10-28	04:39:45	1199	113	111	325	303	118	113	295	1000	0	2	317	313	257	0	10	421	211
2014-10-28	04:40:45	1199	113	111	324	302	120	113	295	1000	0	2	316	312	257	0	10	421	211
2014-10-28	04:41:45	1199	113	111	322	301	121	113	295	1000	0	2	314	311	256	0	10	421	211
2014-10-28	04:42:45	1199	113	111	321	300	122	113	295	1000	0	2	313	310	256	0	10	421	211
2014-10-28	04:43:45	1199	113	111	320	299	123	113	295	1000	0	2	312	309	256	0	10	421	211
2014-10-28	04:44:45	1199	113	111	319	298	125	115	295	1000	0	2	311	308	255	0	10	420	211
2014-10-28	04:45:45	1199	113	111	318	296	126	115	295	1000	0	2	310	308	255	0	10	420	211
2014-10-28	04:46:45	1199	113	111	317	295	127	115	295	1000	0	2	310	307	254	0	10	420	211
2014-10-28	04:47:45	1199	113	111	316	294	128	115	295	1000	0	2	309	306	254	0	10	420	211
2014-10-28	04:48:45	1199	113	111	315	294	129	116	295	1000	0	2	308	306	254	0	10	420	211
2014-10-28	04:49:45	1199	113	111	314	293	130	116	295	1000	0	2	307	305	253	0	10	420	211
2014-10-28	04:50:45	1199	114	111	313	291	131	116	293	1000	0	2	306	305	253	0	10	420	211
2014-10-28	04:51:45	1199	113	111	312	290	132	117	295	1000	0	14	305	304	253	0	20	420	211
2014-10-28	04:52:45	1199	113	111	361	367	62	79	295	1000	0	15	412	555	50	0	20	420	211
2014-10-28	04:53:45	1199	113	111	448	444	56	35	295	1000	0	15	477	664	40	0	20	419	211
2014-10-28	04:54:45	1199	113	111	507	481	56	27	295	1000	0	15	525	740	69	0	20	418	211
2014-10-28	04:55:45	1199	113	111	544	504	56	29	295	1000	0	15	558	787	71	0	20	418	211
2014-10-28	04:56:45	1199	113	111	567	518	58	30	295	1000	0	15	578	818	72	0	20	418	211
2014-10-28	04:57:45	1199	114	111	582	528	58	31	293	1000	0	15	589	837	74	0	20	420	211
2014-10-28	04:58:45	1199	113	111	593	535	59	33	295	1000	0	15	599	855	78	0	20	422	211
2014-10-28	04:59:45	1199	113	111	600	543	59	34	295	1000	0	15	606	868	76	0	20	426	211
2014-10-28	05:00:45	1199	113	111	606	548	59	35	295	1000	0	15	610	880	76	0	20	429	211
2014-10-28	05:01:45	1199	114	111	612	553	59	35	293	1000	0	15	616	893	78	0	20	433	211
2014-10-28	05:02:45	1199	114	111	616	557	58	35	293	1000	0	15	621	904	76	0	20	437	211
2014-10-28	05:03:46	1199	114	111	620	563	58	34	293	1000	0	15	624	914	76	0	20	442	211
2014-10-28	05:04:46	1199	114	111	624	567	58	35	293	1000	0	15	628	923	79	0	20	447	211
2014-10-28	05:05:46	1199	114	111	628	570	59	38	293	1000	0	2	635	922	83	0	10	452	211
2014-10-28	05:06:46	1199	114	111	628	565	64	61	293	1000	162	2	660	829	124	0	10	456	211
2014-10-28	05:07:46	1199	115	111	628	493	69	69	294	1000	162	2	659	732	168	0	10	460	211
2014-10-28	05:08:46	1199	115	111	621	313	72	78	294	1000	0	2	636	651	214	0	10	463	211
2014-10-28	05:09:46	1199	114	111	600	283	76	91	293	1000	0	2	613	601	242	0	10	466	211
2014-10-28	05:10:46	1199	114	111	579	274	79	102	293	1000	0	2	588	568	263	0	10	468	211
2014-10-28	05:11:46	1199	114	111	535	269	82	109	293	1000	0	2	542	540	277	0	10	469	211
2014-10-28	05:12:46	1199	114	111	445	266	84	112	293	1000	0	2	478	517	287	0	10	469	211
2014-10-28	05:13:46	1199	114	111	372	263	87	115	293	1000	0	2	419	498	295	0	10	469	211
2014-10-28	05:14:46	1199	114	111	333	261	89	116	293	1000	0	2	373	482	301	0	10	469	211
2014-10-28	05:15:46	1199	114	111	313	259	91	116	293	1000	0	2	345	469	305	0	10	468	211
2014-10-28	05:16:46	1199	114	111	301	259	94	116	293	1000	0	2	326	459	309	0	10	468	211
2014-10-28	05:17:46	1199	114	111	294	259	96	117	293	1000	0	2	313	450	311	0	10	467	211
2014-10-28	05:18:46	1199	114	111	290	259	98	117	293	1000	0	2	303	442	313	0	10	467	211
2014-10-28	05:19:46	1199	114	111	287	260	100	117	293	996	0	2	296	435	313	0	10	466	211
2014-10-28	05:20:46	1199	114	111	284	260	103	118	296	989	0	2	292	430	314	0	10	465	210
2014-10-28	05:21:46	1199	114	111	282	261	104	118	293	980	0	2	288	425	314	0	10	465	211
2014-10-28	05:22:46	1199	113	111	281	261	107	118	295	969	0	2	285	420	313	0	10	465	211
2014-10-28	05:23:46	1199	114	111	279	262	109	119	293	954	0	2	283	417	313	0	10	465	211
2014-10-28	05:24:46	1199	114	111	278	262	111	120	293	940	0	2	280	413	312	0	10	465	211
2014-10-28	05:25:46	1199	113	111	277	262	112	121	295	923	0	2	278	410	311	0	10	465	211
2014-10-28	05:26:46	1199	113	111	277	263	115	121	295	905	0	2	277	406	310	0	10	465	211
2014-10-28	05:27:46	1199	114	111	276	263	116	121	293	888	0	2	276	403	309	0	10	465	211
2014-10-28	05:28:46	1199	114	111	275	263	117	122	293	871	0	2	275	400	308	0	10	465	211
2014-10-28	05:29:46	1199	114	111	275	264	120	122	293	853	0	2	274	397	307	0	10	465	211
2014-10-28	05:30:46	1199	114	111	274	264	121	123	293	835	0	2	273	395	306	0	10	465	211
2014-10-28	05:31:46	1199	114	111	274	264	122	124	296	816	0	2	272	392	304	0	10	465	210
2014-10-28	05:32:46	1199	114	111	273	264	124	125	296	796	0	2	272	389	303	0	10	465	210
2014-10-28	05:33:46	1199	114	111	273	265	126	125	293	776	0	2	271	387	302	0	10	465	211
2014-10-28	05:34:46	1199	114	111	272	265	127	126	293	755	0	2	271	386	301	0	10	465	211
2014-10-28	05:35:46	1199	114	111	272	265	128	126	293	735	0	2	270	383	300	0	10	465	211
2014-10-28	05:36:46	1199	113	111	272	265	129	127	296	711	0	2	270	381	299	0	10	465	210
2014-10-28	05:37:46	1199	113	111	271	265	131	128	295	687	0	2	270	379	298	0	10	465	211
2014-10-28	05:38:46	1199	113	111	271	265	133	128	296	663	0	2	269	376	297	0	10	465	210
2014-10-28	05:39:46	1199	113	111	271	265	133	129	295	639	0	2	269	374	296	0	10	465	211
2014-10-28	05:40:47	1199	113	111	271	265	135	129	295	615	0	2	269	372	295	0	10	465	211
2014-10-28	05:41:47	1199	113	111	270	264	137	130	295	591	0	2	269	370	294	0	10	465	211
2014-10-28	05:42:47	1199	113	111	270	264	138	131	295	566	0	2	269	368	294	0	10	466	211
2014-10-28	05:43:47	1199	113	111	270	264	139	131	295	540	0	2	268	366	294	0	10	465	211
2014-10-28	05:44:47	1199	113	111	270	264	140	132	295	514	0	2	268	365	293	0	10	466	211
2014-10-28	05:45:47	1199	113	111	270	264	142	132	295	489	0	2	268	363	292	0	10	466	211
2014-10-28	05:46:47	1199	113	112	270	263	142	133	296	463	0	2	268	362	292	0	10	466	210
2014-10-28	05:47:47	1199	113	112	269	263	143	133	295	438	0	2	268	360	291	0	10	466	211
2014-10-28	05:48:47	1199	113	112	269	263	144	134	296	413	0	2	268	359	290	0	10	465	210
2014-10-28	05:49:47	1199	113	112	269	263	145	135	296	386	0	2	268	358	290	0	10	465	210
2014-10-28	05:50:47	1199	113	112	269	262	146	136	296	360	0	2	268	357	289	0	10	466	210
2014-10-28	05:51:47	1199	113	112	269	262	147	136	296	333	0	2	268	356	289	0	10	465	210
2014-10-28	05:52:47	1199	113	112	269	262	149	137	296	307	0	2	268	355	288	0	10	465	210
2014-10-28	05:53:47	1199	113	112	269	262	149	137	296	281	0	2	268	354	288	0	10	465	210
2014-10-28	05:54:47	1199	113	112	269	262	150	138	296	255	0	2	268	353	287	0	10	465	210
2014-10-28	05:55:47	1199	113	112	269	261	151	138	295	228	0	2	268	352	287	0	10	465	211
2014-10-28	05:56:47	1199	113	112	269	261	152	139	295	201	0	2	268	351	286	0	10	465	211
2014-10-28	05:57:47	1199	113	112	269	261	153	139	295	175	0	2	268	350	286	0	10	465	211
2014-10-28	05:58:47	1199	113	112	269	261	154	140	296	148	0	2	268	349	285	0	10	465	210
2014-10-28	05:59:47	1199	113	112	269	261	155	140	295	121	0	2	268	348	285	0	10	465	211
2014-10-28	06:00:47	1199	113	112	269	260	156	140	296	94	0	2	268	347	284	0	10	465	210
2014-10-28	06:01:47	1199	113	112	269	260	157	142	296	67	0	2	268	346	284	0	10	465	210
2014-10-28	06:02:47	1199	113	112	269	259	157	142	296	40	0	2	268	345	283	0	10	465	210
2014-10-28	06:03:47	1199	113	112	269	259	158	142	296	13	0	2	268	344	283	0	10	465	210
2014-10-28	06:04:47	1199	113	112	269	259	159	143	296	-14	0	2	268	343	283	0	10	465	210
2014-10-28	06:05:47	1199	113	112	270	258	159	143	296	-41	0	2	268	342	282	0	10	465	210
2014-10-28	06:06:47	1199	113	112	270	258	160	143	296	-67	0	2	268	342	282	0	10	464	210
2014-10-28	06:07:47	1199	113	112	271	258	160	143	296	-93	0	2	268	341	281	0	10	464	210
2014-10-28	06:08:47	1199	113	112	272	258	161	144	296	-118	0	2	268	340	281	0	10	464	210
2014-10-28	06:09:47	1199	113	112	274	257	163	144	296	-142	0	2	268	339	281	0	10	464	210
2014-10-28	06:10:47	1199	113	112	276	257	164	144	296	-164	0	2	268	339	281	0	10	464	210
2014-10-28	06:11:47	1199	113	112	278	257	164	144	296	-183	0	2	268	338	280	0	10	464	210
2014-10-28	06:12:47	1199	113	112	281	256	165	145	296	-200	0	2	268	337	280	0	10	464	210
2014-10-28	06:13:47	1199	113	112	282	256	165	145	296	-215	0	2	269	337	279	0	10	464	210
2014-10-28	06:14:47	1199	113	112	284	256	166	145	296	-228	0	2	269	336	279	0	10	463	210
2014-10-28	06:15:47	1199	113	112	285	256	167	146	296	-240	0	2	268	335	279	0	10	463	210
2014-10-28	06:16:47	1199	113	112	286	255	167	146	296	-251	0	2	269	335	279	0	10	463	210
2014-10-28	06:17:47	1199	113	112	286	255	168	146	296	-261	0	2	268	334	278	0	10	463	210
2014-10-28	06:18:47	1199	113	112	287	255	168	146	296	-271	0	2	269	334	278	0	10	463	210
2014-10-28	06:19:47	1199	113	112	287	255	169	147	296	-280	0	2	269	333	278	0	10	462	210
2014-10-28	06:20:47	1199	113	112	287	254	169	147	296	-289	0	2	268	333	277	0	10	462	210
2014-10-28	06:21:47	1199	113	112	287	254	171	147	296	-298	0	2	269	332	277	0	10	462	210
2014-10-28	06:22:47	1199	113	112	287	254	171	147	296	-307	0	2	268	332	277	0	10	461	210
2014-10-28	06:23:47	1199	113	112	286	254	172	148	296	-316	0	2	269	331	277	0	10	461	210
2014-10-28	06:24:47	1199	113	112	286	254	172	149	296	-325	0	2	268	331	276	0	10	461	210
2014-10-28	06:25:47	1199	113	112	286	254	173	149	296	-335	0	2	268	331	276	0	10	461	210
2014-10-28	06:26:47	1199	113	112	286	253	173	149	296	-345	0	2	268	331	276	0	10	460	210
2014-10-28	06:27:47	1199	113	112	285	254	174	149	296	-355	0	2	268	330	275	0	10	460	210
2014-10-28	06:28:47	1199	113	112	285	253	175	149	296	-366	0	2	268	330	276	0	10	460	210
2014-10-28	06:29:47	1199	113	112	284	253	175	150	296	-377	0	2	267	329	275	0	10	459	210
2014-10-28	06:30:47	1199	113	112	284	253	176	150	296	-389	0	2	267	329	275	0	10	459	210
2014-10-28	06:31:47	1199	113	112	283	253	176	150	296	-401	0	2	267	328	274	0	10	458	210
2014-10-28	06:32:47	1199	113	112	283	253	176	150	296	-414	0	2	266	328	274	0	10	458	210
2014-10-28	06:33:47	1199	113	112	282	253	177	150	296	-427	0	2	266	327	274	0	10	458	210
2014-10-28	06:34:47	1199	113	112	282	253	177	151	296	-441	0	2	266	327	274	0	10	457	210
2014-10-28	06:35:47	1199	113	112	281	253	178	151	296	-455	0	2	265	327	274	0	10	457	210
2014-10-28	06:36:47	1199	113	112	281	253	178	151	296	-470	0	2	265	326	273	0	10	457	210
2014-10-28	06:37:47	1199	113	112	280	253	180	151	296	-485	0	2	265	326	273	0	10	456	210
2014-10-28	06:38:47	1199	113	112	280	252	180	151	296	-501	0	2	264	325	273	0	10	456	210
2014-10-28	06:39:47	1199	113	112	279	252	181	152	296	-517	0	2	264	325	273	0	10	456	210
2014-10-28	06:40:47	1199	113	112	278	252	181	152	296	-534	0	2	264	325	272	0	10	455	210
2014-10-28	06:41:47	1199	113	112	278	252	181	152	296	-552	0	2	263	324	272	0	10	455	210
2014-10-28	06:42:47	1199	113	112	277	252	182	152	296	-570	0	2	263	324	272	0	10	454	210
2014-10-28	06:43:47	1199	113	112	276	252	182	152	296	-589	0	2	263	324	272	0	10	454	210
2014-10-28	06:44:47	1199	113	112	264	230	91	139	296	-609	0	7	257	389	143	0	30	454	210
2014-10-28	06:45:47	1199	113	112	288	237	59	41	296	-609	0	7	297	498	26	0	30	453	210
2014-10-28	06:46:47	1199	113	112	298	238	58	19	296	-609	0	7	303	540	58	0	30	453	210
2014-10-28	06:47:47	1199	113	112	303	248	60	14	296	-606	0	7	309	557	61	0	30	453	210
2014-10-28	06:48:47	1199	113	112	311	256	61	13	296	-596	0	7	319	570	60	0	30	453	210
2014-10-28	06:49:47	1199	113	112	321	267	61	13	296	-578	0	7	329	581	61	0	30	452	210
2014-10-28	06:50:47	1199	113	112	331	278	62	14	296	-550	0	7	338	593	61	0	30	452	210
2014-10-28	06:51:47	1199	113	112	340	287	63	16	296	-513	0	7	346	602	63	0	30	452	210
2014-10-28	06:52:47	1199	113	112	348	294	62	17	296	-467	0	7	354	611	62	0	30	451	210
2014-10-28	06:53:47	1199	113	112	355	301	61	16	296	-413	0	7	359	617	62	0	30	451	210
2014-10-28	06:54:47	1199	113	112	361	308	61	16	296	-352	0	7	365	627	62	0	30	451	210
2014-10-28	06:55:47	1199	113	112	367	316	61	16	296	-286	0	7	372	633	60	0	30	451	210
2014-10-28	06:56:48	1199	113	112	374	322	60	16	296	-213	0	7	377	641	63	0	30	450	210
2014-10-28	06:57:48	1199	113	112	381	329	62	16	296	-133	0	7	385	647	61	0	30	450	210
2014-10-28	06:58:48	1199	113	112	386	334	62	19	296	-46	0	7	388	654	68	0	30	450	210
2014-10-28	06:59:48	1199	113	112	390	336	57	36	296	46	0	2	398	634	75	0	10	449	210
2014-10-28	07:00:48	1199	113	112	391	335	59	52	296	140	0	2	407	574	103	0	10	449	210
2014-10-28	07:01:48	1199	113	112	391	334	62	59	296	235	0	2	410	521	127	0	10	449	210
2014-10-28	07:02:48	1199	113	112	392	333	66	66	296	331	0	2	408	478	150	0	10	448	210
2014-10-28	07:03:48	1199	113	112	392	332	69	72	296	427	0	2	402	448	172	0	10	448	210
2014-10-28	07:04:48	1199	113	112	390	331	71	79	296	523	0	2	395	427	193	0	10	448	210
2014-10-28	07:05:48	1199	113	112	388	331	72	84	296	616	0	2	387	412	209	0	10	447	210
2014-10-28	07:06:48	1199	113	112	384	329	73	88	299	706	0	2	381	400	226	0	10	447	209
2014-10-28	07:07:48	1199	113	112	380	327	76	91	296	790	0	2	373	390	237	0	10	447	210
2014-10-28	07:08:48	1199	113	112	374	325	79	92	296	869	0	2	367	381	244	0	10	447	210
2014-10-28	07:09:48	1199	113	112	369	323	80	95	299	946	0	2	361	372	251	0	10	447	209
2014-10-28	07:10:48	1199	113	112	365	322	83	95	296	1000	0	2	358	365	255	0	10	446	210
2014-10-28	07:11:48	1199	113	112	361	320	84	98	296	1000	0	2	354	359	258	0	10	446	210
2014-10-28	07:12:48	1199	113	112	358	319	86	98	296	1000	0	2	350	356	261	0	10	446	210
2014-10-28	07:13:48	1199	113	112	355	318	88	99	296	1000	0	2	346	352	262	0	10	446	210
2014-10-28	07:14:48	1199	113	112	352	317	90	99	296	1000	0	2	343	349	264	0	10	446	210
2014-10-28	07:15:48	1199	113	112	349	316	92	99	296	1000	0	2	340	346	265	0	10	445	210
2014-10-28	07:16:48	1199	113	112	347	315	94	100	299	1000	0	2	337	343	266	0	10	445	209
2014-10-28	07:17:48	1199	113	112	344	314	95	100	296	1000	0	2	335	340	266	0	10	445	210
2014-10-28	07:18:48	1199	113	112	342	314	97	102	296	1000	0	2	333	338	266	0	10	445	210
2014-10-28	07:19:48	1199	113	112	339	313	99	102	296	1000	0	2	331	336	267	0	10	445	210
2014-10-28	07:20:48	1199	113	112	337	312	100	102	296	1000	0	2	330	334	267	0	10	445	210
2014-10-28	07:21:48	1199	113	112	335	311	102	103	296	1000	0	2	329	332	266	0	10	445	210
2014-10-28	07:22:48	1199	113	112	334	311	104	103	296	1000	0	2	327	331	266	0	10	444	210
2014-10-28	07:23:48	1199	113	112	332	310	106	104	296	1000	0	2	326	330	266	0	10	444	210
2014-10-28	07:24:48	1199	113	112	331	309	107	104	296	1000	0	2	324	329	266	0	10	444	210
2014-10-28	07:25:48	1199	113	112	331	309	108	106	296	1000	0	2	323	328	266	0	10	444	210
2014-10-28	07:26:48	1199	113	112	329	308	109	106	296	1000	0	2	322	326	265	0	10	444	210
2014-10-28	07:27:48	1199	113	112	329	307	111	106	296	1000	0	2	321	325	265	0	10	444	210
2014-10-28	07:28:48	1199	113	112	328	306	113	107	296	1000	0	2	320	324	265	0	10	444	210
2014-10-28	07:29:48	1199	113	112	326	305	115	108	296	1000	0	2	318	323	264	0	10	444	210
2014-10-28	07:30:48	1199	113	112	325	305	116	108	296	1000	0	2	317	322	264	0	10	443	210
2014-10-28	07:31:48	1199	113	112	324	304	117	108	296	1000	0	2	316	321	263	0	10	444	210
2014-10-28	07:32:48	1199	113	112	323	303	118	108	296	1000	0	2	315	320	263	0	10	443	210
2014-10-28	07:33:48	1199	113	112	322	302	120	109	296	1000	0	2	314	319	262	0	10	443	210
2014-10-28	07:34:48	1199	113	112	321	301	121	109	296	1000	0	2	313	318	262	0	10	443	210
2014-10-28	07:35:48	1199	113	112	320	300	122	109	296	1000	0	2	312	317	261	0	10	443	210
2014-10-28	07:36:48	1199	113	112	319	299	123	111	296	1000	0	2	311	317	261	0	10	443	210
2014-10-28	07:37:48	1199	113	112	318	298	125	111	296	1000	0	2	310	316	260	0	10	443	210
2014-10-28	07:38:48	1199	113	112	317	297	126	111	296	1000	0	2	309	315	260	0	10	443	210
2014-10-28	07:39:48	1199	113	112	316	296	127	112	296	1000	0	2	309	315	260	0	10	443	210
2014-10-28	07:40:48	1199	113	112	315	295	128	112	296	1000	0	2	308	314	259	0	10	442	210
2014-10-28	07:41:48	1199	113	112	314	294	128	112	296	1000	0	2	307	313	259	0	10	442	210
2014-10-28	07:42:48	1199	113	112	313	294	129	112	296	1000	0	2	306	313	258	0	10	442	210
2014-10-28	07:43:48	1199	113	112	312	293	131	113	296	1000	0	2	305	312	258	0	10	442	210
2014-10-28	07:44:48	1199	113	112	312	291	132	113	296	1000	0	2	305	311	257	0	10	442	210
2014-10-28	07:45:48	1199	113	112	311	290	133	113	296	1000	0	2	304	311	257	0	10	442	210
2014-10-28	07:46:48	1199	113	112	310	289	133	114	296	1000	0	2	304	310	257	0	10	441	210
2014-10-28	07:47:48	1199	113	112	309	288	134	115	296	1000	0	2	303	309	256	0	10	441	210
2014-10-28	07:48:48	1199	113	112	309	287	135	115	296	1000	0	2	302	309	256	0	10	441	210
2014-10-28	07:49:48	1199	113	112	308	286	137	115	296	1000	0	2	302	308	256	0	10	441	210
2014-10-28	07:50:48	1199	113	112	307	285	137	116	296	1000	0	2	301	307	255	0	10	441	210
2014-10-28	07:51:48	1199	113	112	306	284	138	116	296	1000	0	2	301	307	255	0	10	441	210
2014-10-28	07:52:48	1199	113	112	306	283	139	116	296	1000	0	2	300	306	255	0	10	441	210
2014-10-28	07:53:48	1199	113	112	305	282	139	116	296	1000	0	2	299	306	254	0	10	440	210
2014-10-28	07:54:48	1199	113	112	304	281	140	117	296	1000	0	2	299	305	254	0	10	440	210
2014-10-28	07:55:48	1199	113	112	304	280	141	117	296	1000	0	2	298	305	254	0	10	439	210
2014-10-28	07:56:48	1199	113	112	303	279	142	117	296	1000	0	2	297	304	253	0	10	438	210
2014-10-28	07:57:48	1199	113	112	303	278	143	117	296	1000	0	2	297	303	253	0	10	436	210
2014-10-28	07:58:48	1199	113	112	302	277	143	118	296	1000	0	2	296	303	253	0	10	433	210
2014-10-28	07:59:48	1199	113	112	301	277	144	118	296	1000	0	2	296	303	253	0	10	430	210
2014-10-28	08:00:48	1199	113	112	301	276	144	118	296	1000	0	2	295	302	253	0	10	427	210
2014-10-28	08:01:48	1199	113	112	300	275	145	118	296	1000	0	2	294	302	252	0	10	425	210
2014-10-28	08:02:48	1199	113	112	300	274	146	118	296	1000	0	2	294	301	252	0	10	422	210
2014-10-28	08:03:48	1199	113	112	299	273	146	120	296	1000	0	2	294	301	252	0	10	420	210
2014-10-28	08:04:48	1199	113	112	299	273	147	120	296	1000	0	2	293	300	251	0	10	420	210
2014-10-28	08:05:48	1199	113	112	298	271	147	120	296	1000	0	14	293	300	251	0	20	419	210
2014-10-28	08:06:48	1199	113	112	380	351	61	71	296	1000	0	15	429	573	45	0	20	419	210
2014-10-28	08:07:48	1199	113	112	459	445	56	35	296	1000	0	15	490	679	48	0	20	419	210
2014-10-28	08:08:48	1199	113	112	515	488	58	29	296	1000	0	15	533	750	72	0	20	419	210
2014-10-28	08:09:48	1199	113	112	551	511	59	30	296	1000	0	15	565	795	72	0	20	420	210
2014-10-28	08:10:48	1199	113	112	574	526	60	32	296	1000	0	15	585	825	75	0	20	421	210
