Divisors		1	10	10	10	10	10	10	10	10	1	1	10	10	10	100	1	10	10
Date	Time	Version	BT1	BT1 Mean	BT2	BT3	BT10	BT11	Calc Supply	GM	Alarm	RELAYS PCA BASE	BT12	BT14	BT17	Tot.int.add.	Prio	BT6	BT50
2014-11-06	15:27:17	1199	9	8	316	300	113	100	353	426	0	2	315	389	306	0	10	469	208
2014-11-06	15:28:17	1199	9	8	316	300	115	100	350	389	0	2	315	387	305	0	10	470	209
2014-11-06	15:29:17	1199	9	8	315	299	116	102	353	352	0	2	315	386	304	0	10	470	208
2014-11-06	15:30:17	1199	9	8	315	299	118	103	353	317	0	2	314	383	303	0	10	470	208
2014-11-06	15:31:17	1199	9	8	315	298	120	103	353	279	0	2	313	381	302	0	10	470	208
2014-11-06	15:32:17	1199	9	8	314	297	121	104	353	241	0	2	313	379	301	0	10	470	208
2014-11-06	15:33:17	1199	9	8	314	297	122	105	353	202	0	2	313	377	300	0	10	470	208
2014-11-06	15:34:17	1199	9	8	313	296	123	106	353	163	0	2	312	375	300	0	10	470	208
2014-11-06	15:35:17	1199	9	8	313	295	125	107	353	124	0	2	312	373	299	0	10	470	208
2014-11-06	15:36:17	1199	9	8	313	294	126	107	353	84	0	2	311	371	298	0	10	470	208
2014-11-06	15:37:17	1199	9	8	313	294	127	108	353	44	0	2	311	370	297	0	10	470	208
2014-11-06	15:38:17	1199	9	8	312	294	128	109	353	4	0	2	310	368	296	0	10	470	208
2014-11-06	15:39:17	1199	9	8	312	293	129	109	353	-37	0	2	310	366	295	0	10	470	208
2014-11-06	15:40:17	1199	9	8	312	292	131	111	353	-78	0	2	310	365	295	0	10	470	208
2014-11-06	15:41:17	1199	9	8	311	291	132	112	353	-119	0	2	309	363	294	0	10	470	208
2014-11-06	15:42:17	1199	9	8	311	291	133	112	353	-161	0	2	309	362	294	0	10	470	208
2014-11-06	15:43:17	1199	9	8	311	290	134	113	353	-203	0	2	308	361	294	0	10	470	208
2014-11-06	15:44:17	1199	9	8	310	289	136	113	353	-245	0	2	308	359	293	0	10	470	208
2014-11-06	15:45:17	1199	9	8	310	288	137	115	353	-288	0	2	307	358	293	0	10	470	208
2014-11-06	15:46:17	1199	9	8	310	288	138	115	353	-331	0	2	307	358	292	0	10	470	208
2014-11-06	15:47:17	1199	9	8	309	287	139	116	353	-375	0	2	307	357	291	0	10	469	208
2014-11-06	15:48:17	1199	9	8	309	286	139	116	353	-421	0	2	306	356	291	0	10	469	208
2014-11-06	15:49:17	1199	9	8	308	285	140	117	355	-465	0	2	305	355	290	0	10	469	207
2014-11-06	15:50:17	1199	9	8	308	285	142	117	355	-510	0	2	305	354	290	0	10	469	207
2014-11-06	15:51:17	1199	9	8	308	284	143	118	353	-555	0	2	304	353	289	0	10	469	208
2014-11-06	15:52:17	1199	9	8	307	283	143	118	353	-600	0	2	304	352	289	0	10	469	208
2014-11-06	15:53:17	1199	9	8	294	264	50	86	353	-646	0	7	298	482	48	0	30	469	208
2014-11-06	15:54:18	1199	9	8	320	272	43	21	353	-646	0	7	328	541	13	0	30	469	208
2014-11-06	15:55:18	1199	9	8	328	273	44	5	355	-646	0	7	331	582	47	0	30	469	207
2014-11-06	15:56:18	1199	9	8	331	280	45	4	353	-673	0	7	333	596	49	0	30	469	208
2014-11-06	15:57:18	1199	9	8	336	286	46	2	353	-697	0	7	341	608	50	0	30	469	208
2014-11-06	15:58:18	1199	9	8	342	290	47	4	353	-715	0	7	346	614	48	0	30	469	208
2014-11-06	15:59:18	1199	9	8	347	294	47	4	353	-727	0	7	350	621	53	0	30	469	208
2014-11-06	16:00:18	1199	9	8	351	299	47	5	353	-735	0	7	355	624	50	0	30	468	208
2014-11-06	16:01:18	1199	9	8	356	304	47	6	355	-736	0	7	358	631	53	0	30	468	207
2014-11-06	16:02:18	1199	9	8	359	308	47	5	355	-732	0	7	362	634	47	0	30	468	207
2014-11-06	16:03:18	1199	9	8	362	312	46	4	355	-728	0	7	364	640	52	0	30	468	207
2014-11-06	16:04:18	1199	9	8	366	315	46	4	353	-720	0	7	369	643	47	0	30	468	208
2014-11-06	16:05:18	1199	9	8	369	318	47	4	355	-709	0	7	370	647	52	0	30	468	207
2014-11-06	16:06:18	1199	9	8	372	321	49	6	355	-695	0	7	375	650	50	0	30	468	207
2014-11-06	16:07:18	1199	9	8	375	324	46	6	353	-677	0	7	376	653	52	0	30	467	208
2014-11-06	16:08:18	1199	9	8	377	326	41	4	353	-657	0	7	379	658	48	0	30	468	208
2014-11-06	16:09:18	1199	9	8	379	329	37	1	355	-635	0	7	381	660	39	0	30	467	207
2014-11-06	16:10:18	1199	9	8	380	331	35	-2	355	-609	0	7	381	665	43	0	30	467	207
2014-11-06	16:11:18	1199	9	8	382	332	34	-5	355	-583	0	7	384	669	40	0	30	467	207
2014-11-06	16:12:18	1199	9	8	384	334	32	-5	355	-556	0	7	384	670	38	0	30	467	207
2014-11-06	16:13:18	1199	9	8	385	335	32	-5	355	-527	0	7	386	674	41	0	30	466	207
2014-11-06	16:14:18	1199	9	8	386	336	31	-6	355	-497	0	7	387	674	35	0	30	466	207
2014-11-06	16:15:18	1199	9	8	387	338	30	-6	355	-466	0	7	387	678	39	0	30	466	207
2014-11-06	16:16:18	1199	9	8	388	339	29	-6	355	-434	0	7	389	679	37	0	30	466	207
2014-11-06	16:17:18	1199	9	8	389	340	29	-6	355	-401	0	7	389	680	37	0	30	465	207
2014-11-06	16:18:18	1199	9	8	390	342	29	-8	355	-367	0	7	390	682	38	0	30	465	207
2014-11-06	16:19:18	1199	9	8	391	343	29	-7	355	-332	0	7	392	683	35	0	30	465	207
2014-11-06	16:20:18	1199	9	8	392	344	28	-7	355	-296	0	7	392	687	38	0	30	465	207
2014-11-06	16:21:18	1199	9	8	393	344	28	-8	355	-259	0	7	393	687	37	0	30	464	207
2014-11-06	16:22:18	1199	9	8	394	345	27	-8	355	-221	0	7	394	688	35	0	30	464	207
2014-11-06	16:23:18	1199	9	8	395	346	26	-8	355	-182	0	7	394	691	37	0	30	463	207
2014-11-06	16:24:18	1199	9	8	395	347	26	-9	355	-142	0	7	396	691	32	0	30	463	207
2014-11-06	16:25:18	1199	9	8	396	348	24	-10	355	-102	0	7	396	694	34	0	30	463	207
2014-11-06	16:26:18	1199	9	8	396	348	23	-12	355	-61	0	7	396	695	34	0	30	463	207
2014-11-06	16:27:18	1199	9	8	397	349	22	-12	355	-19	0	7	397	695	30	0	30	462	207
2014-11-06	16:28:18	1199	9	8	397	348	24	11	355	23	0	2	399	661	57	0	10	462	207
2014-11-06	16:29:18	1199	9	8	397	348	29	23	355	65	0	2	408	599	93	0	10	461	207
2014-11-06	16:30:18	1199	9	8	397	347	32	29	355	107	0	2	411	544	124	0	10	461	207
2014-11-06	16:31:18	1199	9	8	396	347	35	32	355	149	0	2	409	502	150	0	10	461	207
2014-11-06	16:32:18	1199	9	8	393	346	37	35	355	189	0	2	403	473	167	0	10	461	207
2014-11-06	16:33:18	1199	9	8	390	346	41	39	355	227	0	2	397	452	182	0	10	460	207
2014-11-06	16:34:18	1199	9	8	386	344	43	44	355	261	0	2	389	437	200	0	10	460	207
2014-11-06	16:35:18	1199	9	8	383	342	46	49	355	292	0	2	383	424	220	0	10	459	207
2014-11-06	16:36:18	1199	9	8	380	341	49	52	355	320	0	2	375	414	233	0	10	459	207
2014-11-06	16:37:18	1199	9	8	376	339	52	55	355	344	0	2	369	404	243	0	10	459	207
2014-11-06	16:38:18	1199	9	8	371	337	55	58	355	364	0	2	363	395	251	0	10	459	207
2014-11-06	16:39:18	1199	9	8	367	336	58	59	355	380	0	2	359	387	257	0	10	459	207
2014-11-06	16:40:18	1199	9	8	363	335	60	61	355	392	0	2	356	382	262	0	10	458	207
2014-11-06	16:41:18	1199	9	8	360	334	62	62	355	400	0	2	353	376	265	0	10	458	207
2014-11-06	16:42:18	1199	9	8	358	332	65	62	355	405	0	2	350	371	268	0	10	458	207
2014-11-06	16:43:18	1199	9	8	355	331	68	64	355	407	0	2	347	367	270	0	10	457	207
2014-11-06	16:44:18	1199	9	8	353	331	71	65	355	407	0	2	345	363	272	0	10	457	207
2014-11-06	16:45:18	1199	9	8	350	331	72	66	355	404	0	2	344	360	273	0	10	457	207
2014-11-06	16:46:18	1199	9	8	347	329	73	66	355	399	0	2	342	358	274	0	10	456	207
2014-11-06	16:47:18	1199	9	8	346	328	76	68	355	391	0	2	342	356	274	0	10	456	207
2014-11-06	16:48:18	1199	9	8	344	327	78	68	355	382	0	2	341	354	274	0	10	456	207
2014-11-06	16:49:18	1199	9	8	343	327	80	69	355	371	0	2	340	352	274	0	10	456	207
2014-11-06	16:50:18	1199	9	8	343	326	83	71	355	359	0	2	339	350	274	0	10	455	207
2014-11-06	16:51:18	1199	9	8	342	325	84	71	355	346	0	2	338	348	274	0	10	455	207
2014-11-06	16:52:18	1199	9	8	341	324	86	72	355	333	0	2	338	347	274	0	10	455	207
2014-11-06	16:53:18	1199	9	8	341	323	88	73	355	319	0	2	337	345	274	0	10	454	207
2014-11-06	16:54:18	1199	9	8	340	322	90	73	355	305	0	2	336	343	273	0	10	454	207
2014-11-06	16:55:18	1199	9	8	340	321	91	75	355	290	0	2	335	342	273	0	10	454	207
2014-11-06	16:56:18	1199	9	8	339	320	94	76	355	274	0	2	334	340	272	0	10	454	207
2014-11-06	16:57:18	1199	9	8	338	319	95	76	355	258	0	2	333	338	272	0	10	453	207
2014-11-06	16:58:18	1199	9	8	338	318	97	78	355	241	0	2	332	337	271	0	10	453	207
2014-11-06	16:59:18	1199	9	8	337	317	98	78	355	224	0	2	331	335	271	0	10	453	207
2014-11-06	17:00:18	1199	9	8	336	316	99	79	355	206	0	2	331	334	270	0	10	452	207
2014-11-06	17:01:18	1199	9	8	335	315	101	80	355	187	0	2	330	333	269	0	10	452	207
2014-11-06	17:02:18	1199	9	8	335	314	103	80	355	167	0	2	329	331	269	0	10	452	207
2014-11-06	17:03:18	1199	9	8	334	313	104	82	355	146	0	2	328	331	268	0	10	451	207
2014-11-06	17:04:18	1199	9	8	333	312	106	82	355	125	0	2	327	330	268	0	10	451	207
2014-11-06	17:05:18	1199	9	8	332	311	107	83	355	103	0	2	326	329	267	0	10	451	207
2014-11-06	17:06:18	1199	9	8	331	310	108	84	358	80	0	2	325	328	267	0	10	451	206
2014-11-06	17:07:18	1199	9	8	331	309	109	84	355	56	0	2	324	327	266	0	10	450	207
2014-11-06	17:08:19	1199	9	8	330	308	111	86	358	32	0	2	323	326	266	0	10	450	206
2014-11-06	17:09:19	1199	9	8	329	306	111	86	355	7	0	2	322	325	265	0	10	450	207
2014-11-06	17:10:19	1199	9	8	328	305	112	87	358	-19	0	2	321	324	264	0	10	450	206
2014-11-06	17:11:19	1199	9	8	328	304	114	87	355	-46	0	2	321	323	264	0	10	449	207
2014-11-06	17:12:19	1199	9	8	327	303	115	88	355	-74	0	2	320	322	263	0	10	449	207
2014-11-06	17:13:19	1199	9	8	326	302	116	88	355	-105	0	2	319	321	263	0	10	449	207
2014-11-06	17:14:19	1199	9	8	325	301	117	90	355	-137	0	2	318	320	263	0	10	449	207
2014-11-06	17:15:19	1199	9	8	324	300	118	90	358	-170	0	2	318	319	262	0	10	449	206
2014-11-06	17:16:19	1199	9	8	323	299	120	91	355	-201	0	2	317	318	262	0	10	449	207
2014-11-06	17:17:19	1199	9	8	323	298	121	91	355	-236	0	2	316	318	261	0	10	448	207
2014-11-06	17:18:19	1199	9	8	322	298	121	92	355	-271	0	2	315	317	261	0	10	448	207
2014-11-06	17:19:19	1199	9	8	321	297	122	92	355	-304	0	2	315	316	260	0	10	448	207
2014-11-06	17:20:19	1199	9	8	320	296	123	92	358	-341	0	2	314	315	260	0	10	448	206
2014-11-06	17:21:19	1199	9	8	320	295	124	94	358	-376	0	2	313	315	260	0	10	448	206
2014-11-06	17:22:19	1199	9	8	319	295	125	94	355	-412	0	2	313	314	259	0	10	448	207
2014-11-06	17:23:19	1199	9	8	318	294	126	94	355	-451	0	2	312	313	259	0	10	447	207
2014-11-06	17:24:19	1199	9	8	318	294	127	95	355	-488	0	2	311	313	259	0	10	447	207
2014-11-06	17:25:19	1199	9	8	317	293	127	95	355	-526	0	2	311	312	258	0	10	447	207
2014-11-06	17:26:19	1199	9	8	316	292	128	95	355	-564	0	2	310	311	258	0	10	447	207
2014-11-06	17:27:19	1199	9	8	304	273	49	74	355	-603	0	7	306	445	43	0	30	447	207
2014-11-06	17:28:19	1199	9	8	326	276	42	18	355	-603	0	7	331	525	13	0	30	447	207
2014-11-06	17:29:19	1199	9	8	331	279	43	4	355	-603	0	7	333	569	49	0	30	447	207
2014-11-06	17:30:19	1199	9	8	334	285	44	2	355	-627	0	7	338	583	47	0	30	447	207
2014-11-06	17:31:19	1199	9	8	340	290	46	2	358	-650	0	7	344	595	52	0	30	447	206
2014-11-06	17:32:19	1199	9	8	345	294	46	2	355	-664	0	7	349	602	47	0	30	446	207
2014-11-06	17:33:19	1199	9	8	350	298	47	3	355	-673	0	7	353	611	53	0	30	446	207
2014-11-06	17:34:19	1199	9	8	354	303	47	4	355	-678	0	7	358	616	49	0	30	446	207
2014-11-06	17:35:19	1199	9	8	358	308	47	5	355	-678	0	7	361	623	53	0	30	446	207
2014-11-06	17:36:19	1199	9	8	361	312	46	5	355	-675	0	7	365	627	47	0	30	446	207
2014-11-06	17:37:19	1199	9	8	365	315	46	4	355	-668	0	7	367	633	52	0	30	446	207
2014-11-06	17:38:19	1199	9	8	368	318	46	4	355	-657	0	7	371	637	47	0	30	446	207
2014-11-06	17:39:19	1199	9	8	372	321	46	4	355	-643	0	7	373	642	52	0	30	445	207
2014-11-06	17:40:19	1199	9	8	374	324	47	6	355	-626	0	7	377	645	49	0	30	445	207
2014-11-06	17:41:19	1199	9	8	377	327	45	6	355	-606	0	7	379	649	52	0	30	445	207
2014-11-06	17:42:19	1199	9	8	380	329	40	2	355	-583	0	7	382	655	45	0	30	445	207
2014-11-06	17:43:19	1199	9	8	381	331	37	-1	355	-558	0	7	383	658	40	0	30	445	207
2014-11-06	17:44:19	1199	9	8	383	333	34	-3	355	-532	0	7	384	663	43	0	30	445	207
2014-11-06	17:45:19	1199	9	8	385	334	34	-5	355	-504	0	7	386	665	37	0	30	445	207
2014-11-06	17:46:19	1199	9	8	386	336	32	-5	355	-474	0	7	386	669	41	0	30	445	207
2014-11-06	17:47:19	1199	9	8	386	338	31	-6	355	-441	0	7	388	671	37	0	30	444	207
2014-11-06	17:48:19	1199	9	8	388	339	30	-6	353	-409	0	7	388	674	38	0	30	444	208
2014-11-06	17:49:19	1199	9	8	389	341	30	-6	355	-376	0	7	390	677	38	0	30	444	207
2014-11-06	17:50:19	1199	9	8	390	342	30	-6	355	-342	0	7	391	677	36	0	30	444	207
2014-11-06	17:51:19	1199	9	8	391	343	29	-6	355	-307	0	7	391	681	38	0	30	444	207
2014-11-06	17:52:19	1199	9	8	393	345	29	-6	353	-270	0	7	393	682	35	0	30	444	208
2014-11-06	17:53:19	1199	9	8	395	349	29	-8	355	-230	0	7	396	687	38	0	30	443	207
2014-11-06	17:54:19	1199	9	8	399	352	28	-7	355	-189	0	7	400	689	35	0	30	443	207
2014-11-06	17:55:19	1199	9	8	401	354	27	-7	355	-145	0	7	401	694	38	0	30	443	207
2014-11-06	17:56:19	1199	9	8	403	355	27	-8	355	-97	0	7	403	696	37	0	30	443	207
2014-11-06	17:57:19	1199	9	8	405	357	26	-8	353	-47	0	7	405	698	33	0	30	443	208
2014-11-06	17:58:19	1199	9	8	405	356	26	13	353	3	0	2	408	663	58	0	10	443	208
2014-11-06	17:59:19	1199	9	8	405	355	30	26	353	55	0	2	418	599	93	0	10	443	208
2014-11-06	18:00:19	1199	9	8	405	355	34	30	353	105	0	2	420	544	125	0	10	442	208
2014-11-06	18:01:19	1199	9	8	404	354	37	35	353	157	0	2	418	501	150	0	10	442	208
2014-11-06	18:02:19	1199	9	8	401	353	39	37	353	208	0	2	412	471	169	0	10	442	208
2014-11-06	18:03:19	1199	9	8	397	352	41	41	353	255	0	2	404	449	189	0	10	442	208
2014-11-06	18:04:19	1199	9	8	394	350	44	46	353	299	0	2	396	434	209	0	10	442	208
2014-11-06	18:05:19	1199	9	8	390	349	47	50	353	339	0	2	388	421	226	0	10	442	208
2014-11-06	18:06:19	1199	9	8	386	347	50	55	353	375	0	2	382	410	237	0	10	442	208
2014-11-06	18:07:19	1199	9	8	382	345	53	57	353	408	0	2	376	400	246	0	10	441	208
2014-11-06	18:08:19	1199	9	8	377	344	56	59	353	436	0	2	369	391	253	0	10	441	208
2014-11-06	18:09:19	1199	9	8	373	342	59	61	350	460	0	2	365	385	258	0	10	441	209
2014-11-06	18:10:19	1199	9	8	368	341	61	62	350	479	0	2	361	378	262	0	10	441	209
2014-11-06	18:11:19	1199	9	8	364	339	63	63	353	494	0	2	358	372	265	0	10	441	208
2014-11-06	18:12:19	1199	9	8	361	338	66	65	353	505	0	2	356	367	268	0	10	441	208
2014-11-06	18:13:19	1199	9	8	358	337	68	65	353	516	0	2	353	364	269	0	10	440	208
2014-11-06	18:14:19	1199	9	8	356	336	71	66	353	521	0	2	352	359	271	0	10	440	208
2014-11-06	18:15:19	1199	9	8	354	334	73	68	353	527	0	2	350	358	272	0	10	440	208
2014-11-06	18:16:19	1199	9	8	352	334	75	68	350	531	0	2	349	355	272	0	10	440	209
2014-11-06	18:17:19	1199	10	8	351	332	78	69	351	533	0	2	348	353	273	0	10	440	209
2014-11-06	18:18:19	1199	10	8	350	331	79	71	354	531	0	2	347	351	273	0	10	439	208
2014-11-06	18:19:19	1199	9	8	350	331	82	71	353	530	0	2	346	349	273	0	10	439	208
2014-11-06	18:20:19	1199	9	8	349	330	83	72	350	530	0	2	345	347	273	0	10	439	209
2014-11-06	18:21:19	1199	9	8	348	329	85	73	353	529	0	2	344	346	273	0	10	439	208
2014-11-06	18:22:19	1199	10	8	347	328	87	73	354	526	0	2	343	344	272	0	10	439	208
2014-11-06	18:23:19	1199	10	8	347	327	88	75	351	522	0	2	342	342	272	0	10	438	209
2014-11-06	18:24:20	1199	10	8	346	326	91	75	354	518	0	2	340	341	271	0	10	438	208
2014-11-06	18:25:20	1199	10	8	345	325	92	76	354	513	0	2	340	339	271	0	10	438	208
2014-11-06	18:26:20	1199	10	8	344	323	94	77	351	507	0	2	338	338	270	0	10	438	209
2014-11-06	18:27:20	1199	11	9	343	322	95	78	351	500	0	2	337	336	270	0	10	437	209
2014-11-06	18:28:20	1199	11	9	342	321	98	79	354	492	0	2	336	335	270	0	10	437	208
2014-11-06	18:29:20	1199	11	9	341	320	99	79	351	483	0	2	334	333	269	0	10	437	209
2014-11-06	18:30:20	1199	11	9	340	319	100	80	351	473	0	2	333	332	268	0	10	437	209
2014-11-06	18:31:20	1199	10	9	339	317	102	81	351	462	0	2	332	331	268	0	10	436	209
2014-11-06	18:32:20	1199	10	9	338	316	103	82	351	450	0	2	331	330	267	0	10	436	209
2014-11-06	18:33:20	1199	11	9	337	315	104	83	351	437	0	2	331	329	267	0	10	436	209
2014-11-06	18:34:20	1199	10	9	336	314	106	83	351	423	0	2	330	328	266	0	10	436	209
2014-11-06	18:35:20	1199	11	9	335	312	107	84	351	408	0	2	329	327	265	0	10	435	209
2014-11-06	18:36:20	1199	10	9	334	311	109	84	351	392	0	2	328	326	265	0	10	435	209
2014-11-06	18:37:20	1199	11	9	333	310	109	86	351	375	0	2	327	325	264	0	10	435	209
2014-11-06	18:38:20	1199	10	9	332	309	111	87	351	357	0	2	326	324	264	0	10	435	209
2014-11-06	18:39:20	1199	11	9	331	308	112	87	351	338	0	2	325	323	263	0	10	435	209
2014-11-06	18:40:20	1199	11	9	331	307	113	88	351	318	0	2	325	322	263	0	10	434	209
2014-11-06	18:41:20	1199	11	9	330	305	115	88	351	298	0	2	324	321	262	0	10	434	209
2014-11-06	18:42:20	1199	11	9	329	305	116	90	351	277	0	2	323	320	262	0	10	434	209
2014-11-06	18:43:20	1199	11	9	328	304	117	90	351	255	0	2	322	319	262	0	10	433	209
2014-11-06	18:44:20	1199	11	9	327	303	118	91	351	232	0	2	321	318	261	0	10	433	209
2014-11-06	18:45:20	1199	11	9	327	302	120	91	351	208	0	2	320	317	261	0	10	433	209
2014-11-06	18:46:21	1199	11	9	326	301	120	92	351	184	0	2	320	317	260	0	10	432	209
2014-11-06	18:47:21	1199	11	9	325	300	121	92	351	159	0	2	319	316	260	0	10	432	209
2014-11-06	18:48:21	1199	11	9	324	299	122	93	351	133	0	2	318	315	259	0	10	432	209
2014-11-06	18:49:21	1199	11	9	323	298	123	94	351	106	0	2	317	314	259	0	10	432	209
2014-11-06	18:50:21	1199	11	9	323	297	124	94	351	78	0	2	316	314	259	0	10	432	209
2014-11-06	18:51:21	1199	11	9	322	296	126	95	351	50	0	2	316	313	258	0	10	432	209
2014-11-06	18:52:21	1199	11	9	321	295	126	95	351	21	0	2	315	312	258	0	10	431	209
2014-11-06	18:53:21	1199	11	9	320	294	127	95	351	-9	0	2	314	312	258	0	10	431	209
2014-11-06	18:54:21	1199	11	9	320	294	127	96	347	-40	0	2	313	311	257	0	10	431	210
2014-11-06	18:55:21	1199	11	9	319	294	128	96	347	-71	0	2	313	310	257	0	10	431	210
2014-11-06	18:56:21	1199	11	9	318	293	129	96	351	-99	0	2	312	310	257	0	10	430	209
2014-11-06	18:57:21	1199	11	9	317	292	129	98	351	-128	0	2	311	309	256	0	10	430	209
2014-11-06	18:58:21	1199	11	9	317	291	131	98	351	-158	0	2	310	308	256	0	10	430	209
2014-11-06	18:59:21	1199	11	9	316	290	132	99	347	-192	0	2	310	308	256	0	10	430	210
2014-11-06	19:00:21	1199	11	9	315	290	132	99	351	-223	0	2	309	307	256	0	10	430	209
2014-11-06	19:01:21	1199	11	9	315	289	133	99	347	-259	0	2	308	307	255	0	10	429	210
2014-11-06	19:02:21	1199	11	9	314	288	134	99	347	-296	0	2	307	306	255	0	10	429	210
2014-11-06	19:03:21	1199	11	9	313	287	134	100	351	-329	0	2	306	307	255	0	10	429	209
2014-11-06	19:04:21	1199	11	9	313	287	136	100	351	-363	0	2	305	305	254	0	10	429	209
2014-11-06	19:05:21	1199	11	9	312	286	136	101	347	-398	0	2	304	305	254	0	10	429	210
2014-11-06	19:06:21	1199	11	9	311	285	137	102	351	-437	0	2	304	304	254	0	10	428	209
2014-11-06	19:07:21	1199	11	9	311	284	138	102	347	-477	0	2	303	304	254	0	10	428	210
2014-11-06	19:08:21	1199	11	9	309	284	138	102	347	-518	0	2	302	303	253	0	10	428	210
2014-11-06	19:09:21	1199	11	9	309	283	139	103	347	-560	0	2	301	303	253	0	10	428	210
2014-11-06	19:10:21	1199	11	9	296	268	51	77	347	-602	0	7	299	436	42	0	30	428	210
2014-11-06	19:11:21	1199	11	9	323	275	44	19	347	-602	0	7	330	522	14	0	30	428	210
2014-11-06	19:12:21	1199	11	9	331	278	46	6	347	-602	0	7	333	567	53	0	30	428	210
2014-11-06	19:13:21	1199	11	9	336	285	47	4	351	-622	0	7	340	582	49	0	30	427	209
2014-11-06	19:14:21	1199	11	9	342	292	49	4	347	-633	0	7	348	596	53	0	30	427	210
2014-11-06	19:15:21	1199	11	9	348	296	49	5	347	-637	0	7	353	603	49	0	30	427	210
2014-11-06	19:16:21	1199	11	9	353	302	49	6	351	-635	0	7	357	612	55	0	30	427	209
2014-11-06	19:17:21	1199	11	9	358	308	50	7	351	-632	0	7	362	618	52	0	30	427	209
2014-11-06	19:18:21	1199	11	9	364	314	49	6	351	-621	0	7	367	627	55	0	30	426	209
2014-11-06	19:19:21	1199	11	9	368	318	48	7	347	-604	0	7	372	632	49	0	30	426	210
2014-11-06	19:20:21	1199	11	9	365	308	47	6	347	-582	0	7	364	631	55	0	30	425	210
2014-11-06	19:21:21	1199	11	9	361	308	48	6	347	-565	0	7	363	629	48	0	30	425	210
2014-11-06	19:22:21	1199	11	9	361	309	48	6	347	-551	0	7	362	632	55	0	30	424	210
2014-11-06	19:23:21	1199	11	9	362	310	50	6	351	-541	0	7	365	632	50	0	30	423	209
2014-11-06	19:24:21	1199	11	9	363	311	47	6	347	-526	0	7	365	634	52	0	30	422	210
2014-11-06	19:25:21	1199	11	9	364	315	42	2	351	-514	0	7	368	640	44	0	30	421	209
2014-11-06	19:26:21	1199	11	9	369	322	38	1	347	-496	0	7	372	646	42	0	30	421	210
2014-11-06	19:27:21	1199	11	9	374	327	37	-3	347	-478	0	7	377	655	46	0	30	420	210
2014-11-06	19:28:21	1199	11	9	377	329	35	-3	351	-451	0	7	381	657	37	0	30	420	209
2014-11-06	19:29:21	1199	11	9	380	331	34	-4	347	-420	0	7	380	662	43	0	30	420	210
2014-11-06	19:30:21	1199	11	9	381	332	34	-5	347	-387	0	7	384	664	38	0	30	420	210
2014-11-06	19:31:21	1199	11	9	421	418	32	-2	347	-387	0	15	455	729	34	0	20	419	210
2014-11-06	19:32:21	1199	11	9	487	470	32	1	347	-387	0	15	504	778	50	0	20	419	210
2014-11-06	19:33:21	1199	11	9	532	498	31	4	347	-387	0	15	543	815	47	0	20	419	210
2014-11-06	19:34:21	1199	11	9	559	515	30	6	347	-387	0	15	566	844	47	0	20	420	210
2014-11-06	19:35:21	1199	11	9	575	526	30	7	347	-387	0	15	580	866	52	0	20	422	210
2014-11-06	19:36:21	1199	11	9	586	534	30	9	347	-387	0	15	590	881	47	0	20	424	210
2014-11-06	19:37:21	1199	11	9	593	540	30	9	347	-387	0	15	596	894	54	0	20	427	210
2014-11-06	19:38:21	1199	11	9	599	545	30	9	347	-387	0	15	603	904	48	0	20	431	210
2014-11-06	19:39:22	1199	11	9	603	549	29	9	347	-387	0	15	606	914	54	0	20	436	210
2014-11-06	19:40:22	1199	11	9	607	554	27	9	347	-387	0	15	612	923	46	0	20	440	210
2014-11-06	19:41:22	1199	11	9	611	558	27	9	347	-387	0	15	615	932	52	0	20	444	210
2014-11-06	19:42:22	1199	11	9	614	562	26	8	347	-387	0	15	617	939	52	0	20	448	210
2014-11-06	19:43:22	1199	11	9	618	566	26	8	347	-387	0	15	623	949	49	0	20	453	210
2014-11-06	19:44:22	1199	11	9	621	570	26	8	347	-387	0	15	627	957	52	0	20	458	210
2014-11-06	19:45:22	1199	11	9	523	305	26	1	347	-387	0	7	456	822	50	0	30	462	210
2014-11-06	19:46:22	1199	11	9	389	309	26	-6	347	-387	0	7	377	730	8	0	30	466	210
2014-11-06	19:47:22	1199	11	9	365	314	26	-10	347	-387	0	7	362	713	38	0	30	469	210
2014-11-06	19:48:22	1199	11	9	364	309	27	-10	347	-387	0	7	363	704	35	0	30	472	210
2014-11-06	19:49:22	1199	11	9	363	316	27	-9	347	-371	0	7	366	698	32	0	30	474	210
2014-11-06	19:50:22	1199	11	9	369	324	27	-9	347	-354	0	7	371	702	38	0	30	475	210
2014-11-06	19:51:22	1199	11	9	378	332	27	-8	347	-331	0	7	381	707	37	0	30	475	210
2014-11-06	19:52:22	1199	11	9	384	335	27	-8	347	-299	0	7	385	705	34	0	30	476	210
2014-11-06	19:53:22	1199	11	9	386	336	27	-8	347	-262	0	7	386	707	37	0	30	475	210
2014-11-06	19:54:22	1199	11	9	386	336	27	-8	347	-220	0	7	386	705	37	0	30	475	210
2014-11-06	19:55:22	1199	11	9	387	337	27	-8	347	-180	0	7	387	703	34	0	30	475	210
2014-11-06	19:56:22	1199	11	9	388	339	27	-8	347	-140	0	7	388	704	35	0	30	474	210
2014-11-06	19:57:22	1199	11	9	389	341	26	-8	347	-99	0	7	390	705	37	0	30	474	210
2014-11-06	19:58:22	1199	11	9	392	344	26	-8	347	-53	0	7	392	704	32	0	30	473	210
2014-11-06	19:59:22	1199	11	9	393	346	22	-10	347	-8	0	7	394	707	31	0	30	472	210
2014-11-06	20:00:22	1199	11	9	394	345	22	11	344	42	0	2	399	671	55	0	10	471	211
2014-11-06	20:01:22	1199	11	9	394	345	27	22	347	92	0	2	410	610	93	0	10	470	210
2014-11-06	20:02:22	1199	11	9	394	345	30	28	344	142	0	2	413	558	126	0	10	470	211
2014-11-06	20:03:22	1199	11	9	394	344	34	32	344	193	0	2	411	519	154	0	10	469	211
2014-11-06	20:04:22	1199	11	9	392	344	37	35	344	240	0	2	405	490	172	0	10	469	211
2014-11-06	20:05:22	1199	12	9	389	343	40	38	344	288	0	2	397	469	187	0	10	468	211
2014-11-06	20:06:22	1199	11	9	386	341	43	43	344	333	0	2	389	454	206	0	10	468	211
2014-11-06	20:07:22	1199	12	9	383	340	46	47	344	375	0	2	382	442	227	0	10	468	211
2014-11-06	20:08:22	1199	12	9	378	338	49	50	344	413	0	2	375	431	241	0	10	469	211
2014-11-06	20:09:22	1199	12	9	373	337	52	53	344	447	0	2	369	421	253	0	10	468	211
2014-11-06	20:10:22	1199	11	9	369	335	55	56	344	476	0	2	363	413	262	0	10	468	211
2014-11-06	20:11:22	1199	11	9	365	334	58	58	344	497	0	2	358	406	268	0	10	468	211
2014-11-06	20:12:22	1199	11	9	361	333	61	59	344	518	0	2	355	399	273	0	10	466	211
2014-11-06	20:13:22	1199	11	9	358	332	63	61	344	535	0	2	352	394	277	0	10	449	211
2014-11-06	20:14:22	1199	11	9	352	288	56	62	344	549	0	15	343	389	280	0	20	393	211
2014-11-06	20:15:22	1199	11	9	392	330	30	28	344	549	0	15	418	597	14	0	20	333	211
2014-11-06	20:16:22	1199	11	9	435	388	29	6	344	549	0	15	454	657	8	0	20	289	211
2014-11-06	20:17:22	1199	11	9	467	417	29	-1	344	549	0	15	476	714	42	0	20	262	211
2014-11-06	20:18:22	1199	11	9	489	433	30	0	344	549	0	15	494	741	38	0	20	250	211
2014-11-06	20:19:22	1199	11	9	504	447	30	1	342	549	0	15	507	765	46	0	20	249	212
2014-11-06	20:20:22	1199	12	9	517	458	32	2	344	549	0	15	519	783	49	0	20	254	211
2014-11-06	20:21:22	1199	12	9	526	467	33	4	344	549	0	15	529	796	45	0	20	263	211
2014-11-06	20:22:22	1199	11	9	536	476	32	6	344	549	0	15	537	810	48	0	20	273	211
2014-11-06	20:23:22	1199	12	9	544	483	32	6	344	549	0	15	545	823	50	0	20	285	211
2014-11-06	20:24:22	1199	11	9	550	491	31	5	342	549	0	15	552	834	46	0	20	296	212
2014-11-06	20:25:22	1199	11	9	556	497	30	6	342	549	0	15	557	845	48	0	20	308	212
2014-11-06	20:26:22	1199	11	9	562	502	32	6	344	549	0	15	563	855	52	0	20	320	211
2014-11-06	20:27:22	1199	11	9	567	507	34	8	342	549	0	15	568	864	49	0	20	331	212
2014-11-06	20:28:22	1199	11	9	572	514	35	10	342	549	0	15	573	872	53	0	20	342	212
2014-11-06	20:29:22	1199	11	9	578	519	32	11	344	549	0	15	578	881	54	0	20	353	211
2014-11-06	20:30:22	1199	11	9	582	524	30	9	344	549	0	15	584	888	46	0	20	361	211
2014-11-06	20:31:22	1199	11	9	586	529	27	8	342	549	0	15	587	898	49	0	20	371	212
2014-11-06	20:32:22	1199	11	9	590	533	27	6	342	549	0	15	590	907	47	0	20	381	212
2014-11-06	20:33:22	1199	12	9	594	537	26	6	341	549	0	15	595	914	45	0	20	389	212
2014-11-06	20:34:22	1199	11	9	597	542	26	6	342	549	0	15	599	921	50	0	20	397	212
2014-11-06	20:35:22	1199	12	9	601	547	26	7	341	549	0	15	605	928	44	0	20	405	212
2014-11-06	20:36:22	1199	11	9	606	552	26	7	342	549	0	15	607	936	52	0	20	413	212
2014-11-06	20:37:22	1199	11	9	610	556	26	8	342	549	0	15	612	944	50	0	20	420	212
2014-11-06	20:38:22	1199	12	10	614	560	26	8	341	549	0	15	618	952	52	0	20	427	212
2014-11-06	20:39:22	1199	12	10	618	565	26	8	341	549	0	15	622	960	52	0	20	433	212
2014-11-06	20:40:22	1199	12	10	622	570	26	9	341	549	0	15	627	967	49	0	20	440	212
2014-11-06	20:41:22	1199	12	10	623	568	27	24	341	549	0	2	632	920	76	0	10	447	212
2014-11-06	20:42:22	1199	12	10	623	565	34	35	341	549	162	2	651	823	120	0	10	452	212
2014-11-06	20:43:22	1199	11	10	619	416	37	41	342	549	0	2	639	728	175	0	10	457	212
2014-11-06	20:44:22	1199	12	10	602	322	41	46	341	549	0	2	615	668	212	0	10	461	212
2014-11-06	20:45:22	1199	12	10	582	308	44	56	341	808	0	2	593	629	242	0	10	463	212
2014-11-06	20:46:22	1199	12	10	559	305	49	66	341	1000	0	2	566	596	265	0	10	465	212
2014-11-06	20:47:22	1199	12	10	493	302	52	72	341	1000	0	2	513	570	283	0	10	467	212
2014-11-06	20:48:22	1199	12	10	413	299	56	76	341	1000	0	2	454	547	296	0	10	468	212
2014-11-06	20:49:22	1199	12	10	365	298	59	79	338	1000	0	2	409	530	307	0	10	468	213
2014-11-06	20:50:22	1199	12	10	343	297	62	80	341	1000	0	2	378	515	315	0	10	469	212
2014-11-06	20:51:22	1199	12	10	331	296	66	82	341	1000	0	2	358	502	321	0	10	469	212
2014-11-06	20:52:22	1199	12	10	326	296	69	83	341	993	0	2	345	493	326	0	10	469	212
2014-11-06	20:53:22	1199	12	10	321	296	72	84	338	980	0	2	336	483	329	0	10	469	213
2014-11-06	20:54:23	1199	12	10	318	296	75	84	338	960	0	2	330	476	331	0	10	470	213
2014-11-06	20:55:23	1199	12	10	316	296	78	86	338	937	0	2	325	469	332	0	10	470	213
2014-11-06	20:56:23	1199	13	10	314	296	80	86	342	915	0	2	321	463	333	0	10	470	212
2014-11-06	20:57:23	1199	12	10	312	296	83	87	338	888	0	2	318	458	333	0	10	471	213
2014-11-06	20:58:23	1199	12	10	311	295	86	87	341	862	0	2	316	453	333	0	10	471	212
2014-11-06	20:59:23	1199	12	10	310	295	88	88	338	832	0	2	314	448	333	0	10	471	213
2014-11-06	21:00:23	1199	12	10	309	295	91	90	341	804	0	2	312	444	332	0	10	471	212
2014-11-06	21:01:23	1199	12	10	308	295	92	90	338	772	0	2	311	440	331	0	10	472	213
2014-11-06	21:02:23	1199	13	10	307	295	95	91	339	739	0	2	310	436	331	0	10	472	213
2014-11-06	21:03:23	1199	12	10	307	295	98	92	338	708	0	2	309	433	330	0	10	472	213
2014-11-06	21:04:23	1199	12	10	306	295	100	92	338	673	0	2	308	429	329	0	10	472	213
2014-11-06	21:05:23	1199	12	10	305	295	102	94	341	641	0	2	307	426	328	0	10	473	212
2014-11-06	21:06:23	1199	13	10	305	295	103	95	339	607	0	2	306	423	326	0	10	473	213
2014-11-06	21:07:23	1199	12	10	305	294	106	95	338	574	0	2	306	420	325	0	10	473	213
2014-11-06	21:08:23	1199	12	10	304	294	108	96	338	537	0	2	305	419	324	0	10	473	213
2014-11-06	21:09:23	1199	12	10	304	294	109	98	341	503	0	2	305	416	323	0	10	474	212
2014-11-06	21:10:23	1199	12	10	304	294	111	98	341	466	0	2	305	413	321	0	10	474	212
2014-11-06	21:11:23	1199	12	10	303	294	113	99	341	430	0	2	304	411	320	0	10	474	212
2014-11-06	21:12:23	1199	12	10	303	294	115	100	338	392	0	2	304	408	319	0	10	474	213
2014-11-06	21:13:23	1199	12	10	303	294	116	100	338	353	0	2	303	406	318	0	10	475	213
2014-11-06	21:14:23	1199	12	10	302	293	118	102	341	318	0	2	303	404	317	0	10	474	212
2014-11-06	21:15:23	1199	13	10	302	293	120	103	342	282	0	2	303	401	316	0	10	475	212
2014-11-06	21:16:23	1199	12	10	302	293	121	103	338	246	0	2	303	399	315	0	10	475	213
2014-11-06	21:17:23	1199	13	10	302	292	122	104	339	207	0	2	302	397	313	0	10	474	213
2014-11-06	21:18:23	1199	12	10	301	292	123	106	338	171	0	2	302	395	312	0	10	474	213
2014-11-06	21:19:23	1199	13	10	301	291	125	106	342	131	0	2	302	392	311	0	10	474	212
2014-11-06	21:20:23	1199	13	10	301	291	126	107	342	93	0	2	301	390	311	0	10	474	212
2014-11-06	21:21:23	1199	12	10	301	290	127	107	338	56	0	2	301	388	310	0	10	474	213
2014-11-06	21:22:23	1199	13	10	300	290	128	108	339	15	0	2	301	387	309	0	10	475	213
2014-11-06	21:23:23	1199	13	10	300	289	130	109	342	-26	0	2	301	386	308	0	10	474	212
2014-11-06	21:24:23	1199	13	10	300	288	132	110	339	-65	0	2	301	383	307	0	10	474	213
2014-11-06	21:25:23	1199	13	10	300	288	133	111	339	-107	0	2	301	382	306	0	10	474	213
2014-11-06	21:26:23	1199	12	10	300	287	133	112	341	-149	0	2	300	380	306	0	10	474	212
2014-11-06	21:27:23	1199	13	10	300	287	134	112	339	-188	0	2	300	378	305	0	10	473	213
2014-11-06	21:28:23	1199	13	10	299	286	136	113	342	-230	0	2	300	377	304	0	10	473	212
2014-11-06	21:29:23	1199	13	10	299	285	137	114	342	-273	0	2	300	375	304	0	10	473	212
2014-11-06	21:30:23	1199	13	10	299	285	138	115	342	-316	0	2	300	373	303	0	10	473	212
2014-11-06	21:31:23	1199	12	10	299	284	139	116	341	-359	0	2	299	372	302	0	10	472	212
2014-11-06	21:32:23	1199	13	10	299	283	140	116	342	-402	0	2	299	370	302	0	10	472	212
2014-11-06	21:33:23	1199	12	10	298	282	142	117	341	-445	0	2	299	369	301	0	10	472	212
2014-11-06	21:34:23	1199	13	10	298	282	143	117	342	-489	0	2	298	367	301	0	10	471	212
2014-11-06	21:35:23	1199	13	10	298	281	143	118	342	-530	0	2	298	366	300	0	10	471	212
2014-11-06	21:36:23	1199	13	10	298	280	144	118	342	-573	0	2	298	365	299	0	10	470	212
2014-11-06	21:37:23	1199	12	10	287	258	49	87	341	-616	0	7	290	490	56	0	30	470	212
2014-11-06	21:38:23	1199	13	10	317	271	41	22	342	-616	0	7	327	547	13	0	30	469	212
2014-11-06	21:39:23	1199	13	10	328	273	43	5	342	-616	0	7	331	590	45	0	30	469	212
2014-11-06	21:40:23	1199	13	10	331	280	44	3	342	-630	0	7	335	606	48	0	30	469	212
2014-11-06	21:41:23	1199	13	10	338	288	46	2	342	-640	0	7	343	618	50	0	30	468	212
2014-11-06	21:42:23	1199	13	10	345	294	46	4	342	-643	0	7	349	624	47	0	30	468	212
2014-11-06	21:43:23	1199	13	10	350	298	47	3	342	-640	0	7	353	631	53	0	30	468	212
2014-11-06	21:44:23	1199	13	10	356	304	47	6	342	-631	0	7	358	634	48	0	30	468	212
2014-11-06	21:45:23	1199	13	10	360	310	47	5	342	-617	0	7	363	642	53	0	30	468	212
2014-11-06	21:46:23	1199	13	10	365	315	46	6	342	-598	0	7	369	646	46	0	30	468	212
2014-11-06	21:47:23	1199	13	10	370	320	46	4	342	-574	0	7	372	653	53	0	30	468	212
2014-11-06	21:48:23	1199	13	10	374	324	46	6	342	-546	0	7	378	655	47	0	30	467	212
2014-11-06	21:49:23	1199	13	10	378	328	46	6	342	-516	0	7	379	660	53	0	30	467	212
2014-11-06	21:50:23	1199	13	10	382	331	49	7	342	-479	0	7	385	663	51	0	30	468	212
2014-11-06	21:51:23	1199	13	10	386	334	46	8	342	-438	0	7	386	667	51	0	30	467	212
2014-11-06	21:52:23	1199	13	10	388	337	41	4	345	-394	0	7	389	673	49	0	30	467	211
2014-11-06	21:53:23	1199	13	10	390	340	37	1	345	-348	0	7	392	675	40	0	30	467	211
2014-11-06	21:54:23	1199	13	10	392	343	35	-1	345	-299	0	7	392	681	43	0	30	467	211
2014-11-06	21:55:23	1199	13	10	394	346	34	-3	342	-252	0	7	395	685	42	0	30	466	212
2014-11-06	21:56:23	1199	13	10	396	348	32	-4	342	-200	0	7	397	687	37	0	30	467	212
2014-11-06	21:57:23	1199	13	10	398	350	30	-5	342	-149	0	7	398	691	41	0	30	466	212
2014-11-06	21:58:23	1199	13	10	400	352	30	-5	345	-93	0	7	401	692	38	0	30	466	211
2014-11-06	21:59:23	1199	13	10	402	353	30	-5	342	-35	0	7	402	695	38	0	30	466	212
2014-11-06	22:00:23	1199	13	10	403	353	30	18	345	22	0	2	406	658	60	0	10	465	211
2014-11-06	22:01:23	1199	13	10	403	352	35	30	342	80	0	2	415	597	95	0	10	465	212
2014-11-06	22:02:23	1199	13	10	402	351	38	35	345	138	0	2	418	542	126	0	10	465	211
2014-11-06	22:03:23	1199	13	10	401	351	41	40	345	198	0	2	415	500	152	0	10	464	212
2014-11-06	22:04:24	1199	13	10	399	350	44	43	342	257	0	2	409	470	172	0	10	464	212
2014-11-06	22:05:24	1199	13	10	395	349	47	47	345	313	0	2	401	450	190	0	10	463	211
2014-11-06	22:06:24	1199	13	10	391	347	50	52	342	366	0	2	393	435	210	0	10	463	212
2014-11-06	22:07:24	1199	13	10	387	346	53	56	342	415	0	2	386	422	227	0	10	462	212
2014-11-06	22:08:25	1199	13	10	383	344	56	61	345	457	0	2	379	413	239	0	10	461	211
2014-11-06	22:09:25	1199	13	10	379	342	59	62	342	498	0	2	373	403	249	0	10	461	212
2014-11-06	22:10:25	1199	13	10	374	340	62	65	342	531	0	2	367	394	256	0	10	460	212
2014-11-06	22:11:25	1199	13	10	370	339	63	66	345	560	0	2	362	387	262	0	10	459	211
2014-11-06	22:12:25	1199	13	10	366	338	66	68	345	587	0	2	358	382	266	0	10	459	211
2014-11-06	22:13:25	1199	13	10	362	336	69	69	342	610	0	2	356	376	269	0	10	458	212
2014-11-06	22:14:25	1199	13	10	359	335	71	69	342	627	0	2	353	371	271	0	10	458	212
2014-11-06	22:15:25	1199	13	10	357	334	73	71	345	643	0	2	351	367	273	0	10	457	211
2014-11-06	22:16:25	1199	13	10	354	333	76	72	345	657	0	2	349	363	275	0	10	457	211
2014-11-06	22:17:25	1199	13	10	352	332	78	72	342	669	0	2	347	360	276	0	10	456	212
2014-11-06	22:18:25	1199	13	10	350	331	80	73	342	679	0	2	346	358	276	0	10	456	212
2014-11-06	22:19:25	1199	13	10	349	331	82	73	345	684	0	2	345	356	277	0	10	456	211
2014-11-06	22:20:25	1199	13	10	348	330	84	75	345	688	0	2	344	354	277	0	10	455	211
2014-11-06	22:21:25	1199	13	10	347	329	86	76	342	694	0	2	343	352	277	0	10	455	212
2014-11-06	22:22:25	1199	13	10	346	328	87	76	342	696	0	2	342	351	277	0	10	455	212
2014-11-06	22:23:25	1199	13	11	345	327	90	78	342	700	0	2	341	349	277	0	10	455	212
2014-11-06	22:24:25	1199	13	11	345	326	91	79	345	701	0	2	340	347	276	0	10	455	211
2014-11-06	22:25:25	1199	13	11	344	325	94	79	342	701	0	2	339	346	276	0	10	454	212
2014-11-06	22:26:25	1199	13	11	343	324	95	80	345	703	0	2	338	344	275	0	10	454	211
2014-11-06	22:27:25	1199	13	11	343	323	96	82	342	704	0	2	336	343	275	0	10	454	212
2014-11-06	22:28:25	1199	13	11	342	321	98	82	342	705	0	2	335	341	274	0	10	454	212
2014-11-06	22:29:25	1199	13	11	341	320	100	83	345	705	0	2	334	340	274	0	10	453	211
2014-11-06	22:30:25	1199	13	11	340	319	102	83	342	704	0	2	333	338	273	0	10	453	212
2014-11-06	22:31:25	1199	13	11	339	318	103	84	345	702	0	2	332	337	273	0	10	453	211
2014-11-06	22:32:25	1199	13	11	338	317	104	84	342	696	0	2	331	335	272	0	10	453	212
2014-11-06	22:33:25	1199	13	11	337	315	106	86	342	692	0	2	331	334	271	0	10	453	212
2014-11-06	22:34:25	1199	13	11	336	314	107	87	345	687	0	2	330	333	271	0	10	453	211
2014-11-06	22:35:25	1199	13	11	335	313	108	87	342	681	0	2	329	332	270	0	10	453	212
2014-11-06	22:36:25	1199	13	11	334	312	110	88	345	671	0	2	328	331	270	0	10	453	211
2014-11-06	22:37:25	1199	13	11	333	311	111	90	345	663	0	2	327	330	269	0	10	453	211
2014-11-06	22:38:25	1199	13	11	332	310	113	90	342	651	0	2	326	329	269	0	10	453	212
2014-11-06	22:39:25	1199	13	11	331	308	113	90	345	638	0	2	325	328	268	0	10	452	211
2014-11-06	22:40:25	1199	13	11	331	307	115	91	342	627	0	2	324	327	267	0	10	452	212
2014-11-06	22:41:25	1199	13	11	330	306	116	92	345	613	0	2	323	326	267	0	10	452	211
2014-11-06	22:42:25	1199	13	11	329	305	117	92	345	601	0	2	322	325	266	0	10	452	211
2014-11-06	22:43:25	1199	13	11	328	304	118	94	345	585	0	2	322	324	266	0	10	452	211
2014-11-06	22:44:25	1199	13	11	327	303	120	94	345	568	0	2	321	324	265	0	10	452	211
2014-11-06	22:45:25	1199	13	11	327	302	121	95	345	553	0	2	320	323	265	0	10	452	211
2014-11-06	22:46:25	1199	13	11	326	301	122	95	342	534	0	2	319	322	264	0	10	452	212
2014-11-06	22:47:25	1199	13	11	325	300	123	96	345	515	0	2	318	321	264	0	10	452	211
2014-11-06	22:48:25	1199	13	11	324	299	123	96	345	495	0	2	318	320	264	0	10	452	211
2014-11-06	22:49:25	1199	13	11	323	298	125	96	345	474	0	2	317	319	263	0	10	452	211
2014-11-06	22:50:25	1199	13	11	322	297	126	98	345	452	0	2	316	319	263	0	10	451	211
2014-11-06	22:51:25	1199	13	11	322	297	127	98	345	432	0	2	316	319	262	0	10	451	211
2014-11-06	22:52:25	1199	13	11	321	296	127	99	345	409	0	2	315	317	262	0	10	451	211
2014-11-06	22:53:25	1199	13	11	320	295	128	99	345	385	0	2	314	316	262	0	10	451	211
2014-11-06	22:54:25	1199	13	11	320	294	129	99	345	360	0	2	313	316	261	0	10	451	211
2014-11-06	22:55:25	1199	13	11	319	294	130	100	345	334	0	2	313	315	261	0	10	451	211
2014-11-06	22:56:25	1199	13	11	318	293	131	100	345	308	0	2	312	314	261	0	10	451	211
2014-11-06	22:57:25	1199	13	11	317	293	132	100	345	281	0	2	311	314	260	0	10	451	211
2014-11-06	22:58:25	1199	13	11	317	292	132	102	345	253	0	2	310	313	260	0	10	451	211
2014-11-06	22:59:25	1199	13	11	316	291	133	102	345	225	0	2	310	312	259	0	10	451	211
2014-11-06	23:00:25	1199	13	11	315	290	134	103	345	196	0	2	309	312	259	0	10	450	211
2014-11-06	23:01:25	1199	13	11	315	289	135	103	345	166	0	2	308	311	259	0	10	450	211
2014-11-06	23:02:25	1199	13	11	314	289	136	103	345	139	0	2	307	311	259	0	10	450	211
2014-11-06	23:03:25	1199	13	11	313	288	136	103	345	108	0	2	306	310	258	0	10	450	211
2014-11-06	23:04:25	1199	13	11	313	287	137	104	345	76	0	2	306	310	258	0	10	450	211
2014-11-06	23:05:25	1199	13	11	312	287	138	104	345	44	0	2	305	309	258	0	10	450	211
2014-11-06	23:06:25	1199	13	11	311	286	139	104	345	11	0	2	304	309	257	0	10	450	211
2014-11-06	23:07:25	1199	13	11	310	285	139	106	345	-23	0	2	303	308	257	0	10	449	211
2014-11-06	23:08:25	1199	13	11	310	285	140	106	345	-57	0	2	303	308	257	0	10	449	211
2014-11-06	23:09:25	1199	13	11	309	284	140	106	345	-92	0	2	302	307	257	0	10	449	211
2014-11-06	23:10:25	1199	13	11	308	283	142	106	345	-128	0	2	301	307	256	0	10	449	211
2014-11-06	23:11:25	1199	13	11	308	283	142	107	345	-165	0	2	300	306	256	0	10	449	211
2014-11-06	23:12:25	1199	13	11	307	282	143	107	345	-202	0	2	299	306	256	0	10	449	211
2014-11-06	23:13:25	1199	13	11	306	281	144	108	345	-240	0	2	299	305	256	0	10	449	211
2014-11-06	23:14:25	1199	13	11	305	280	144	108	345	-279	0	2	298	305	255	0	10	449	211
2014-11-06	23:15:25	1199	13	11	305	280	145	108	345	-319	0	2	297	304	255	0	10	449	211
2014-11-06	23:16:25	1199	13	11	304	279	145	108	345	-359	0	2	296	303	255	0	10	448	211
2014-11-06	23:17:25	1199	13	11	303	279	146	108	345	-400	0	2	295	303	254	0	10	448	211
2014-11-06	23:18:25	1199	13	11	303	278	146	109	345	-442	0	2	295	303	254	0	10	448	211
2014-11-06	23:19:25	1199	13	11	302	277	147	109	345	-484	0	2	294	302	254	0	10	448	211
2014-11-06	23:20:25	1199	14	11	301	277	147	109	344	-527	0	2	294	302	254	0	10	448	211
2014-11-06	23:21:25	1199	13	11	301	276	149	109	345	-571	0	2	294	301	253	0	10	447	211
2014-11-06	23:22:25	1199	13	11	289	261	53	82	345	-615	0	7	292	433	45	0	30	447	211
2014-11-06	23:23:25	1199	13	11	317	269	47	21	345	-615	0	7	324	517	17	0	30	446	211
2014-11-06	23:24:26	1199	13	11	326	272	48	7	345	-615	0	7	329	561	54	0	30	444	211
2014-11-06	23:25:26	1199	13	11	331	279	49	6	345	-632	0	7	335	576	50	0	30	409	211
2014-11-06	23:26:26	1199	14	11	337	286	50	6	344	-646	0	7	342	590	55	0	30	345	211
2014-11-06	23:27:26	1199	13	11	343	291	50	6	345	-653	0	7	348	597	50	0	30	296	211
2014-11-06	23:28:26	1199	13	11	349	296	52	6	345	-655	0	7	353	607	56	0	30	266	211
2014-11-06	23:29:26	1199	14	11	354	303	52	8	344	-650	0	7	358	613	53	0	30	248	211
2014-11-06	23:30:26	1199	13	11	359	309	50	8	345	-639	0	7	363	622	56	0	30	237	211
2014-11-06	23:31:26	1199	14	11	364	314	50	8	344	-624	0	7	367	627	50	0	30	232	211
2014-11-06	23:32:26	1199	14	11	368	319	49	7	344	-604	0	7	371	634	56	0	30	231	211
2014-11-06	23:33:26	1199	14	11	373	323	49	8	344	-579	0	7	376	638	50	0	30	231	211
2014-11-06	23:34:26	1199	14	11	377	327	50	8	344	-550	0	7	379	646	56	0	30	233	211
2014-11-06	23:35:26	1199	14	11	381	330	52	9	344	-516	0	7	384	649	53	0	30	235	211
2014-11-06	23:36:26	1199	14	11	385	333	49	9	344	-482	0	7	386	654	55	0	30	237	211
2014-11-06	23:37:26	1199	14	11	388	381	44	5	344	-441	0	15	391	656	49	0	20	240	211
2014-11-06	23:38:26	1199	14	11	440	401	40	6	344	-441	0	15	452	713	49	0	20	244	211
2014-11-06	23:39:26	1199	14	11	477	428	38	6	344	-441	0	15	486	749	45	0	20	251	211
2014-11-06	23:40:26	1199	14	11	503	449	37	6	344	-441	0	15	508	778	52	0	20	259	211
2014-11-06	23:41:26	1199	14	11	520	462	35	6	344	-441	0	15	524	797	49	0	20	269	211
2014-11-06	23:42:26	1199	14	11	531	471	35	7	344	-441	0	15	534	810	46	0	20	279	211
2014-11-06	23:43:26	1199	14	11	539	478	34	7	344	-441	0	15	540	825	52	0	20	290	211
2014-11-06	23:44:26	1199	14	11	546	484	34	6	344	-441	0	15	547	834	49	0	20	300	211
2014-11-06	23:45:26	1199	14	11	552	491	34	8	344	-441	0	15	553	843	46	0	20	311	211
2014-11-06	23:46:26	1199	14	11	557	496	32	8	344	-441	0	15	557	853	52	0	20	322	211
2014-11-06	23:47:26	1199	14	11	562	501	32	8	344	-441	0	15	562	862	49	0	20	332	211
2014-11-06	23:48:26	1199	14	11	566	506	32	8	344	-441	0	15	567	868	47	0	20	342	211
2014-11-06	23:49:26	1199	14	11	571	511	32	8	344	-441	0	15	572	879	53	0	20	351	211
2014-11-06	23:50:26	1199	14	11	575	516	32	8	344	-441	0	15	576	883	47	0	20	359	211
2014-11-06	23:51:26	1199	14	11	580	521	30	9	344	-441	0	15	581	893	49	0	20	368	211
2014-11-06	23:52:26	1199	14	11	585	526	30	8	344	-441	0	15	585	899	52	0	20	377	211
2014-11-06	23:53:26	1199	14	11	588	531	30	9	344	-441	0	15	590	907	47	0	20	386	211
2014-11-06	23:54:26	1199	14	11	593	535	30	9	344	-441	0	15	593	916	54	0	20	393	211
2014-11-06	23:55:26	1199	14	11	596	540	30	9	344	-441	0	15	601	921	47	0	20	400	211
2014-11-06	23:56:26	1199	14	11	601	545	30	9	344	-441	0	15	602	928	54	0	20	407	211
2014-11-06	23:57:26	1199	14	11	500	296	30	2	344	-441	0	7	437	794	48	0	30	415	211
2014-11-06	23:58:26	1199	14	11	382	300	29	-5	344	-441	0	7	368	719	15	0	30	420	211
2014-11-06	23:59:26	1199	14	11	360	307	29	-8	344	-441	0	7	359	705	38	0	30	426	211
2014-11-07	00:00:26	1199	14	11	362	317	29	-8	344	-424	0	7	364	702	38	0	30	430	211
2014-11-07	00:01:26	1199	14	11	369	318	29	-8	344	-406	0	7	372	701	34	0	30	433	211
2014-11-07	00:02:26	1199	14	11	373	326	29	-8	344	-380	0	7	375	701	35	0	30	435	211
2014-11-07	00:03:26	1199	14	11	381	332	29	-8	344	-351	0	7	382	707	40	0	30	437	211
2014-11-07	00:04:26	1199	14	11	385	335	29	-7	344	-314	0	7	386	705	36	0	30	438	211
2014-11-07	00:05:26	1199	14	11	386	336	28	-6	344	-273	0	7	387	705	35	0	30	439	211
2014-11-07	00:06:26	1199	14	11	388	339	28	-6	344	-230	0	7	388	707	38	0	30	440	211
2014-11-07	00:07:26	1199	15	11	390	342	29	-7	346	-186	0	7	391	707	38	0	30	440	211
2014-11-07	00:08:26	1199	15	11	393	344	27	-6	346	-139	0	7	394	707	35	0	30	440	211
2014-11-07	00:09:26	1199	15	11	395	347	27	-6	346	-92	0	7	396	708	37	0	30	441	211
2014-11-07	00:10:26	1199	15	11	398	349	27	-7	346	-42	0	7	398	710	37	0	30	441	211
2014-11-07	00:11:26	1199	15	12	431	455	24	-6	346	10	0	15	465	771	30	0	20	442	211
2014-11-07	00:12:26	1199	16	12	505	494	22	-3	345	10	0	15	522	823	44	0	20	442	211
2014-11-07	00:13:26	1199	16	12	549	518	22	-1	345	10	0	15	562	859	36	0	20	443	211
2014-11-07	00:14:26	1199	16	12	576	535	22	1	345	10	0	15	583	888	43	0	20	444	211
2014-11-07	00:15:26	1199	16	12	593	547	21	2	345	10	0	15	600	909	45	0	20	446	211
2014-11-07	00:16:26	1199	16	12	603	556	21	3	345	10	0	15	608	923	46	0	20	449	211
2014-11-07	00:17:26	1199	16	12	611	562	22	4	345	10	0	15	618	939	48	0	20	452	211
2014-11-07	00:18:26	1199	16	12	617	567	21	4	345	10	0	15	622	949	50	0	20	456	211
2014-11-07	00:19:26	1199	16	12	621	570	21	11	345	10	0	2	630	937	59	0	10	460	211
2014-11-07	00:20:26	1199	16	12	621	566	27	27	347	10	162	2	659	842	101	0	10	465	210
2014-11-07	00:21:26	1199	16	12	622	437	31	35	345	10	0	2	650	737	155	0	10	468	211
2014-11-07	00:22:26	1199	16	12	610	356	35	38	345	10	0	2	626	665	193	0	10	471	211
2014-11-07	00:23:26	1199	16	12	590	342	38	47	345	273	0	2	604	619	214	0	10	473	211
2014-11-07	00:24:26	1199	16	12	568	339	43	58	345	516	0	2	577	586	234	0	10	475	211
2014-11-07	00:25:26	1199	16	12	512	337	46	65	345	736	0	2	528	558	254	0	10	476	211
2014-11-07	00:26:26	1199	16	12	440	334	49	69	345	896	0	2	474	535	271	0	10	476	211
2014-11-07	00:27:26	1199	16	12	395	332	53	73	345	986	0	2	432	516	285	0	10	477	211
2014-11-07	00:28:26	1199	16	12	372	331	56	75	345	1000	0	2	404	500	294	0	10	477	211
2014-11-07	00:29:26	1199	16	12	361	330	59	76	347	1000	0	2	385	488	302	0	10	476	210
2014-11-07	00:30:26	1199	16	12	355	329	63	78	347	1000	0	2	370	476	309	0	10	476	210
2014-11-07	00:31:26	1199	16	12	351	328	66	79	345	1000	0	2	362	468	313	0	10	476	211
2014-11-07	00:32:26	1199	16	12	348	327	69	79	347	1000	0	2	357	460	316	0	10	476	210
2014-11-07	00:33:26	1199	16	12	346	326	72	80	345	1000	0	2	352	453	319	0	10	476	211
2014-11-07	00:34:26	1199	16	12	344	324	75	81	347	1000	0	2	349	447	321	0	10	476	210
2014-11-07	00:35:26	1199	16	12	342	323	78	82	345	999	0	2	346	442	322	0	10	476	211
2014-11-07	00:36:26	1199	16	12	341	322	80	83	345	994	0	2	343	437	322	0	10	476	211
2014-11-07	00:37:26	1199	16	12	340	321	83	83	347	990	0	2	341	433	323	0	10	476	210
2014-11-07	00:38:26	1199	16	12	339	320	85	84	345	985	0	2	340	429	323	0	10	476	211
2014-11-07	00:39:26	1199	16	12	338	319	87	84	345	979	0	2	338	425	322	0	10	476	211
2014-11-07	00:40:27	1199	16	12	337	318	90	86	345	972	0	2	337	421	322	0	10	476	211
2014-11-07	00:41:27	1199	16	12	336	317	92	87	347	964	0	2	336	419	321	0	10	476	210
2014-11-07	00:42:27	1199	16	12	335	316	94	87	345	955	0	2	335	416	320	0	10	476	211
2014-11-07	00:43:27	1199	16	12	334	316	96	88	345	945	0	2	333	413	319	0	10	476	211
2014-11-07	00:44:27	1199	16	12	334	315	99	90	347	934	0	2	333	410	319	0	10	476	210
2014-11-07	00:45:27	1199	16	12	333	314	100	90	345	922	0	2	332	407	317	0	10	477	211
2014-11-07	00:46:27	1199	16	12	332	313	102	91	345	908	0	2	331	405	316	0	10	477	211
2014-11-07	00:47:27	1199	16	12	331	313	104	92	345	893	0	2	331	402	315	0	10	477	211
2014-11-07	00:48:27	1199	16	12	331	312	107	92	345	877	0	2	331	400	314	0	10	477	211
2014-11-07	00:49:27	1199	16	12	331	311	108	94	345	863	0	2	330	397	313	0	10	477	211
2014-11-07	00:50:27	1199	16	12	331	311	109	95	345	849	0	2	329	395	312	0	10	477	211
2014-11-07	00:51:27	1199	16	12	330	310	112	95	347	833	0	2	329	393	311	0	10	477	210
2014-11-07	00:52:27	1199	16	12	330	310	113	96	345	817	0	2	328	391	310	0	10	477	211
2014-11-07	00:53:27	1199	17	12	329	309	115	98	345	802	0	2	327	389	309	0	10	477	211
2014-11-07	00:54:27	1199	17	12	329	308	116	99	347	786	0	2	327	387	308	0	10	477	210
2014-11-07	00:55:27	1199	16	12	328	307	118	99	345	770	0	2	326	385	307	0	10	477	211
2014-11-07	00:56:27	1199	17	12	328	306	120	100	347	753	0	2	325	383	306	0	10	477	210
2014-11-07	00:57:27	1199	17	12	327	305	121	100	347	736	0	2	325	381	305	0	10	477	210
2014-11-07	00:58:27	1199	18	12	327	304	122	102	347	716	0	2	324	380	304	0	10	477	210
2014-11-07	00:59:27	1199	17	12	326	303	123	103	347	698	0	2	323	377	303	0	10	477	210
2014-11-07	01:00:27	1199	18	12	326	303	125	103	347	678	0	2	323	375	303	0	10	477	210
2014-11-07	01:01:27	1199	18	12	325	302	126	104	346	657	0	2	322	374	302	0	10	477	211
2014-11-07	01:02:27	1199	18	12	325	301	127	106	346	635	0	2	321	372	301	0	10	477	211
2014-11-07	01:03:27	1199	17	12	324	299	128	106	347	613	0	2	321	370	300	0	10	477	210
2014-11-07	01:04:27	1199	18	12	323	299	129	107	347	591	0	2	320	369	299	0	10	477	210
2014-11-07	01:05:27	1199	18	12	323	298	131	107	346	569	0	2	320	367	299	0	10	477	211
2014-11-07	01:06:27	1199	18	12	322	297	132	108	346	546	0	2	319	366	298	0	10	477	211
2014-11-07	01:07:27	1199	18	12	322	296	133	109	347	521	0	2	318	364	297	0	10	477	210
2014-11-07	01:08:27	1199	18	12	321	295	134	110	346	497	0	2	318	363	297	0	10	477	211
2014-11-07	01:09:27	1199	18	12	321	294	135	111	347	472	0	2	317	362	296	0	10	477	210
2014-11-07	01:10:27	1199	18	13	321	294	137	112	346	447	0	2	317	361	296	0	10	477	211
2014-11-07	01:11:27	1199	18	13	320	293	137	112	347	420	0	2	316	359	295	0	10	477	210
2014-11-07	01:12:27	1199	18	13	319	292	138	113	347	393	0	2	315	358	295	0	10	477	210
2014-11-07	01:13:27	1199	18	13	319	291	139	113	346	366	0	2	314	358	294	0	10	477	211
2014-11-07	01:14:27	1199	18	13	318	290	140	114	346	337	0	2	314	358	294	0	10	477	211
2014-11-07	01:15:27	1199	18	13	317	290	142	115	346	309	0	2	313	356	294	0	10	477	211
2014-11-07	01:16:27	1199	18	13	317	289	142	116	347	279	0	2	312	356	293	0	10	477	210
2014-11-07	01:17:27	1199	18	13	316	288	143	116	347	250	0	2	312	355	293	0	10	476	210
2014-11-07	01:18:27	1199	18	13	316	287	144	116	346	219	0	2	311	354	292	0	10	476	211
2014-11-07	01:19:27	1199	18	13	315	287	145	117	346	188	0	2	310	353	292	0	10	476	210
2014-11-07	01:20:28	1199	18	13	314	286	146	117	347	156	0	2	310	352	291	0	10	476	210
2014-11-07	01:21:28	1199	18	13	314	285	146	118	346	123	0	2	309	351	290	0	10	476	211
2014-11-07	01:22:28	1199	18	13	313	284	147	118	347	91	0	2	308	350	290	0	10	476	210
2014-11-07	01:23:28	1199	18	13	312	284	149	118	347	58	0	2	308	350	290	0	10	476	210
2014-11-07	01:24:28	1199	18	13	312	283	150	120	347	25	0	2	307	349	289	0	10	476	210
2014-11-07	01:25:28	1199	18	13	311	282	150	120	346	-10	0	2	306	348	289	0	10	476	211
2014-11-07	01:26:28	1199	18	13	311	282	151	121	347	-46	0	2	305	347	288	0	10	475	210
2014-11-07	01:27:28	1199	18	13	310	281	152	121	347	-83	0	2	304	346	288	0	10	475	210
2014-11-07	01:28:28	1199	18	13	309	281	152	121	347	-120	0	2	303	346	288	0	10	475	210
2014-11-07	01:29:28	1199	18	13	308	280	153	121	347	-158	0	2	302	345	287	0	10	475	210
2014-11-07	01:30:28	1199	18	13	308	279	154	122	347	-197	0	2	301	344	286	0	10	475	210
2014-11-07	01:31:28	1199	18	13	307	279	155	122	347	-236	0	2	301	343	286	0	10	474	210
2014-11-07	01:32:28	1199	18	13	306	278	156	123	346	-276	0	2	300	343	286	0	10	474	211
2014-11-07	01:33:28	1199	18	13	305	277	156	123	347	-316	0	2	299	342	285	0	10	474	210
2014-11-07	01:34:28	1199	18	13	305	277	157	123	347	-358	0	2	298	341	285	0	10	474	210
2014-11-07	01:35:28	1199	18	13	304	276	158	123	347	-400	0	2	297	341	284	0	10	473	210
2014-11-07	01:36:28	1199	18	13	303	275	158	125	347	-443	0	2	296	340	284	0	10	473	210
2014-11-07	01:37:28	1199	18	13	302	275	159	125	347	-487	0	2	295	339	284	0	10	472	210
2014-11-07	01:38:28	1199	18	13	301	275	159	125	346	-532	0	2	294	339	283	0	10	472	211
2014-11-07	01:39:28	1199	18	13	301	275	160	126	347	-578	0	2	294	338	283	0	10	472	210
2014-11-07	01:40:28	1199	18	13	287	252	52	87	347	-624	0	7	290	470	43	0	30	471	210
2014-11-07	01:41:28	1199	18	13	311	261	46	22	346	-624	0	7	319	529	14	0	30	471	211
2014-11-07	01:42:28	1199	18	13	319	263	47	8	347	-624	0	7	321	571	51	0	30	470	210
2014-11-07	01:43:28	1199	18	13	322	269	49	5	347	-652	0	7	326	585	50	0	30	470	210
2014-11-07	01:44:28	1199	18	13	327	272	50	5	347	-677	0	7	331	594	53	0	30	469	210
2014-11-07	01:45:28	1199	18	13	330	277	50	5	347	-697	0	7	334	599	49	0	30	469	210
2014-11-07	01:46:28	1199	18	13	336	285	50	5	347	-714	0	7	341	608	56	0	30	468	210
2014-11-07	01:47:28	1199	18	13	343	292	50	7	347	-725	0	7	348	614	52	0	30	467	210
2014-11-07	01:48:28	1199	18	13	350	298	50	7	347	-728	0	7	354	622	55	0	30	467	210
2014-11-07	01:49:28	1199	18	13	355	302	49	8	347	-725	0	7	358	626	49	0	30	466	210
2014-11-07	01:50:28	1199	18	13	358	307	49	6	347	-717	0	7	360	633	55	0	30	466	210
2014-11-07	01:51:28	1199	18	13	362	311	49	6	347	-706	0	7	365	636	49	0	30	465	210
2014-11-07	01:52:28	1199	18	13	366	315	49	6	347	-691	0	7	367	642	55	0	30	465	210
2014-11-07	01:53:29	1199	18	13	370	319	52	8	347	-672	0	7	373	645	52	0	30	464	210
2014-11-07	01:54:29	1199	18	13	374	322	49	9	347	-649	0	7	375	649	55	0	30	464	210
2014-11-07	01:55:29	1199	18	13	377	326	43	6	347	-622	0	7	380	655	47	0	30	463	210
2014-11-07	01:56:29	1199	18	13	379	329	40	2	347	-592	0	7	381	658	43	0	30	463	210
2014-11-07	01:57:29	1199	18	13	382	331	37	-1	347	-560	0	7	382	664	46	0	30	462	210
2014-11-07	01:58:29	1199	18	13	384	334	35	-3	347	-528	0	7	386	667	40	0	30	462	210
2014-11-07	01:59:29	1199	18	13	386	336	35	-3	347	-491	0	7	386	671	42	0	30	462	210
2014-11-07	02:00:29	1199	18	13	387	339	34	-3	347	-452	0	7	389	674	41	0	30	461	210
2014-11-07	02:01:29	1199	18	13	389	341	33	-5	347	-411	0	7	390	677	39	0	30	461	210
2014-11-07	02:02:29	1199	18	13	391	342	32	-5	347	-369	0	7	392	681	41	0	30	460	210
2014-11-07	02:03:29	1199	18	14	393	344	32	-5	347	-325	0	7	394	681	37	0	30	460	210
2014-11-07	02:04:29	1199	18	14	395	346	32	-5	347	-279	0	7	395	685	41	0	30	460	210
2014-11-07	02:05:29	1199	18	14	396	348	30	-5	347	-231	0	7	397	688	39	0	30	460	210
2014-11-07	02:06:29	1199	18	14	398	349	30	-5	350	-185	0	7	398	689	38	0	30	459	209
2014-11-07	02:07:29	1199	18	14	399	351	30	-5	350	-137	0	7	399	694	41	0	30	459	209
2014-11-07	02:08:29	1199	18	14	401	352	30	-5	347	-85	0	7	401	694	37	0	30	459	210
2014-11-07	02:09:29	1199	18	14	402	354	29	-6	347	-31	0	7	402	696	38	0	30	458	210
2014-11-07	02:10:29	1199	18	14	403	353	29	16	347	24	0	2	412	660	59	0	10	458	210
2014-11-07	02:11:29	1199	18	14	403	352	34	27	347	79	0	2	426	597	94	0	10	458	210
2014-11-07	02:12:29	1199	18	14	404	351	37	33	347	135	0	2	429	542	125	0	10	458	210
2014-11-07	02:13:29	1199	18	14	405	351	40	37	347	192	0	2	426	501	151	0	10	458	210
2014-11-07	02:14:29	1199	18	14	404	350	43	40	347	250	0	2	420	471	169	0	10	457	210
2014-11-07	02:15:29	1199	19	14	403	349	46	43	347	307	0	2	412	450	186	0	10	457	210
2014-11-07	02:16:29	1199	19	14	400	347	49	47	347	363	0	2	403	435	206	0	10	457	210
2014-11-07	02:17:29	1199	18	14	396	345	52	52	347	416	0	2	395	423	224	0	10	457	210
2014-11-07	02:18:29	1199	19	14	391	343	55	56	350	465	0	2	387	412	237	0	10	457	209
2014-11-07	02:19:29	1199	18	14	386	342	58	59	347	509	0	2	381	403	247	0	10	457	210
2014-11-07	02:20:29	1199	19	14	382	340	59	62	347	548	0	2	374	394	254	0	10	457	210
2014-11-07	02:21:29	1199	19	14	377	338	62	63	347	583	0	2	368	387	259	0	10	456	210
2014-11-07	02:22:29	1199	19	14	372	337	65	65	347	613	0	2	363	381	264	0	10	456	210
2014-11-07	02:23:29	1199	19	14	368	336	68	66	347	638	0	2	359	375	267	0	10	456	210
2014-11-07	02:24:29	1199	18	14	364	335	70	68	347	659	0	2	357	370	270	0	10	456	210
2014-11-07	02:25:29	1199	18	14	361	334	72	68	347	676	0	2	355	366	271	0	10	456	210
2014-11-07	02:26:29	1199	19	14	358	333	74	69	347	689	0	2	352	363	273	0	10	456	210
2014-11-07	02:27:29	1199	19	14	356	332	76	70	347	700	0	2	350	360	274	0	10	456	210
2014-11-07	02:28:29	1199	19	14	354	331	79	71	347	709	0	2	349	358	274	0	10	456	210
2014-11-07	02:29:29	1199	18	14	352	331	80	72	347	716	0	2	347	356	275	0	10	455	210
2014-11-07	02:30:29	1199	18	14	351	330	83	72	347	721	0	2	346	354	275	0	10	455	210
2014-11-07	02:31:29	1199	19	14	349	329	84	73	347	725	0	2	345	352	276	0	10	455	210
2014-11-07	02:32:29	1199	18	14	348	329	87	73	347	724	0	2	343	350	275	0	10	455	210
2014-11-07	02:33:29	1199	19	14	347	328	88	75	347	726	0	2	342	348	275	0	10	455	210
2014-11-07	02:34:29	1199	19	14	346	327	90	76	347	726	0	2	340	347	275	0	10	455	210
2014-11-07	02:35:29	1199	19	14	345	326	92	76	347	725	0	2	339	345	274	0	10	455	210
2014-11-07	02:36:29	1199	19	14	344	325	94	78	347	720	0	2	338	343	274	0	10	455	210
2014-11-07	02:37:29	1199	18	14	344	324	95	78	347	717	0	2	337	342	274	0	10	455	210
2014-11-07	02:38:29	1199	19	14	342	323	98	79	347	714	0	2	335	340	273	0	10	454	210
2014-11-07	02:39:29	1199	19	14	342	323	99	80	347	709	0	2	335	339	273	0	10	454	210
2014-11-07	02:40:29	1199	19	14	341	321	100	81	347	704	0	2	333	337	272	0	10	455	210
2014-11-07	02:41:29	1199	18	14	339	320	102	82	347	697	0	2	332	336	271	0	10	454	210
2014-11-07	02:42:29	1199	19	14	338	319	103	83	347	689	0	2	331	334	271	0	10	454	210
2014-11-07	02:43:29	1199	18	14	337	318	104	83	347	680	0	2	331	333	270	0	10	454	210
2014-11-07	02:44:29	1199	19	14	336	317	107	84	347	670	0	2	330	332	270	0	10	454	210
2014-11-07	02:45:29	1199	18	14	335	316	108	85	347	659	0	2	329	331	269	0	10	454	210
2014-11-07	02:46:29	1199	19	14	334	315	109	86	347	647	0	2	328	331	269	0	10	454	210
2014-11-07	02:47:29	1199	18	14	333	313	111	87	347	634	0	2	327	329	268	0	10	453	210
2014-11-07	02:48:29	1199	18	14	332	312	112	87	347	620	0	2	327	328	267	0	10	453	210
2014-11-07	02:49:29	1199	19	14	331	311	113	88	347	605	0	2	325	327	267	0	10	453	210
2014-11-07	02:50:29	1199	18	14	331	310	115	88	347	589	0	2	325	326	266	0	10	453	210
2014-11-07	02:51:29	1199	19	14	331	308	116	90	347	573	0	2	324	325	266	0	10	453	210
2014-11-07	02:52:29	1199	19	14	329	307	117	90	347	556	0	2	323	324	266	0	10	453	210
2014-11-07	02:53:29	1199	18	14	329	306	117	91	347	538	0	2	322	323	265	0	10	453	210
2014-11-07	02:54:29	1199	18	14	328	305	118	91	347	520	0	2	322	323	264	0	10	453	210
2014-11-07	02:55:29	1199	18	14	327	304	120	92	347	501	0	2	321	322	264	0	10	452	210
2014-11-07	02:56:29	1199	19	14	326	303	121	92	347	481	0	2	320	321	263	0	10	452	210
2014-11-07	02:57:29	1199	18	14	325	302	122	94	347	460	0	2	319	320	263	0	10	452	210
2014-11-07	02:58:29	1199	18	14	325	301	122	94	347	438	0	2	319	319	263	0	10	452	210
2014-11-07	02:59:29	1199	19	14	324	300	124	95	347	416	0	2	318	318	262	0	10	452	210
2014-11-07	03:00:29	1199	18	14	323	299	125	95	347	393	0	2	317	318	262	0	10	452	210
2014-11-07	03:01:29	1199	19	14	323	299	126	95	347	369	0	2	317	317	262	0	10	452	210
2014-11-07	03:02:29	1199	19	14	322	297	127	96	347	345	0	2	316	316	261	0	10	452	210
2014-11-07	03:03:29	1199	18	14	321	297	128	98	347	320	0	2	316	315	261	0	10	452	210
2014-11-07	03:04:29	1199	18	14	321	296	128	98	347	294	0	2	315	315	260	0	10	451	210
2014-11-07	03:05:29	1199	18	15	320	295	129	98	347	267	0	2	315	314	260	0	10	451	210
2014-11-07	03:06:29	1199	18	15	319	294	131	99	347	240	0	2	313	313	260	0	10	451	210
2014-11-07	03:07:29	1199	18	15	319	294	131	99	347	212	0	2	313	313	259	0	10	451	210
2014-11-07	03:08:29	1199	18	15	318	293	132	99	347	181	0	2	312	312	259	0	10	451	210
2014-11-07	03:09:30	1199	18	15	317	293	133	100	347	152	0	2	311	312	259	0	10	451	210
2014-11-07	03:10:30	1199	18	15	317	292	133	100	350	122	0	2	311	311	258	0	10	451	209
2014-11-07	03:11:30	1199	18	15	316	291	134	100	350	92	0	2	310	310	258	0	10	451	209
2014-11-07	03:12:30	1199	19	15	315	290	135	101	350	58	0	2	309	310	258	0	10	450	209
2014-11-07	03:13:30	1199	18	15	315	289	136	102	347	27	0	2	308	309	257	0	10	450	210
2014-11-07	03:14:30	1199	19	15	314	288	137	102	347	-8	0	2	308	309	257	0	10	450	210
2014-11-07	03:15:30	1199	19	15	313	288	138	103	347	-41	0	2	307	308	257	0	10	450	210
2014-11-07	03:16:30	1199	18	15	313	287	138	103	347	-75	0	2	306	308	257	0	10	450	210
2014-11-07	03:17:30	1199	19	15	312	286	139	103	350	-109	0	2	305	307	256	0	10	450	209
2014-11-07	03:18:30	1199	18	15	311	285	139	104	350	-144	0	2	304	307	256	0	10	450	209
2014-11-07	03:19:30	1199	19	15	311	284	140	104	350	-180	0	2	303	306	256	0	10	449	209
2014-11-07	03:20:30	1199	19	15	310	284	140	104	350	-216	0	2	303	305	256	0	10	449	209
2014-11-07	03:21:30	1199	18	15	309	283	142	104	347	-253	0	2	302	305	255	0	10	449	210
2014-11-07	03:22:30	1199	19	15	308	282	143	105	350	-291	0	2	301	305	255	0	10	449	209
2014-11-07	03:23:30	1199	19	15	308	282	143	106	350	-330	0	2	300	304	255	0	10	449	209
2014-11-07	03:24:30	1199	19	15	307	281	144	106	347	-369	0	2	299	303	254	0	10	448	210
2014-11-07	03:25:30	1199	18	15	306	280	144	106	347	-412	0	2	298	303	254	0	10	448	210
2014-11-07	03:26:30	1199	18	15	305	279	145	107	347	-456	0	2	298	303	254	0	10	448	210
2014-11-07	03:27:30	1199	18	15	304	278	145	107	350	-498	0	2	297	302	254	0	10	448	209
2014-11-07	03:28:30	1199	18	15	304	278	146	107	350	-540	0	2	296	301	253	0	10	448	209
2014-11-07	03:29:30	1199	18	15	303	277	147	108	350	-586	0	2	295	301	253	0	10	448	209
2014-11-07	03:30:30	1199	18	15	293	259	53	78	350	-633	0	7	296	441	38	0	30	447	209
2014-11-07	03:31:30	1199	18	15	315	267	47	20	347	-633	0	7	323	518	18	0	30	447	210
2014-11-07	03:32:30	1199	19	15	323	269	49	8	347	-633	0	7	326	559	55	0	30	447	210
2014-11-07	03:33:30	1199	18	15	327	275	49	6	350	-656	0	7	331	573	49	0	30	447	209
2014-11-07	03:34:30	1199	18	15	332	279	50	6	350	-678	0	7	337	585	54	0	30	447	209
2014-11-07	03:35:30	1199	18	15	336	285	50	6	350	-696	0	7	342	592	50	0	30	446	209
2014-11-07	03:36:30	1199	18	15	342	291	52	6	347	-710	0	7	347	601	56	0	30	446	210
2014-11-07	03:37:30	1199	18	15	348	297	52	8	347	-714	0	7	353	607	52	0	30	446	210
2014-11-07	03:38:30	1199	19	15	354	303	51	8	347	-712	0	7	358	616	55	0	30	446	210
2014-11-07	03:39:30	1199	18	15	358	308	50	8	350	-704	0	7	362	621	50	0	30	445	209
2014-11-07	03:40:30	1199	19	15	362	312	50	7	347	-696	0	7	365	628	55	0	30	445	210
2014-11-07	03:41:30	1199	18	15	366	316	50	8	350	-681	0	7	369	632	50	0	30	445	209
2014-11-07	03:42:30	1199	19	15	370	319	50	8	347	-662	0	7	372	638	55	0	30	445	210
2014-11-07	03:43:30	1199	19	15	374	323	52	9	350	-639	0	7	377	642	53	0	30	444	209
2014-11-07	03:44:30	1199	18	15	378	327	49	9	347	-615	0	7	380	647	55	0	30	444	210
2014-11-07	03:45:30	1199	19	15	380	330	44	6	347	-584	0	7	384	652	44	0	30	444	210
2014-11-07	03:46:30	1199	18	15	383	332	41	2	347	-553	0	7	384	658	47	0	30	443	210
2014-11-07	03:47:30	1199	18	15	385	335	38	0	350	-520	0	7	386	663	46	0	30	443	209
2014-11-07	03:48:30	1199	19	15	386	337	37	-1	350	-485	0	7	388	666	40	0	30	443	209
2014-11-07	03:49:30	1199	18	15	388	340	35	-3	347	-446	0	7	389	671	44	0	30	443	210
2014-11-07	03:50:30	1199	18	15	391	342	35	-3	350	-404	0	7	392	673	39	0	30	442	209
2014-11-07	03:51:30	1199	18	15	392	344	34	-3	350	-360	0	7	393	677	42	0	30	442	209
2014-11-07	03:52:30	1199	18	15	394	346	34	-4	350	-317	0	7	395	680	41	0	30	442	209
2014-11-07	03:53:30	1199	18	15	396	348	33	-4	350	-273	0	7	396	682	40	0	30	441	209
2014-11-07	03:54:30	1199	18	15	397	349	32	-5	347	-227	0	7	397	687	41	0	30	441	210
2014-11-07	03:55:30	1199	18	15	399	351	32	-5	350	-179	0	7	400	687	38	0	30	441	209
2014-11-07	03:56:30	1199	18	15	400	352	32	-5	347	-127	0	7	400	691	41	0	30	440	210
2014-11-07	03:57:30	1199	18	15	402	354	32	-5	350	-76	0	7	402	692	38	0	30	440	209
2014-11-07	03:58:30	1199	18	15	403	355	30	-5	350	-24	0	7	403	695	40	0	30	440	209
2014-11-07	03:59:30	1199	18	15	404	354	32	18	350	32	0	2	412	658	61	0	10	440	209
2014-11-07	04:00:30	1199	18	15	404	353	35	29	350	89	0	2	424	595	95	0	10	439	209
2014-11-07	04:01:30	1199	18	15	405	353	39	35	347	146	0	2	426	540	125	0	10	439	210
2014-11-07	04:02:30	1199	18	15	405	352	42	38	347	201	0	2	423	498	151	0	10	439	210
2014-11-07	04:03:30	1199	18	15	404	351	44	41	347	256	0	2	418	468	173	0	10	439	210
2014-11-07	04:04:30	1199	18	15	402	350	47	44	347	310	0	2	410	447	193	0	10	438	210
2014-11-07	04:05:30	1199	18	15	399	348	50	50	350	362	0	2	401	431	211	0	10	438	209
2014-11-07	04:06:30	1199	18	15	395	346	53	55	347	414	0	2	393	420	228	0	10	438	210
2014-11-07	04:07:30	1199	18	15	390	344	56	58	350	458	0	2	386	409	238	0	10	438	209
2014-11-07	04:08:30	1199	18	15	386	342	59	61	350	501	0	2	380	399	248	0	10	437	209
2014-11-07	04:09:30	1199	18	15	381	340	61	63	347	540	0	2	373	390	254	0	10	437	210
2014-11-07	04:10:30	1199	18	15	376	339	63	65	347	571	0	2	367	384	259	0	10	437	210
2014-11-07	04:11:30	1199	18	15	371	338	66	66	347	600	0	2	362	377	263	0	10	437	210
2014-11-07	04:12:30	1199	18	15	367	336	68	68	347	621	0	2	359	371	266	0	10	437	210
2014-11-07	04:13:30	1199	18	15	363	335	71	68	347	638	0	2	357	366	268	0	10	436	210
2014-11-07	04:14:30	1199	18	15	360	334	73	69	347	651	0	2	354	362	270	0	10	436	210
2014-11-07	04:15:30	1199	18	15	358	333	75	71	347	661	0	2	352	359	271	0	10	436	210
2014-11-07	04:16:30	1199	18	15	356	332	78	71	347	672	0	2	350	357	272	0	10	436	210
2014-11-07	04:17:30	1199	18	15	353	331	79	72	347	678	0	2	349	355	272	0	10	436	210
2014-11-07	04:18:30	1199	18	15	352	331	82	73	350	681	0	2	347	352	273	0	10	436	209
2014-11-07	04:19:30	1199	18	15	350	330	83	73	350	683	0	2	346	350	273	0	10	435	209
2014-11-07	04:20:30	1199	18	15	350	330	85	75	347	686	0	2	345	348	273	0	10	435	210
2014-11-07	04:21:30	1199	18	15	348	329	87	75	347	685	0	2	343	346	272	0	10	435	210
2014-11-07	04:22:30	1199	18	15	347	328	88	76	350	683	0	2	342	345	272	0	10	435	209
2014-11-07	04:23:30	1199	18	15	346	327	91	78	350	683	0	2	341	343	272	0	10	435	209
2014-11-07	04:24:30	1199	18	15	346	326	92	78	347	682	0	2	340	341	272	0	10	435	210
2014-11-07	04:25:31	1199	18	15	345	325	94	79	350	678	0	2	338	340	271	0	10	435	209
2014-11-07	04:26:31	1199	18	15	344	324	96	79	347	672	0	2	337	339	271	0	10	434	210
2014-11-07	04:27:31	1199	18	16	343	323	98	80	350	666	0	2	336	337	270	0	10	434	209
2014-11-07	04:28:31	1199	18	16	342	322	99	82	347	659	0	2	335	335	270	0	10	434	210
2014-11-07	04:29:31	1199	18	16	341	321	100	82	347	651	0	2	334	334	269	0	10	434	210
2014-11-07	04:30:31	1199	18	16	340	320	103	83	350	645	0	2	332	332	269	0	10	434	209
2014-11-07	04:31:31	1199	18	16	338	318	104	83	347	635	0	2	331	331	268	0	10	434	210
2014-11-07	04:32:31	1199	18	16	337	317	105	85	347	623	0	2	331	331	268	0	10	434	210
2014-11-07	04:33:31	1199	18	16	336	316	107	85	350	613	0	2	330	330	267	0	10	433	209
2014-11-07	04:34:31	1199	18	16	335	315	108	86	350	599	0	2	329	329	266	0	10	433	209
2014-11-07	04:35:31	1199	18	16	334	314	109	87	350	587	0	2	328	328	266	0	10	433	209
2014-11-07	04:36:33	1199	18	16	333	312	111	87	347	574	0	2	327	326	265	0	10	433	210
2014-11-07	04:37:32	1199	18	16	332	311	112	88	347	560	0	2	327	325	265	0	10	433	210
2014-11-07	04:38:32	1199	18	16	331	310	113	89	347	542	0	2	325	324	264	0	10	433	210
2014-11-07	04:39:32	1199	18	16	331	309	115	90	347	523	0	2	325	323	264	0	10	433	210
2014-11-07	04:40:32	1199	18	16	330	308	116	91	350	507	0	2	324	322	263	0	10	433	209
2014-11-07	04:41:32	1199	18	16	329	307	117	91	347	490	0	2	323	321	263	0	10	432	210
2014-11-07	04:42:32	1199	18	16	328	305	118	91	347	472	0	2	322	321	262	0	10	432	210
2014-11-07	04:43:32	1199	18	16	327	304	119	92	347	450	0	2	321	320	262	0	10	432	210
2014-11-07	04:44:32	1199	18	16	327	303	121	93	350	430	0	2	320	319	262	0	10	432	209
2014-11-07	04:45:32	1199	18	16	326	302	121	94	350	410	0	2	320	318	261	0	10	432	209
2014-11-07	04:46:32	1199	18	16	325	301	122	94	347	389	0	2	319	317	261	0	10	432	210
2014-11-07	04:47:32	1199	18	16	324	300	123	95	347	364	0	2	318	316	260	0	10	431	210
2014-11-07	04:48:32	1199	18	16	323	299	124	95	347	338	0	2	318	316	260	0	10	431	210
2014-11-07	04:49:32	1199	18	16	323	298	125	96	347	311	0	2	317	315	260	0	10	431	210
2014-11-07	04:50:32	1199	18	16	322	297	126	96	347	284	0	2	316	314	259	0	10	431	210
2014-11-07	04:51:32	1199	18	16	321	296	127	97	350	256	0	2	316	313	259	0	10	431	209
2014-11-07	04:52:32	1199	18	16	321	296	128	98	350	227	0	2	315	313	258	0	10	431	209
2014-11-07	04:53:32	1199	18	16	320	295	128	98	350	198	0	2	315	312	258	0	10	431	209
2014-11-07	04:54:32	1199	18	16	319	294	129	99	350	171	0	2	314	311	258	0	10	430	209
2014-11-07	04:55:32	1199	18	16	319	294	131	99	350	143	0	2	313	311	257	0	10	430	209
2014-11-07	04:56:32	1199	18	16	318	293	132	99	350	115	0	2	312	310	257	0	10	430	209
2014-11-07	04:57:32	1199	18	16	317	292	132	100	350	83	0	2	311	309	257	0	10	430	209
2014-11-07	04:58:32	1199	18	16	316	291	133	100	347	53	0	2	311	309	256	0	10	430	210
2014-11-07	04:59:32	1199	18	16	316	290	133	101	347	22	0	2	310	308	256	0	10	430	210
2014-11-07	05:00:32	1199	18	16	315	290	134	102	347	-12	0	2	309	308	256	0	10	430	210
2014-11-07	05:01:32	1199	18	16	314	289	136	102	350	-47	0	2	308	307	256	0	10	430	209
2014-11-07	05:02:32	1199	18	16	314	288	136	102	347	-79	0	2	308	307	255	0	10	429	210
2014-11-07	05:03:32	1199	18	16	313	287	137	103	347	-116	0	2	307	306	255	0	10	429	210
2014-11-07	05:04:32	1199	18	16	312	286	138	103	350	-153	0	2	306	306	255	0	10	429	209
2014-11-07	05:05:32	1199	18	16	312	285	138	103	350	-188	0	2	305	305	255	0	10	429	209
2014-11-07	05:06:32	1199	18	16	311	285	139	104	350	-226	0	2	304	305	254	0	10	429	209
2014-11-07	05:07:32	1199	18	16	310	284	139	104	350	-265	0	2	303	304	254	0	10	429	209
2014-11-07	05:08:32	1199	19	16	309	283	140	104	347	-305	0	2	302	304	254	0	10	428	210
2014-11-07	05:09:32	1199	18	16	309	282	141	106	350	-345	0	2	302	303	254	0	10	428	209
2014-11-07	05:10:32	1199	19	16	308	282	142	106	347	-383	0	2	301	303	253	0	10	428	210
2014-11-07	05:11:32	1199	18	16	307	281	143	106	350	-425	0	2	300	303	253	0	10	428	209
2014-11-07	05:12:32	1199	18	16	306	280	143	106	350	-468	0	2	299	302	253	0	10	428	209
2014-11-07	05:13:32	1199	19	16	305	279	144	107	350	-512	0	2	298	301	252	0	10	428	209
2014-11-07	05:14:32	1199	19	16	305	278	144	107	350	-557	0	2	297	301	252	0	10	428	209
2014-11-07	05:15:32	1199	18	16	292	261	53	77	350	-602	0	7	294	439	41	0	30	427	209
2014-11-07	05:16:32	1199	19	16	317	269	47	20	350	-602	0	7	325	519	17	0	30	427	209
2014-11-07	05:17:32	1199	19	16	325	271	49	8	350	-602	0	7	328	561	55	0	30	427	209
2014-11-07	05:18:32	1199	19	16	329	277	50	6	350	-624	0	7	333	575	50	0	30	427	209
2014-11-07	05:19:32	1199	19	16	334	281	50	6	350	-645	0	7	339	587	55	0	30	427	209
2014-11-07	05:20:32	1199	19	16	338	287	50	6	350	-658	0	7	344	594	50	0	30	427	209
2014-11-07	05:21:32	1199	19	16	344	293	52	6	350	-669	0	7	349	603	56	0	30	427	209
2014-11-07	05:22:32	1199	18	16	350	298	52	7	350	-671	0	7	355	609	53	0	30	426	209
2014-11-07	05:23:32	1199	19	16	356	304	52	8	350	-671	0	7	359	617	56	0	30	426	209
2014-11-07	05:24:32	1199	19	16	359	309	50	8	350	-665	0	7	363	623	51	0	30	426	209
2014-11-07	05:25:32	1199	18	16	364	313	50	7	350	-656	0	7	366	629	56	0	30	426	209
2014-11-07	05:26:32	1199	19	16	367	317	50	8	350	-642	0	7	371	633	50	0	30	426	209
2014-11-07	05:27:32	1199	19	16	371	321	50	8	350	-625	0	7	373	640	57	0	30	425	209
2014-11-07	05:28:32	1199	19	16	375	325	52	9	350	-604	0	7	378	643	54	0	30	426	209
2014-11-07	05:29:32	1199	19	16	379	328	50	9	350	-579	0	7	382	649	55	0	30	425	209
2014-11-07	05:30:32	1199	19	16	382	331	44	6	350	-550	0	7	386	654	44	0	30	425	209
2014-11-07	05:31:32	1199	19	16	384	334	41	2	350	-518	0	7	386	659	47	0	30	425	209
2014-11-07	05:32:32	1199	19	16	386	336	38	1	350	-484	0	7	388	664	44	0	30	425	209
2014-11-07	05:33:32	1199	19	16	388	339	37	-1	350	-448	0	7	389	667	41	0	30	424	209
2014-11-07	05:34:32	1199	19	16	390	341	35	-2	350	-410	0	7	391	673	44	0	30	424	209
2014-11-07	05:35:32	1199	19	16	392	343	35	-3	350	-370	0	7	394	674	38	0	30	424	209
2014-11-07	05:36:32	1199	19	16	393	346	35	-3	350	-328	0	7	394	680	44	0	30	424	209
2014-11-07	05:37:32	1199	19	16	395	347	34	-3	350	-284	0	7	397	681	40	0	30	424	209
2014-11-07	05:38:32	1199	19	16	397	349	34	-3	350	-239	0	7	397	684	41	0	30	423	209
2014-11-07	05:39:32	1199	19	16	398	350	33	-5	350	-192	0	7	399	687	41	0	30	423	209
2014-11-07	05:40:33	1199	19	16	400	352	32	-4	350	-143	0	7	401	688	38	0	30	423	209
2014-11-07	05:41:33	1199	19	16	401	353	32	-5	350	-93	0	7	402	692	43	0	30	423	209
2014-11-07	05:42:33	1199	19	16	403	355	32	-4	350	-41	0	7	404	692	38	0	30	423	209
2014-11-07	05:43:33	1199	19	16	403	354	34	19	350	12	0	2	411	657	65	0	10	423	209
2014-11-07	05:44:33	1199	19	16	403	353	37	30	350	65	0	2	423	594	98	0	10	422	209
2014-11-07	05:45:33	1199	19	16	404	352	41	37	350	118	0	2	425	538	128	0	10	422	209
2014-11-07	05:46:33	1199	19	16	404	352	44	40	350	172	0	2	422	496	153	0	10	422	209
2014-11-07	05:47:33	1199	19	16	403	351	47	43	350	225	0	2	417	467	176	0	10	422	209
2014-11-07	05:48:33	1199	19	16	401	350	49	47	350	278	0	2	409	445	194	0	10	421	209
2014-11-07	05:49:33	1199	19	16	398	348	52	53	350	329	0	2	401	430	211	0	10	421	209
2014-11-07	05:50:33	1199	19	16	394	346	55	58	350	377	0	2	392	419	228	0	10	421	209
2014-11-07	05:51:33	1199	19	16	389	344	56	61	350	421	0	2	386	408	239	0	10	421	209
2014-11-07	05:52:33	1199	19	16	385	342	59	63	350	460	0	2	379	398	248	0	10	421	209
2014-11-07	05:53:33	1199	19	16	380	340	62	66	350	495	0	2	372	389	254	0	10	420	209
2014-11-07	05:54:33	1199	19	16	375	339	65	68	350	524	0	2	366	383	259	0	10	420	209
2014-11-07	05:55:33	1199	19	16	370	337	66	69	347	548	0	2	362	376	263	0	10	420	210
2014-11-07	05:56:33	1199	19	16	366	336	69	69	350	568	0	2	358	370	266	0	10	420	209
2014-11-07	05:57:33	1199	19	16	362	334	72	71	350	587	0	2	356	365	268	0	10	420	209
2014-11-07	05:58:33	1199	19	16	359	334	73	72	350	599	0	2	354	362	269	0	10	420	209
2014-11-07	05:59:33	1199	19	16	357	332	76	72	350	608	0	2	352	358	271	0	10	420	209
2014-11-07	06:00:33	1199	19	16	355	331	79	73	350	618	0	2	350	357	272	0	10	420	209
2014-11-07	06:01:33	1199	19	16	353	331	80	73	350	626	0	2	348	354	272	0	10	420	209
2014-11-07	06:02:33	1199	19	16	351	331	82	75	347	628	0	2	347	352	272	0	10	420	210
2014-11-07	06:03:33	1199	19	16	350	330	84	75	350	629	0	2	346	350	272	0	10	420	209
2014-11-07	06:04:33	1199	19	16	355	414	41	62	350	629	0	15	386	515	58	0	20	419	209
2014-11-07	06:05:33	1199	19	16	444	444	40	25	350	629	0	15	467	650	19	0	20	419	209
2014-11-07	06:06:33	1199	19	16	501	476	38	14	350	629	0	15	519	732	36	0	20	419	209
2014-11-07	06:07:33	1199	19	16	538	500	38	13	350	629	0	15	549	785	55	0	20	419	209
2014-11-07	06:08:33	1199	19	16	562	515	38	13	350	629	0	15	570	818	58	0	20	419	209
2014-11-07	06:09:33	1199	19	16	575	524	40	14	350	629	0	15	582	839	56	0	20	420	209
2014-11-07	06:10:33	1199	19	16	586	532	41	16	350	629	0	15	589	855	61	0	20	423	209
2014-11-07	06:11:33	1199	19	17	593	538	41	18	350	629	0	15	597	870	62	0	20	426	209
2014-11-07	06:12:33	1199	19	17	599	544	41	18	350	629	0	15	603	883	59	0	20	430	209
2014-11-07	06:13:33	1199	19	17	605	549	40	18	350	629	0	15	607	895	62	0	20	433	209
2014-11-07	06:14:33	1199	19	17	608	553	39	18	350	629	0	15	613	907	59	0	20	437	209
2014-11-07	06:15:33	1199	19	17	612	557	39	18	347	629	0	15	616	914	61	0	20	441	210
2014-11-07	06:16:33	1199	19	17	617	562	41	18	350	629	0	15	619	923	63	0	20	446	209
2014-11-07	06:17:33	1199	19	17	621	566	43	21	350	629	0	15	624	932	63	0	20	451	209
2014-11-07	06:18:33	1199	19	17	626	571	43	22	350	629	0	6	628	940	66	0	10	455	209
2014-11-07	06:19:33	1199	19	17	625	567	44	43	347	629	0	2	646	864	100	0	10	460	210
2014-11-07	06:20:33	1199	19	17	624	551	49	50	347	629	162	2	656	768	141	0	10	464	210
2014-11-07	06:21:33	1199	19	17	619	360	52	56	350	629	0	2	636	678	192	0	10	467	209
2014-11-07	06:22:33	1199	19	17	600	322	56	61	350	897	0	2	612	623	225	0	10	470	209
2014-11-07	06:23:33	1199	19	17	580	313	59	71	347	1000	0	2	591	588	251	0	10	472	210
2014-11-07	06:24:33	1199	19	17	545	309	62	80	350	1000	0	2	553	558	268	0	10	473	209
2014-11-07	06:25:33	1199	19	17	464	306	66	86	350	1000	0	2	495	533	282	0	10	473	209
2014-11-07	06:26:33	1199	19	17	398	302	69	89	350	1000	0	2	440	513	292	0	10	474	209
2014-11-07	06:27:33	1199	19	17	361	300	72	91	350	1000	0	2	400	496	299	0	10	474	209
2014-11-07	06:28:33	1199	19	17	344	297	75	93	350	1000	0	2	373	482	305	0	10	473	209
2014-11-07	06:29:33	1199	19	17	334	295	78	94	347	993	0	2	356	471	310	0	10	473	210
2014-11-07	06:30:33	1199	19	17	328	294	80	95	350	976	0	2	344	461	313	0	10	472	209
2014-11-07	06:31:33	1199	19	17	324	294	83	95	347	954	0	2	336	453	316	0	10	471	210
2014-11-07	06:32:33	1199	19	17	321	294	86	96	350	928	0	2	330	446	317	0	10	470	209
2014-11-07	06:33:33	1199	19	17	318	294	88	96	347	899	0	2	325	441	318	0	10	470	210
2014-11-07	06:34:33	1199	19	17	317	293	90	98	350	870	0	2	322	435	319	0	10	469	209
2014-11-07	06:35:33	1199	19	17	315	293	92	98	347	836	0	2	318	430	318	0	10	468	210
2014-11-07	06:36:33	1199	19	17	313	293	95	99	350	801	0	2	316	426	318	0	10	468	209
2014-11-07	06:37:33	1199	19	17	312	293	98	99	350	767	0	2	313	422	317	0	10	468	209
2014-11-07	06:38:33	1199	19	17	311	293	99	100	347	732	0	2	311	419	317	0	10	468	210
2014-11-07	06:39:33	1199	19	17	309	293	102	101	350	692	0	2	310	416	316	0	10	468	209
2014-11-07	06:40:33	1199	19	17	309	292	103	102	347	651	0	2	308	412	315	0	10	468	210
2014-11-07	06:41:33	1199	19	17	307	292	106	102	350	609	0	2	307	409	314	0	10	468	209
2014-11-07	06:42:33	1199	19	17	307	292	107	103	350	566	0	2	306	406	313	0	10	468	209
2014-11-07	06:43:33	1199	19	17	306	292	109	104	350	523	0	2	305	404	311	0	10	468	209
2014-11-07	06:44:33	1199	19	17	305	291	111	105	347	482	0	2	304	401	310	0	10	468	210
2014-11-07	06:45:33	1199	19	17	304	291	112	106	350	437	0	2	303	398	309	0	10	468	209
2014-11-07	06:46:33	1199	19	17	304	291	115	107	350	391	0	2	302	396	308	0	10	468	209
2014-11-07	06:47:33	1199	19	17	303	291	116	107	347	348	0	2	301	393	307	0	10	468	210
2014-11-07	06:48:33	1199	19	17	303	290	117	108	350	301	0	2	301	391	306	0	10	468	209
2014-11-07	06:49:33	1199	19	17	302	290	120	108	350	254	0	2	300	389	305	0	10	468	209
2014-11-07	06:50:33	1199	19	17	302	290	121	109	350	206	0	2	300	386	304	0	10	468	209
2014-11-07	06:51:33	1199	19	17	301	290	122	111	350	158	0	2	300	386	303	0	10	469	209
2014-11-07	06:52:33	1199	19	17	301	289	123	111	350	109	0	2	299	383	302	0	10	468	209
2014-11-07	06:53:33	1199	19	17	300	289	125	112	350	63	0	2	299	381	301	0	10	468	209
2014-11-07	06:54:34	1199	19	17	300	289	126	112	350	14	0	2	298	378	300	0	10	468	209
2014-11-07	06:55:34	1199	19	17	300	288	128	113	347	-36	0	2	298	376	299	0	10	468	210
2014-11-07	06:56:34	1199	19	17	299	288	129	113	347	-86	0	2	297	374	299	0	10	468	210
2014-11-07	06:57:34	1199	19	17	299	287	131	115	347	-134	0	2	297	373	297	0	10	468	210
2014-11-07	06:58:34	1199	19	17	299	287	132	116	350	-185	0	2	297	371	297	0	10	468	209
2014-11-07	06:59:34	1199	19	17	298	286	133	116	347	-233	0	2	296	369	296	0	10	468	210
2014-11-07	07:00:34	1199	19	17	298	286	134	117	347	-281	0	2	296	367	295	0	10	468	210
2014-11-07	07:01:34	1199	19	17	298	285	136	117	350	-333	0	2	296	366	295	0	10	468	209
2014-11-07	07:02:34	1199	19	17	297	285	137	118	350	-385	0	2	296	364	294	0	10	468	209
2014-11-07	07:03:34	1199	19	17	297	284	138	119	350	-438	0	2	296	363	294	0	10	468	209
2014-11-07	07:04:34	1199	19	17	297	284	139	120	350	-488	0	2	295	361	294	0	10	468	209
2014-11-07	07:05:34	1199	19	17	297	283	140	121	350	-538	0	2	295	360	293	0	10	468	209
2014-11-07	07:06:34	1199	19	17	296	283	141	121	350	-589	0	2	295	359	292	0	10	468	209
2014-11-07	07:07:34	1199	19	17	291	260	52	84	347	-643	0	7	297	493	45	0	30	468	210
2014-11-07	07:08:34	1199	19	17	319	271	46	23	350	-643	0	7	328	545	16	0	30	468	209
2014-11-07	07:09:34	1199	19	17	327	271	47	8	350	-643	0	7	329	585	51	0	30	468	209
2014-11-07	07:10:34	1199	19	17	330	278	47	6	350	-666	0	7	333	597	49	0	30	468	209
2014-11-07	07:11:34	1199	19	17	336	283	49	4	347	-686	0	7	340	608	55	0	30	468	210
2014-11-07	07:12:34	1199	19	17	340	289	49	6	350	-700	0	7	345	613	49	0	30	468	209
2014-11-07	07:13:34	1199	19	17	346	294	49	6	350	-710	0	7	350	622	56	0	30	468	209
2014-11-07	07:14:34	1199	19	17	352	300	50	7	350	-713	0	7	357	626	49	0	30	468	209
2014-11-07	07:15:34	1199	19	17	358	306	49	8	350	-711	0	7	359	632	55	0	30	468	209
2014-11-07	07:16:34	1199	19	17	361	311	49	8	350	-703	0	7	365	637	47	0	30	468	209
2014-11-07	07:17:34	1199	19	17	365	315	47	6	350	-692	0	7	367	643	54	0	30	468	209
2014-11-07	07:18:34	1199	19	17	368	314	49	6	350	-677	0	7	370	645	50	0	30	467	209
2014-11-07	07:19:34	1199	19	17	367	313	49	7	350	-660	0	7	367	644	53	0	30	467	209
2014-11-07	07:20:34	1199	19	17	367	314	50	8	350	-643	0	7	369	645	53	0	30	467	209
2014-11-07	07:21:34	1199	19	17	368	316	49	8	350	-626	0	7	369	646	53	0	30	467	209
2014-11-07	07:22:34	1199	19	17	369	318	43	4	350	-608	0	7	371	651	50	0	30	467	209
2014-11-07	07:23:34	1199	19	17	371	323	40	2	350	-589	0	7	375	654	40	0	30	467	209
2014-11-07	07:24:34	1199	19	17	376	328	37	-1	350	-567	0	7	377	661	46	0	30	467	209
2014-11-07	07:25:34	1199	19	17	380	331	35	-3	350	-541	0	7	382	665	41	0	30	467	209
2014-11-07	07:26:34	1199	19	17	382	332	35	-3	350	-511	0	7	383	667	40	0	30	467	209
2014-11-07	07:27:34	1199	19	17	384	333	34	-5	350	-479	0	7	385	671	43	0	30	467	209
2014-11-07	07:28:34	1199	19	17	385	335	33	-5	350	-445	0	7	386	671	37	0	30	467	209
2014-11-07	07:29:34	1199	19	17	386	337	32	-5	350	-413	0	7	386	675	41	0	30	466	209
2014-11-07	07:30:34	1199	19	17	387	338	32	-5	350	-377	0	7	387	677	38	0	30	466	209
2014-11-07	07:31:34	1199	19	17	388	340	32	-5	350	-340	0	7	389	679	38	0	30	466	209
2014-11-07	07:32:34	1199	19	17	390	342	32	-5	353	-301	0	7	390	682	40	0	30	466	208
2014-11-07	07:33:34	1199	19	17	392	343	30	-5	350	-261	0	7	392	682	36	0	30	466	209
2014-11-07	07:34:34	1199	19	17	393	345	30	-5	350	-219	0	7	393	687	40	0	30	465	209
2014-11-07	07:35:34	1199	19	17	394	346	30	-6	350	-176	0	7	395	686	37	0	30	465	209
2014-11-07	07:36:34	1199	19	17	395	347	29	-6	350	-132	0	7	395	689	38	0	30	465	209
2014-11-07	07:37:34	1199	19	17	396	348	28	-6	350	-87	0	7	396	691	38	0	30	465	209
2014-11-07	07:38:34	1199	19	17	397	350	27	-7	350	-41	0	7	397	692	34	0	30	465	209
2014-11-07	07:39:34	1199	19	17	397	349	28	15	350	6	0	2	404	655	61	0	10	464	209
2014-11-07	07:40:34	1199	19	17	397	348	32	26	350	54	0	2	415	594	96	0	10	464	209
2014-11-07	07:41:34	1199	19	17	398	347	35	32	350	102	0	2	417	540	126	0	10	464	209
2014-11-07	07:42:34	1199	19	17	397	347	38	35	353	150	0	2	414	499	152	0	10	464	208
2014-11-07	07:43:34	1199	19	17	396	346	41	38	350	197	0	2	408	470	169	0	10	463	209
2014-11-07	07:44:34	1199	19	17	393	345	44	41	350	243	0	2	400	450	185	0	10	463	209
2014-11-07	07:45:34	1199	19	17	389	343	47	47	350	286	0	2	392	435	206	0	10	463	209
2014-11-07	07:46:34	1199	19	17	386	342	50	52	350	325	0	2	385	422	224	0	10	462	209
2014-11-07	07:47:34	1199	19	17	381	340	53	55	350	361	0	2	377	412	236	0	10	462	209
2014-11-07	07:48:34	1199	19	17	376	338	56	58	353	392	0	2	370	402	245	0	10	462	208
2014-11-07	07:49:34	1199	19	17	371	336	58	60	350	418	0	2	364	393	253	0	10	461	209
2014-11-07	07:50:34	1199	19	17	367	335	61	62	350	439	0	2	359	386	258	0	10	461	209
2014-11-07	07:51:34	1199	19	17	363	334	63	63	350	455	0	2	357	380	263	0	10	460	209
2014-11-07	07:52:34	1199	19	17	359	333	66	65	350	467	0	2	353	374	266	0	10	460	209
2014-11-07	07:53:35	1199	19	17	356	331	68	66	350	476	0	2	350	369	269	0	10	460	209
2014-11-07	07:54:35	1199	19	17	353	331	71	66	350	482	0	2	348	365	271	0	10	459	209
2014-11-07	07:55:35	1199	19	17	351	330	73	68	350	485	0	2	346	361	272	0	10	459	209
2014-11-07	07:56:35	1199	19	17	349	329	75	68	347	486	0	2	344	359	273	0	10	459	210
2014-11-07	07:57:35	1199	19	17	347	328	78	69	350	485	0	2	343	357	274	0	10	458	209
2014-11-07	07:58:35	1199	19	17	346	327	79	71	350	482	0	2	342	355	274	0	10	458	209
2014-11-07	07:59:35	1199	19	17	344	326	82	71	350	481	0	2	341	353	275	0	10	458	209
2014-11-07	08:00:35	1199	19	17	344	326	83	72	350	475	0	2	340	351	275	0	10	457	209
2014-11-07	08:01:35	1199	19	17	343	325	86	72	350	469	0	2	339	349	274	0	10	457	209
2014-11-07	08:02:35	1199	19	17	342	324	87	73	350	462	0	2	338	347	274	0	10	457	209
2014-11-07	08:03:35	1199	19	17	342	323	89	75	347	454	0	2	336	346	274	0	10	456	210
2014-11-07	08:04:35	1199	19	17	341	322	91	75	350	445	0	2	335	344	274	0	10	456	209
2014-11-07	08:05:35	1199	19	17	340	321	92	76	350	436	0	2	334	342	273	0	10	456	209
2014-11-07	08:06:35	1199	19	17	339	320	95	78	350	426	0	2	333	341	273	0	10	455	209
2014-11-07	08:07:35	1199	19	17	338	319	96	78	350	415	0	2	332	339	272	0	10	455	209
2014-11-07	08:08:35	1199	19	17	337	318	98	79	350	403	0	2	331	338	272	0	10	455	209
2014-11-07	08:09:36	1199	19	17	336	317	99	80	350	390	0	2	331	336	271	0	10	455	209
2014-11-07	08:10:36	1199	19	17	335	316	100	80	347	376	0	2	329	335	271	0	10	454	210
2014-11-07	08:11:36	1199	19	17	334	314	103	82	350	364	0	2	328	333	270	0	10	454	209
2014-11-07	08:12:36	1199	19	17	334	313	104	82	350	348	0	2	327	332	269	0	10	454	209
2014-11-07	08:13:36	1199	19	17	332	312	106	83	350	331	0	2	326	331	269	0	10	453	209
2014-11-07	08:14:36	1199	19	17	331	311	107	84	350	313	0	2	325	331	268	0	10	453	209
2014-11-07	08:15:36	1199	19	17	331	310	108	84	350	294	0	2	325	329	268	0	10	453	209
2014-11-07	08:16:36	1199	19	17	331	308	109	86	350	275	0	2	324	328	267	0	10	452	209
2014-11-07	08:17:36	1199	19	17	329	307	111	86	350	256	0	2	323	327	266	0	10	452	209
2014-11-07	08:18:36	1199	19	17	328	306	112	87	350	235	0	2	322	326	266	0	10	451	209
2014-11-07	08:19:36	1199	19	17	328	306	113	87	350	214	0	2	321	325	265	0	10	450	209
2014-11-07	08:20:36	1199	19	17	327	304	114	88	350	192	0	2	320	324	265	0	10	449	209
2014-11-07	08:21:36	1199	19	17	326	303	116	90	347	169	0	2	319	323	264	0	10	448	210
2014-11-07	08:22:36	1199	19	17	325	302	116	90	350	145	0	2	319	322	264	0	10	446	209
2014-11-07	08:23:36	1199	19	17	324	301	117	91	350	120	0	2	318	321	263	0	10	444	209
2014-11-07	08:24:36	1199	19	18	324	300	118	91	350	94	0	2	317	320	263	0	10	443	209
2014-11-07	08:25:36	1199	19	18	323	299	120	92	350	67	0	2	316	320	262	0	10	441	209
2014-11-07	08:26:36	1199	19	18	322	298	121	92	350	40	0	2	316	319	262	0	10	440	209
2014-11-07	08:27:36	1199	19	18	321	298	122	93	350	12	0	2	315	318	261	0	10	439	209
2014-11-07	08:28:36	1199	19	18	320	297	123	94	350	-17	0	2	314	317	261	0	10	438	209
2014-11-07	08:29:36	1199	19	18	320	296	123	94	350	-47	0	2	314	316	261	0	10	437	209
2014-11-07	08:30:36	1199	19	18	319	295	125	95	350	-77	0	2	313	316	260	0	10	437	209
2014-11-07	08:31:36	1199	19	18	318	294	126	95	350	-108	0	2	312	315	260	0	10	436	209
2014-11-07	08:32:36	1199	19	18	318	294	127	95	350	-140	0	2	311	314	259	0	10	436	209
2014-11-07	08:33:36	1199	19	18	317	294	127	96	350	-169	0	2	311	313	259	0	10	436	209
2014-11-07	08:34:36	1199	19	18	316	293	128	96	350	-202	0	2	310	313	259	0	10	436	209
2014-11-07	08:35:36	1199	19	18	316	292	129	97	350	-236	0	2	310	312	258	0	10	435	209
2014-11-07	08:36:36	1199	19	18	315	291	129	98	350	-270	0	2	309	311	258	0	10	435	209
2014-11-07	08:37:36	1199	19	18	315	290	131	98	350	-305	0	2	308	311	258	0	10	435	209
2014-11-07	08:38:36	1199	19	18	314	290	132	98	350	-341	0	2	308	310	257	0	10	435	209
2014-11-07	08:39:36	1199	19	18	313	289	132	99	347	-377	0	2	307	310	257	0	10	435	210
2014-11-07	08:40:36	1199	19	18	313	288	133	99	350	-414	0	2	306	309	257	0	10	434	209
2014-11-07	08:41:36	1199	19	18	312	287	134	100	350	-452	0	2	305	309	257	0	10	434	209
2014-11-07	08:42:36	1199	19	18	311	287	134	100	350	-490	0	2	304	308	256	0	10	434	209
2014-11-07	08:43:36	1199	19	18	311	286	136	100	350	-526	0	2	304	307	256	0	10	434	209
2014-11-07	08:44:36	1199	19	18	310	285	136	101	350	-565	0	2	303	307	256	0	10	433	209
2014-11-07	08:45:36	1199	19	18	299	267	50	72	350	-605	0	7	303	453	36	0	30	433	209
2014-11-07	08:46:36	1199	19	18	321	272	46	18	350	-605	0	7	328	523	16	0	30	432	209
2014-11-07	08:47:36	1199	19	18	328	274	47	6	350	-605	0	7	330	565	53	0	30	431	209
2014-11-07	08:48:36	1199	19	18	332	281	47	4	350	-624	0	7	337	579	47	0	30	429	209
2014-11-07	08:49:36	1199	19	18	339	288	49	4	350	-642	0	7	344	593	55	0	30	427	209
2014-11-07	08:50:36	1199	18	18	345	294	49	6	350	-653	0	7	351	601	48	0	30	425	209
2014-11-07	08:51:36	1199	19	18	351	299	50	6	347	-657	0	7	355	610	56	0	30	423	210
2014-11-07	08:52:36	1199	19	18	356	305	50	7	350	-656	0	7	360	616	50	0	30	421	209
2014-11-07	08:53:36	1199	18	18	361	311	50	7	350	-650	0	7	364	624	55	0	30	420	209
2014-11-07	08:54:36	1199	19	18	365	316	49	7	350	-639	0	7	369	629	49	0	30	419	209
2014-11-07	08:55:36	1199	18	18	370	320	49	6	347	-624	0	7	372	637	55	0	30	418	210
2014-11-07	08:56:36	1199	19	18	374	324	49	7	350	-604	0	7	377	641	50	0	30	417	209
2014-11-07	08:57:36	1199	19	18	378	328	49	7	347	-580	0	7	380	647	56	0	30	416	210
2014-11-07	08:58:36	1199	18	18	382	331	50	9	350	-552	0	7	385	650	52	0	30	416	209
2014-11-07	08:59:36	1199	19	18	386	334	47	9	350	-520	0	7	387	656	53	0	30	416	209
2014-11-07	09:00:36	1199	18	18	421	427	43	8	350	-484	0	15	456	722	43	0	20	415	209
2014-11-07	09:01:36	1199	18	18	491	475	40	9	350	-484	0	15	508	773	55	0	20	416	209
2014-11-07	09:02:36	1199	19	18	536	502	37	9	350	-484	0	15	549	813	50	0	20	416	209
2014-11-07	09:03:36	1199	18	18	564	519	35	11	350	-484	0	15	571	843	51	0	20	418	209
2014-11-07	09:04:36	1199	19	18	580	531	35	11	350	-484	0	15	586	866	56	0	20	420	209
2014-11-07	09:05:36	1199	18	18	590	538	34	11	350	-484	0	15	595	881	50	0	20	424	209
2014-11-07	09:06:36	1199	18	18	597	545	34	12	350	-484	0	15	601	895	57	0	20	428	209
2014-11-07	09:07:36	1199	19	18	603	550	34	12	350	-484	0	15	608	907	50	0	20	433	209
2014-11-07	09:08:36	1199	18	18	608	555	32	12	350	-484	0	15	612	916	57	0	20	438	209
2014-11-07	09:09:36	1199	18	18	612	559	32	13	350	-484	0	15	617	926	52	0	20	443	209
2014-11-07	09:10:36	1199	19	18	617	563	32	13	350	-484	0	15	622	936	56	0	20	447	209
2014-11-07	09:11:36	1199	18	18	621	567	32	13	350	-484	0	15	623	944	58	0	20	452	209
2014-11-07	09:12:36	1199	19	18	623	509	32	13	350	-484	0	7	627	951	55	0	30	457	209
2014-11-07	09:13:36	1199	18	18	430	318	32	1	350	-484	0	7	388	756	52	0	30	462	209
2014-11-07	09:14:36	1199	18	18	378	306	32	-5	350	-484	0	7	369	713	31	0	30	467	209
2014-11-07	09:15:36	1199	18	18	370	315	30	-6	350	-484	0	7	370	704	35	0	30	470	209
2014-11-07	09:16:36	1199	18	18	376	328	30	-6	350	-467	0	7	379	708	39	0	30	472	209
2014-11-07	09:17:36	1199	19	18	379	329	30	-6	350	-441	0	7	380	705	40	0	30	473	209
2014-11-07	09:18:36	1199	18	18	385	337	30	-6	353	-415	0	7	387	707	37	0	30	474	208
2014-11-07	09:19:36	1199	18	18	390	341	30	-5	353	-380	0	7	391	710	39	0	30	475	208
2014-11-07	09:20:36	1199	18	18	392	342	30	-5	350	-343	0	7	393	711	41	0	30	475	209
2014-11-07	09:21:36	1199	18	18	394	344	30	-5	353	-300	0	7	394	708	37	0	30	475	208
2014-11-07	09:22:36	1199	19	18	396	346	30	-5	350	-256	0	7	396	710	39	0	30	475	209
2014-11-07	09:23:36	1199	18	18	397	348	30	-5	350	-214	0	7	397	711	41	0	30	474	209
2014-11-07	09:24:36	1199	18	18	399	351	30	-5	353	-167	0	7	400	711	37	0	30	474	208
2014-11-07	09:25:37	1199	19	18	402	353	30	-5	350	-117	0	7	401	713	39	0	30	473	209
2014-11-07	09:26:37	1199	18	18	404	355	28	-5	350	-65	0	7	403	714	38	0	30	472	209
2014-11-07	09:27:37	1199	18	18	405	356	26	-6	350	-14	0	7	405	714	34	0	30	472	209
2014-11-07	09:28:37	1199	18	18	405	356	27	16	350	41	0	2	409	676	65	0	10	471	209
2014-11-07	09:29:37	1199	18	18	405	355	32	27	350	96	0	2	420	614	103	0	10	470	209
2014-11-07	09:30:37	1199	18	18	405	355	35	32	350	151	0	2	421	561	136	0	10	469	209
2014-11-07	09:31:37	1199	18	18	404	354	38	36	350	206	0	2	419	521	161	0	10	468	209
2014-11-07	09:32:37	1199	18	18	401	353	41	40	353	260	0	2	413	492	178	0	10	468	208
2014-11-07	09:33:37	1199	18	18	397	352	44	43	350	311	0	2	405	472	195	0	10	467	209
2014-11-07	09:34:37	1199	18	18	394	351	47	48	350	358	0	2	397	456	216	0	10	467	209
2014-11-07	09:35:37	1199	18	18	390	349	50	53	350	399	0	2	389	444	235	0	10	467	209
2014-11-07	09:36:37	1199	18	18	386	347	53	56	350	439	0	2	383	433	249	0	10	467	209
2014-11-07	09:37:37	1199	18	18	382	345	56	59	350	475	0	2	376	423	259	0	10	467	209
2014-11-07	09:38:37	1199	18	18	377	344	59	62	350	507	0	2	371	416	267	0	10	466	209
2014-11-07	09:39:37	1199	18	18	373	342	62	63	350	531	0	2	365	408	273	0	10	466	209
2014-11-07	09:40:37	1199	18	18	368	341	65	65	350	554	0	2	362	402	277	0	10	466	209
2014-11-07	09:41:37	1199	18	18	365	340	68	66	350	572	0	2	358	396	281	0	10	466	209
2014-11-07	09:42:37	1199	18	18	361	338	69	66	350	586	0	2	357	392	284	0	10	466	209
2014-11-07	09:43:37	1199	18	18	358	337	72	68	350	597	0	2	354	387	286	0	10	465	209
2014-11-07	09:44:37	1199	18	18	357	336	75	69	350	605	0	2	353	384	287	0	10	465	209
2014-11-07	09:45:37	1199	18	18	355	335	77	69	350	612	0	2	351	380	288	0	10	464	209
2014-11-07	09:46:37	1199	18	18	353	334	79	71	350	617	0	2	350	377	288	0	10	463	209
2014-11-07	09:47:37	1199	18	18	352	333	82	72	350	620	0	2	349	374	289	0	10	462	209
2014-11-07	09:48:37	1199	18	18	351	332	84	73	350	622	0	2	349	371	288	0	10	461	209
2014-11-07	09:49:37	1199	18	18	351	331	86	73	350	623	0	2	348	368	289	0	10	460	209
2014-11-07	09:50:37	1199	18	18	350	331	87	75	350	621	0	2	346	366	288	0	10	459	209
2014-11-07	09:51:37	1199	18	18	349	330	90	75	350	621	0	2	346	364	288	0	10	458	209
2014-11-07	09:52:37	1199	18	18	349	329	91	76	353	620	0	2	344	362	287	0	10	457	208
2014-11-07	09:53:37	1199	18	18	348	328	93	77	350	619	0	2	343	360	287	0	10	457	209
2014-11-07	09:54:37	1199	18	18	347	327	95	78	350	614	0	2	342	358	286	0	10	457	209
2014-11-07	09:55:37	1199	18	18	346	326	97	79	350	611	0	2	341	357	286	0	10	457	209
2014-11-07	09:56:37	1199	18	18	346	324	99	80	350	605	0	2	340	356	285	0	10	457	209
2014-11-07	09:57:37	1199	18	18	344	323	100	80	353	598	0	2	338	354	284	0	10	457	208
2014-11-07	09:58:37	1199	18	18	344	322	102	82	350	593	0	2	337	353	284	0	10	457	209
2014-11-07	09:59:37	1199	18	18	343	321	103	82	353	587	0	2	336	351	283	0	10	457	208
2014-11-07	10:00:37	1199	18	18	342	320	106	83	350	580	0	2	335	350	282	0	10	458	209
2014-11-07	10:01:37	1199	18	18	340	318	107	84	353	572	0	2	334	348	282	0	10	457	208
2014-11-07	10:02:37	1199	18	18	340	317	108	85	350	562	0	2	333	347	281	0	10	458	209
2014-11-07	10:03:37	1199	18	18	338	316	109	86	350	548	0	2	332	345	280	0	10	458	209
2014-11-07	10:04:37	1199	18	18	337	315	111	87	353	533	0	2	331	344	279	0	10	457	208
2014-11-07	10:05:37	1199	18	18	336	313	112	87	353	517	0	2	331	343	279	0	10	458	208
2014-11-07	10:06:37	1199	18	18	335	312	113	88	350	500	0	2	330	342	278	0	10	458	209
2014-11-07	10:07:37	1199	18	18	334	311	115	88	350	485	0	2	329	340	277	0	10	458	209
2014-11-07	10:08:37	1199	18	18	333	310	116	90	350	469	0	2	328	339	277	0	10	458	209
2014-11-07	10:09:37	1199	18	18	332	309	117	91	353	452	0	2	327	338	276	0	10	458	208
2014-11-07	10:10:37	1199	18	18	331	308	118	91	350	434	0	2	326	337	275	0	10	458	209
2014-11-07	10:11:37	1199	18	18	331	307	120	92	353	415	0	2	325	335	275	0	10	458	208
2014-11-07	10:12:37	1199	18	18	331	305	121	92	350	393	0	2	324	334	274	0	10	458	209
2014-11-07	10:13:37	1199	18	18	330	304	122	94	353	371	0	2	324	333	274	0	10	458	208
2014-11-07	10:14:37	1199	18	18	329	303	123	94	350	348	0	2	323	332	273	0	10	458	209
2014-11-07	10:15:37	1199	18	18	328	303	123	95	353	324	0	2	322	331	273	0	10	458	208
2014-11-07	10:16:37	1199	18	18	327	301	125	95	350	299	0	2	321	331	272	0	10	458	209
2014-11-07	10:17:37	1199	18	18	327	301	126	95	350	276	0	2	320	330	272	0	10	458	209
2014-11-07	10:18:37	1199	18	18	326	300	127	96	350	250	0	2	320	330	271	0	10	458	209
2014-11-07	10:19:37	1199	18	18	325	299	127	96	350	226	0	2	319	329	271	0	10	458	209
2014-11-07	10:20:37	1199	18	18	324	298	128	97	350	201	0	2	318	328	270	0	10	458	209
2014-11-07	10:21:37	1199	18	18	324	297	129	98	353	172	0	2	317	327	270	0	10	458	208
2014-11-07	10:22:37	1199	18	18	323	296	131	98	350	143	0	2	317	326	269	0	10	458	209
2014-11-07	10:23:37	1199	18	18	322	295	132	99	353	113	0	2	316	325	269	0	10	458	208
2014-11-07	10:24:37	1199	18	18	321	294	132	99	350	82	0	2	315	325	269	0	10	458	209
2014-11-07	10:25:37	1199	18	18	321	294	133	99	353	53	0	2	314	324	268	0	10	457	208
2014-11-07	10:26:37	1199	19	18	320	294	133	100	350	20	0	2	314	323	268	0	10	457	209
2014-11-07	10:27:37	1199	18	18	319	293	134	100	353	-13	0	2	313	323	267	0	10	457	208
2014-11-07	10:28:37	1199	18	18	318	292	136	101	350	-44	0	2	312	322	267	0	10	457	209
2014-11-07	10:29:37	1199	19	18	318	291	137	102	350	-75	0	2	311	321	266	0	10	457	209
2014-11-07	10:30:37	1199	18	18	317	290	137	102	353	-110	0	2	310	320	266	0	10	457	208
2014-11-07	10:31:37	1199	19	18	316	290	138	103	353	-143	0	2	309	320	266	0	10	457	208
2014-11-07	10:32:37	1199	19	18	315	289	139	103	350	-177	0	2	308	319	265	0	10	457	209
2014-11-07	10:33:37	1199	19	18	315	288	139	103	353	-215	0	2	308	318	265	0	10	457	208
2014-11-07	10:34:37	1199	19	18	314	287	140	104	350	-253	0	2	307	317	265	0	10	457	209
2014-11-07	10:35:37	1199	19	18	313	287	142	104	353	-289	0	2	306	317	264	0	10	457	208
2014-11-07	10:36:37	1199	19	18	312	286	142	104	350	-329	0	2	305	316	264	0	10	456	209
2014-11-07	10:37:37	1199	19	18	312	285	143	104	353	-367	0	2	304	316	264	0	10	457	208
2014-11-07	10:38:37	1199	19	18	311	284	143	106	350	-405	0	2	303	315	263	0	10	456	209
2014-11-07	10:39:37	1199	19	18	310	284	144	106	353	-444	0	2	302	315	263	0	10	456	208
2014-11-07	10:40:38	1199	19	18	309	284	145	106	350	-487	0	2	301	314	263	0	10	456	209
2014-11-07	10:41:38	1199	19	18	308	283	145	107	350	-531	0	2	301	313	262	0	10	456	209
2014-11-07	10:42:38	1199	19	18	308	282	146	107	353	-573	0	2	300	313	262	0	10	456	208
2014-11-07	10:43:38	1199	19	18	295	265	51	75	353	-619	0	7	299	456	38	0	30	456	208
2014-11-07	10:44:38	1199	19	18	321	272	46	20	353	-619	0	7	328	527	16	0	30	455	208
2014-11-07	10:45:38	1199	19	18	329	274	47	7	353	-619	0	7	331	570	53	0	30	455	208
2014-11-07	10:46:38	1199	19	18	333	282	49	6	350	-643	0	7	337	585	49	0	30	455	209
2014-11-07	10:47:38	1199	19	18	339	289	50	5	350	-663	0	7	345	597	55	0	30	455	209
2014-11-07	10:48:38	1199	19	18	346	294	50	6	353	-676	0	7	351	605	50	0	30	454	208
2014-11-07	10:49:38	1199	19	18	351	299	50	6	353	-683	0	7	355	613	55	0	30	454	208
2014-11-07	10:50:38	1199	19	18	357	306	50	8	350	-685	0	7	360	619	53	0	30	454	209
2014-11-07	10:51:38	1199	19	18	361	311	50	8	353	-681	0	7	365	627	55	0	30	454	208
2014-11-07	10:52:38	1199	19	18	366	316	49	8	353	-672	0	7	369	632	50	0	30	454	208
2014-11-07	10:53:38	1199	19	18	371	321	49	7	353	-659	0	7	373	640	55	0	30	453	208
2014-11-07	10:54:38	1199	19	18	375	325	49	8	353	-641	0	7	378	643	50	0	30	453	208
2014-11-07	10:55:38	1199	19	18	379	329	49	8	353	-616	0	7	381	650	56	0	30	453	208
2014-11-07	10:56:38	1199	19	18	383	331	52	8	353	-590	0	7	386	653	53	0	30	453	208
2014-11-07	10:57:38	1199	19	18	386	335	49	9	353	-560	0	7	388	658	53	0	30	452	208
2014-11-07	10:58:38	1199	19	18	388	338	43	6	353	-527	0	7	392	663	46	0	30	452	208
2014-11-07	10:59:38	1199	19	18	391	341	40	2	353	-491	0	7	392	669	44	0	30	452	208
2014-11-07	11:00:38	1199	19	18	393	344	38	1	353	-453	0	7	394	675	47	0	30	451	208
2014-11-07	11:01:38	1199	19	18	395	346	36	-1	353	-413	0	7	397	677	40	0	30	451	208
2014-11-07	11:02:38	1199	19	18	397	348	35	-3	353	-371	0	7	397	681	43	0	30	451	208
2014-11-07	11:03:38	1199	19	18	399	350	34	-3	353	-327	0	7	400	684	41	0	30	451	208
2014-11-07	11:04:38	1199	19	18	401	352	34	-3	353	-281	0	7	401	687	40	0	30	450	208
2014-11-07	11:05:38	1199	19	18	402	354	34	-3	353	-233	0	7	403	691	43	0	30	450	208
2014-11-07	11:06:38	1199	19	18	404	355	32	-3	353	-184	0	7	404	692	38	0	30	449	208
2014-11-07	11:07:38	1199	19	18	405	357	32	-5	353	-133	0	7	405	696	43	0	30	449	208
2014-11-07	11:08:38	1199	19	18	407	358	32	-4	3