Divisors		1	10	10	10	10	10	10	10	10	1	1	10	10	10	100	1	10	10
Date	Time	Version	BT1	BT1 Mean	BT2	BT3	BT10	BT11	Calc Supply	GM	Alarm	RELAYS PCA BASE	BT12	BT14	BT17	Tot.int.add.	Prio	BT6	BT50
2014-11-24	20:25:23	1199	8	7	390	343	20	-13	347	-5	0	7	391	716	34	0	30	470	210
2014-11-24	20:26:23	1199	8	7	393	345	18	-5	347	40	0	2	399	703	37	0	10	470	210
2014-11-24	20:27:23	1199	9	7	394	344	22	16	347	87	0	2	420	643	78	0	10	470	210
2014-11-24	20:28:23	1199	8	7	396	345	26	23	347	135	0	2	428	588	113	0	10	470	210
2014-11-24	20:29:23	1199	9	7	398	343	29	27	347	185	0	2	427	545	146	0	10	470	210
2014-11-24	20:30:23	1199	9	7	398	342	32	30	347	236	0	2	420	512	173	0	10	471	210
2014-11-24	20:31:23	1199	8	7	397	340	35	34	347	287	0	2	412	490	197	0	10	471	210
2014-11-24	20:32:23	1199	9	7	395	339	38	38	347	336	0	2	403	473	222	0	10	471	210
2014-11-24	20:33:23	1199	9	7	391	337	41	43	347	382	0	2	394	459	241	0	10	471	210
2014-11-24	20:34:23	1199	9	7	386	335	45	47	347	424	0	2	386	447	256	0	10	471	210
2014-11-24	20:35:23	1199	9	7	381	334	48	49	347	461	0	2	378	436	266	0	10	471	210
2014-11-24	20:36:23	1199	9	7	376	333	50	52	347	490	0	2	371	427	274	0	10	472	210
2014-11-24	20:37:23	1199	9	7	371	331	55	54	347	516	0	2	364	420	280	0	10	472	210
2014-11-24	20:38:23	1199	9	7	365	331	56	56	347	537	0	2	359	413	284	0	10	472	210
2014-11-24	20:39:23	1199	9	7	361	330	59	58	347	553	0	2	356	407	288	0	10	472	210
2014-11-24	20:40:23	1199	9	7	358	329	62	58	347	565	0	2	353	402	290	0	10	473	210
2014-11-24	20:41:23	1199	9	7	354	328	65	59	347	574	0	2	350	397	292	0	10	473	210
2014-11-24	20:42:23	1199	9	7	351	327	68	61	347	580	0	2	347	393	293	0	10	473	210
2014-11-24	20:43:23	1199	9	7	349	326	70	62	347	583	0	2	345	389	294	0	10	473	210
2014-11-24	20:44:23	1199	9	7	347	326	72	62	347	584	0	2	343	386	294	0	10	473	210
2014-11-24	20:45:23	1199	9	7	345	325	75	63	347	583	0	2	341	383	294	0	10	473	210
2014-11-24	20:46:23	1199	9	7	344	324	77	65	347	580	0	2	340	380	294	0	10	473	210
2014-11-24	20:47:23	1199	9	7	343	323	79	66	347	576	0	2	338	377	294	0	10	473	210
2014-11-24	20:48:23	1199	9	7	341	323	82	66	347	571	0	2	337	374	294	0	10	474	210
2014-11-24	20:49:24	1199	9	7	340	322	83	68	347	565	0	2	335	372	293	0	10	474	210
2014-11-24	20:50:24	1199	9	7	339	321	85	69	347	558	0	2	334	369	292	0	10	474	210
2014-11-24	20:51:24	1199	9	7	338	320	87	69	347	550	0	2	333	367	292	0	10	474	210
2014-11-24	20:52:24	1199	9	7	337	319	89	71	347	541	0	2	331	365	291	0	10	474	210
2014-11-24	20:53:24	1199	9	7	336	318	91	72	347	531	0	2	331	363	290	0	10	474	210
2014-11-24	20:54:24	1199	9	7	335	318	92	72	347	520	0	2	330	361	289	0	10	474	210
2014-11-24	20:55:24	1199	9	7	334	317	94	73	347	511	0	2	329	359	288	0	10	473	210
2014-11-24	20:56:24	1199	9	7	333	316	96	74	344	498	0	2	328	358	288	0	10	473	211
2014-11-24	20:57:24	1199	9	7	332	315	98	76	347	484	0	2	327	357	287	0	10	473	210
2014-11-24	20:58:24	1199	9	7	331	314	99	76	347	469	0	2	326	355	286	0	10	473	210
2014-11-24	20:59:24	1199	9	7	331	313	101	78	347	456	0	2	325	353	285	0	10	473	210
2014-11-24	21:00:24	1199	9	7	330	311	103	78	347	440	0	2	325	352	284	0	10	473	210
2014-11-24	21:01:24	1199	9	7	329	310	104	79	347	423	0	2	324	350	283	0	10	473	210
2014-11-24	21:02:24	1199	9	7	328	309	106	80	347	405	0	2	323	349	282	0	10	473	210
2014-11-24	21:03:24	1199	9	8	328	308	107	80	347	386	0	2	322	348	282	0	10	473	210
2014-11-24	21:04:24	1199	9	8	327	307	108	82	347	369	0	2	321	346	281	0	10	473	210
2014-11-24	21:05:24	1199	9	8	326	306	109	83	347	352	0	2	321	345	280	0	10	473	210
2014-11-24	21:06:24	1199	9	8	325	305	111	83	347	334	0	2	320	343	279	0	10	473	210
2014-11-24	21:07:24	1199	9	8	325	304	112	83	344	315	0	2	319	342	278	0	10	473	211
2014-11-24	21:08:24	1199	9	8	324	303	113	84	347	295	0	2	319	341	278	0	10	473	210
2014-11-24	21:09:24	1199	9	8	323	302	115	84	347	275	0	2	318	339	277	0	10	472	210
2014-11-24	21:10:24	1199	9	8	323	301	116	86	347	254	0	2	318	338	276	0	10	472	210
2014-11-24	21:11:24	1199	9	8	322	300	117	87	347	229	0	2	317	337	275	0	10	472	210
2014-11-24	21:12:24	1199	9	8	321	299	118	87	344	204	0	2	317	336	275	0	10	472	211
2014-11-24	21:13:24	1199	9	8	321	298	120	87	347	181	0	2	316	335	274	0	10	472	210
2014-11-24	21:14:24	1199	9	8	320	297	121	88	347	154	0	2	315	334	273	0	10	472	210
2014-11-24	21:15:24	1199	9	8	320	296	121	88	347	130	0	2	315	333	273	0	10	472	210
2014-11-24	21:16:24	1199	9	8	319	295	122	89	347	102	0	2	314	331	272	0	10	472	210
2014-11-24	21:17:24	1199	9	8	318	295	123	90	344	74	0	2	314	331	272	0	10	471	211
2014-11-24	21:18:24	1199	9	8	318	294	125	90	347	45	0	2	313	330	271	0	10	471	210
2014-11-24	21:19:24	1199	9	8	317	294	126	91	347	15	0	2	313	329	271	0	10	471	210
2014-11-24	21:20:24	1199	9	8	317	293	126	91	347	-15	0	2	312	328	270	0	10	471	210
2014-11-24	21:21:24	1199	9	8	316	292	127	92	347	-46	0	2	311	328	270	0	10	471	210
2014-11-24	21:22:24	1199	9	8	316	292	128	92	347	-77	0	2	311	327	269	0	10	470	210
2014-11-24	21:23:24	1199	9	8	315	291	128	92	347	-109	0	2	310	326	269	0	10	470	210
2014-11-24	21:24:24	1199	9	8	315	290	129	94	347	-141	0	2	310	325	268	0	10	469	210
2014-11-24	21:25:24	1199	9	8	314	289	131	94	347	-174	0	2	309	324	268	0	10	467	210
2014-11-24	21:26:24	1199	9	8	314	288	132	94	347	-207	0	2	309	323	268	0	10	466	210
2014-11-24	21:27:24	1199	9	8	313	288	133	95	347	-241	0	2	308	323	267	0	10	464	210
2014-11-24	21:28:24	1199	9	8	313	287	133	95	344	-275	0	2	307	322	266	0	10	461	211
2014-11-24	21:29:24	1199	9	8	312	286	134	95	347	-310	0	2	307	321	266	0	10	458	210
2014-11-24	21:30:24	1199	9	8	311	286	134	96	347	-345	0	2	306	320	266	0	10	455	210
2014-11-24	21:31:24	1199	9	8	311	285	136	96	347	-381	0	2	305	320	265	0	10	453	210
2014-11-24	21:32:24	1199	9	8	311	284	137	97	347	-417	0	2	305	319	265	0	10	450	210
2014-11-24	21:33:24	1199	9	8	310	284	137	98	347	-454	0	2	304	318	264	0	10	448	210
2014-11-24	21:34:24	1199	9	8	309	283	138	98	347	-491	0	2	303	318	264	0	10	446	210
2014-11-24	21:35:24	1199	9	8	309	283	139	98	347	-529	0	2	302	317	264	0	10	445	210
2014-11-24	21:36:24	1199	9	8	308	282	139	99	347	-567	0	2	302	317	263	0	10	444	210
2014-11-24	21:37:24	1199	9	8	301	269	87	98	347	-606	0	7	291	317	263	0	30	443	210
2014-11-24	21:38:24	1199	9	8	314	268	38	28	347	-606	0	7	322	511	11	0	30	442	210
2014-11-24	21:39:24	1199	9	8	325	273	38	2	347	-606	0	7	331	559	31	0	30	441	210
2014-11-24	21:40:24	1199	9	8	329	278	40	-1	347	-626	0	7	330	581	48	0	30	441	210
2014-11-24	21:41:24	1199	9	8	334	285	42	-1	347	-642	0	7	340	594	42	0	30	441	210
2014-11-24	21:42:24	1199	9	8	342	292	43	-1	347	-651	0	7	346	606	47	0	30	441	210
2014-11-24	21:43:24	1199	9	8	348	297	43	0	347	-653	0	7	354	614	44	0	30	441	210
2014-11-24	21:44:24	1199	9	8	354	304	43	1	347	-649	0	7	358	621	47	0	30	441	210
2014-11-24	21:45:24	1199	9	8	359	311	44	1	347	-639	0	7	363	629	47	0	30	441	210
2014-11-24	21:46:24	1199	9	8	365	316	43	2	347	-624	0	7	368	635	46	0	30	441	210
2014-11-24	21:47:24	1199	9	8	370	321	42	2	347	-604	0	7	373	642	46	0	30	441	210
2014-11-24	21:48:24	1199	9	8	375	326	43	2	347	-579	0	7	377	647	46	0	30	441	210
2014-11-24	21:49:24	1199	9	8	380	331	43	2	347	-549	0	7	382	654	49	0	30	441	210
2014-11-24	21:50:24	1199	9	8	385	334	44	2	347	-514	0	7	386	658	47	0	30	441	210
2014-11-24	21:51:24	1199	9	8	388	338	44	4	347	-475	0	7	389	664	50	0	30	441	210
2014-11-24	21:52:24	1199	9	8	391	342	38	2	347	-433	0	7	394	669	41	0	30	441	210
2014-11-24	21:53:24	1199	9	8	394	346	34	-1	347	-387	0	7	395	674	40	0	30	441	210
2014-11-24	21:54:24	1199	9	8	397	349	32	-5	347	-339	0	7	397	681	41	0	30	441	210
2014-11-24	21:55:24	1199	9	8	399	352	30	-6	347	-288	0	7	400	685	37	0	30	441	210
2014-11-24	21:56:24	1199	9	8	402	355	29	-7	347	-235	0	7	402	689	35	0	30	441	210
2014-11-24	21:57:24	1199	9	8	404	357	27	-8	347	-179	0	7	404	694	38	0	30	441	210
2014-11-24	21:58:24	1199	9	8	407	358	27	-8	347	-121	0	7	406	696	35	0	30	441	210
2014-11-24	21:59:24	1199	9	8	409	360	26	-8	347	-60	0	7	409	701	35	0	30	441	210
2014-11-24	22:00:24	1199	9	8	410	361	26	0	350	3	0	2	413	690	46	0	10	441	209
2014-11-24	22:01:24	1199	9	8	410	359	30	22	347	66	0	2	424	626	81	0	10	441	210
2014-11-24	22:02:24	1199	9	8	411	359	34	29	347	130	0	2	431	566	113	0	10	441	210
2014-11-24	22:03:24	1199	9	8	411	358	37	34	350	191	0	2	429	515	146	0	10	442	209
2014-11-24	22:04:24	1199	9	8	410	357	40	37	347	255	0	2	423	478	171	0	10	442	210
2014-11-24	22:05:25	1199	9	8	408	355	43	41	347	317	0	2	416	454	192	0	10	442	210
2014-11-24	22:06:25	1199	9	8	404	353	44	46	347	376	0	2	407	437	208	0	10	442	210
2014-11-24	22:07:25	1199	9	8	400	352	47	50	347	428	0	2	399	424	225	0	10	442	210
2014-11-24	22:08:25	1199	9	8	395	350	50	55	347	478	0	2	391	412	236	0	10	442	210
2014-11-24	22:09:25	1199	10	8	389	348	53	58	351	519	0	2	385	402	246	0	10	442	209
2014-11-24	22:10:25	1199	9	8	385	346	56	61	347	557	0	2	378	392	252	0	10	442	210
2014-11-24	22:11:25	1199	10	8	380	345	58	62	349	590	0	2	371	385	257	0	10	442	210
2014-11-24	22:12:25	1199	10	8	375	343	61	63	351	618	0	2	367	378	261	0	10	442	209
2014-11-24	22:13:25	1199	10	8	370	342	63	65	351	643	0	2	363	371	264	0	10	442	209
2014-11-24	22:14:25	1199	10	8	366	340	65	65	349	660	0	2	360	366	267	0	10	442	210
2014-11-24	22:15:25	1199	10	8	363	339	68	66	349	673	0	2	358	362	268	0	10	442	210
2014-11-24	22:16:25	1199	10	8	360	338	71	68	349	685	0	2	357	359	269	0	10	442	210
2014-11-24	22:17:25	1199	10	8	358	337	72	68	349	695	0	2	355	357	270	0	10	442	210
2014-11-24	22:18:25	1199	10	8	358	336	75	69	349	704	0	2	353	354	271	0	10	442	210
2014-11-24	22:19:25	1199	10	8	356	334	76	69	349	712	0	2	352	352	271	0	10	442	210
2014-11-24	22:20:25	1199	10	8	355	334	79	71	349	719	0	2	351	350	271	0	10	442	210
2014-11-24	22:21:25	1199	10	8	354	332	80	71	349	727	0	2	349	348	271	0	10	442	210
2014-11-24	22:22:25	1199	11	8	353	331	82	72	347	732	0	2	348	346	271	0	10	442	210
2014-11-24	22:23:25	1199	11	8	352	331	84	73	347	738	0	2	346	344	271	0	10	442	210
2014-11-24	22:24:25	1199	11	8	351	330	86	73	351	743	0	2	345	342	270	0	10	442	209
2014-11-24	22:25:25	1199	11	8	350	329	88	75	347	746	0	2	343	340	270	0	10	443	210
2014-11-24	22:26:25	1199	11	8	349	328	90	75	347	749	0	2	342	339	269	0	10	442	210
2014-11-24	22:27:25	1199	11	8	348	326	91	76	347	750	0	2	340	337	269	0	10	442	210
2014-11-24	22:28:25	1199	11	8	347	325	92	77	347	750	0	2	339	335	268	0	10	442	210
2014-11-24	22:29:25	1199	11	8	345	324	94	78	347	749	0	2	338	334	268	0	10	442	210
2014-11-24	22:30:25	1199	11	8	344	323	96	79	347	747	0	2	337	332	267	0	10	443	210
2014-11-24	22:31:25	1199	11	8	343	321	98	79	347	744	0	2	336	331	266	0	10	442	210
2014-11-24	22:32:25	1199	11	8	342	320	99	80	347	740	0	2	334	331	266	0	10	443	210
2014-11-24	22:33:25	1199	11	8	341	319	102	81	347	734	0	2	334	329	265	0	10	443	210
2014-11-24	22:34:25	1199	11	8	340	317	103	82	347	727	0	2	332	328	265	0	10	443	210
2014-11-24	22:35:25	1199	11	8	339	316	104	83	347	719	0	2	331	327	264	0	10	443	210
2014-11-24	22:36:25	1199	11	8	337	315	106	83	347	710	0	2	331	326	264	0	10	442	210
2014-11-24	22:37:25	1199	11	8	336	314	107	84	347	700	0	2	330	324	263	0	10	443	210
2014-11-24	22:38:25	1199	11	8	335	312	108	84	347	689	0	2	329	324	262	0	10	443	210
2014-11-24	22:39:25	1199	11	8	334	311	109	86	347	677	0	2	329	322	262	0	10	442	210
2014-11-24	22:40:25	1199	11	8	333	310	111	86	347	664	0	2	328	321	261	0	10	442	210
2014-11-24	22:41:25	1199	11	8	333	309	112	87	347	650	0	2	327	320	261	0	10	442	210
2014-11-24	22:42:25	1199	11	8	332	308	113	87	347	635	0	2	326	319	260	0	10	442	210
2014-11-24	22:43:25	1199	11	8	331	307	113	88	347	619	0	2	325	318	260	0	10	442	210
2014-11-24	22:44:25	1199	11	8	331	306	116	89	347	603	0	2	325	317	259	0	10	442	210
2014-11-24	22:45:25	1199	11	8	330	305	116	90	347	586	0	2	324	317	259	0	10	442	210
2014-11-24	22:46:25	1199	11	8	329	304	117	91	347	568	0	2	323	316	258	0	10	442	210
2014-11-24	22:47:25	1199	11	8	328	303	118	91	347	550	0	2	322	315	258	0	10	442	210
2014-11-24	22:48:25	1199	11	8	327	302	120	92	347	531	0	2	321	314	258	0	10	442	210
2014-11-24	22:49:25	1199	11	8	327	301	121	92	347	511	0	2	321	313	257	0	10	442	210
2014-11-24	22:50:25	1199	11	8	326	300	121	92	347	490	0	2	320	313	257	0	10	442	210
2014-11-24	22:51:25	1199	11	8	325	299	122	93	347	469	0	2	319	312	256	0	10	442	210
2014-11-24	22:52:25	1199	11	8	324	298	123	94	347	447	0	2	319	311	256	0	10	442	210
2014-11-24	22:53:25	1199	11	8	324	297	124	94	347	424	0	2	318	310	256	0	10	442	210
2014-11-24	22:54:25	1199	11	8	323	296	125	95	347	400	0	2	317	310	255	0	10	442	210
2014-11-24	22:55:25	1199	11	8	322	295	126	95	347	376	0	2	316	309	255	0	10	442	210
2014-11-24	22:56:25	1199	11	8	321	294	127	96	347	351	0	2	315	308	255	0	10	442	210
2014-11-24	22:57:25	1199	11	8	321	294	127	96	347	325	0	2	315	308	254	0	10	442	210
2014-11-24	22:58:25	1199	11	8	320	294	128	97	347	298	0	2	314	307	254	0	10	441	210
2014-11-24	22:59:25	1199	11	8	319	293	129	97	347	270	0	2	313	306	254	0	10	432	210
2014-11-24	23:00:25	1199	11	8	309	335	59	90	347	242	0	15	297	368	137	0	20	370	210
2014-11-24	23:01:25	1199	11	8	376	330	40	27	347	214	0	15	390	552	15	0	20	300	210
2014-11-24	23:02:25	1199	11	8	418	358	41	9	347	186	0	15	429	633	40	0	20	246	210
2014-11-24	23:03:25	1199	11	8	444	386	43	8	347	158	0	15	451	677	52	0	20	212	210
2014-11-24	23:04:25	1199	11	8	465	403	44	8	347	130	0	15	471	704	52	0	20	197	210
2014-11-24	23:05:25	1199	11	8	480	416	44	9	347	102	0	15	483	724	53	0	20	193	210
2014-11-24	23:06:25	1199	11	8	491	424	45	10	347	74	0	15	493	742	58	0	20	195	210
2014-11-24	23:07:25	1199	11	8	500	430	46	12	347	46	0	15	501	753	55	0	20	203	210
2014-11-24	23:08:25	1199	11	8	506	437	45	13	347	18	0	15	507	764	56	0	20	211	210
2014-11-24	23:09:25	1199	11	8	511	442	44	13	347	-10	0	15	511	776	59	0	20	222	210
2014-11-24	23:10:25	1199	11	8	517	448	44	13	347	-38	0	15	517	784	55	0	20	233	210
2014-11-24	23:11:25	1199	11	8	521	453	44	13	347	-66	0	15	522	794	55	0	20	245	210
2014-11-24	23:12:25	1199	11	8	526	458	44	13	347	-94	0	15	526	803	59	0	20	257	210
2014-11-24	23:13:25	1199	11	8	532	464	46	14	347	-122	0	15	532	810	59	0	20	268	210
2014-11-24	23:14:25	1199	11	8	537	470	46	16	347	-150	0	15	538	818	56	0	20	280	210
2014-11-24	23:15:25	1199	11	8	542	476	41	14	347	-178	0	15	543	827	56	0	20	291	210
2014-11-24	23:16:25	1199	11	8	546	481	37	11	347	-206	0	15	546	837	53	0	20	301	210
2014-11-24	23:17:25	1199	11	8	550	486	35	9	347	-234	0	15	550	845	49	0	20	311	210
2014-11-24	23:18:25	1199	11	8	554	491	34	8	347	-262	0	15	555	853	49	0	20	321	210
2014-11-24	23:19:25	1199	11	8	558	497	34	8	347	-290	0	15	558	862	52	0	20	331	210
2014-11-24	23:20:26	1199	11	9	563	502	32	8	347	-318	0	15	563	868	50	0	20	339	210
2014-11-24	23:21:26	1199	11	9	567	506	32	9	347	-346	0	15	567	877	49	0	20	349	210
2014-11-24	23:22:26	1199	11	9	572	511	32	9	347	-374	0	15	572	883	50	0	20	357	210
2014-11-24	23:23:26	1199	11	9	576	517	32	8	347	-402	0	15	576	892	52	0	20	364	210
2014-11-24	23:24:26	1199	11	9	581	522	31	8	347	-430	0	15	581	898	50	0	20	373	210
2014-11-24	23:25:26	1199	11	9	585	526	31	9	347	-458	0	15	586	905	49	0	20	381	210
2014-11-24	23:26:26	1199	11	9	589	532	30	9	347	-486	0	15	590	914	52	0	20	388	210
2014-11-24	23:27:26	1199	12	9	594	536	31	9	347	-514	0	15	594	921	53	0	20	396	210
2014-11-24	23:28:26	1199	12	9	599	542	30	9	347	-542	0	15	599	926	52	0	20	403	210
2014-11-24	23:29:26	1199	12	9	602	546	30	9	347	-570	0	15	603	934	52	0	20	410	210
2014-11-24	23:30:26	1199	12	9	607	552	30	9	347	-598	0	15	607	941	55	0	20	417	210
2014-11-24	23:31:26	1199	13	9	599	303	29	9	347	-610	0	7	568	901	50	0	30	422	210
2014-11-24	23:32:26	1199	12	9	366	278	29	-5	347	-610	0	7	336	715	41	0	30	429	210
2014-11-24	23:33:26	1199	12	9	332	263	27	-10	347	-610	0	7	327	680	31	0	30	434	210
2014-11-24	23:34:26	1199	13	9	325	270	27	-10	347	-632	0	7	328	670	30	0	30	438	210
2014-11-24	23:35:26	1199	13	9	325	271	27	-12	347	-653	0	7	326	666	38	0	30	441	210
2014-11-24	23:36:26	1199	13	9	330	280	27	-12	347	-673	0	7	335	664	28	0	30	443	210
2014-11-24	23:37:26	1199	13	9	339	294	27	-12	347	-687	0	7	343	670	37	0	30	445	210
2014-11-24	23:38:26	1199	13	9	349	300	26	-12	347	-690	0	7	352	675	35	0	30	446	210
2014-11-24	23:39:26	1199	13	9	354	304	26	-10	347	-686	0	7	357	674	30	0	30	447	210
2014-11-24	23:40:26	1199	13	9	357	306	26	-11	347	-677	0	7	358	677	37	0	30	447	210
2014-11-24	23:41:26	1199	13	9	358	308	26	-11	347	-666	0	7	360	675	32	0	30	448	210
2014-11-24	23:42:26	1199	13	9	360	311	26	-11	347	-657	0	7	362	674	32	0	30	448	210
2014-11-24	23:43:28	1199	13	9	363	315	26	-11	350	-646	0	7	364	678	37	0	30	448	209
2014-11-24	23:44:27	1199	13	9	367	319	25	-10	347	-629	0	7	370	678	32	0	30	448	210
2014-11-24	23:45:27	1199	13	9	370	323	22	-12	350	-610	0	7	372	681	29	0	30	449	209
2014-11-24	23:46:27	1199	13	9	377	433	19	-13	350	-585	0	15	389	702	32	0	20	449	209
2014-11-24	23:47:27	1199	13	9	479	464	19	-10	350	-585	0	15	499	784	27	0	20	449	209
2014-11-24	23:48:27	1199	13	9	533	504	18	-6	350	-585	0	15	547	838	30	0	20	449	209
2014-11-24	23:49:27	1199	13	9	567	531	18	-5	347	-585	0	15	575	875	41	0	20	450	210
2014-11-24	23:50:27	1199	13	9	587	546	18	-1	350	-585	0	15	595	901	42	0	20	451	209
2014-11-24	23:51:27	1199	13	9	601	556	18	0	347	-585	0	15	607	919	44	0	20	453	210
2014-11-24	23:52:27	1199	13	9	610	563	18	1	347	-585	0	15	617	936	44	0	20	456	210
2014-11-24	23:53:27	1199	13	9	616	568	18	1	347	-585	0	15	623	948	45	0	20	460	210
2014-11-24	23:54:27	1199	13	9	571	317	18	-3	350	-585	0	7	515	862	43	0	30	463	209
2014-11-24	23:55:27	1199	13	9	397	319	17	-12	347	-585	0	7	380	741	5	0	30	467	210
2014-11-24	23:56:27	1199	13	9	368	310	17	-15	350	-585	0	7	363	714	30	0	30	471	209
2014-11-24	23:57:27	1199	13	9	366	315	16	-17	347	-570	0	7	367	708	24	0	30	474	210
2014-11-24	23:58:27	1199	13	9	366	320	16	-17	347	-551	0	7	367	702	23	0	30	476	210
2014-11-24	23:59:27	1199	13	9	372	329	16	-18	350	-529	0	7	374	708	30	0	30	477	209
2014-11-25	00:00:27	1199	13	9	382	337	17	-17	350	-500	0	7	384	713	28	0	30	478	209
2014-11-25	00:01:27	1199	13	9	386	338	17	-15	350	-463	0	7	387	711	26	0	30	479	209
2014-11-25	00:02:27	1199	13	9	387	339	18	-15	347	-423	0	7	387	713	29	0	30	479	210
2014-11-25	00:03:27	1199	13	9	388	339	18	-15	347	-382	0	7	388	712	32	0	30	479	210
2014-11-25	00:04:27	1199	13	9	388	340	18	-14	350	-341	0	7	388	710	29	0	30	478	209
2014-11-25	00:05:27	1199	13	9	389	342	19	-13	350	-299	0	7	390	708	27	0	30	478	209
2014-11-25	00:06:27	1199	13	9	392	345	19	-13	350	-259	0	7	392	711	32	0	30	478	209
2014-11-25	00:07:27	1199	14	9	394	348	16	-15	350	-216	0	7	394	713	30	0	30	477	209
2014-11-25	00:08:27	1199	13	9	396	349	13	-17	347	-171	0	7	396	714	25	0	30	477	210
2014-11-25	00:09:27	1199	14	9	397	351	13	-17	347	-122	0	7	397	714	22	0	30	477	210
2014-11-25	00:10:27	1199	14	9	398	352	11	-19	347	-74	0	7	398	717	24	0	30	477	210
2014-11-25	00:11:27	1199	13	9	399	354	11	-19	350	-22	0	7	399	719	26	0	30	476	209
2014-11-25	00:12:27	1199	14	9	400	354	11	-9	347	28	0	2	400	703	34	0	10	477	210
2014-11-25	00:13:27	1199	13	9	400	353	16	9	350	81	0	2	409	640	75	0	10	477	209
2014-11-25	00:14:27	1199	14	9	400	352	19	17	347	134	0	2	415	582	110	0	10	477	210
2014-11-25	00:15:27	1199	14	9	399	352	22	21	350	187	0	2	414	534	142	0	10	477	209
2014-11-25	00:16:27	1199	14	9	397	351	26	24	347	238	0	2	409	501	164	0	10	477	210
2014-11-25	00:17:27	1199	14	9	393	350	29	28	350	286	0	2	402	477	186	0	10	477	209
2014-11-25	00:18:27	1199	14	9	389	348	35	35	350	327	0	2	395	460	208	0	10	477	209
2014-11-25	00:19:27	1199	14	9	386	346	39	44	350	365	0	2	387	447	229	0	10	477	209
2014-11-25	00:20:27	1199	14	9	383	344	42	50	350	400	0	2	381	435	243	0	10	477	209
2014-11-25	00:21:27	1199	14	9	379	343	45	54	347	434	0	2	374	424	255	0	10	477	210
2014-11-25	00:22:27	1199	14	9	374	341	47	56	347	464	0	2	368	415	262	0	10	477	210
2014-11-25	00:23:27	1199	14	9	370	340	50	58	350	487	0	2	363	407	269	0	10	477	209
2014-11-25	00:24:27	1199	14	9	366	339	53	59	350	509	0	2	359	401	273	0	10	477	209
2014-11-25	00:25:27	1199	14	9	363	337	55	60	347	527	0	2	357	394	277	0	10	477	210
2014-11-25	00:26:27	1199	14	9	359	336	58	61	347	541	0	2	354	389	280	0	10	477	210
2014-11-25	00:27:27	1199	14	10	358	335	60	61	347	552	0	2	352	385	281	0	10	477	210
2014-11-25	00:28:27	1199	14	10	355	334	62	62	350	559	0	2	350	381	283	0	10	477	209
2014-11-25	00:29:27	1199	14	10	353	333	65	62	347	563	0	2	349	377	284	0	10	477	210
2014-11-25	00:30:27	1199	14	10	351	332	66	63	347	568	0	2	348	373	284	0	10	477	210
2014-11-25	00:31:27	1199	14	10	350	331	69	64	350	572	0	2	347	370	284	0	10	477	209
2014-11-25	00:32:27	1199	14	10	349	331	71	65	347	574	0	2	346	367	284	0	10	477	210
2014-11-25	00:33:27	1199	14	10	348	330	73	66	347	575	0	2	345	365	284	0	10	477	210
2014-11-25	00:34:27	1199	14	10	347	329	75	66	347	576	0	2	344	362	284	0	10	477	210
2014-11-25	00:35:28	1199	14	10	347	328	78	67	347	576	0	2	343	360	284	0	10	477	210
2014-11-25	00:36:28	1199	14	10	346	328	79	68	347	572	0	2	342	358	283	0	10	477	210
2014-11-25	00:37:28	1199	14	10	346	327	82	69	347	571	0	2	341	357	282	0	10	477	210
2014-11-25	00:38:28	1199	14	10	345	326	83	70	347	569	0	2	340	355	282	0	10	477	210
2014-11-25	00:39:28	1199	14	10	344	325	84	71	347	564	0	2	339	353	281	0	10	477	210
2014-11-25	00:40:28	1199	14	10	344	324	86	72	347	561	0	2	338	351	281	0	10	477	210
2014-11-25	00:41:28	1199	14	10	343	323	88	73	347	554	0	2	337	350	280	0	10	477	210
2014-11-25	00:42:28	1199	14	10	342	321	90	73	347	550	0	2	336	348	279	0	10	477	210
2014-11-25	00:43:28	1199	14	10	341	320	91	75	347	545	0	2	335	347	279	0	10	477	210
2014-11-25	00:44:28	1199	14	10	340	319	92	75	350	536	0	2	333	345	278	0	10	477	209
2014-11-25	00:45:28	1199	14	10	339	318	94	76	347	526	0	2	332	343	277	0	10	477	210
2014-11-25	00:46:28	1199	14	10	339	317	95	77	347	518	0	2	331	342	276	0	10	477	210
2014-11-25	00:47:28	1199	14	10	338	316	98	78	347	506	0	2	331	340	275	0	10	477	210
2014-11-25	00:48:28	1199	14	10	336	315	99	79	347	496	0	2	330	339	275	0	10	477	210
2014-11-25	00:49:28	1199	14	10	336	313	100	79	350	485	0	2	329	338	274	0	10	477	209
2014-11-25	00:50:28	1199	14	10	335	312	102	80	347	473	0	2	328	336	273	0	10	476	210
2014-11-25	00:51:28	1199	14	10	334	311	103	80	347	457	0	2	328	335	272	0	10	476	210
2014-11-25	00:52:28	1199	14	10	333	310	104	82	347	443	0	2	327	334	272	0	10	476	210
2014-11-25	00:53:28	1199	14	10	332	309	106	82	347	428	0	2	326	333	271	0	10	476	210
2014-11-25	00:54:28	1199	14	10	331	308	107	82	347	409	0	2	325	331	270	0	10	476	210
2014-11-25	00:55:28	1199	14	10	331	307	108	83	347	393	0	2	324	331	270	0	10	476	210
2014-11-25	00:56:28	1199	14	10	330	306	109	83	347	376	0	2	323	330	269	0	10	476	210
2014-11-25	00:57:28	1199	14	10	329	305	110	84	347	359	0	2	323	329	269	0	10	476	210
2014-11-25	00:58:28	1199	14	10	328	304	111	84	347	341	0	2	322	328	268	0	10	476	210
2014-11-25	00:59:28	1199	14	10	328	303	112	85	347	319	0	2	321	327	268	0	10	476	210
2014-11-25	01:00:28	1199	14	10	327	303	113	86	347	299	0	2	320	326	267	0	10	476	210
2014-11-25	01:01:28	1199	14	10	326	302	115	86	347	279	0	2	320	325	266	0	10	475	210
2014-11-25	01:02:28	1199	14	10	325	301	116	87	347	258	0	2	319	324	266	0	10	475	210
2014-11-25	01:03:28	1199	14	10	325	300	117	87	347	236	0	2	319	323	266	0	10	475	210
2014-11-25	01:04:28	1199	14	10	324	299	117	87	350	213	0	2	318	322	265	0	10	475	209
2014-11-25	01:05:28	1199	15	10	323	298	118	88	348	190	0	2	317	321	265	0	10	475	210
2014-11-25	01:06:28	1199	14	10	323	297	120	88	347	163	0	2	316	321	264	0	10	475	210
2014-11-25	01:07:28	1199	14	10	322	296	121	88	347	138	0	2	316	320	264	0	10	474	210
2014-11-25	01:08:28	1199	15	10	321	296	122	90	348	110	0	2	315	319	263	0	10	474	210
2014-11-25	01:09:28	1199	15	10	321	295	122	90	348	83	0	2	315	318	263	0	10	474	210
2014-11-25	01:10:28	1199	15	10	320	294	123	90	348	55	0	2	314	317	262	0	10	474	210
2014-11-25	01:11:28	1199	15	10	320	294	124	91	348	27	0	2	313	317	262	0	10	473	210
2014-11-25	01:12:28	1199	15	10	319	293	125	91	348	-1	0	2	313	316	262	0	10	473	210
2014-11-25	01:13:28	1199	15	10	318	293	126	91	348	-29	0	2	312	315	261	0	10	473	210
2014-11-25	01:14:28	1199	16	10	318	292	127	92	350	-58	0	2	311	315	261	0	10	473	209
2014-11-25	01:15:28	1199	15	10	317	291	128	92	348	-91	0	2	310	314	260	0	10	472	210
2014-11-25	01:16:28	1199	16	10	316	291	128	92	350	-124	0	2	310	313	260	0	10	472	209
2014-11-25	01:17:28	1199	16	10	316	290	129	93	347	-155	0	2	309	312	260	0	10	471	210
2014-11-25	01:18:28	1199	16	10	315	289	130	94	347	-186	0	2	308	312	259	0	10	471	210
2014-11-25	01:19:28	1199	16	10	315	288	131	94	350	-218	0	2	308	311	259	0	10	471	209
2014-11-25	01:20:28	1199	16	10	314	288	132	94	347	-254	0	2	307	310	258	0	10	470	210
2014-11-25	01:21:28	1199	16	10	313	287	132	95	350	-287	0	2	306	310	259	0	10	470	209
2014-11-25	01:22:28	1199	16	10	313	286	133	95	347	-321	0	2	305	309	258	0	10	469	210
2014-11-25	01:23:28	1199	16	10	312	285	133	95	350	-356	0	2	305	309	257	0	10	469	209
2014-11-25	01:24:28	1199	16	10	311	285	134	95	350	-394	0	2	304	308	257	0	10	468	209
2014-11-25	01:25:28	1199	16	10	311	284	136	95	350	-433	0	2	303	308	257	0	10	468	209
2014-11-25	01:26:28	1199	16	11	310	284	136	96	350	-473	0	2	302	307	256	0	10	467	209
2014-11-25	01:27:28	1199	16	11	309	283	137	96	347	-510	0	2	302	306	256	0	10	467	210
2014-11-25	01:28:28	1199	16	11	309	282	137	97	347	-548	0	2	301	306	256	0	10	466	210
2014-11-25	01:29:28	1199	16	11	308	282	138	98	347	-589	0	2	300	306	256	0	10	465	210
2014-11-25	01:30:28	1199	16	11	299	267	86	97	347	-631	0	7	289	306	255	0	30	465	210
2014-11-25	01:31:28	1199	16	11	310	264	40	27	347	-631	0	7	318	502	11	0	30	464	210
2014-11-25	01:32:28	1199	16	11	321	269	40	3	350	-631	0	7	326	552	34	0	30	464	209
2014-11-25	01:33:28	1199	16	11	324	271	41	-1	347	-658	0	7	325	572	49	0	30	463	210
2014-11-25	01:34:28	1199	16	11	329	276	43	-1	347	-679	0	7	333	584	43	0	30	463	210
2014-11-25	01:35:28	1199	16	11	333	282	44	0	347	-698	0	7	338	593	47	0	30	463	210
2014-11-25	01:36:28	1199	16	11	339	289	44	1	347	-710	0	7	345	602	46	0	30	462	210
2014-11-25	01:37:28	1199	16	11	346	295	46	2	347	-715	0	7	351	610	49	0	30	461	210
2014-11-25	01:38:28	1199	16	11	352	302	46	2	347	-716	0	7	357	617	47	0	30	461	210
2014-11-25	01:39:28	1199	16	11	358	307	44	2	350	-708	0	7	360	623	47	0	30	461	209
2014-11-25	01:40:28	1199	16	11	361	311	44	2	347	-696	0	7	364	630	47	0	30	460	210
2014-11-25	01:41:28	1199	16	11	365	316	43	2	350	-683	0	7	367	636	47	0	30	460	209
2014-11-25	01:42:28	1199	16	11	369	320	43	2	350	-666	0	7	373	642	47	0	30	460	209
2014-11-25	01:43:28	1199	16	11	374	325	44	2	350	-645	0	7	375	646	48	0	30	459	209
2014-11-25	01:44:28	1199	16	11	378	329	44	3	350	-619	0	7	381	650	47	0	30	459	209
2014-11-25	01:45:28	1199	16	11	382	331	38	2	350	-589	0	7	385	656	42	0	30	459	209
2014-11-25	01:46:28	1199	16	11	385	335	35	-3	350	-553	0	7	386	662	41	0	30	459	209
2014-11-25	01:47:28	1199	16	11	387	338	32	-5	350	-517	0	7	388	667	38	0	30	459	209
2014-11-25	01:48:28	1199	16	11	389	341	30	-6	350	-479	0	7	390	672	38	0	30	458	209
2014-11-25	01:49:28	1199	16	11	392	344	29	-7	350	-439	0	7	393	675	36	0	30	458	209
2014-11-25	01:50:29	1199	16	11	394	347	29	-8	350	-396	0	7	394	680	36	0	30	458	209
2014-11-25	01:51:29	1199	16	11	396	349	27	-8	347	-351	0	7	397	685	37	0	30	457	210
2014-11-25	01:52:29	1199	16	11	399	351	27	-8	350	-304	0	7	399	687	34	0	30	457	209
2014-11-25	01:53:29	1199	16	11	401	353	26	-8	350	-254	0	7	401	691	36	0	30	457	209
2014-11-25	01:54:29	1199	16	11	403	355	26	-8	350	-199	0	7	402	695	35	0	30	457	209
2014-11-25	01:55:29	1199	16	11	405	357	26	-8	350	-143	0	7	404	696	34	0	30	456	209
2014-11-25	01:56:29	1199	16	11	406	358	26	-9	350	-88	0	7	406	701	37	0	30	456	209
2014-11-25	01:57:29	1199	16	11	408	359	26	-9	350	-31	0	7	408	702	35	0	30	456	209
2014-11-25	01:58:29	1199	16	11	409	360	25	0	350	28	0	2	412	691	45	0	10	456	209
2014-11-25	01:59:29	1199	16	11	409	358	28	21	350	87	0	2	426	628	81	0	10	455	209
2014-11-25	02:00:29	1199	17	11	410	358	32	30	350	146	0	2	434	566	113	0	10	455	209
2014-11-25	02:01:29	1199	17	11	411	358	37	37	350	206	0	2	432	516	146	0	10	455	209
2014-11-25	02:02:29	1199	18	11	410	357	40	47	350	267	0	2	426	481	172	0	10	455	209
2014-11-25	02:03:29	1199	17	11	409	355	41	57	350	327	0	2	419	458	195	0	10	455	209
2014-11-25	02:04:29	1199	18	11	406	354	43	63	350	385	0	2	410	441	214	0	10	455	209
2014-11-25	02:05:29	1199	18	11	402	352	46	68	350	440	0	2	402	427	232	0	10	454	209
2014-11-25	02:06:29	1199	17	11	398	350	47	71	350	490	0	2	394	415	244	0	10	454	209
2014-11-25	02:07:29	1199	18	11	392	348	50	73	350	535	0	2	386	404	253	0	10	454	209
2014-11-25	02:08:29	1199	18	11	387	346	53	75	350	575	0	2	381	395	259	0	10	454	209
2014-11-25	02:09:29	1199	18	11	383	344	55	76	350	611	0	2	374	387	263	0	10	454	209
2014-11-25	02:10:29	1199	18	11	378	343	58	78	350	642	0	2	369	380	266	0	10	454	209
2014-11-25	02:11:29	1199	18	11	373	342	60	78	350	668	0	2	365	374	269	0	10	454	209
2014-11-25	02:12:29	1199	18	11	369	340	62	79	350	690	0	2	361	368	270	0	10	453	209
2014-11-25	02:13:29	1199	18	11	366	339	65	80	350	708	0	2	359	364	272	0	10	453	209
2014-11-25	02:14:29	1199	18	12	363	338	66	80	350	723	0	2	357	360	272	0	10	453	209
2014-11-25	02:15:29	1199	18	12	361	337	69	80	350	738	0	2	356	358	273	0	10	453	209
2014-11-25	02:16:29	1199	18	12	358	336	71	81	350	747	0	2	354	356	273	0	10	453	209
2014-11-25	02:17:29	1199	18	12	358	335	72	82	350	755	0	2	352	353	273	0	10	453	209
2014-11-25	02:18:29	1199	18	12	356	334	75	82	350	762	0	2	351	351	273	0	10	453	209
2014-11-25	02:19:29	1199	18	12	355	333	76	83	347	767	0	2	350	349	272	0	10	453	210
2014-11-25	02:20:29	1199	18	12	354	332	79	83	350	771	0	2	348	347	272	0	10	452	209
2014-11-25	02:21:29	1199	18	12	353	331	81	84	350	774	0	2	347	346	272	0	10	452	209
2014-11-25	02:22:29	1199	18	12	352	331	83	85	350	779	0	2	345	343	271	0	10	452	209
2014-11-25	02:23:29	1199	18	12	351	330	84	84	350	780	0	2	344	341	271	0	10	452	209
2014-11-25	02:24:29	1199	18	12	350	329	86	86	350	783	0	2	343	339	270	0	10	452	209
2014-11-25	02:25:29	1199	18	12	349	328	88	86	350	785	0	2	342	338	270	0	10	452	209
2014-11-25	02:26:29	1199	18	12	348	327	90	87	350	783	0	2	340	336	269	0	10	452	209
2014-11-25	02:27:29	1199	18	12	347	326	91	87	350	780	0	2	339	334	269	0	10	452	209
2014-11-25	02:28:29	1199	18	12	346	325	92	87	350	776	0	2	338	333	268	0	10	451	209
2014-11-25	02:29:29	1199	18	12	344	323	94	87	350	774	0	2	337	331	267	0	10	451	209
2014-11-25	02:30:29	1199	18	12	343	322	96	88	350	768	0	2	335	331	267	0	10	451	209
2014-11-25	02:31:29	1199	18	12	342	321	98	88	350	764	0	2	334	329	266	0	10	451	209
2014-11-25	02:32:29	1199	18	12	341	320	99	88	350	756	0	2	333	328	266	0	10	451	209
2014-11-25	02:33:29	1199	18	12	340	319	100	89	350	746	0	2	332	327	265	0	10	451	209
2014-11-25	02:34:29	1199	18	12	339	317	102	90	350	735	0	2	331	326	264	0	10	451	209
2014-11-25	02:35:29	1199	18	12	338	316	103	90	347	723	0	2	331	325	264	0	10	451	210
2014-11-25	02:36:29	1199	18	12	337	315	104	90	350	713	0	2	330	324	263	0	10	451	209
2014-11-25	02:37:29	1199	18	12	336	314	106	91	350	699	0	2	329	323	263	0	10	451	209
2014-11-25	02:38:29	1199	18	12	335	313	107	91	350	684	0	2	328	322	262	0	10	450	209
2014-11-25	02:39:29	1199	18	12	334	311	108	91	347	668	0	2	328	320	262	0	10	450	210
2014-11-25	02:40:29	1199	18	12	333	310	109	91	350	654	0	2	327	320	261	0	10	450	209
2014-11-25	02:41:29	1199	18	12	332	309	111	92	350	639	0	2	326	319	261	0	10	450	209
2014-11-25	02:42:29	1199	18	12	331	308	112	92	350	623	0	2	325	318	260	0	10	450	209
2014-11-25	02:43:29	1199	18	12	331	307	113	93	347	604	0	2	324	317	259	0	10	450	210
2014-11-25	02:44:29	1199	18	12	330	306	115	94	347	585	0	2	324	316	259	0	10	450	210
2014-11-25	02:45:29	1199	18	12	329	305	116	94	350	568	0	2	323	315	259	0	10	450	209
2014-11-25	02:46:29	1199	18	12	328	304	116	94	347	550	0	2	322	314	258	0	10	449	210
2014-11-25	02:47:29	1199	18	12	328	303	117	94	350	531	0	2	321	313	258	0	10	449	209
2014-11-25	02:48:29	1199	19	12	327	302	118	95	347	508	0	2	321	312	257	0	10	449	210
2014-11-25	02:49:29	1199	18	12	326	301	120	95	350	485	0	2	320	312	257	0	10	449	209
2014-11-25	02:50:29	1199	19	12	326	300	121	95	350	461	0	2	320	311	257	0	10	449	209
2014-11-25	02:51:29	1199	19	12	325	299	121	95	350	439	0	2	319	311	256	0	10	449	209
2014-11-25	02:52:29	1199	19	12	324	298	122	96	347	416	0	2	318	309	256	0	10	449	210
2014-11-25	02:53:29	1199	19	12	323	297	123	96	347	390	0	2	318	309	255	0	10	448	210
2014-11-25	02:54:29	1199	19	12	323	296	124	96	347	366	0	2	317	308	255	0	10	448	210
2014-11-25	02:55:29	1199	19	12	322	296	125	98	350	338	0	2	316	308	255	0	10	448	209
2014-11-25	02:56:29	1199	19	12	321	295	126	98	350	313	0	2	315	307	255	0	10	448	209
2014-11-25	02:57:29	1199	18	13	321	294	126	98	350	284	0	2	315	306	254	0	10	448	209
2014-11-25	02:58:29	1199	19	13	320	294	127	98	347	254	0	2	314	305	254	0	10	448	210
2014-11-25	02:59:29	1199	19	13	319	293	128	99	350	224	0	2	314	305	254	0	10	448	209
2014-11-25	03:00:30	1199	19	13	319	292	129	98	347	193	0	2	313	304	253	0	10	447	210
2014-11-25	03:01:30	1199	19	13	318	291	129	99	350	162	0	2	311	304	253	0	10	447	209
2014-11-25	03:02:30	1199	19	13	317	291	131	99	350	130	0	2	311	303	253	0	10	447	209
2014-11-25	03:03:30	1199	19	13	317	290	131	100	350	97	0	2	310	303	252	0	10	447	209
2014-11-25	03:04:30	1199	19	13	316	289	132	100	350	63	0	2	309	302	252	0	10	447	209
2014-11-25	03:05:31	1199	19	13	315	288	133	100	347	28	0	2	308	302	252	0	10	447	210
2014-11-25	03:06:31	1199	19	13	314	287	133	100	350	-4	0	2	307	301	252	0	10	447	209
2014-11-25	03:07:31	1199	19	13	314	287	134	101	347	-37	0	2	306	301	251	0	10	446	210
2014-11-25	03:08:31	1199	19	13	313	286	135	102	347	-71	0	2	305	300	251	0	10	446	210
2014-11-25	03:09:31	1199	19	13	312	285	136	101	350	-108	0	2	304	300	251	0	10	446	209
2014-11-25	03:10:31	1199	19	13	311	284	137	102	350	-143	0	2	304	299	250	0	10	446	209
2014-11-25	03:11:31	1199	19	13	311	284	137	102	350	-182	0	2	303	299	250	0	10	446	209
2014-11-25	03:12:31	1199	19	13	310	283	137	102	347	-222	0	2	302	298	250	0	10	446	210
2014-11-25	03:13:31	1199	19	13	309	282	138	103	350	-262	0	2	301	298	250	0	10	445	209
2014-11-25	03:14:31	1199	19	13	309	281	139	103	350	-303	0	2	300	297	249	0	10	445	209
2014-11-25	03:15:31	1199	19	13	307	280	139	103	350	-345	0	2	299	296	249	0	10	445	209
2014-11-25	03:16:31	1199	19	13	307	280	140	103	350	-388	0	2	299	296	249	0	10	445	209
2014-11-25	03:17:31	1199	19	13	306	279	140	103	350	-431	0	2	298	296	248	0	10	444	209
2014-11-25	03:18:31	1199	19	13	305	278	142	104	350	-476	0	2	297	295	248	0	10	444	209
2014-11-25	03:19:31	1199	19	13	304	278	142	104	350	-521	0	2	296	295	248	0	10	444	209
2014-11-25	03:20:31	1199	19	13	303	277	143	104	350	-567	0	2	295	294	248	0	10	444	209
2014-11-25	03:21:31	1199	19	13	295	264	90	103	350	-614	0	7	284	307	229	0	30	444	209
2014-11-25	03:22:31	1199	19	13	311	264	43	30	350	-614	0	7	318	495	14	0	30	443	209
2014-11-25	03:23:31	1199	19	13	321	269	44	6	350	-614	0	7	326	547	42	0	30	443	209
2014-11-25	03:24:31	1199	19	13	325	271	45	2	350	-641	0	7	327	565	51	0	30	443	209
2014-11-25	03:25:31	1199	19	13	329	276	46	2	350	-665	0	7	333	578	47	0	30	443	209
2014-11-25	03:26:31	1199	19	13	333	282	47	2	350	-684	0	7	338	587	50	0	30	443	209
2014-11-25	03:27:31	1199	19	13	339	289	47	2	350	-699	0	7	346	596	50	0	30	442	209
2014-11-25	03:28:31	1199	19	13	346	295	49	4	350	-707	0	7	351	605	50	0	30	442	209
2014-11-25	03:29:31	1199	19	13	353	302	49	4	350	-708	0	7	357	613	52	0	30	442	209
2014-11-25	03:30:31	1199	19	13	358	307	47	4	350	-703	0	7	360	619	49	0	30	441	209
2014-11-25	03:31:31	1199	19	13	361	312	47	4	350	-694	0	7	365	627	52	0	30	441	209
2014-11-25	03:32:31	1199	19	13	365	316	46	4	350	-681	0	7	369	632	47	0	30	441	209
2014-11-25	03:33:31	1199	19	13	370	321	46	4	350	-664	0	7	372	638	52	0	30	441	209
2014-11-25	03:34:31	1199	19	13	374	325	47	4	350	-643	0	7	378	643	49	0	30	440	209
2014-11-25	03:35:31	1199	19	13	379	329	46	6	350	-617	0	7	380	649	53	0	30	440	209
2014-11-25	03:36:31	1199	19	13	382	332	41	4	350	-587	0	7	386	654	44	0	30	440	209
2014-11-25	03:37:31	1199	19	13	385	335	37	0	350	-554	0	7	386	659	43	0	30	440	209
2014-11-25	03:38:31	1199	19	13	387	338	35	-3	353	-518	0	7	388	666	42	0	30	439	208
2014-11-25	03:39:31	1199	19	13	389	342	34	-5	350	-480	0	7	391	669	37	0	30	439	209
2014-11-25	03:40:31	1199	19	13	392	344	32	-5	350	-442	0	7	393	675	40	0	30	439	209
2014-11-25	03:41:31	1199	19	14	394	347	30	-6	350	-399	0	7	396	678	37	0	30	439	209
2014-11-25	03:42:31	1199	19	14	397	349	30	-6	350	-353	0	7	397	682	38	0	30	438	209
2014-11-25	03:43:31	1199	19	14	399	351	29	-6	350	-308	0	7	399	687	38	0	30	438	209
2014-11-25	03:44:31	1199	19	14	401	354	29	-6	350	-258	0	7	401	689	37	0	30	438	209
2014-11-25	03:45:31	1199	19	14	403	356	29	-7	350	-209	0	7	403	694	38	0	30	437	209
2014-11-25	03:46:31	1199	19	14	405	357	29	-6	350	-158	0	7	405	695	35	0	30	437	209
2014-11-25	03:47:31	1199	20	14	407	358	28	-7	351	-106	0	7	407	699	37	0	30	437	209
2014-11-25	03:48:31	1199	20	14	408	360	28	-7	351	-49	0	7	408	702	38	0	30	436	209
2014-11-25	03:49:31	1199	20	14	410	360	27	3	354	6	0	2	415	690	47	0	10	436	208
2014-11-25	03:50:31	1199	21	14	410	359	30	23	351	61	0	2	432	626	81	0	10	436	209
2014-11-25	03:51:31	1199	20	14	411	358	35	32	351	120	0	2	439	566	113	0	10	436	209
2014-11-25	03:52:31	1199	21	14	413	358	38	40	351	178	0	2	437	515	146	0	10	436	209
2014-11-25	03:53:31	1199	21	14	413	357	42	50	351	240	0	2	431	479	171	0	10	435	209
2014-11-25	03:54:31	1199	21	14	412	355	44	59	351	301	0	2	423	455	191	0	10	435	209
2014-11-25	03:55:31	1199	21	14	410	353	46	66	351	361	0	2	414	438	210	0	10	435	209
2014-11-25	03:56:31	1199	21	14	405	352	47	71	354	415	0	2	405	425	228	0	10	435	208
2014-11-25	03:57:31	1199	21	14	400	350	49	73	351	468	0	2	397	413	241	0	10	434	209
2014-11-25	03:58:31	1199	21	14	395	347	52	76	351	512	0	2	389	403	250	0	10	434	209
2014-11-25	03:59:31	1199	21	14	389	346	55	77	351	550	0	2	383	393	257	0	10	434	209
2014-11-25	04:00:31	1199	21	14	385	344	56	79	354	583	0	2	377	386	261	0	10	434	208
2014-11-25	04:01:31	1199	21	14	379	343	59	79	354	614	0	2	371	378	265	0	10	433	208
2014-11-25	04:02:31	1199	21	14	375	342	62	80	351	640	0	2	366	373	267	0	10	433	209
2014-11-25	04:03:31	1199	21	14	370	340	63	82	354	662	0	2	363	366	269	0	10	433	208
2014-11-25	04:04:31	1199	21	14	366	339	66	82	351	676	0	2	360	362	270	0	10	433	209
2014-11-25	04:05:31	1199	21	14	363	338	68	83	351	690	0	2	358	359	271	0	10	433	209
2014-11-25	04:06:31	1199	21	14	361	337	70	83	351	701	0	2	356	357	272	0	10	432	209
2014-11-25	04:07:31	1199	21	14	358	335	72	84	354	707	0	2	355	354	272	0	10	432	208
2014-11-25	04:08:31	1199	21	14	358	335	73	84	351	714	0	2	353	352	272	0	10	432	209
2014-11-25	04:09:31	1199	21	14	356	334	76	84	351	720	0	2	351	350	272	0	10	432	209
2014-11-25	04:10:31	1199	21	14	355	333	78	86	351	725	0	2	350	347	271	0	10	432	209
2014-11-25	04:11:31	1199	21	14	354	332	80	86	354	728	0	2	348	345	271	0	10	432	208
2014-11-25	04:12:31	1199	21	14	353	331	82	86	351	730	0	2	347	343	271	0	10	431	209
2014-11-25	04:13:31	1199	21	14	351	331	83	87	351	728	0	2	345	342	270	0	10	431	209
2014-11-25	04:14:31	1199	21	14	350	329	86	87	354	728	0	2	344	339	270	0	10	431	208
2014-11-25	04:15:31	1199	21	14	349	328	87	87	354	727	0	2	342	338	269	0	10	431	208
2014-11-25	04:16:31	1199	21	14	348	327	88	88	351	725	0	2	341	336	269	0	10	431	209
2014-11-25	04:17:31	1199	21	14	347	326	91	88	354	721	0	2	340	334	268	0	10	431	208
2014-11-25	04:18:31	1199	21	14	346	325	92	88	351	716	0	2	338	333	268	0	10	431	209
2014-11-25	04:19:31	1199	21	14	344	324	94	88	351	710	0	2	337	331	267	0	10	430	209
2014-11-25	04:20:31	1199	21	14	343	322	95	90	351	703	0	2	336	331	266	0	10	430	209
2014-11-25	04:21:32	1199	21	14	342	321	96	90	354	695	0	2	335	329	266	0	10	430	208
2014-11-25	04:22:32	1199	21	15	341	320	99	90	351	685	0	2	334	328	265	0	10	430	209
2014-11-25	04:23:32	1199	21	15	339	319	100	90	351	671	0	2	332	327	264	0	10	430	209
2014-11-25	04:24:32	1199	21	15	338	317	102	91	351	659	0	2	331	326	264	0	10	430	209
2014-11-25	04:25:32	1199	21	15	337	316	103	91	351	643	0	2	331	325	263	0	10	429	209
2014-11-25	04:26:32	1199	21	15	336	315	104	91	351	629	0	2	331	323	263	0	10	429	209
2014-11-25	04:27:32	1199	21	15	335	314	106	91	351	614	0	2	329	322	262	0	10	429	209
2014-11-25	04:28:32	1199	21	15	334	312	107	92	351	598	0	2	329	321	262	0	10	429	209
2014-11-25	04:29:32	1199	21	15	333	311	108	92	351	581	0	2	328	320	261	0	10	429	209
2014-11-25	04:30:32	1199	21	15	332	310	109	92	351	560	0	2	327	319	261	0	10	429	209
2014-11-25	04:31:32	1199	21	15	331	309	111	94	351	541	0	2	326	318	260	0	10	429	209
2014-11-25	04:32:32	1199	21	15	331	308	112	94	351	521	0	2	325	317	260	0	10	429	209
2014-11-25	04:33:32	1199	21	15	331	307	112	94	351	501	0	2	325	316	259	0	10	428	209
2014-11-25	04:34:32	1199	21	15	330	305	113	94	351	480	0	2	324	315	259	0	10	428	209
2014-11-25	04:35:32	1199	21	15	329	304	115	95	351	455	0	2	323	315	258	0	10	428	209
2014-11-25	04:36:32	1199	21	15	328	303	116	95	351	432	0	2	322	314	258	0	10	428	209
2014-11-25	04:37:32	1199	21	15	327	302	117	95	351	409	0	2	322	313	257	0	10	428	209
2014-11-25	04:38:32	1199	21	15	327	301	118	95	351	385	0	2	321	312	257	0	10	428	209
2014-11-25	04:39:32	1199	21	15	326	300	119	96	351	360	0	2	320	311	256	0	10	428	209
2014-11-25	04:40:32	1199	21	15	325	299	121	96	351	334	0	2	319	311	256	0	10	427	209
2014-11-25	04:41:32	1199	21	15	324	298	121	96	351	308	0	2	319	310	256	0	10	427	209
2014-11-25	04:42:32	1199	21	15	324	298	122	97	354	281	0	2	318	309	255	0	10	427	208
2014-11-25	04:43:32	1199	21	15	323	296	123	97	351	250	0	2	317	308	255	0	10	427	209
2014-11-25	04:44:32	1199	21	15	322	296	123	98	351	222	0	2	317	308	254	0	10	427	209
2014-11-25	04:45:32	1199	21	15	321	295	125	98	351	193	0	2	316	307	254	0	10	427	209
2014-11-25	04:46:32	1199	21	15	321	294	126	98	354	163	0	2	315	306	254	0	10	426	208
2014-11-25	04:47:32	1199	21	15	320	294	126	99	354	132	0	2	314	306	254	0	10	426	208
2014-11-25	04:48:32	1199	21	15	319	293	127	99	351	101	0	2	313	305	253	0	10	426	209
2014-11-25	04:49:32	1199	21	15	319	292	128	99	354	69	0	2	313	304	253	0	10	426	208
2014-11-25	04:50:32	1199	22	15	318	291	128	99	353	37	0	2	312	304	253	0	10	426	208
2014-11-25	04:51:32	1199	21	15	317	290	129	99	351	4	0	2	311	303	252	0	10	426	209
2014-11-25	04:52:32	1199	21	15	316	290	130	100	351	-30	0	2	310	303	252	0	10	426	209
2014-11-25	04:53:32	1199	22	15	316	289	131	100	351	-65	0	2	309	302	252	0	10	426	209
2014-11-25	04:54:32	1199	21	15	315	288	132	100	354	-102	0	2	308	302	252	0	10	425	208
2014-11-25	04:55:32	1199	22	15	314	287	132	100	351	-138	0	2	308	301	251	0	10	425	209
2014-11-25	04:56:32	1199	22	15	314	286	133	100	351	-175	0	2	307	301	251	0	10	425	209
2014-11-25	04:57:32	1199	21	15	313	285	134	101	351	-213	0	2	306	300	251	0	10	425	209
2014-11-25	04:58:32	1199	22	15	312	285	134	102	351	-253	0	2	305	300	250	0	10	425	209
2014-11-25	04:59:32	1199	21	15	311	284	136	102	351	-292	0	2	304	299	250	0	10	425	209
2014-11-25	05:00:32	1199	22	15	311	283	136	102	351	-332	0	2	303	299	250	0	10	424	209
2014-11-25	05:01:32	1199	22	15	310	282	137	102	351	-375	0	2	302	298	250	0	10	424	209
2014-11-25	05:02:32	1199	21	15	309	281	137	103	354	-419	0	2	302	298	249	0	10	424	208
2014-11-25	05:03:32	1199	22	15	308	281	138	103	351	-463	0	2	301	297	249	0	10	424	209
2014-11-25	05:04:32	1199	22	16	307	280	138	103	351	-508	0	2	300	297	249	0	10	424	209
2014-11-25	05:05:32	1199	22	16	307	279	139	103	351	-552	0	2	299	296	249	0	10	424	209
2014-11-25	05:06:32	1199	22	16	306	279	140	103	353	-599	0	2	298	296	248	0	10	424	208
2014-11-25	05:07:32	1199	22	16	296	267	91	103	353	-646	0	7	286	299	245	0	30	423	208
2014-11-25	05:08:32	1199	22	16	311	266	44	31	353	-646	0	7	320	497	14	0	30	423	208
2014-11-25	05:09:32	1199	22	16	323	270	44	6	353	-646	0	7	328	548	42	0	30	423	208
2014-11-25	05:10:32	1199	22	16	326	273	46	2	353	-674	0	7	328	566	52	0	30	423	208
2014-11-25	05:11:32	1199	22	16	331	278	47	2	351	-698	0	7	335	580	48	0	30	423	209
2014-11-25	05:12:32	1199	22	16	334	284	47	3	353	-717	0	7	340	588	50	0	30	423	208
2014-11-25	05:13:32	1199	22	16	341	291	48	3	353	-731	0	7	347	599	50	0	30	423	208
2014-11-25	05:14:32	1199	22	16	348	297	49	4	351	-738	0	7	352	606	52	0	30	422	209
2014-11-25	05:15:32	1199	22	16	354	303	49	5	353	-741	0	7	358	614	52	0	30	423	208
2014-11-25	05:16:32	1199	22	16	358	309	49	6	353	-738	0	7	362	622	50	0	30	422	208
2014-11-25	05:17:32	1199	22	16	363	313	47	5	351	-731	0	7	366	628	52	0	30	422	209
2014-11-25	05:18:32	1199	22	16	366	318	46	4	353	-720	0	7	370	633	48	0	30	422	208
2014-11-25	05:19:32	1199	22	16	371	322	46	4	351	-703	0	7	373	640	52	0	30	421	209
2014-11-25	05:20:32	1199	22	16	375	326	47	5	353	-683	0	7	378	645	49	0	30	421	208
2014-11-25	05:21:32	1199	22	16	380	330	47	6	353	-659	0	7	381	650	53	0	30	421	208
2014-11-25	05:22:32	1199	22	16	383	333	42	4	351	-631	0	7	386	655	45	0	30	421	209
2014-11-25	05:23:32	1199	22	16	386	336	38	1	353	-599	0	7	387	660	43	0	30	421	208
2014-11-25	05:24:32	1199	22	16	388	340	35	-2	351	-566	0	7	390	667	43	0	30	421	209
2014-11-25	05:25:32	1199	22	16	391	343	34	-3	353	-530	0	7	392	670	39	0	30	421	208
2014-11-25	05:26:32	1199	22	16	393	346	32	-5	353	-491	0	7	394	675	41	0	30	420	208
2014-11-25	05:27:32	1199	22	16	396	348	32	-5	353	-450	0	7	396	680	38	0	30	420	208
2014-11-25	05:28:32	1199	22	16	398	350	31	-6	353	-404	0	7	398	682	38	0	30	420	208
2014-11-25	05:29:32	1199	22	16	400	352	30	-6	353	-358	0	7	400	687	39	0	30	420	208
2014-11-25	05:30:32	1199	22	16	402	355	30	-5	353	-310	0	7	402	689	37	0	30	420	208
2014-11-25	05:31:32	1199	22	16	404	357	30	-6	353	-261	0	7	404	694	38	0	30	420	208
2014-11-25	05:32:32	1199	22	16	406	358	29	-6	351	-207	0	7	406	696	37	0	30	420	209
2014-11-25	05:33:32	1199	22	16	407	359	29	-6	351	-153	0	7	408	699	38	0	30	420	209
2014-11-25	05:34:32	1199	22	16	409	361	29	-6	353	-98	0	7	409	702	37	0	30	420	208
2014-11-25	05:35:32	1199	22	16	411	362	28	-6	353	-41	0	7	411	705	38	0	30	420	208
2014-11-25	05:36:33	1199	22	16	412	362	27	5	353	17	0	8	412	690	48	0	20	420	208
2014-11-25	05:37:33	1199	22	16	411	361	30	25	353	17	0	8	405	625	83	0	20	420	208
2014-11-25	05:38:33	1199	22	16	410	359	35	32	353	17	0	8	407	565	116	0	20	419	208
2014-11-25	05:39:33	1199	22	16	410	358	38	40	353	17	0	8	410	515	149	0	20	419	208
2014-11-25	05:40:33	1199	22	16	409	358	43	50	353	17	0	8	410	480	174	0	20	419	208
2014-11-25	05:41:33	1199	22	16	396	419	35	56	351	17	0	15	385	461	192	0	20	419	209
2014-11-25	05:42:33	1199	22	16	450	420	29	22	353	17	0	15	467	650	11	0	20	418	208
2014-11-25	05:43:33	1199	22	16	497	467	27	6	353	17	0	15	517	730	13	0	20	419	208
2014-11-25	05:44:33	1199	22	16	534	496	26	2	353	17	0	15	545	787	45	0	20	418	208
2014-11-25	05:45:33	1199	22	16	557	512	26	2	351	17	0	15	566	820	43	0	20	418	209
2014-11-25	05:46:33	1199	22	16	571	522	26	2	351	17	0	15	576	840	46	0	20	420	209
2014-11-25	05:47:33	1199	22	16	580	529	27	4	353	17	0	15	585	859	49	0	20	422	208
2014-11-25	05:48:33	1199	22	17	587	535	28	6	353	17	0	15	593	872	47	0	20	425	208
2014-11-25	05:49:33	1199	22	17	593	540	27	6	353	17	0	15	596	883	50	0	20	429	208
2014-11-25	05:50:33	1199	22	17	597	545	26	6	351	17	0	15	602	896	47	0	20	433	209
2014-11-25	05:51:33	1199	22	17	602	549	26	6	353	17	0	15	605	905	50	0	20	436	208
2014-11-25	05:52:33	1199	22	17	606	554	25	6	353	17	0	15	610	914	50	0	20	440	208
2014-11-25	05:53:33	1199	22	17	610	557	26	6	353	17	0	15	613	923	50	0	20	444	208
2014-11-25	05:54:33	1199	22	17	614	562	29	8	353	17	0	15	617	931	54	0	20	449	208
2014-11-25	05:55:33	1199	22	17	618	566	30	10	351	17	0	15	622	939	56	0	20	453	209
2014-11-25	05:56:33	1199	22	17	623	571	29	11	351	17	0	6	627	946	54	0	10	457	209
2014-11-25	05:57:33	1199	22	17	622	566	32	32	351	17	0	2	649	863	91	0	10	462	209
2014-11-25	05:58:33	1199	22	17	622	529	37	40	353	17	162	2	651	761	141	0	10	466	208
2014-11-25	05:59:33	1199	22	17	616	369	41	47	353	17	0	2	632	677	193	0	10	469	208
2014-11-25	06:00:33	1199	22	17	596	343	46	60	351	271	0	2	610	626	225	0	10	471	209
2014-11-25	06:01:33	1199	22	17	578	338	50	72	353	506	0	2	589	590	250	0	10	473	208
2014-11-25	06:02:33	1199	22	17	548	335	53	79	353	721	0	2	554	560	268	0	10	474	208
2014-11-25	06:03:33	1199	22	17	476	331	56	83	353	890	0	2	501	536	282	0	10	475	208
2014-11-25	06:04:33	1199	22	17	416	328	59	86	353	983	0	2	451	516	293	0	10	475	208
2014-11-25	06:05:33	1199	22	17	382	325	62	87	351	1000	0	2	416	499	300	0	10	475	209
2014-11-25	06:06:33	1199	22	17	364	322	65	88	353	1000	0	2	391	485	306	0	10	474	208
2014-11-25	06:07:33	1199	22	17	356	319	68	88	353	1000	0	2	374	474	311	0	10	474	208
2014-11-25	06:08:33	1199	22	17	351	318	71	89	353	1000	0	2	363	465	315	0	10	473	208
2014-11-25	06:09:33	1199	22	17	346	316	73	90	351	996	0	2	356	457	317	0	10	473	209
2014-11-25	06:10:33	1199	22	17	343	315	76	91	351	988	0	2	351	450	319	0	10	472	209
2014-11-25	06:11:33	1199	22	17	341	313	79	91	353	977	0	2	346	444	320	0	10	471	208
2014-11-25	06:12:33	1199	22	17	339	312	81	91	351	966	0	2	342	438	320	0	10	471	209
2014-11-25	06:13:33	1199	22	17	337	312	83	92	353	950	0	2	339	433	320	0	10	470	208
2014-11-25	06:14:33	1199	22	17	335	311	86	92	351	935	0	2	337	428	319	0	10	469	209
2014-11-25	06:15:33	1199	23	17	333	310	88	94	354	916	0	2	334	424	319	0	10	468	208
2014-11-25	06:16:33	1199	22	17	332	309	90	94	351	898	0	2	332	420	318	0	10	468	208
2014-11-25	06:17:34	1199	23	17	331	308	92	95	354	876	0	2	331	418	317	0	10	468	208
2014-11-25	06:18:34	1199	23	17	331	308	94	95	354	856	0	2	329	414	316	0	10	468	208
2014-11-25	06:19:34	1199	23	17	329	307	96	96	354	832	0	2	328	411	315	0	10	468	208
2014-11-25	06:20:34	1199	23	17	328	307	99	98	354	807	0	2	327	408	314	0	10	467	208
2014-11-25	06:21:34	1199	23	17	327	306	100	98	351	781	0	2	325	405	313	0	10	468	209
2014-11-25	06:22:34	1199	23	17	326	305	102	99	351	754	0	2	324	402	312	0	10	467	209
2014-11-25	06:23:34	1199	23	17	325	305	104	99	354	726	0	2	323	399	311	0	10	468	208
2014-11-25	06:24:34	1199	24	17	324	304	106	100	351	697	0	2	322	396	309	0	10	468	209
2014-11-25	06:25:34	1199	23	17	324	304	108	102	351	670	0	2	321	394	308	0	10	467	209
2014-11-25	06:26:34	1199	24	17	323	303	109	102	354	639	0	2	320	391	307	0	10	467	208
2014-11-25	06:27:34	1199	24	17	322	303	111	103	354	608	0	2	319	389	306	0	10	467	208
2014-11-25	06:28:34	1199	24	17	322	302	113	103	354	576	0	2	319	386	305	0	10	467	208
2014-11-25	06:29:34	1199	23	17	321	301	115	104	354	546	0	2	318	385	304	0	10	467	208
2014-11-25	06:30:34	1199	24	17	320	301	116	106	354	513	0	2	317	383	303	0	10	467	208
2014-11-25	06:31:34	1199	24	17	320	300	117	106	354	482	0	2	317	380	302	0	10	467	208
2014-11-25	06:32:34	1199	24	17	319	300	118	107	354	447	0	2	316	378	301	0	10	467	208
2014-11-25	06:33:34	1199	24	17	318	299	121	107	351	412	0	2	315	376	300	0	10	467	209
2014-11-25	06:34:34	1199	24	17	318	298	122	108	351	379	0	2	315	374	299	0	10	467	209
2014-11-25	06:35:34	1199	24	17	317	297	123	109	354	343	0	2	314	372	298	0	10	468	208
2014-11-25	06:36:34	1199	24	18	317	296	125	109	351	306	0	2	314	370	297	0	10	467	209
2014-11-25	06:37:34	1199	24	18	316	296	126	111	354	269	0	2	313	368	296	0	10	467	208
2014-11-25	06:38:34	1199	24	18	316	295	127	111	351	231	0	2	313	366	295	0	10	467	209
2014-11-25	06:39:34	1199	24	18	315	294	128	112	354	196	0	2	312	365	295	0	10	467	208
2014-11-25	06:40:34	1199	24	18	315	294	129	112	351	160	0	2	312	363	294	0	10	467	209
2014-11-25	06:41:34	1199	24	18	314	293	131	113	354	121	0	2	311	362	294	0	10	467	208
2014-11-25	06:42:34	1199	24	18	314	292	132	114	354	84	0	2	311	360	293	0	10	467	208
2014-11-25	06:43:34	1199	24	18	313	292	133	115	354	44	0	2	310	359	293	0	10	467	208
2014-11-25	06:44:34	1199	24	18	313	291	134	116	351	3	0	2	309	358	292	0	10	467	209
2014-11-25	06:45:34	1199	24	18	312	290	134	116	351	-35	0	2	309	358	291	0	10	467	209
2014-11-25	06:46:34	1199	24	18	312	289	137	116	354	-77	0	2	309	356	291	0	10	467	208
2014-11-25	06:47:34	1199	24	18	311	288	137	118	351	-116	0	2	308	355	290	0	10	467	209
2014-11-25	06:48:34	1199	24	18	311	288	138	117	354	-159	0	2	308	354	290	0	10	467	208
2014-11-25	06:49:34	1199	24	18	310	287	139	118	354	-202	0	2	307	353	289	0	10	467	208
2014-11-25	06:50:34	1199	24	18	310	286	140	118	354	-246	0	2	307	352	288	0	10	467	208
2014-11-25	06:51:35	1199	24	18	310	285	142	120	354	-290	0	2	306	351	288	0	10	467	208
2014-11-25	06:52:35	1199	24	18	309	285	142	120	354	-332	0	2	306	350	287	0	10	467	208
2014-11-25	06:53:35	1199	24	18	309	284	143	121	354	-377	0	2	305	349	287	0	10	467	208
2014-11-25	06:54:35	1199	24	18	308	283	144	121	354	-422	0	2	305	348	286	0	10	467	208
2014-11-25	06:55:35	1199	24	18	308	283	144	121	354	-465	0	2	304	347	286	0	10	467	208
2014-11-25	06:56:35	1199	24	18	307	282	145	122	354	-511	0	2	303	346	285	0	10	467	208
2014-11-25	06:57:35	1199	24	18	307	281	146	122	351	-558	0	2	303	346	285	0	10	466	209
2014-11-25	06:58:35	1199	24	18	298	268	85	117	351	-602	0	7	289	351	277	0	30	467	209
2014-11-25	06:59:35	1199	24	18	315	268	43	34	354	-602	0	7	324	524	14	0	30	466	208
2014-11-25	07:00:35	1199	24	18	326	272	43	8	354	-602	0	7	331	568	33	0	30	466	208
2014-11-25	07:01:35	1199	24	18	328	274	44	2	354	-629	0	7	329	589	52	0	30	466	208
2014-11-25	07:02:35	1199	24	18	332	280	46	2	354	-654	0	7	338	600	46	0	30	466	208
2014-11-25	07:03:35	1199	24	18	337	286	46	2	351	-674	0	7	341	608	50	0	30	466	209
2014-11-25	07:04:35	1199	24	18	344	293	47	2	354	-688	0	7	350	618	49	0	30	466	208
2014-11-25	07:05:35	1199	24	18	351	299	47	4	354	-695	0	7	355	623	50	0	30	466	208
2014-11-25	07:06:35	1199	24	18	357	305	47	5	354	-696	0	7	359	629	52	0	30	466	208
2014-11-25	07:07:35	1199	24	18	360	311	47	6	354	-692	0	7	364	634	48	0	30	466	208
2014-11-25	07:08:35	1199	24	18	362	310	46	4	354	-684	0	7	364	638	52	0	30	466	208
2014-11-25	07:09:35	1199	24	18	362	309	44	4	354	-676	0	7	364	638	47	0	30	465	208
2014-11-25	07:10:35	1199	24	18	363	312	46	3	354	-668	0	7	364	641	50	0	30	465	208
2014-11-25	07:11:35	1199	24	18	365	315	46	4	354	-658	0	7	368	645	47	0	30	465	208
2014-11-25	07:12:35	1199	24	18	368	319	46	4	354	-646	0	7	370	647	52	0	30	465	208
2014-11-25	07:13:35	1199	24	18	373	325	41	3	354	-630	0	7	377	654	44	0	30	465	208
2014-11-25	07:14:35	1199	24	18	378	330	37	1	354	-609	0	7	380	659	41	0	30	465	208
2014-11-25	07:15:35	1199	24	18	381	331	35	-3	354	-584	0	7	382	666	43	0	30	464	208
2014-11-25	07:16:35	1199	24	18	383	334	34	-5	354	-556	0	7	385	667	37	0	30	464	208
2014-11-25	07:17:35	1199	24	18	385	335	32	-6	354	-526	0	7	386	671	39	0	30	464	208
2014-11-25	07:18:35	1199	24	18	386	338	30	-6	354	-494	0	7	387	674	38	0	30	464	208
2014-11-25	07:19:35	1199	24	18	388	340	30	-6	354	-461	0	7	389	677	35	0	30	464	208
2014-11-25	07:20:35	1199	24	18	390	343	30	-6	354	-426	0	7	390	681	39	0	30	463	208
2014-11-25	07:21:35	1199	24	19	392	345	29	-7	354	-389	0	7	393	682	37	0	30	463	208
2014-11-25	07:22:35	1199	24	19	394	347	29	-6	354	-350	0	7	394	685	37	0	30	463	208
2014-11-25	07:23:35	1199	24	19	396	349	28	-6	354	-309	0	7	396	689	37	0	30	463	208
2014-11-25	07:24:35	1199	24	19	398	350	27	-8	354	-266	0	7	398	691	35	0	30	462	208
2014-11-25	07:25:35	1199	24	19	399	352	27	-8	354	-222	0	7	399	694	37	0	30	462	208
2014-11-25	07:26:35	1199	24	19	400	354	27	-8	354	-176	0	7	400	695	36	0	30	462	208
2014-11-25	07:27:35	1199	24	19	402	355	26	-8	354	-129	0	7	402	696	34	0	30	461	208
2014-11-25	07:28:35	1199	24	19	403	356	24	-10	354	-81	0	7	403	701	35	0	30	461	208
2014-11-25	07:29:35	1199	24	19	404	357	24	-10	354	-31	0	7	404	703	35	0	30	461	208
2014-11-25	07:30:35	1199	24	19	405	357	23	1	354	20	0	2	408	688	45	0	10	460	208
2014-11-25	07:31:35	1199	24	19	405	356	27	20	354	71	0	2	419	624	80	0	10	460	208
2014-11-25	07:32:35	1199	24	19	405	356	31	29	354	122	0	2	424	566	111	0	10	459	208
2014-11-25	07:33:35	1199	24	19	405	355	35	37	354	173	0	2	422	517	143	0	10	459	208
2014-11-25	07:34:35	1199	24	19	404	354	39	46	354	224	0	2	418	482	168	0	10	458	208
2014-11-25	07:35:35	1199	24	19	401	352	41	56	354	273	0	2	410	459	191	0	10	458	208
2014-11-25	07:36:35	1199	24	19	397	350	43	62	354	322	0	2	401	443	211	0	10	458	208
2014-11-25	07:37:35	1199	24	19	393	348	44	68	354	364	0	2	393	429	230	0	10	457	208
2014-11-25	07:38:35	1199	24	19	388	346	47	70	354	402	0	2	386	419	242	0	10	457	208
2014-11-25	07:39:35	1199	24	19	384	344	50	72	351	437	0	2	379	408	252	0	10	457	209
2014-11-25	07:40:35	1199	24	19	379	343	52	73	354	465	0	2	372	398	258	0	10	457	208
2014-11-25	07:41:35	1199	24	19	374	341	55	75	354	488	0	2	367	390	263	0	10	456	208
2014-11-25	07:42:35	1199	24	19	369	340	58	76	351	506	0	2	362	384	267	0	10	456	209
2014-11-25	07:43:35	1199	24	19	365	339	59	78	354	522	0	2	359	378	270	0	10	456	208
2014-11-25	07:44:35	1199	24	19	361	337	62	78	351	534	0	2	357	372	272	0	10	455	209
2014-11-25	07:45:35	1199	24	19	358	336	65	79	351	540	0	2	355	367	273	0	10	455	209
2014-11-25	07:46:35	1199	24	19	357	335	66	79	351	547	0	2	353	364	274	0	10	455	209
2014-11-25	07:47:35	1199	24	19	355	334	69	79	351	552	0	2	351	360	275	0	10	455	209
2014-11-25	07:48:35	1199	24	19	354	332	71	80	354	552	0	2	350	358	275	0	10	454	208
2014-11-25	07:49:35	1199	24	19	352	331	73	80	354	551	0	2	349	356	275	0	10	454	208
2014-11-25	07:50:35	1199	24	19	351	331	75	82	354	549	0	2	347	354	275	0	10	454	208
2014-11-25	07:51:35	1199	24	19	351	331	76	82	354	546	0	2	346	352	275	0	10	453	208
2014-11-25	07:52:35	1199	24	19	350	329	79	82	354	545	0	2	345	350	275	0	10	452	208
2014-11-25	07:53:35	1199	24	19	349	329	80	83	351	540	0	2	344	348	274	0	10	451	209
2014-11-25	07:54:35	1199	24	19	348	328	83	83	354	537	0	2	343	346	274	0	10	449	208
2014-11-25	07:55:35	1199	24	19	347	326	84	84	351	534	0	2	341	344	273	0	10	447	209
2014-11-25	07:56:35	1199	24	19	346	325	87	84	354	527	0	2	340	342	273	0	10	445	208
2014-11-25	07:57:35	1199	24	19	345	324	88	84	354	519	0	2	338	341	272	0	10	443	208
2014-11-25	07:58:35	1199	24	19	344	323	90	86	354	510	0	2	337	339	272	0	10	442	208
2014-11-25	07:59:35	1199	24	19	343	322	91	86	351	499	0	2	336	337	271	0	10	440	209
2014-11-25	08:00:35	1199	24	19	342	321	92	87	351	491	0	2	335	336	270	0	10	438	209
2014-11-25	08:01:35	1199	24	19	341	319	94	87	351	482	0	2	333	334	270	0	10	437	209
2014-11-25	08:02:35	1199	24	19	340	319	96	87	354	471	0	2	333	333	269	0	10	436	208
2014-11-25	08:03:35	1199	24	19	339	317	98	88	354	459	0	2	331	331	269	0	10	435	208
2014-11-25	08:04:35	1199	24	19	338	316	99	88	351	446	0	2	331	331	268	0	10	435	209
2014-11-25	08:05:35	1199	24	19	336	315	100	88	351	432	0	2	330	330	267	0	10	435	209
2014-11-25	08:06:35	1199	25	19	335	314	102	89	354	414	0	2	329	329	266	0	10	435	208
2014-11-25	08:07:36	1199	25	19	334	312	103	90	351	395	0	2	328	327	266	0	10	434	209
2014-11-25	08:08:36	1199	25	19	333	311	104	90	354	378	0	2	327	326	265	0	10	434	208
2014-11-25	08:09:36	1199	26	19	332	310	106	90	351	357	0	2	326	325	265	0	10	434	209
2014-11-25	08:10:36	1199	25	19	331	309	108	91	354	335	0	2	325	324	264	0	10	434	208
2014-11-25	08:11:36	1199	25	19	331	308	108	91	351	315	0	2	325	323	264	0	10	435	209
2014-11-25	08:12:36	1199	25	20	331	307	109	92	351	292	0	2	324	322	263	0	10	434	209
2014-11-25	08:13:36	1199	26	20	329	306	111	92	351	271	0	2	323	321	263	0	10	434	209
2014-11-25	08:14:36	1199	26	20	329	305	112	92	351	246	0	2	322	320	262	0	10	434	209
2014-11-25	08:15:36	1199	26	20	328	304	113	92	351	220	0	2	321	319	261	0	10	434	209
2014-11-25	08:16:36	1199	26	20	327	303	115	94	354	196	0	2	321	318	261	0	10	434	208
2014-11-25	08:17:36	1199	26	20	326	302	116	94	354	169	0	2	320	317	260	0	10	434	208
2014-11-25	08:18:36	1199	26	20	326	301	116	94	351	144	0	2	319	316	260	0	10	434	209
2014-11-25	08:19:36	1199	26	20	325	300	117	94	351	118	0	2	319	316	259	0	10	434	209
2014-11-25	08:20:36	1199	26	20	324	300	118	94	351	91	0	2	318	315	259	0	10	434	209
2014-11-25	08:21:36	1199	26	20	323	299	120	95	351	64	0	2	317	314	259	0	10	434	209
2014-11-25	08:22:36	1199	26	20	323	298	121	95	351	36	0	2	317	313	258	0	10	434	209
2014-11-25	08:23:36	1199	26	20	322	297	121	96	351	7	0	2	316	312	258	0	10	434	209
2014-11-25	08:24:36	1199	26	20	321	296	122	96	351	-23	0	2	315	312	257	0	10	434	209
2014-11-25	08:25:36	1199	26	20	321	295	123	96	351	-53	0	2	314	311	257	0	10	434	209
2014-11-25	08:26:36	1199	26	20	320	295	125	96	351	-84	0	2	314	310	257	0	10	434	209
2014-11-25	08:27:36	1199	26	20	319	294	125	98	351	-116	0	2	313	310	256	0	10	434	209
2014-11-25	08:28:36	1199	26	20	318	294	126	98	351	-148	0	2	312	309	256	0	10	434	209
2014-11-25	08:29:36	1199	26	20	318	293	127	98	351	-181	0	2	312	308	256	0	10	434	209
2014-11-25	08:30:36	1199	26	20	317	292	128	98	351	-215	0	2	311	308	256	0	10	434	209
2014-11-25	08:31:36	1199	26	20	316	292	128	99	351	-249	0	2	310	307	255	0	10	434	209
2014-11-25	08:32:36	1199	26	20	316	291	129	99	354	-284	0	2	310	307	255	0	10	434	208
2014-11-25	08:33:36	1199	26	20	315	290	129	99	354	-319	0	2	309	306	254	0	10	434	208
2014-11-25	08:34:36	1199	26	20	315	289	131	99	351	-355	0	2	308	305	254	0	10	434	209
2014-11-25	08:35:36	1199	26	20	314	289	131	99	351	-392	0	2	307	305	254	0	10	434	209
2014-11-25	08:36:36	1199	26	20	313	288	132	100	351	-429	0	2	306	304	253	0	10	433	209
2014-11-25	08:37:36	1199	26	20	313	287	133	100	354	-467	0	2	306	304	253	0	10	433	208
2014-11-25	08:38:36	1199	26	20	312	286	133	100	351	-506	0	2	305	303	253	0	10	433	209
2014-11-25	08:39:36	1199	26	20	311	285	134	100	351	-548	0	2	304	303	253	0	10	433	209
2014-11-25	08:40:36	1199	26	20	311	285	134	101	351	-588	0	2	303	302	252	0	10	433	209
2014-11-25	08:41:36	1199	26	20	301	272	83	99	351	-629	0	7	291	315	231	0	30	433	209
2014-11-25	08:42:36	1199	26	20	316	266	43	28	351	-629	0	7	323	503	13	0	30	433	209
2014-11-25	08:43:36	1199	26	20	322	269	43	4	351	-629	0	7	326	551	41	0	30	433	209
2014-11-25	08:44:36	1199	26	20	324	270	44	2	351	-657	0	7	325	567	50	0	30	433	209
2014-11-25	08:45:36	1199	26	20	327	274	46	2	351	-684	0	7	331	578	47	0	30	433	209
2014-11-25	08:46:36	1199	26	20	331	278	47	2	351	-707	0	7	335	586	49	0	30	432	209
2014-11-25	08:47:36	1199	26	20	334	284	47	2	351	-727	0	7	340	594	49	0	30	432	209
2014-11-25	08:48:36	1199	26	20	339	289	48	2	351	-742	0	7	344	600	50	0	30	432	209
2014-11-25	08:49:36	1199	26	20	345	294	47	4	351	-751	0	7	350	607	50	0	30	432	209
2014-11-25	08:50:36	1199	26	20	349	298	47	4	351	-755	0	7	353	612	49	0	30	432	209
2014-11-25	08:51:36	1199	26	20	353	301	47	4	351	-755	0	7	357	618	50	0	30	432	209
2014-11-25	08:52:36	1199	26	20	356	304	46	3	351	-751	0	7	358	622	47	0	30	432	209
2014-11-25	08:53:36	1199	26	20	358	308	46	2	351	-745	0	7	360	627	50	0	30	432	209
2014-11-25	08:54:36	1199	26	20	360	311	46	3	351	-737	0	7	363	631	47	0	30	432	209
2014-11-25	08:55:36	1199	26	20	363	313	46	4	351	-726	0	7	365	634	52	0	30	432	209
2014-11-25	08:56:36	1199	26	21	366	317	41	2	351	-713	0	7	369	640	41	0	30	432	209
2014-11-25	08:57:36	1199	27	21	367	319	37	-1	351	-697	0	7	370	643	43	0	30	432	209
2014-11-25	08:58:36	1199	27	21	370	322	35	-5	351	-680	0	7	372	649	41	0	30	432	209
2014-11-25	08:59:36	1199	27	21	372	324	32	-5	351	-660	0	7	374	651	37	0	30	431	209
2014-11-25	09:00:36	1199	27	21	374	326	31	-6	351	-639	0	7	375	656	40	0	30	431	209
2014-11-25	09:01:36	1199	27	21	375	328	30	-7	351	-616	0	7	378	658	36	0	30	431	209
2014-11-25	09:02:36	1199	27	21	377	329	30	-8	348	-590	0	7	378	662	38	0	30	431	210
2014-11-25	09:03:36	1199	27	21	379	331	29	-8	348	-563	0	7	380	664	35	0	30	430	210
2014-11-25	09:04:36	1199	27	21	381	332	29	-8	351	-534	0	7	381	666	36	0	30	430	209
2014-11-25	09:05:36	1199	27	21	382	333	28	-9	351	-504	0	7	383	669	37	0	30	430	209
2014-11-25	09:06:36	1199	27	21	384	335	28	-9	351	-472	0	7	384	670	34	0	30	429	209
2014-11-25	09:07:36	1199	27	21	385	336	27	-10	351	-439	0	7	385	674	37	0	30	429	209
2014-11-25	09:08:36	1199	27	21	386	337	27	-9	351	-405	0	7	386	675	34	0	30	429	209
2014-11-25	09:09:36	1199	27	21	386	339	26	-9	351	-370	0	7	386	678	35	0	30	428	209
2014-11-25	09:10:36	1199	27	21	387	340	26	-10	351	-334	0	7	388	680	35	0	30	428	209
2014-11-25	09:11:36	1199	27	21	388	341	24	-11	351	-298	0	7	389	681	32	0	30	428	209
2014-11-25	09:12:36	1199	27	21	389	342	24	-12	351	-260	0	7	389	684	34	0	30	427	209
2014-11-25	09:13:36	1199	27	21	390	343	22	-12	351	-222	0	7	390	685	32	0	30	427	209
2014-11-25	09:14:36	1199	27	21	391	344	22	-12	351	-183	0	7	391	687	30	0	30	427	209
2014-11-25	09:15:36	1199	27	21	392	345	22	-13	351	-143	0	7	391	689	34	0	30	427	209
2014-11-25	09:16:36	1199	27	21	392	345	21	-13	351	-102	0	7	393	691	30	0	30	427	209
2014-11-25	09:17:36	1199	27	21	393	346	21	-13	351	-60	0	7	393	692	29	0	30	427	209
2014-11-25	09:18:36	1199	27	21	394	347	20	-13	351	-18	0	7	394	694	31	0	30	427	209
2014-11-25	09:19:36	1199	27	21	394	347	20	-1	351	25	0	2	397	677	41	0	10	426	209
2014-11-25	09:20:36	1199	27	21	394	346	22	18	351	68	0	2	408	615	77	0	10	427	209
2014-11-25	09:21:36	1199	27	21	394	346	27	26	351	111	0	2	414	556	108	0	10	426	209
2014-11-25	09:22:37	1199	27	21	394	345	32	34	351	154	0	2	412	508	141	0	10	426	209
2014-11-25	09:23:37	1199	27	21	393	344	35	43	351	197	0	2	407	476	166	0	10	426	209
2014-11-25	09:24:37	1199	27	21	391	343	37	52	351	238	0	2	400	452	186	0	10	425	209
2014-11-25	09:25:37	1199	27	21	387	341	38	59	351	276	0	2	392	435	207	0	10	425	209
2014-11-25	09:26:37	1199	27	21	384	339	41	62	351	311	0	2	385	422	225	0	10	425	209
2014-11-25	09:27:37	1199	27	21	380	337	43	65	351	342	0	2	376	411	237	0	10	425	209
2014-11-25	09:28:37	1199	27	21	375	335	46	68	351	369	0	2	369	401	247	0	10	425	209
2014-11-25	09:29:37	1199	27	21	370	334	49	69	351	391	0	2	363	392	254	0	10	425	209
2014-11-25	09:30:37	1199	27	21	365	332	50	71	351	408	0	2	359	385	259	0	10	424	209
2014-11-25	09:31:37	1199	27	21	362	331	53	72	351	421	0	2	356	377	262	0	10	424	209
2014-11-25	09:32:37	1199	27	21	358	331	56	73	351	430	0	2	352	371	265	0	10	424	209
2