Divisors		1	10	10	10	10	10	10	10	10	1	1	10	10	10	100	1	10	10
Date	Time	Version	BT1	BT1 Mean	BT2	BT3	BT10	BT11	Calc Supply	GM	Alarm	RELAYS PCA BASE	BT12	BT14	BT17	Tot.int.add.	Prio	BT6	BT50
2014-11-11	14:05:41	1199	94	85	312	297	125	115	304	1000	0	2	310	383	306	0	10	481	210
2014-11-11	14:06:41	1199	95	85	312	296	126	116	305	1000	0	2	310	381	305	0	10	481	210
2014-11-11	14:07:41	1199	95	85	312	296	127	116	302	1000	0	2	310	379	304	0	10	482	211
2014-11-11	14:08:41	1199	94	85	311	295	128	117	301	1000	0	2	309	377	303	0	10	482	211
2014-11-11	14:09:41	1199	94	85	311	295	129	118	304	1000	0	2	309	375	302	0	10	482	210
2014-11-11	14:10:41	1199	94	85	311	294	131	118	304	1000	0	2	309	373	301	0	10	482	210
2014-11-11	14:11:41	1199	94	85	310	294	132	120	304	1000	0	2	308	371	301	0	10	482	210
2014-11-11	14:12:41	1199	94	85	310	294	133	120	304	1000	0	2	308	369	300	0	10	482	210
2014-11-11	14:13:41	1199	94	85	309	293	134	121	304	1000	0	2	307	368	299	0	10	482	210
2014-11-11	14:14:41	1199	94	85	309	292	136	121	304	1000	0	2	307	366	299	0	10	482	210
2014-11-11	14:15:41	1199	94	85	309	291	137	122	304	1000	0	2	307	365	298	0	10	482	210
2014-11-11	14:16:41	1199	94	85	309	291	138	122	301	1000	0	2	307	364	297	0	10	482	211
2014-11-11	14:17:41	1199	94	85	308	290	139	123	304	1000	0	2	306	362	297	0	10	482	210
2014-11-11	14:18:41	1199	94	85	308	289	140	123	304	1000	0	2	306	361	296	0	10	482	210
2014-11-11	14:19:41	1199	94	85	308	288	142	124	304	1000	0	2	305	360	295	0	10	482	210
2014-11-11	14:20:41	1199	94	85	307	288	142	125	304	1000	0	2	305	359	295	0	10	482	210
2014-11-11	14:21:41	1199	94	85	307	287	143	125	301	1000	0	2	305	358	294	0	10	482	211
2014-11-11	14:22:41	1199	94	85	307	286	144	126	301	1000	0	2	304	358	294	0	10	482	211
2014-11-11	14:23:41	1199	94	85	306	285	145	126	304	1000	0	2	304	357	294	0	10	482	210
2014-11-11	14:24:41	1199	94	85	306	284	146	126	304	1000	0	2	304	356	293	0	10	482	210
2014-11-11	14:25:41	1199	94	85	306	284	147	127	304	1000	0	2	303	355	293	0	10	482	210
2014-11-11	14:26:41	1199	94	85	305	283	147	127	304	1000	0	2	303	354	292	0	10	482	210
2014-11-11	14:27:41	1199	95	85	305	282	149	127	305	1000	0	2	302	353	292	0	10	481	210
2014-11-11	14:28:41	1199	95	85	305	281	150	128	305	1000	0	2	302	352	292	0	10	481	210
2014-11-11	14:29:41	1199	94	85	304	280	151	128	304	1000	0	2	302	351	291	0	10	481	210
2014-11-11	14:30:41	1199	95	86	304	280	152	128	305	1000	0	2	301	350	290	0	10	481	210
2014-11-11	14:31:41	1199	94	86	304	279	152	129	304	1000	0	2	301	350	290	0	10	481	210
2014-11-11	14:32:41	1199	94	86	303	278	153	129	304	1000	0	2	300	349	289	0	10	481	210
2014-11-11	14:33:41	1199	94	86	303	277	154	129	304	999	0	2	300	348	289	0	10	481	210
2014-11-11	14:34:41	1199	94	86	303	277	155	131	304	998	0	2	300	347	289	0	10	481	210
2014-11-11	14:35:41	1199	94	86	302	276	156	131	304	996	0	2	299	347	288	0	10	480	210
2014-11-11	14:36:41	1199	94	86	302	276	156	131	304	994	0	2	298	346	288	0	10	480	210
2014-11-11	14:37:41	1199	94	86	302	275	157	131	304	992	0	2	298	345	287	0	10	480	210
2014-11-11	14:38:41	1199	94	86	301	274	158	132	304	990	0	2	297	344	287	0	10	480	210
2014-11-11	14:39:41	1199	94	86	301	274	159	132	304	987	0	2	297	343	286	0	10	480	210
2014-11-11	14:40:41	1199	94	86	300	273	159	132	304	984	0	2	296	343	286	0	10	479	210
2014-11-11	14:41:41	1199	94	86	300	273	160	133	304	980	0	2	295	342	285	0	10	479	210
2014-11-11	14:42:41	1199	94	86	300	272	161	133	301	979	0	2	295	341	285	0	10	479	211
2014-11-11	14:43:41	1199	94	86	299	271	161	133	304	974	0	2	294	341	285	0	10	478	210
2014-11-11	14:44:41	1199	94	86	299	271	163	133	304	972	0	2	294	340	284	0	10	478	210
2014-11-11	14:45:41	1199	94	86	298	270	163	133	304	967	0	2	294	339	284	0	10	477	210
2014-11-11	14:46:41	1199	94	86	298	270	164	133	304	961	0	2	293	339	283	0	10	476	210
2014-11-11	14:47:41	1199	94	86	297	269	164	134	304	957	0	2	292	338	283	0	10	476	210
2014-11-11	14:48:41	1199	94	86	297	269	165	134	304	950	0	2	291	338	283	0	10	475	210
2014-11-11	14:49:41	1199	94	86	296	268	166	134	304	942	0	2	291	337	282	0	10	473	210
2014-11-11	14:50:41	1199	94	86	295	268	166	134	304	934	0	2	290	336	282	0	10	472	210
2014-11-11	14:51:41	1199	94	86	295	267	167	134	304	928	0	2	289	336	282	0	10	471	210
2014-11-11	14:52:41	1199	94	86	294	267	167	136	304	918	0	2	288	335	281	0	10	469	210
2014-11-11	14:53:41	1199	94	86	294	267	168	136	301	911	0	2	288	335	281	0	10	467	211
2014-11-11	14:54:41	1199	94	86	294	266	168	136	301	901	0	2	287	334	281	0	10	466	211
2014-11-11	14:55:41	1199	94	86	293	266	169	136	301	890	0	2	286	334	280	0	10	464	211
2014-11-11	14:56:42	1199	94	86	293	265	169	137	301	882	0	2	285	333	280	0	10	463	211
2014-11-11	14:57:42	1199	94	86	292	265	171	137	304	873	0	2	285	333	280	0	10	461	210
2014-11-11	14:58:42	1199	94	86	291	265	171	137	304	860	0	2	284	332	279	0	10	460	210
2014-11-11	14:59:42	1199	94	86	290	264	172	137	301	850	0	2	283	331	279	0	10	459	211
2014-11-11	15:00:42	1199	94	86	290	264	172	137	304	839	0	2	283	331	279	0	10	458	210
2014-11-11	15:01:42	1199	94	86	289	263	173	138	304	824	0	2	282	331	278	0	10	458	210
2014-11-11	15:02:42	1199	94	86	289	263	173	138	301	812	0	2	281	331	278	0	10	457	211
2014-11-11	15:03:42	1199	94	86	288	263	174	138	304	799	0	2	281	331	278	0	10	457	210
2014-11-11	15:04:42	1199	94	87	287	262	174	138	301	785	0	2	280	330	278	0	10	456	211
2014-11-11	15:05:42	1199	94	87	287	262	175	139	301	771	0	2	280	330	277	0	10	456	211
2014-11-11	15:06:42	1199	94	87	286	262	175	138	301	756	0	2	279	329	277	0	10	456	211
2014-11-11	15:07:42	1199	94	87	285	261	176	139	304	740	0	2	278	329	276	0	10	456	210
2014-11-11	15:08:42	1199	94	87	285	261	176	139	301	724	0	2	277	328	276	0	10	455	211
2014-11-11	15:09:42	1199	93	87	284	261	177	139	303	707	0	2	277	328	276	0	10	455	211
2014-11-11	15:10:42	1199	93	87	284	261	177	139	303	688	0	2	276	328	275	0	10	455	211
2014-11-11	15:11:42	1199	93	87	283	261	178	139	303	668	0	2	276	327	275	0	10	455	211
2014-11-11	15:12:42	1199	93	87	282	260	178	140	304	647	0	2	275	327	275	0	10	455	210
2014-11-11	15:13:42	1199	92	87	282	260	179	140	303	626	0	2	275	326	274	0	10	455	211
2014-11-11	15:14:42	1199	92	87	281	259	180	140	303	604	0	2	274	326	274	0	10	455	211
2014-11-11	15:15:42	1199	92	87	281	259	180	140	303	582	0	2	274	325	274	0	10	455	211
2014-11-11	15:16:42	1199	92	87	280	259	181	140	303	559	0	2	274	325	274	0	10	455	211
2014-11-11	15:17:42	1199	92	87	280	258	181	141	303	536	0	2	273	325	273	0	10	455	211
2014-11-11	15:18:42	1199	92	87	279	258	182	142	303	517	0	2	273	324	273	0	10	455	211
2014-11-11	15:19:42	1199	92	87	279	258	182	142	303	493	0	2	272	324	273	0	10	455	211
2014-11-11	15:20:42	1199	92	87	278	257	182	142	299	472	0	2	272	324	272	0	10	455	212
2014-11-11	15:21:42	1199	92	87	278	257	183	142	299	447	0	2	272	323	272	0	10	455	212
2014-11-11	15:22:42	1199	92	87	277	257	183	142	303	421	0	2	271	323	272	0	10	455	211
2014-11-11	15:23:42	1199	92	87	277	257	184	143	303	399	0	2	271	322	272	0	10	455	211
2014-11-11	15:24:42	1199	92	87	276	256	184	143	303	373	0	2	270	322	272	0	10	455	211
2014-11-11	15:25:42	1199	92	87	276	256	184	143	299	350	0	2	270	322	271	0	10	454	212
2014-11-11	15:26:42	1199	92	87	276	256	185	143	299	323	0	2	270	321	271	0	10	455	212
2014-11-11	15:27:42	1199	92	87	275	256	185	143	299	295	0	2	270	321	271	0	10	454	212
2014-11-11	15:28:42	1199	92	87	275	255	185	143	299	267	0	2	269	321	270	0	10	454	212
2014-11-11	15:29:42	1199	92	87	275	255	186	144	303	238	0	2	269	320	270	0	10	454	211
2014-11-11	15:30:42	1199	92	87	274	255	186	144	303	213	0	2	269	320	270	0	10	454	211
2014-11-11	15:31:42	1199	92	87	274	255	186	144	303	188	0	2	268	320	270	0	10	454	211
2014-11-11	15:32:42	1199	92	87	274	255	187	144	299	163	0	2	268	320	270	0	10	454	212
2014-11-11	15:33:42	1199	92	87	273	254	187	144	299	133	0	2	268	319	269	0	10	454	212
2014-11-11	15:34:42	1199	92	87	273	254	188	145	303	103	0	2	267	319	269	0	10	454	211
2014-11-11	15:35:42	1199	92	87	273	254	188	145	299	77	0	2	267	319	269	0	10	454	212
2014-11-11	15:36:42	1199	92	87	272	254	188	145	303	47	0	2	267	318	269	0	10	454	211
2014-11-11	15:37:42	1199	92	87	272	254	190	145	303	16	0	2	267	318	269	0	10	454	211
2014-11-11	15:38:42	1199	92	87	272	254	190	145	303	-15	0	2	266	318	268	0	10	453	211
2014-11-11	15:39:42	1199	92	87	271	253	190	145	299	-42	0	2	266	317	268	0	10	453	212
2014-11-11	15:40:42	1199	92	87	271	253	191	146	303	-74	0	2	266	317	268	0	10	452	211
2014-11-11	15:41:42	1199	92	87	271	253	191	146	303	-106	0	2	266	317	268	0	10	452	211
2014-11-11	15:42:42	1199	92	87	271	252	191	146	303	-138	0	2	266	317	267	0	10	452	211
2014-11-11	15:43:42	1199	92	87	270	252	191	146	303	-170	0	2	265	316	267	0	10	451	211
2014-11-11	15:44:42	1199	92	87	270	252	192	147	303	-203	0	2	265	316	267	0	10	451	211
2014-11-11	15:45:42	1199	92	87	270	252	192	147	303	-236	0	2	265	316	267	0	10	451	211
2014-11-11	15:46:42	1199	92	87	270	252	192	147	303	-269	0	2	265	316	267	0	10	451	211
2014-11-11	15:47:42	1199	91	87	270	251	193	147	303	-302	0	2	264	315	266	0	10	451	211
2014-11-11	15:48:42	1199	91	87	269	251	193	147	303	-336	0	2	264	315	266	0	10	451	211
2014-11-11	15:49:42	1199	91	87	269	251	193	147	303	-370	0	2	264	315	266	0	10	450	211
2014-11-11	15:50:42	1199	91	87	269	250	193	148	303	-406	0	2	264	315	266	0	10	450	211
2014-11-11	15:51:42	1199	91	87	269	250	194	149	303	-440	0	2	264	315	265	0	10	450	211
2014-11-11	15:52:42	1199	91	87	268	250	194	149	305	-477	0	2	264	314	265	0	10	450	210
2014-11-11	15:53:42	1199	91	87	268	250	194	149	305	-512	0	2	263	314	265	0	10	449	210
2014-11-11	15:54:42	1199	91	88	268	250	194	149	303	-549	0	2	263	314	264	0	10	449	211
2014-11-11	15:55:42	1199	91	88	267	250	195	149	303	-584	0	2	263	313	264	0	10	448	211
2014-11-11	15:56:42	1199	91	88	267	250	195	150	303	-622	0	6	262	313	264	0	30	447	211
2014-11-11	15:57:42	1199	91	88	275	232	62	80	303	-622	0	7	286	463	36	0	30	445	211
2014-11-11	15:58:42	1199	91	88	294	241	54	24	305	-622	0	7	302	512	28	0	30	443	210
2014-11-11	15:59:42	1199	91	88	300	242	55	11	305	-627	0	7	303	544	60	0	30	440	210
2014-11-11	16:00:42	1199	91	88	304	249	56	9	305	-627	0	7	311	556	55	0	30	437	210
2014-11-11	16:01:42	1199	91	88	311	256	58	9	305	-620	0	7	317	567	58	0	30	435	210
2014-11-11	16:02:42	1199	91	88	318	265	57	9	305	-606	0	7	326	576	55	0	30	433	210
2014-11-11	16:03:42	1199	91	88	327	275	58	10	303	-585	0	7	334	587	58	0	30	432	211
2014-11-11	16:04:42	1199	91	88	335	283	58	11	305	-556	0	7	342	595	58	0	30	431	210
2014-11-11	16:05:42	1199	91	88	342	290	58	12	305	-518	0	7	348	603	58	0	30	430	210
2014-11-11	16:06:42	1199	91	88	348	295	56	12	305	-474	0	7	354	610	56	0	30	430	210
2014-11-11	16:07:42	1199	91	88	354	300	56	11	303	-426	0	7	358	617	57	0	30	429	211
2014-11-11	16:08:42	1199	91	88	358	306	55	11	303	-373	0	7	362	623	58	0	30	429	211
2014-11-11	16:09:42	1199	91	88	363	312	56	11	305	-314	0	7	367	630	58	0	30	428	210
2014-11-11	16:10:42	1199	91	88	369	318	59	13	305	-249	0	7	372	637	62	0	30	428	210
2014-11-11	16:11:42	1199	91	88	374	323	55	14	305	-179	0	7	378	641	55	0	30	428	210
2014-11-11	16:12:43	1199	91	88	378	327	49	9	305	-106	0	7	381	649	55	0	30	427	210
2014-11-11	16:13:43	1199	91	88	382	331	46	6	305	-28	0	7	386	655	48	0	30	427	210
2014-11-11	16:14:43	1199	91	88	386	335	44	5	305	52	0	6	387	660	48	0	10	427	210
2014-11-11	16:15:43	1199	91	88	386	334	44	31	305	135	0	2	397	613	75	0	10	426	210
2014-11-11	16:16:43	1199	91	88	386	333	47	41	303	218	0	2	405	554	106	0	10	426	211
2014-11-11	16:17:43	1199	91	88	387	333	50	49	305	302	0	2	405	503	131	0	10	426	210
2014-11-11	16:18:43	1199	91	88	387	331	55	56	305	386	0	2	401	465	156	0	10	425	210
2014-11-11	16:19:43	1199	91	88	386	331	58	65	305	467	0	2	395	439	177	0	10	425	210
2014-11-11	16:20:43	1199	91	88	384	329	59	71	303	547	0	2	387	420	194	0	10	425	211
2014-11-11	16:21:43	1199	91	88	380	328	61	76	303	623	0	2	380	406	211	0	10	425	211
2014-11-11	16:22:43	1199	91	88	376	326	62	80	303	695	0	2	372	396	226	0	10	425	211
2014-11-11	16:23:43	1199	91	88	370	324	65	82	305	763	0	2	365	386	235	0	10	425	210
2014-11-11	16:24:43	1199	91	88	365	322	67	83	305	826	0	2	359	376	242	0	10	426	210
2014-11-11	16:25:43	1199	91	88	361	321	69	84	305	883	0	2	355	368	248	0	10	426	210
2014-11-11	16:26:43	1199	91	88	358	319	72	87	305	938	0	2	351	361	252	0	10	426	210
2014-11-11	16:27:43	1199	91	88	354	318	73	88	305	990	0	2	347	358	255	0	10	426	210
2014-11-11	16:28:43	1199	91	88	351	317	75	88	303	1000	0	2	343	353	257	0	10	426	211
2014-11-11	16:29:43	1199	91	88	348	316	78	89	305	1000	0	2	340	349	259	0	10	426	210
2014-11-11	16:30:43	1199	91	88	344	315	79	90	305	1000	0	2	337	346	260	0	10	426	210
2014-11-11	16:31:43	1199	91	88	342	314	82	90	303	1000	0	2	334	343	261	0	10	426	211
2014-11-11	16:32:43	1199	91	88	339	313	83	91	303	1000	0	2	332	340	262	0	10	426	211
2014-11-11	16:33:43	1199	91	88	337	312	84	91	305	1000	0	2	331	338	263	0	10	426	210
2014-11-11	16:34:43	1199	91	88	335	311	87	91	305	1000	0	2	330	335	263	0	10	427	210
2014-11-11	16:35:43	1199	91	88	333	311	88	92	305	1000	0	2	328	333	263	0	10	426	210
2014-11-11	16:36:43	1199	91	88	331	310	90	92	305	1000	0	2	326	331	263	0	10	426	210
2014-11-11	16:37:43	1199	91	88	331	309	92	93	305	1000	0	2	325	331	263	0	10	427	210
2014-11-11	16:38:43	1199	91	88	330	308	94	94	305	1000	0	2	323	329	262	0	10	426	210
2014-11-11	16:39:43	1199	91	88	329	308	95	94	305	1000	0	2	322	327	262	0	10	426	210
2014-11-11	16:40:43	1199	91	88	328	307	96	95	305	1000	0	2	321	326	262	0	10	426	210
2014-11-11	16:41:43	1199	91	88	327	306	98	95	303	1000	0	2	319	325	262	0	10	426	211
2014-11-11	16:42:43	1199	91	88	326	305	100	95	305	1000	0	2	318	324	261	0	10	427	210
2014-11-11	16:43:43	1199	91	88	325	304	102	96	305	1000	0	2	317	322	261	0	10	427	210
2014-11-11	16:44:43	1199	90	88	324	303	103	96	307	1000	0	2	316	321	260	0	10	427	210
2014-11-11	16:45:43	1199	90	88	323	303	104	98	304	1000	0	2	315	320	260	0	10	427	211
2014-11-11	16:46:43	1199	90	88	322	302	106	98	307	1000	0	2	314	319	260	0	10	427	210
2014-11-11	16:47:43	1199	90	88	321	301	107	98	307	1000	0	2	313	318	259	0	10	427	210
2014-11-11	16:48:43	1199	90	88	320	300	108	99	307	1000	0	2	312	317	258	0	10	427	210
2014-11-11	16:49:43	1199	90	88	319	299	109	99	307	1000	0	2	311	316	258	0	10	427	210
2014-11-11	16:50:43	1199	90	88	318	298	111	99	307	1000	0	2	310	315	257	0	10	427	210
2014-11-11	16:51:43	1199	90	88	317	297	112	99	307	1000	0	2	309	315	257	0	10	427	210
2014-11-11	16:52:43	1199	90	88	316	296	113	100	304	1000	0	2	309	313	256	0	10	427	211
2014-11-11	16:53:43	1199	90	88	315	295	115	100	307	1000	0	2	308	313	256	0	10	427	210
2014-11-11	16:54:43	1199	90	88	314	294	116	100	307	1000	0	2	307	312	256	0	10	427	210
2014-11-11	16:55:43	1199	90	88	313	294	117	101	304	1000	0	2	306	311	255	0	10	427	211
2014-11-11	16:56:43	1199	90	88	312	293	118	102	307	1000	0	2	305	310	255	0	10	427	210
2014-11-11	16:57:43	1199	90	88	311	292	120	102	304	1000	0	2	305	309	254	0	10	427	211
2014-11-11	16:58:43	1199	90	88	311	291	120	102	307	1000	0	2	304	309	254	0	10	427	210
2014-11-11	16:59:43	1199	90	88	310	290	121	103	307	1000	0	2	303	308	253	0	10	427	210
2014-11-11	17:00:43	1199	90	88	309	289	122	103	307	1000	0	2	303	307	253	0	10	427	210
2014-11-11	17:01:43	1199	90	88	308	288	123	103	307	1000	0	2	302	306	252	0	10	427	210
2014-11-11	17:02:43	1199	90	88	308	287	124	103	307	1000	0	2	301	305	252	0	10	427	210
2014-11-11	17:03:43	1199	90	88	307	287	125	104	307	1000	0	2	301	305	252	0	10	427	210
2014-11-11	17:04:43	1199	90	88	306	286	126	104	307	1000	0	2	300	304	252	0	10	427	210
2014-11-11	17:05:43	1199	90	88	306	285	127	104	307	1000	0	2	300	304	252	0	10	427	210
2014-11-11	17:06:43	1199	90	88	305	284	128	106	304	1000	0	2	299	303	251	0	10	427	211
2014-11-11	17:07:43	1199	90	88	304	283	128	105	307	997	0	2	298	302	250	0	10	427	210
2014-11-11	17:08:43	1199	90	88	304	282	129	106	307	994	0	2	298	302	250	0	10	427	210
2014-11-11	17:09:43	1199	90	88	303	282	130	106	304	990	0	2	297	301	250	0	10	426	211
2014-11-11	17:10:43	1199	90	88	303	281	131	106	304	989	0	2	297	301	250	0	10	427	211
2014-11-11	17:11:43	1199	90	88	302	280	132	107	304	987	0	2	296	300	249	0	10	426	211
2014-11-11	17:12:43	1199	90	88	301	280	133	107	304	985	0	2	296	300	249	0	10	427	211
2014-11-11	17:13:43	1199	90	88	301	279	133	107	304	979	0	2	295	299	249	0	10	426	211
2014-11-11	17:14:43	1199	90	88	300	278	134	107	304	975	0	2	295	299	249	0	10	426	211
2014-11-11	17:15:43	1199	90	88	300	277	134	108	307	971	0	2	294	298	248	0	