Divisors		1	10	10	10	10	10	10	10	10	1	1	10	10	10	100	1	10	10
Date	Time	Version	BT1	BT1 Mean	BT2	BT3	BT10	BT11	Calc Supply	GM	Alarm	RELAYS PCA BASE	BT12	BT14	BT17	Tot.int.add.	Prio	BT6	BT50
2014-12-27	11:40:34	1199	-79	-72	394	348	8	-21	387	-509	0	7	394	708	22	0	30	433	203
2014-12-27	11:41:34	1199	-79	-72	396	354	8	-23	387	-502	0	7	396	709	19	0	30	433	203
2014-12-27	11:42:34	1199	-79	-72	401	358	8	-21	387	-493	0	7	403	714	19	0	30	434	203
2014-12-27	11:43:34	1199	-79	-72	405	360	6	-22	387	-478	0	7	405	719	21	0	30	434	203
2014-12-27	11:44:34	1199	-79	-72	406	360	8	-23	383	-460	0	7	405	722	24	0	30	434	204
2014-12-27	11:45:34	1199	-79	-73	406	360	7	-23	387	-441	0	7	405	720	21	0	30	435	203
2014-12-27	11:46:34	1199	-79	-73	405	359	6	-23	383	-422	0	7	405	720	18	0	30	435	204
2014-12-27	11:47:34	1199	-79	-73	405	360	6	-23	387	-404	0	7	405	720	18	0	30	435	203
2014-12-27	11:48:34	1199	-79	-73	406	361	8	-23	387	-381	0	7	406	723	22	0	30	435	203
2014-12-27	11:49:34	1199	-78	-73	407	362	6	-23	383	-362	0	7	406	723	21	0	30	436	204
2014-12-27	11:50:34	1199	-77	-73	408	362	6	-23	385	-342	0	7	408	725	21	0	30	436	203
2014-12-27	11:51:34	1199	-76	-73	408	363	4	-25	385	-319	0	7	408	726	17	0	30	436	203
2014-12-27	11:52:34	1199	-76	-73	409	363	4	-25	382	-293	0	7	409	728	18	0	30	436	204
2014-12-27	11:53:34	1199	-76	-73	409	364	3	-25	385	-269	0	7	409	728	18	0	30	436	203
2014-12-27	11:54:34	1199	-76	-73	410	365	3	-25	382	-242	0	7	409	730	19	0	30	436	204
2014-12-27	11:55:34	1199	-76	-73	410	365	4	-25	385	-217	0	7	410	732	22	0	30	436	203
2014-12-27	11:56:34	1199	-76	-73	411	365	4	-25	385	-189	0	7	410	731	20	0	30	436	203
2014-12-27	11:57:34	1199	-76	-73	412	366	2	-25	385	-160	0	7	411	731	16	0	30	437	203
2014-12-27	11:58:34	1199	-76	-73	411	366	4	-25	385	-131	0	7	411	732	18	0	30	436	203
2014-12-27	11:59:34	1199	-75	-73	412	367	2	-25	381	-102	0	7	412	734	16	0	30	436	204
2014-12-27	12:00:34	1199	-74	-73	412	367	2	-26	381	-72	0	7	412	735	19	0	30	436	204
2014-12-27	12:01:34	1199	-74	-73	413	368	2	-25	384	-44	0	7	412	735	20	0	30	436	203
2014-12-27	12:02:34	1199	-74	-73	413	368	2	-26	381	-12	0	7	413	736	19	0	30	436	204
2014-12-27	12:03:34	1199	-74	-73	413	367	4	-6	381	20	0	2	412	695	46	0	10	436	204
2014-12-27	12:04:34	1199	-74	-73	412	366	9	2	381	49	0	2	421	628	84	0	10	436	204
2014-12-27	12:05:34	1199	-74	-73	411	365	13	9	381	80	0	2	424	567	124	0	10	436	204
2014-12-27	12:06:34	1199	-74	-73	409	364	16	14	381	110	0	2	422	523	155	0	10	436	204
2014-12-27	12:07:35	1199	-74	-73	405	363	19	16	381	138	0	2	417	494	181	0	10	436	204
2014-12-27	12:08:35	1199	-74	-73	401	361	22	19	381	162	0	2	410	473	204	0	10	435	204
2014-12-27	12:09:35	1199	-73	-73	398	360	25	25	383	182	0	2	402	456	224	0	10	435	203
2014-12-27	12:10:35	1199	-72	-73	395	358	29	29	380	199	0	2	395	442	238	0	10	435	204
2014-12-27	12:11:35	1199	-72	-73	391	356	32	34	380	213	0	2	388	429	250	0	10	435	204
2014-12-27	12:12:35	1199	-72	-73	387	355	35	35	380	224	0	2	383	419	258	0	10	435	204
2014-12-27	12:13:35	1199	-72	-73	384	354	37	38	380	231	0	2	377	410	264	0	10	434	204
2014-12-27	12:14:35	1199	-72	-73	380	352	40	40	380	235	0	2	373	402	269	0	10	433	204
2014-12-27	12:15:35	1199	-71	-73	376	351	43	41	380	234	0	2	369	395	272	0	10	433	204
2014-12-27	12:16:35	1199	-70	-73	372	350	46	43	379	229	0	2	365	389	275	0	10	431	204
2014-12-27	12:17:35	1199	-70	-73	369	348	49	44	379	222	0	2	363	385	277	0	10	430	204
2014-12-27	12:18:35	1199	-70	-73	366	347	50	46	379	212	0	2	361	379	278	0	10	429	204
2014-12-27	12:19:35	1199	-70	-73	364	346	53	46	379	199	0	2	359	375	279	0	10	428	204
2014-12-27	12:20:35	1199	-69	-73	362	345	56	47	380	184	0	2	358	371	279	0	10	428	204
2014-12-27	12:21:35	1199	-67	-73	360	344	59	49	379	166	0	2	358	368	280	0	10	427	204
2014-12-27	12:22:35	1199	-67	-73	359	342	61	50	379	147	0	2	358	365	280	0	10	427	204
2014-12-27	12:23:35	1199	-67	-73	358	342	63	50	379	127	0	2	357	362	280	0	10	426	204
2014-12-27	12:24:35	1199	-67	-73	358	340	65	52	379	106	0	2	356	360	280	0	10	426	204
2014-12-27	12:25:35	1199	-65	-73	358	339	68	53	378	85	0	2	355	358	279	0	10	426	204
2014-12-27	12:26:35	1199	-65	-73	357	338	69	53	378	65	0	2	355	357	279	0	10	426	204
2014-12-27	12:27:35	1199	-65	-73	357	336	72	55	378	44	0	2	354	355	278	0	10	426	204
2014-12-27	12:28:35	1199	-65	-72	356	335	73	55	378	23	0	2	353	353	278	0	10	426	204
2014-12-27	12:29:35	1199	-64	-72	356	334	76	56	378	1	0	2	352	351	277	0	10	427	204
2014-12-27	12:30:35	1199	-63	-72	355	333	78	58	378	-22	0	2	350	349	277	0	10	426	204
2014-12-27	12:31:35	1199	-63	-72	354	332	79	58	378	-45	0	2	349	347	276	0	10	426	204
2014-12-27	12:32:35	1199	-63	-72	353	331	82	59	378	-69	0	2	348	346	275	0	10	426	204
2014-12-27	12:33:35	1199	-63	-72	353	331	83	60	378	-94	0	2	347	344	274	0	10	426	204
2014-12-27	12:34:35	1199	-63	-72	352	330	84	61	378	-119	0	2	346	342	273	0	10	426	204
2014-12-27	12:35:35	1199	-63	-72	351	328	86	62	378	-145	0	2	345	341	273	0	10	427	204
2014-12-27	12:36:35	1199	-63	-72	350	327	88	63	378	-172	0	2	344	339	272	0	10	427	204
2014-12-27	12:37:35	1199	-63	-72	349	326	90	63	378	-200	0	2	343	337	271	0	10	427	204
2014-12-27	12:38:35	1199	-63	-72	348	325	91	65	378	-229	0	2	342	336	270	0	10	427	204
2014-12-27	12:39:35	1199	-63	-72	347	323	92	66	378	-259	0	2	340	334	270	0	10	427	204
2014-12-27	12:40:35	1199	-62	-72	346	322	94	66	377	-290	0	2	339	333	269	0	10	427	204
2014-12-27	12:41:35	1199	-61	-72	346	321	95	68	377	-321	0	2	338	332	268	0	10	427	204
2014-12-27	12:42:35	1199	-61	-72	344	320	96	69	377	-353	0	2	337	331	268	0	10	427	204
2014-12-27	12:43:35	1199	-61	-72	343	319	98	69	377	-386	0	2	336	330	267	0	10	427	204
2014-12-27	12:44:35	1199	-61	-72	342	318	99	71	377	-420	0	2	335	329	266	0	10	427	204
2014-12-27	12:45:35	1199	-61	-72	341	317	100	72	377	-455	0	2	334	328	266	0	10	427	204
2014-12-27	12:46:35	1199	-61	-72	340	316	102	72	377	-491	0	2	334	327	265	0	10	427	204
2014-12-27	12:47:35	1199	-60	-72	339	315	103	73	376	-528	0	2	332	325	264	0	10	427	204
2014-12-27	12:48:35	1199	-59	-72	338	314	104	73	377	-566	0	2	332	324	264	0	10	427	204
2014-12-27	12:49:35	1199	-59	-72	326	295	28	53	377	-605	0	7	327	473	26	0	30	427	204
2014-12-27	12:50:35	1199	-59	-72	340	293	24	4	377	-605	0	7	345	545	-3	0	30	427	204
2014-12-27	12:51:35	1199	-59	-72	344	294	25	-10	377	-605	0	7	346	589	31	0	30	427	204
2014-12-27	12:52:35	1199	-59	-72	345	297	27	-12	377	-638	0	7	347	603	34	0	30	427	204
2014-12-27	12:53:35	1199	-59	-71	350	303	28	-12	377	-670	0	7	354	616	35	0	30	427	204
2014-12-27	12:54:35	1199	-58	-71	354	307	29	-11	377	-697	0	7	358	623	34	0	30	427	204
2014-12-27	12:55:35	1199	-57	-71	358	312	29	-10	376	-718	0	7	361	631	37	0	30	427	204
2014-12-27	12:56:35	1199	-57	-71	362	316	29	-10	376	-736	0	7	365	636	34	0	30	427	204
2014-12-27	12:57:35	1199	-57	-71	365	320	29	-10	376	-750	0	7	368	642	37	0	30	427	204
2014-12-27	12:58:35	1199	-57	-71	369	323	28	-10	376	-760	0	7	372	646	32	0	30	427	204
2014-12-27	12:59:35	1199	-57	-71	372	327	27	-10	376	-767	0	7	374	653	36	0	30	427	204
2014-12-27	13:00:35	1199	-55	-71	375	329	27	-10	375	-770	0	7	378	656	35	0	30	427	204
2014-12-27	13:01:35	1199	-54	-71	378	331	27	-10	375	-769	0	7	380	659	34	0	30	427	204
2014-12-27	13:02:35	1199	-54	-71	381	334	29	-8	375	-766	0	7	383	664	38	0	30	427	204
2014-12-27	13:03:35	1199	-54	-71	384	336	26	-10	375	-760	0	7	386	667	30	0	30	427	204
2014-12-27	13:04:35	1199	-54	-71	386	339	21	-12	375	-751	0	7	386	673	30	0	30	426	204
2014-12-27	13:05:35	1199	-54	-71	386	341	18	-15	375	-740	0	7	388	678	27	0	30	427	204
2014-12-27	13:06:35	1199	-54	-71	388	343	16	-17	375	-729	0	7	390	681	24	0	30	427	204
2014-12-27	13:07:35	1199	-54	-71	390	345	16	-17	375	-716	0	7	390	685	27	0	30	426	204
2014-12-27	13:08:35	1199	-54	-71	391	347	15	-17	375	-701	0	7	392	689	28	0	30	426	204
2014-12-27	13:09:35	1199	-54	-71	393	348	15	-17	375	-684	0	7	394	689	24	0	30	426	204
2014-12-27	13:10:35	1199	-54	-70	394	350	15	-17	375	-666	0	7	395	694	24	0	30	426	204
2014-12-27	13:11:35	1199	-54	-70	396	351	14	-18	375	-646	0	7	396	696	28	0	30	426	204
2014-12-27	13:12:35	1199	-54	-70	397	352	14	-19	375	-625	0	7	398	698	25	0	30	426	204
2014-12-27	13:13:35	1199	-54	-70	398	354	13	-19	375	-600	0	7	399	699	22	0	30	425	204
2014-12-27	13:14:35	1199	-54	-70	399	355	13	-19	375	-577	0	7	399	704	27	0	30	425	204
2014-12-27	13:15:35	1199	-54	-70	401	356	13	-18	375	-553	0	7	401	705	27	0	30	425	204
2014-12-27	13:16:35	1199	-54	-70	402	357	13	-19	375	-524	0	7	402	705	22	0	30	425	204
2014-12-27	13:17:35	1199	-54	-70	403	358	11	-19	372	-497	0	7	403	708	22	0	30	424	205
2014-12-27	13:18:35	1199	-54	-70	403	358	9	-19	372	-466	0	7	403	711	24	0	30	424	205
2014-12-27	13:19:35	1199	-54	-70	404	359	8	-21	372	-434	0	7	404	714	22	0	30	424	205
2014-12-27	13:20:35	1199	-54	-70	405	359	6	-23	372	-402	0	7	405	716	19	0	30	423	205
2014-12-27	13:21:35	1199	-54	-70	405	360	9	-23	375	-372	0	7	405	717	22	0	30	423	204
2014-12-27	13:22:35	1199	-54	-70	406	361	9	-21	375	-339	0	7	407	717	21	0	30	422	204
2014-12-27	13:23:36	1199	-54	-70	407	362	8	-21	375	-308	0	7	407	720	22	0	30	422	204
2014-12-27	13:24:36	1199	-53	-70	408	362	8	-22	375	-276	0	7	408	722	22	0	30	422	204
2014-12-27	13:25:36	1199	-52	-70	408	363	6	-23	374	-240	0	7	409	722	20	0	30	421	204
2014-12-27	13:26:36	1199	-52	-70	409	364	7	-23	371	-203	0	7	408	723	19	0	30	422	205
2014-12-27	13:27:36	1199	-52	-69	410	364	6	-23	371	-165	0	7	410	725	19	0	30	420	205
2014-12-27	13:28:36	1199	-52	-69	410	365	8	-23	371	-130	0	7	410	728	26	0	30	420	205
2014-12-27	13:29:36	1199	-52	-69	411	365	7	-22	374	-91	0	7	411	727	21	0	30	420	204
2014-12-27	13:30:36	1199	-52	-69	411	366	7	-22	371	-51	0	7	412	728	19	0	30	420	205
2014-12-27	13:31:36	1199	-52	-69	412	367	4	-23	371	-10	0	7	412	729	18	0	30	420	205
2014-12-27	13:32:36	1199	-52	-69	411	365	6	-3	371	31	0	8	412	689	44	0	20	420	205
2014-12-27	13:33:36	1199	-51	-69	409	364	10	8	371	31	0	8	402	621	82	0	20	419	205
2014-12-27	13:34:36	1199	-50	-69	408	362	13	13	371	31	0	8	403	561	121	0	20	419	205
2014-12-27	13:35:36	1199	-50	-69	407	361	16	16	371	31	0	8	406	517	152	0	20	418	205
2014-12-27	13:36:36	1199	-50	-69	406	356	19	19	371	31	0	8	407	489	181	0	20	418	205
2014-12-27	13:37:36	1199	-50	-69	394	421	8	22	371	31	0	15	412	580	18	0	20	417	205
2014-12-27	13:38:36	1199	-50	-69	456	448	9	-3	371	31	0	15	474	679	-8	0	20	416	205
2014-12-27	13:39:36	1199	-49	-69	502	475	8	-12	370	31	0	15	519	748	4	0	20	416	205
2014-12-27	13:40:36	1199	-48	-69	533	495	9	-13	368	31	0	15	543	797	30	0	20	416	206
2014-12-27	13:41:36	1199	-48	-68	552	506	9	-13	368	31	0	15	558	823	31	0	20	417	206
2014-12-27	13:42:36	1199	-48	-68	563	515	9	-12	368	31	0	15	567	843	30	0	20	418	206
2014-12-27	13:43:36	1199	-48	-68	572	522	11	-10	368	31	0	15	574	858	35	0	20	420	206
2014-12-27	13:44:36	1199	-48	-68	579	529	11	-8	368	31	0	15	580	870	37	0	20	423	206
2014-12-27	13:45:36	1199	-48	-68	585	534	11	-8	368	31	0	15	587	883	37	0	20	426	206
2014-12-27	13:46:36	1199	-48	-68	589	538	11	-8	368	31	0	15	592	893	37	0	20	429	206
2014-12-27	13:47:36	1199	-48	-68	594	544	11	-8	368	31	0	15	595	903	38	0	20	433	206
2014-12-27	13:48:36	1199	-48	-68	597	547	11	-7	368	31	0	15	599	912	40	0	20	437	206
2014-12-27	13:49:36	1199	-48	-68	602	552	14	-5	368	31	0	15	603	921	41	0	20	441	206
2014-12-27	13:50:36	1199	-47	-68	606	556	16	-2	368	31	0	15	607	928	43	0	20	445	206
2014-12-27	13:51:36	1199	-47	-68	610	559	14	-2	368	31	0	15	613	936	43	0	20	449	206
2014-12-27	13:52:36	1199	-46	-68	613	564	11	-3	367	31	0	15	618	946	37	0	20	453	206
2014-12-27	13:53:36	1199	-46	-68	616	567	11	-4	364	31	0	15	622	953	34	0	20	457	207
2014-12-27	13:54:36	1199	-46	-67	618	570	11	-5	364	31	0	15	625	962	37	0	20	461	207
2014-12-27	13:55:36	1199	-46	-67	618	567	13	11	364	31	0	2	641	903	66	0	10	465	207
2014-12-27	13:56:36	1199	-46	-67	618	561	19	21	364	31	162	2	658	801	115	0	10	469	207
2014-12-27	13:57:36	1199	-46	-67	618	395	22	26	364	31	0	2	641	707	173	0	10	472	207
2014-12-27	13:58:36	1199	-46	-67	601	348	26	32	364	284	0	2	616	649	209	0	10	474	207
2014-12-27	13:59:36	1199	-46	-67	582	343	30	43	364	520	0	2	595	611	237	0	10	476	207
2014-12-27	14:00:36	1199	-46	-67	554	339	34	52	364	736	0	2	563	578	259	0	10	477	207
2014-12-27	14:01:36	1199	-46	-67	486	336	37	58	364	922	0	2	510	551	275	0	10	478	207
2014-12-27	14:02:36	1199	-45	-67	421	334	41	62	364	1000	0	2	459	530	288	0	10	478	207
2014-12-27	14:03:36	1199	-44	-67	386	332	44	64	364	1000	0	2	421	511	296	0	10	478	207
2014-12-27	14:04:36	1199	-44	-67	367	331	47	66	364	1000	0	2	397	497	304	0	10	478	207
2014-12-27	14:05:36	1199	-44	-67	358	330	50	68	364	1000	0	2	380	484	309	0	10	478	207
2014-12-27	14:06:36	1199	-44	-67	354	329	53	68	364	994	0	2	367	475	313	0	10	477	207
2014-12-27	14:07:36	1199	-44	-66	350	327	57	69	361	984	0	2	360	466	317	0	10	477	208
2014-12-27	14:08:36	1199	-44	-66	347	326	60	69	361	970	0	2	355	459	319	0	10	476	208
2014-12-27	14:09:36	1199	-44	-66	345	325	62	71	364	956	0	2	351	452	320	0	10	476	207
2014-12-27	14:10:36	1199	-44	-66	343	324	65	71	364	937	0	2	348	446	321	0	10	475	207
2014-12-27	14:11:36	1199	-44	-66	342	323	68	71	361	919	0	2	345	441	321	0	10	474	208
2014-12-27	14:12:36	1199	-44	-66	340	321	71	72	364	899	0	2	343	436	321	0	10	473	207
2014-12-27	14:13:36	1199	-44	-66	339	320	73	73	364	878	0	2	341	431	321	0	10	472	207
2014-12-27	14:14:36	1199	-44	-66	338	319	76	73	364	853	0	2	339	427	320	0	10	471	207
2014-12-27	14:15:36	1199	-44	-66	337	318	78	75	361	827	0	2	338	423	319	0	10	470	208
2014-12-27	14:16:36	1199	-44	-66	336	318	80	75	364	803	0	2	337	420	319	0	10	469	207
2014-12-27	14:17:36	1199	-44	-66	335	317	83	76	361	775	0	2	336	417	317	0	10	468	208
2014-12-27	14:18:36	1199	-44	-66	335	316	84	77	361	749	0	2	334	414	316	0	10	468	208
2014-12-27	14:19:36	1199	-44	-65	334	315	87	78	361	722	0	2	334	410	315	0	10	467	208
2014-12-27	14:20:36	1199	-44	-65	333	314	88	79	361	695	0	2	333	407	314	0	10	466	208
2014-12-27	14:21:36	1199	-44	-65	332	313	91	79	361	667	0	2	332	404	312	0	10	466	208
2014-12-27	14:22:36	1199	-44	-65	332	313	93	80	361	638	0	2	331	402	311	0	10	465	208
2014-12-27	14:23:36	1199	-44	-65	331	312	95	81	361	609	0	2	331	399	310	0	10	465	208
2014-12-27	14:24:36	1199	-43	-65	331	311	97	82	360	580	0	2	330	396	309	0	10	465	208
2014-12-27	14:25:36	1199	-43	-65	331	310	99	83	360	551	0	2	329	394	308	0	10	465	208
2014-12-27	14:26:36	1199	-43	-65	330	310	100	83	360	522	0	2	329	391	306	0	10	464	208
2014-12-27	14:27:36	1199	-42	-65	330	309	102	84	360	492	0	2	328	389	305	0	10	464	208
2014-12-27	14:28:36	1199	-42	-65	329	308	104	86	356	464	0	2	327	387	304	0	10	464	209
2014-12-27	14:29:36	1199	-42	-65	329	308	106	86	356	437	0	2	326	385	303	0	10	465	209
2014-12-27	14:30:36	1199	-42	-65	328	307	107	87	356	410	0	2	326	383	302	0	10	465	209
2014-12-27	14:31:36	1199	-42	-64	327	306	108	87	356	378	0	2	325	380	301	0	10	465	209
2014-12-27	14:32:36	1199	-42	-64	327	304	111	88	356	349	0	2	325	378	300	0	10	465	209
2014-12-27	14:33:36	1199	-42	-64	326	303	112	90	356	320	0	2	324	376	299	0	10	465	209
2014-12-27	14:34:36	1199	-42	-64	326	302	113	90	356	290	0	2	323	374	298	0	10	464	209
2014-12-27	14:35:36	1199	-42	-64	325	301	115	91	356	260	0	2	322	371	297	0	10	464	209
2014-12-27	14:36:36	1199	-42	-64	325	300	116	92	356	229	0	2	322	370	296	0	10	464	209
2014-12-27	14:37:36	1199	-42	-64	324	299	117	92	353	198	0	2	321	368	295	0	10	464	210
2014-12-27	14:38:36	1199	-42	-64	324	298	118	94	353	166	0	2	320	366	294	0	10	464	210
2014-12-27	14:39:37	1199	-42	-64	323	297	120	94	353	137	0	2	320	365	294	0	10	464	210
2014-12-27	14:40:37	1199	-42	-64	323	296	121	95	352	107	0	2	319	363	293	0	10	464	211
2014-12-27	14:41:37	1199	-42	-64	322	295	122	96	352	78	0	2	318	362	293	0	10	464	211
2014-12-27	14:42:37	1199	-42	-64	321	294	123	96	352	49	0	2	318	360	292	0	10	464	211
2014-12-27	14:43:37	1199	-42	-63	321	294	125	98	352	18	0	2	317	359	291	0	10	464	211
2014-12-27	14:44:37	1199	-42	-63	320	293	126	98	352	-10	0	2	317	358	291	0	10	464	211
2014-12-27	14:45:37	1199	-43	-63	320	292	127	99	349	-39	0	2	316	357	290	0	10	464	212
2014-12-27	14:46:37	1199	-43	-63	319	291	128	99	349	-68	0	2	315	356	289	0	10	464	212
2014-12-27	14:47:37	1199	-44	-63	319	290	129	100	350	-98	0	2	315	355	288	0	10	464	212
2014-12-27	14:48:37	1199	-44	-63	318	290	130	102	350	-129	0	2	314	354	288	0	10	464	212
2014-12-27	14:49:37	1199	-44	-63	318	289	131	102	350	-161	0	2	313	353	288	0	10	464	212
2014-12-27	14:50:37	1