Divisors		1	10	10	10	10	10	10	10	10	1	1	10	10	10	100	1	10	10
Date	Time	Version	BT1	BT1 Mean	BT2	BT3	BT10	BT11	Calc Supply	GM	Alarm	RELAYS PCA BASE	BT12	BT14	BT17	Tot.int.add.	Prio	BT6	BT50
2015-02-09	16:42:05	1199	11	-12	331	308	107	79	359	164	0	2	326	321	261	0	10	435	206
2015-02-09	16:43:05	1199	11	-12	331	307	108	79	357	136	0	2	325	320	260	0	10	432	207
2015-02-09	16:44:05	1199	11	-12	330	306	109	79	357	109	0	2	324	319	260	0	10	429	207
2015-02-09	16:45:05	1199	11	-12	329	305	111	80	357	79	0	2	324	318	259	0	10	426	207
2015-02-09	16:46:05	1199	11	-12	328	304	111	80	357	49	0	2	323	317	258	0	10	423	207
2015-02-09	16:47:05	1199	11	-12	328	303	112	82	357	18	0	2	322	316	258	0	10	421	207
2015-02-09	16:48:05	1199	11	-12	327	302	113	82	359	-12	0	2	321	315	258	0	10	420	206
2015-02-09	16:49:05	1199	11	-12	326	301	115	82	357	-42	0	2	321	314	257	0	10	420	207
2015-02-09	16:50:05	1199	11	-12	333	436	36	64	359	-72	0	15	365	487	55	0	20	419	206
2015-02-09	16:51:05	1199	11	-11	440	452	29	18	357	-102	0	15	462	642	10	0	20	418	207
2015-02-09	16:52:06	1199	11	-11	501	480	30	6	357	-132	0	15	519	733	32	0	20	418	207
2015-02-09	16:53:06	1199	11	-11	541	506	32	6	357	-162	0	15	553	789	50	0	20	419	207
2015-02-09	16:54:06	1199	11	-11	566	523	34	8	357	-192	0	15	576	825	53	0	20	421	207
2015-02-09	16:55:06	1199	11	-11	582	535	35	9	359	-222	0	15	590	850	53	0	20	424	206
2015-02-09	16:56:06	1199	11	-11	593	544	35	11	357	-252	0	15	600	869	55	0	20	429	207
2015-02-09	16:57:06	1199	11	-11	601	550	35	13	357	-282	0	15	607	884	58	0	20	435	207
2015-02-09	16:58:06	1199	11	-11	607	556	35	13	357	-312	0	15	614	899	56	0	20	440	207
2015-02-09	16:59:06	1199	11	-11	613	562	34	13	357	-342	0	15	618	911	56	0	20	445	207
2015-02-09	17:00:06	1199	11	-11	618	566	34	13	357	-372	0	15	623	922	59	0	20	450	207
2015-02-09	17:01:06	1199	11	-11	622	571	34	14	357	-402	0	7	628	934	58	0	30	455	207
2015-02-09	17:02:06	1199	11	-11	450	278	35	4	359	-402	0	7	387	737	55	0	30	459	206
2015-02-09	17:03:06	1199	11	-10	363	283	35	-3	357	-402	0	7	355	681	25	0	30	464	207
2015-02-09	17:04:06	1199	11	-10	344	285	35	-5	357	-402	0	7	341	664	42	0	30	467	207
2015-02-09	17:05:06	1199	11	-10	345	290	30	-8	359	-416	0	7	347	663	38	0	30	469	206
2015-02-09	17:06:06	1199	11	-10	347	299	29	-9	357	-429	0	7	352	663	30	0	30	471	207
2015-02-09	17:07:06	1199	11	-10	355	306	27	-11	359	-434	0	7	357	669	35	0	30	473	206
2015-02-09	17:08:06	1199	11	-10	362	316	26	-11	359	-435	0	7	365	676	35	0	30	473	206
2015-02-09	17:09:06	1199	11	-10	367	319	26	-12	359	-428	0	7	370	677	31	0	30	474	206
2015-02-09	17:10:06	1199	11	-10	370	321	26	-11	359	-418	0	7	371	678	32	0	30	474	206
2015-02-09	17:11:06	1199	11	-10	371	322	26	-12	357	-406	0	7	372	680	35	0	30	474	207
2015-02-09	17:12:06	1199	11	-10	374	325	26	-12	357	-392	0	7	375	680	32	0	30	474	207
2015-02-09	17:13:06	1199	11	-10	376	328	24	-11	357	-374	0	7	378	681	30	0	30	473	207
2015-02-09	17:14:06	1199	11	-10	379	331	24	-12	359	-355	0	7	380	684	34	0	30	473	206
2015-02-09	17:15:06	1199	11	-10	382	333	22	-12	359	-331	0	7	383	687	32	0	30	472	206
2015-02-09	17:16:06	1199	11	-9	385	335	21	-12	359	-304	0	7	386	688	29	0	30	472	206
2015-02-09	17:17:06	1199	11	-9	386	338	19	-13	359	-277	0	7	386	691	27	0	30	471	206
2015-02-09	17:18:06	1199	11	-9	388	340	18	-15	357	-249	0	7	387	694	29	0	30	471	207
2015-02-09	17:19:06	1199	11	-9	389	342	17	-15	357	-219	0	7	389	696	29	0	30	470	207
2015-02-09	17:20:06	1199	11	-9	388	337	16	-17	357	-187	0	7	386	695	27	0	30	469	207
2015-02-09	17:21:06	1199	11	-9	384	332	15	-17	359	-158	0	7	382	689	22	0	30	469	206
2015-02-09	17:22:06	1199	11	-9	381	332	15	-18	357	-133	0	7	380	689	27	0	30	468	207
2015-02-09	17:23:06	1199	11	-9	380	331	14	-19	357	-110	0	7	380	689	27	0	30	467	207
2015-02-09	17:24:06	1199	11	-9	381	334	14	-19	357	-86	0	7	382	689	22	0	30	466	207
2015-02-09	17:25:06	1199	11	-9	385	340	14	-19	357	-62	0	7	386	694	24	0	30	466	207
2015-02-09	17:26:06	1199	11	-9	388	343	14	-19	359	-34	0	7	388	698	27	0	30	465	206
2015-02-09	17:27:06	1199	11	-9	390	344	14	-19	357	-3	0	7	390	699	25	0	30	464	207
2015-02-09	17:28:06	1199	11	-9	391	343	13	-14	359	28	0	2	392	691	27	0	10	464	206
2015-02-09	17:29:06	1199	10	-8	391	342	16	9	360	59	0	2	398	630	64	0	10	464	206
2015-02-09	17:30:06	1199	10	-8	391	342	20	17	357	90	0	2	405	572	99	0	10	464	207
2015-02-09	17:31:06	1199	10	-8	390	341	23	21	357	120	0	2	405	523	134	0	10	463	207
2015-02-09	17:32:06	1199	9	-8	388	340	26	24	355	149	0	2	401	488	161	0	10	463	207
2015-02-09	17:33:06	1199	9	-8	386	339	29	27	358	177	0	2	394	465	187	0	10	463	206
2015-02-09	17:34:06	1199	9	-8	382	337	32	31	358	202	0	2	386	447	210	0	10	463	206
2015-02-09	17:35:06	1199	9	-8	378	335	35	35	358	227	0	2	379	433	226	0	10	463	206
2015-02-09	17:36:06	1199	9	-8	374	333	38	38	358	244	0	2	371	420	238	0	10	463	206
2015-02-09	17:37:06	1199	9	-8	369	332	41	42	355	260	0	2	364	409	248	0	10	462	207
2015-02-09	17:38:06	1199	9	-8	365	331	43	44	355	271	0	2	359	400	254	0	10	462	207
2015-02-09	17:39:06	1199	9	-8	361	330	46	46	358	275	0	2	356	392	259	0	10	462	206
2015-02-09	17:40:06	1199	9	-8	358	329	49	47	358	276	0	2	351	386	263	0	10	462	206
2015-02-09	17:41:06	1199	9	-8	355	328	52	49	355	274	0	2	348	379	266	0	10	462	207
2015-02-09	17:42:06	1199	9	-8	352	327	53	50	355	269	0	2	345	373	268	0	10	462	207
2015-02-09	17:43:06	1199	9	-8	349	326	56	51	358	264	0	2	342	368	270	0	10	462	206
2015-02-09	17:44:06	1199	9	-7	346	325	59	52	358	253	0	2	340	364	271	0	10	462	206
2015-02-09	17:45:06	1199	9	-7	344	324	61	53	358	243	0	2	339	361	272	0	10	462	206
2015-02-09	17:46:06	1199	9	-7	342	323	63	53	355	227	0	2	337	358	272	0	10	461	207
2015-02-09	17:47:06	1199	9	-7	340	322	65	55	355	210	0	2	336	357	272	0	10	461	207
2015-02-09	17:48:06	1199	9	-7	339	321	68	56	358	191	0	2	335	354	272	0	10	461	206
2015-02-09	17:49:06	1199	9	-7	338	321	70	56	355	174	0	2	334	352	272	0	10	461	207
2015-02-09	17:50:06	1199	9	-7	337	320	72	57	355	153	0	2	333	350	272	0	10	461	207
2015-02-09	17:51:06	1199	9	-7	336	319	74	58	358	132	0	2	332	348	271	0	10	461	206
2015-02-09	17:52:06	1199	9	-7	336	318	76	58	358	110	0	2	331	346	271	0	10	461	206
2015-02-09	17:53:06	1199	9	-7	335	317	78	59	358	87	0	2	331	344	271	0	10	461	206
2015-02-09	17:54:06	1199	9	-7	334	316	80	60	358	67	0	2	330	343	270	0	10	461	206
2015-02-09	17:55:06	1199	9	-7	334	316	82	61	355	43	0	2	329	341	269	0	10	461	207
2015-02-09	17:56:06	1199	9	-7	333	315	83	61	358	18	0	2	328	339	269	0	10	461	206
2015-02-09	17:57:06	1199	9	-7	332	314	85	62	355	-8	0	2	327	337	268	0	10	461	207
2015-02-09	17:58:06	1199	9	-7	332	313	87	63	358	-34	0	2	326	335	267	0	10	460	206
2015-02-09	17:59:06	1199	9	-7	331	312	88	63	358	-61	0	2	325	334	266	0	10	460	206
2015-02-09	18:00:06	1199	9	-7	331	311	90	65	355	-85	0	2	324	332	266	0	10	460	207
2015-02-09	18:01:06	1199	9	-6	330	310	92	65	358	-109	0	2	323	331	265	0	10	460	206
2015-02-09	18:02:06	1199	9	-6	329	309	93	66	355	-137	0	2	322	331	264	0	10	460	207
2015-02-09	18:03:06	1199	9	-6	328	308	95	67	355	-166	0	2	321	329	264	0	10	460	207
2015-02-09	18:04:06	1199	9	-6	328	307	96	68	355	-193	0	2	320	328	263	0	10	460	207
2015-02-09	18:05:06	1199	9	-6	327	305	98	68	355	-224	0	2	319	327	262	0	10	460	207
2015-02-09	18:06:06	1199	9	-6	326	304	99	69	358	-256	0	2	319	325	262	0	10	460	206
2015-02-09	18:07:07	1199	9	-6	325	303	100	71	358	-287	0	2	318	324	261	0	10	460	206
2015-02-09	18:08:07	1199	9	-6	324	303	102	71	358	-318	0	2	317	323	260	0	10	460	206
2015-02-09	18:09:07	1199	8	-6	323	302	103	72	359	-349	0	2	316	322	260	0	10	459	206
2015-02-09	18:10:07	1199	8	-6	322	301	104	72	356	-382	0	2	315	321	259	0	10	459	207
2015-02-09	18:11:07	1199	8	-6	322	300	106	73	359	-416	0	2	315	320	258	0	10	459	206
2015-02-09	18:12:07	1199	8	-6	321	299	107	73	359	-451	0	2	314	319	258	0	10	459	206
2015-02-09	18:13:07	1199	8	-6	320	298	108	75	356	-489	0	2	313	318	257	0	10	459	207
2015-02-09	18:14:07	1199	8	-6	319	297	109	76	359	-528	0	2	313	317	257	0	10	459	206
2015-02-09	18:15:07	1199	8	-6	319	296	109	76	356	-568	0	2	312	316	256	0	10	459	207
2015-02-09	18:16:07	1199	8	-6	316	293	97	76	356	-609	0	7	308	315	256	0	30	458	207
2015-02-09	18:17:07	1199	8	-6	323	279	30	26	359	-609	0	7	331	507	8	0	30	458	206
2015-02-09	18:18:07	1199	8	-6	329	279	29	-3	356	-609	0	7	333	553	15	0	30	458	207
2015-02-09	18:19:07	1199	8	-6	331	279	30	-8	356	-637	0	7	331	580	40	0	30	458	207
2015-02-09	18:20:07	1199	8	-5	332	283	32	-10	356	-665	0	7	336	589	34	0	30	457	207
2015-02-09	18:21:07	1199	8	-5	337	288	34	-8	356	-686	0	7	341	600	40	0	30	457	207
2015-02-09	18:22:07	1199	8	-5	342	293	34	-8	359	-705	0	7	347	607	35	0	30	457	206
2015-02-09	18:23:07	1199	8	-5	347	298	35	-8	356	-719	0	7	350	614	41	0	30	457	207
2015-02-09	18:24:07	1199	8	-5	352	302	34	-7	356	-728	0	7	356	621	37	0	30	456	207
2015-02-09	18:25:07	1199	8	-5	356	306	34	-7	359	-733	0	7	358	626	38	0	30	456	206
2015-02-09	18:26:07	1199	8	-5	358	310	33	-7	359	-731	0	7	361	632	38	0	30	456	206
2015-02-09	18:27:07	1199	8	-5	361	312	32	-7	359	-730	0	7	362	634	37	0	30	456	206
2015-02-09	18:28:07	1199	8	-5	364	316	34	-6	359	-727	0	7	365	640	41	0	30	456	206
2015-02-09	18:29:07	1199	8	-5	366	319	34	-6	359	-721	0	7	368	642	38	0	30	455	206
2015-02-09	18:30:07	1199	8	-5	370	322	34	-5	359	-709	0	7	370	647	42	0	30	455	206
2015-02-09	18:31:07	1199	8	-5	372	324	29	-6	359	-697	0	7	374	651	33	0	30	455	206
2015-02-09	18:32:07	1199	8	-5	374	327	25	-10	359	-683	0	7	375	656	32	0	30	455	206
2015-02-09	18:33:07	1199	8	-5	376	329	22	-13	359	-667	0	7	377	661	32	0	30	455	206
2015-02-09	18:34:07	1199	8	-5	378	331	21	-15	359	-649	0	7	379	663	26	0	30	455	206
2015-02-09	18:35:07	1199	8	-5	380	332	20	-15	359	-629	0	7	380	669	30	0	30	455	206
2015-02-09	18:36:07	1199	7	-5	382	334	19	-15	358	-606	0	7	382	671	28	0	30	455	206
2015-02-09	18:37:07	1199	8	-5	383	336	19	-17	359	-582	0	7	384	674	26	0	30	454	206
2015-02-09	18:38:07	1199	7	-5	385	337	19	-16	358	-556	0	7	385	678	29	0	30	454	206
2015-02-09	18:39:07	1199	7	-5	386	339	18	-17	358	-525	0	7	386	678	26	0	30	454	206
2015-02-09	18:40:07	1199	6	-4	387	340	18	-17	358	-497	0	7	387	681	26	0	30	454	206
2015-02-09	18:41:07	1199	6	-4	388	342	18	-17	358	-467	0	7	388	685	29	0	30	453	206
2015-02-09	18:42:07	1199	6	-4	389	343	18	-17	358	-434	0	7	389	685	26	0	30	453	206
2015-02-09	18:43:07	1199	6	-4	390	344	18	-17	358	-402	0	7	390	688	27	0	30	453	206
2015-02-09	18:44:07	1199	6	-4	392	345	16	-17	358	-369	0	7	391	691	29	0	30	453	206
2015-02-09	18:45:07	1199	6	-4	392	346	15	-17	358	-335	0	7	392	691	24	0	30	452	206
2015-02-09	18:46:07	1199	6	-4	393	347	13	-18	358	-300	0	7	393	694	24	0	30	452	206
2015-02-09	18:47:07	1199	6	-4	394	348	13	-19	358	-265	0	7	393	698	27	0	30	451	206
2015-02-09	18:48:07	1199	6	-4	395	349	11	-19	358	-228	0	7	395	698	22	0	30	451	206
2015-02-09	18:49:07	1199	6	-4	396	350	13	-19	358	-191	0	7	395	699	24	0	30	450	206
2015-02-09	18:50:07	1199	6	-4	396	351	9	-20	358	-153	0	7	396	702	24	0	30	449	206
2015-02-09	18:51:07	1199	6	-4	396	351	11	-21	358	-114	0	7	397	705	24	0	30	448	206
2015-02-09	18:52:07	1199	6	-4	398	352	11	-20	358	-75	0	7	398	704	22	0	30	447	206
2015-02-09	18:53:07	1199	6	-4	398	353	11	-21	358	-35	0	7	398	707	24	0	30	446	206
2015-02-09	18:54:07	1199	6	-4	399	353	10	-16	358	6	0	2	399	698	28	0	10	445	206
2015-02-09	18:55:07	1199	6	-4	398	352	14	7	358	47	0	2	405	636	66	0	10	444	206
2015-02-09	18:56:07	1199	6	-4	398	351	18	14	358	87	0	2	413	575	101	0	10	443	206
2015-02-09	18:57:07	1199	6	-4	397	350	21	19	358	127	0	2	412	523	136	0	10	442	206
2015-02-09	18:58:07	1199	6	-4	395	349	24	21	358	165	0	2	408	487	164	0	10	441	206
2015-02-09	18:59:07	1199	6	-4	392	348	26	24	358	200	0	2	402	464	191	0	10	441	206
2015-02-09	19:00:07	1199	6	-4	388	346	29	29	358	232	0	2	394	446	213	0	10	440	206
2015-02-09	19:01:07	1199	6	-4	386	344	32	34	358	260	0	2	386	430	227	0	10	439	206
2015-02-09	19:02:07	1199	6	-4	382	342	35	37	356	286	0	2	379	418	238	0	10	439	207
2015-02-09	19:03:07	1199	6	-4	378	341	38	40	356	308	0	2	373	406	247	0	10	438	207
2015-02-09	19:04:07	1199	6	-4	373	339	41	42	358	326	0	2	366	397	253	0	10	438	206
2015-02-09	19:05:07	1199	6	-4	369	338	43	44	358	339	0	2	362	388	258	0	10	437	206
2015-02-09	19:06:07	1199	6	-4	365	337	46	46	358	348	0	2	358	382	261	0	10	437	206
2015-02-09	19:07:07	1199	6	-3	362	335	49	47	358	353	0	2	355	375	264	0	10	437	206
2015-02-09	19:08:07	1199	6	-3	358	334	51	49	356	354	0	2	352	369	266	0	10	437	207
2015-02-09	19:09:07	1199	6	-3	356	333	53	49	358	354	0	2	350	364	267	0	10	436	206
2015-02-09	19:10:07	1199	6	-3	354	332	56	50	358	351	0	2	348	361	269	0	10	436	206
2015-02-09	19:11:07	1199	6	-3	352	331	58	52	358	346	0	2	347	358	269	0	10	436	206
2015-02-09	19:12:07	1199	6	-3	350	331	61	52	356	338	0	2	345	356	270	0	10	436	207
2015-02-09	19:13:07	1199	6	-3	348	330	63	53	356	330	0	2	344	354	270	0	10	436	207
2015-02-09	19:14:07	1199	6	-3	347	329	65	55	358	321	0	2	343	351	270	0	10	436	206
2015-02-09	19:15:07	1199	6	-3	346	328	68	56	356	311	0	2	342	349	270	0	10	436	207
2015-02-09	19:16:07	1199	6	-3	345	327	69	56	356	298	0	2	341	347	269	0	10	436	207
2015-02-09	19:17:07	1199	6	-3	344	326	72	58	356	287	0	2	340	345	269	0	10	435	207
2015-02-09	19:18:07	1199	6	-3	343	325	73	58	358	275	0	2	339	343	268	0	10	435	206
2015-02-09	19:19:07	1199	6	-3	343	324	75	59	356	262	0	2	338	341	268	0	10	435	207
2015-02-09	19:20:07	1199	6	-3	342	323	78	60	356	246	0	2	337	339	267	0	10	435	207
2015-02-09	19:21:07	1199	6	-3	341	322	79	61	358	232	0	2	336	337	267	0	10	435	206
2015-02-09	19:22:07	1199	6	-3	341	321	81	62	356	217	0	2	335	335	266	0	10	435	207
2015-02-09	19:23:08	1199	6	-3	340	320	83	62	356	199	0	2	334	334	265	0	10	435	207
2015-02-09	19:24:08	1199	6	-3	339	319	84	63	356	182	0	2	333	332	265	0	10	435	207
2015-02-09	19:25:08	1199	6	-3	338	318	87	65	356	165	0	2	332	331	264	0	10	435	207
2015-02-09	19:26:08	1199	6	-3	337	316	88	65	356	145	0	2	331	330	263	0	10	435	207
2015-02-09	19:27:08	1199	6	-3	337	315	90	66	356	124	0	2	331	329	263	0	10	435	207
2015-02-09	19:28:08	1199	6	-3	335	314	91	66	358	104	0	2	329	327	262	0	10	435	206
2015-02-09	19:29:08	1199	6	-3	334	313	92	68	356	83	0	2	328	326	261	0	10	435	207
2015-02-09	19:30:08	1199	6	-3	334	312	94	69	356	61	0	2	327	325	261	0	10	435	207
2015-02-09	19:31:08	1199	6	-3	332	311	95	69	358	36	0	2	326	324	260	0	10	435	206
2015-02-09	19:32:08	1199	6	-3	332	310	97	71	356	12	0	2	325	322	260	0	10	434	207
2015-02-09	19:33:08	1199	6	-3	331	309	98	71	356	-15	0	2	325	321	259	0	10	434	207
2015-02-09	19:34:08	1199	6	-3	331	307	99	72	356	-40	0	2	324	320	258	0	10	434	207
2015-02-09	19:35:08	1199	6	-3	330	306	100	72	358	-66	0	2	323	319	258	0	10	434	206
2015-02-09	19:36:08	1199	6	-2	329	305	102	73	356	-95	0	2	322	318	257	0	10	434	207
2015-02-09	19:37:08	1199	6	-2	328	304	103	73	358	-123	0	2	321	317	256	0	10	434	206
2015-02-09	19:38:08	1199	6	-2	327	303	104	75	356	-152	0	2	320	316	256	0	10	434	207
2015-02-09	19:39:08	1199	6	-2	326	302	106	76	358	-181	0	2	319	315	255	0	10	434	206
2015-02-09	19:40:08	1199	6	-2	325	301	107	76	356	-211	0	2	319	314	255	0	10	433	207
2015-02-09	19:41:08	1199	6	-2	325	301	108	77	356	-242	0	2	318	313	254	0	10	433	207
2015-02-09	19:42:08	1199	6	-2	324	300	109	78	356	-274	0	2	317	312	254	0	10	433	207
2015-02-09	19:43:08	1199	6	-2	323	299	110	78	356	-307	0	2	317	312	253	0	10	433	207
2015-02-09	19:44:08	1199	6	-2	322	298	111	79	356	-341	0	2	316	311	253	0	10	432	207
2015-02-09	19:45:08	1199	6	-2	321	297	112	79	356	-376	0	2	315	310	253	0	10	432	207
2015-02-09	19:46:08	1199	6	-2	320	296	113	79	356	-411	0	2	314	309	252	0	10	432	207
2015-02-09	19:47:08	1199	6	-2	320	296	115	80	358	-447	0	2	314	309	252	0	10	432	206
2015-02-09	19:48:08	1199	6	-2	319	295	115	80	358	-484	0	2	313	308	252	0	10	432	206
2015-02-09	19:49:08	1199	6	-2	318	294	116	82	356	-521	0	2	312	307	251	0	10	432	207
2015-02-09	19:50:08	1199	6	-2	318	294	117	82	356	-559	0	2	312	306	251	0	10	432	207
2015-02-09	19:51:08	1199	6	-2	317	294	118	82	356	-598	0	2	311	306	250	0	10	431	207
2015-02-09	19:52:08	1199	6	-2	314	288	102	82	356	-637	0	7	306	305	250	0	30	431	207
2015-02-09	19:53:08	1199	6	-2	321	277	31	26	356	-637	0	7	329	502	7	0	30	431	207
2015-02-09	19:54:08	1199	6	-2	329	279	31	-2	356	-637	0	7	333	550	19	0	30	431	207
2015-02-09	19:55:08	1199	7	-2	331	280	32	-8	355	-662	0	7	331	575	41	0	30	431	207
2015-02-09	19:56:08	1199	7	-2	332	283	34	-8	358	-687	0	7	337	586	35	0	30	431	206
2015-02-09	19:57:08	1199	6	-2	337	288	35	-8	356	-707	0	7	341	596	41	0	30	430	207
2015-02-09	19:58:09	1199	6	-2	341	293	35	-6	356	-723	0	7	347	603	37	0	30	430	207
2015-02-09	19:59:09	1199	6	-2	346	297	36	-6	356	-735	0	7	350	611	43	0	30	430	207
2015-02-09	20:00:09	1199	6	-2	351	302	35	-5	356	-741	0	7	355	617	38	0	30	429	207
2015-02-09	20:01:09	1199	6	-2	355	306	35	-6	356	-743	0	7	358	623	41	0	30	428	207
2015-02-09	20:02:09	1199	6	-2	358	310	34	-6	353	-742	0	7	360	629	40	0	30	426	208
2015-02-09	20:03:09	1199	6	-2	361	313	34	-6	356	-735	0	7	362	633	40	0	30	424	207
2015-02-09	20:04:09	1199	7	-2	363	316	35	-6	352	-725	0	7	365	638	41	0	30	421	208
2015-02-09	20:05:09	1199	7	-2	366	319	36	-5	355	-713	0	7	368	641	40	0	30	419	207
2015-02-09	20:06:09	1199	7	-2	369	322	35	-5	352	-697	0	7	371	646	43	0	30	415	208
2015-02-09	20:07:09	1199	7	-2	372	354	30	-6	352	-679	0	15	379	653	35	0	20	410	208
2015-02-09	20:08:09	1199	8	-1	449	417	26	-6	356	-679	0	15	471	731	36	0	20	406	207
2015-02-09	20:09:09	1199	7	-1	499	465	24	-5	352	-679	0	15	514	779	34	0	20	404	208
2015-02-09	20:10:09	1199	7	-1	533	493	22	-4	352	-679	0	15	542	816	41	0	20	403	208
2015-02-09	20:11:09	1199	7	-1	555	509	21	-3	352	-679	0	15	560	840	40	0	20	405	208
2015-02-09	20:12:09	1199	7	-1	569	520	21	-3	352	-679	0	15	573	860	39	0	20	408	208
2015-02-09	20:13:09	1199	8	-1	579	527	20	-1	356	-679	0	15	581	875	44	0	20	414	207
2015-02-09	20:14:09	1199	8	-1	586	534	20	-1	356	-679	0	15	588	888	41	0	20	420	207
2015-02-09	20:15:09	1199	8	-1	592	539	19	-1	356	-679	0	15	594	898	41	0	20	425	207
2015-02-09	20:16:09	1199	8	-1	596	545	19	-1	353	-679	0	15	597	909	44	0	20	429	208
2015-02-09	20:17:09	1199	8	-1	601	549	19	-1	356	-679	0	15	603	919	42	0	20	434	207
2015-02-09	20:18:09	1199	8	-1	605	554	19	-1	356	-679	0	15	607	926	44	0	20	439	207
2015-02-09	20:19:09	1199	8	-1	608	558	18	0	356	-679	0	15	613	936	44	0	20	444	207
2015-02-09	20:20:09	1199	8	-1	613	562	18	0	356	-679	0	15	616	944	46	0	20	448	207
2015-02-09	20:21:09	1199	8	-1	616	566	18	1	356	-679	0	15	621	952	44	0	20	453	207
2015-02-09	20:22:09	1199	8	-1	619	570	18	1	356	-679	0	15	626	963	44	0	20	457	207
2015-02-09	20:23:09	1199	8	-1	510	300	18	-6	356	-679	0	7	443	817	41	0	30	461	207
2015-02-09	20:24:09	1199	8	-1	385	304	18	-12	356	-679	0	7	371	733	3	0	30	466	207
2015-02-09	20:25:09	1199	8	-1	358	299	18	-16	356	-679	0	7	355	711	30	0	30	469	207
2015-02-09	20:26:09	1199	8	-1	355	304	18	-17	356	-680	0	7	357	701	26	0	30	472	207
2015-02-09	20:27:09	1199	8	-1	358	309	18	-17	356	-679	0	7	358	696	26	0	30	474	207
2015-02-09	20:28:09	1199	8	-1	363	320	18	-17	356	-676	0	7	365	702	30	0	30	475	207
2015-02-09	20:29:09	1199	8	-1	371	326	18	-16	356	-664	0	7	374	704	26	0	30	476	207
2015-02-09	20:30:09	1199	8	-1	377	330	18	-15	356	-645	0	7	378	705	27	0	30	476	207
2015-02-09	20:31:09	1199	8	-1	379	331	18	-16	356	-623	0	7	379	707	30	0	30	476	207
2015-02-09	20:32:09	1199	8	-1	379	330	18	-15	356	-599	0	7	379	702	27	0	30	476	207
2015-02-09	20:33:09	1199	8	-1	379	331	18	-15	356	-576	0	7	379	701	26	0	30	476	207
2015-02-09	20:34:09	1199	8	-1	381	332	18	-17	356	-552	0	7	381	704	31	0	30	475	207
2015-02-09	20:35:09	1199	8	-1	383	335	18	-17	356	-526	0	7	383	702	27	0	30	475	207
2015-02-09	20:36:09	1199	8	-1	385	337	14	-17	356	-498	0	7	386	702	22	0	30	475	207
2015-02-09	20:37:10	1199	8	-1	386	339	13	-19	356	-468	0	7	386	707	26	0	30	474	207
2015-02-09	20:38:10	1199	8	0	387	341	9	-21	356	-437	0	7	387	708	23	0	30	474	207
2015-02-09	20:39:10	1199	8	0	388	342	10	-21	356	-405	0	7	388	707	21	0	30	473	207
2015-02-09	20:40:10	1199	8	0	389	343	10	-21	356	-372	0	7	389	708	22	0	30	472	207
2015-02-09	20:41:10	1199	8	0	390	344	11	-21	356	-338	0	7	390	711	26	0	30	471	207
2015-02-09	20:42:10	1199	8	0	392	345	9	-21	356	-303	0	7	392	710	21	0	30	470	207
2015-02-09	20:43:10	1199	8	0	393	347	10	-21	356	-267	0	7	392	710	22	0	30	469	207
2015-02-09	20:44:10	1199	8	0	393	347	9	-20	356	-230	0	7	393	713	24	0	30	467	207
2015-02-09	20:45:10	1199	8	0	394	349	9	-21	356	-192	0	7	394	713	23	0	30	466	207
2015-02-09	20:46:10	1199	8	0	395	350	8	-23	356	-153	0	7	395	713	18	0	30	465	207
2015-02-09	20:47:10	1199	8	0	396	350	9	-22	356	-113	0	7	396	714	24	0	30	465	207
2015-02-09	20:48:10	1199	8	0	397	351	10	-21	356	-72	0	7	396	716	26	0	30	464	207
2015-02-09	20:49:10	1199	8	0	398	352	8	-21	356	-31	0	7	397	714	20	0	30	463	207
2015-02-09	20:50:10	1199	8	0	398	352	7	-20	356	11	0	2	400	709	24	0	10	463	207
2015-02-09	20:51:10	1199	8	0	398	351	9	2	356	53	0	2	416	647	62	0	10	462	207
2015-02-09	20:52:10	1199	8	0	399	350	14	11	356	95	0	2	425	586	97	0	10	462	207
2015-02-09	20:53:10	1199	8	0	400	350	18	15	356	139	0	2	425	535	134	0	10	461	207
2015-02-09	20:54:10	1199	8	0	400	349	20	18	356	183	0	2	420	500	163	0	10	461	207
2015-02-09	20:55:10	1199	8	0	399	348	24	21	356	226	0	2	413	475	186	0	10	461	207
2015-02-09	20:56:10	1199	8	0	397	346	26	27	356	268	0	2	405	457	209	0	10	460	207
2015-02-09	20:57:10	1199	8	0	394	345	29	32	356	309	0	2	396	443	226	0	10	460	207
2015-02-09	20:58:10	1199	8	0	390	343	32	35	353	345	0	2	388	429	239	0	10	460	208
2015-02-09	20:59:10	1199	9	0	385	341	36	38	355	377	0	2	381	419	250	0	10	460	207
2015-02-09	21:00:10	1199	8	0	380	340	38	41	353	406	0	2	374	410	257	0	10	459	208
2015-02-09	21:01:10	1199	8	0	375	338	41	43	356	430	0	2	367	401	263	0	10	459	207
2015-02-09	21:02:10	1199	9	0	370	337	44	44	353	447	0	2	363	394	268	0	10	459	208
2015-02-09	21:03:10	1199	9	0	366	336	47	46	355	461	0	2	359	388	271	0	10	458	207
2015-02-09	21:04:10	1199	9	0	362	335	50	47	355	470	0	2	356	383	273	0	10	457	207
2015-02-09	21:05:10	1199	9	0	359	334	52	49	353	477	0	2	354	378	275	0	10	457	208
2015-02-09	21:06:10	1199	8	0	357	333	55	50	356	482	0	2	351	373	276	0	10	456	207
2015-02-09	21:07:10	1199	9	0	354	332	58	50	355	484	0	2	349	369	277	0	10	456	207
2015-02-09	21:08:10	1199	9	0	352	331	59	52	353	482	0	2	348	365	277	0	10	455	208
2015-02-09	21:09:10	1199	9	0	350	331	62	52	353	480	0	2	346	363	277	0	10	454	208
2015-02-09	21:10:10	1199	9	0	350	331	63	53	353	477	0	2	345	361	277	0	10	454	208
2015-02-09	21:11:10	1199	9	0	348	330	66	55	353	470	0	2	344	358	277	0	10	453	208
2015-02-09	21:12:10	1199	9	0	347	329	69	56	353	462	0	2	342	357	277	0	10	452	208
2015-02-09	21:13:10	1199	9	0	346	328	71	56	355	454	0	2	341	355	277	0	10	451	207
2015-02-09	21:14:10	1199	9	0	346	327	72	58	353	445	0	2	340	353	276	0	10	451	208
2015-02-09	21:15:10	1199	9	0	344	326	75	59	353	435	0	2	339	351	276	0	10	450	208
2015-02-09	21:16:10	1199	9	0	343	325	76	59	355	424	0	2	337	349	275	0	10	449	207
2015-02-09	21:17:10	1199	9	0	342	324	79	61	353	414	0	2	336	347	274	0	10	448	208
2015-02-09	21:18:10	1199	9	0	341	323	80	61	355	401	0	2	335	345	273	0	10	448	207
2015-02-09	21:19:10	1199	9	0	340	322	82	62	353	389	0	2	334	343	273	0	10	447	208
2015-02-09	21:20:10	1199	9	0	340	321	84	63	353	376	0	2	333	342	272	0	10	447	208
2015-02-09	21:21:10	1199	9	0	339	320	86	63	355	360	0	2	332	340	271	0	10	447	207
2015-02-09	21:22:10	1199	9	0	338	319	87	65	355	343	0	2	331	338	270	0	10	447	207
2015-02-09	21:23:10	1199	9	0	337	318	88	65	353	325	0	2	331	336	270	0	10	447	208
2015-02-09	21:24:10	1199	9	0	336	317	90	66	355	308	0	2	330	335	269	0	10	447	207
2015-02-09	21:25:10	1199	9	0	335	315	91	68	353	288	0	2	329	333	269	0	10	447	208
2015-02-09	21:26:10	1199	9	0	334	314	94	68	353	269	0	2	328	332	268	0	10	447	208
2015-02-09	21:27:10	1199	9	0	333	313	95	69	355	249	0	2	327	331	267	0	10	447	207
2015-02-09	21:28:10	1199	9	0	332	312	96	70	355	226	0	2	326	330	266	0	10	447	207
2015-02-09	21:29:10	1199	9	0	331	310	98	71	353	204	0	2	325	329	265	0	10	447	208
2015-02-09	21:30:10	1199	9	0	331	309	99	71	355	180	0	2	325	328	265	0	10	447	207
2015-02-09	21:31:10	1199	9	0	330	308	100	72	353	158	0	2	324	327	264	0	10	447	208
2015-02-09	21:32:10	1199	9	0	329	307	102	73	355	133	0	2	323	325	263	0	10	447	207
2015-02-09	21:33:10	1199	9	0	329	306	103	73	355	109	0	2	323	324	263	0	10	447	207
2015-02-09	21:34:10	1199	9	0	328	306	104	75	353	84	0	2	322	323	262	0	10	447	208
2015-02-09	21:35:10	1199	9	0	327	304	105	75	353	58	0	2	321	322	262	0	10	447	208
2015-02-09	21:36:10	1199	9	0	326	303	106	76	355	32	0	2	320	321	261	0	10	447	207
2015-02-09	21:37:10	1199	9	0	325	302	107	76	355	3	0	2	320	320	260	0	10	447	207
2015-02-09	21:38:10	1199	9	0	325	302	108	78	355	-25	0	2	319	319	260	0	10	447	207
2015-02-09	21:39:10	1199	9	1	324	301	109	78	353	-53	0	2	318	318	259	0	10	448	208
2015-02-09	21:40:10	1199	9	1	323	300	111	79	355	-84	0	2	318	317	259	0	10	447	207
2015-02-09	21:41:10	1199	9	1	323	299	112	79	353	-116	0	2	317	316	258	0	10	447	208
2015-02-09	21:42:10	1199	9	1	322	299	112	79	355	-149	0	2	316	315	258	0	10	447	207
2015-02-09	21:43:10	1199	9	1	321	298	113	80	353	-184	0	2	316	314	257	0	10	447	208
2015-02-09	21:44:10	1199	9	1	321	297	115	80	353	-220	0	2	315	314	257	0	10	447	208
2015-02-09	21:45:10	1199	9	1	320	296	116	80	355	-257	0	2	315	313	256	0	10	447	207
2015-02-09	21:46:10	1199	10	1	319	295	116	82	357	-294	0	2	314	312	256	0	10	447	207
2015-02-09	21:47:10	1199	10	1	319	295	117	82	354	-332	0	2	313	311	256	0	10	447	208
2015-02-09	21:48:10	1199	9	1	318	294	118	82	355	-370	0	2	312	311	255	0	10	447	207
2015-02-09	21:49:10	1199	10	1	318	294	119	83	357	-406	0	2	312	310	255	0	10	447	207
2015-02-09	21:50:10	1199	10	1	317	293	120	83	357	-443	0	2	311	309	255	0	10	447	207
2015-02-09	21:51:10	1199	10	1	316	293	121	84	357	-483	0	2	311	309	254	0	10	448	207
2015-02-09	21:52:10	1199	10	1	316	292	122	84	354	-524	0	2	310	308	254	0	10	447	208
2015-02-09	21:53:11	1199	10	1	315	291	122	84	357	-565	0	2	309	307	253	0	10	447	207
2015-02-09	21:54:11	1199	10	1	312	284	104	84	357	-607	0	7	303	307	253	0	30	447	207
2015-02-09	21:55:11	1199	11	1	319	274	32	26	357	-607	0	7	326	503	7	0	30	447	207
2015-02-09	21:56:11	1199	11	1	327	277	32	-2	357	-607	0	7	331	552	19	0	30	447	207
2015-02-09	21:57:11	1199	11	1	330	278	34	-7	357	-632	0	7	330	577	43	0	30	447	207
2015-02-09	21:58:11	1199	11	1	331	281	35	-8	357	-658	0	7	335	587	35	0	30	447	207
2015-02-09	21:59:11	1199	11	1	336	285	36	-7	354	-678	0	7	339	596	41	0	30	447	208
2015-02-09	22:00:11	1199	11	1	340	290	36	-7	357	-697	0	7	345	603	37	0	30	447	207
2015-02-09	22:01:11	1199	11	1	345	295	37	-6	357	-712	0	7	347	611	43	0	30	448	207
2015-02-09	22:02:11	1199	11	1	350	300	35	-6	357	-721	0	7	354	617	38	0	30	447	207
2015-02-09	22:03:11	1199	11	1	354	304	35	-5	357	-726	0	7	356	623	41	0	30	447	207
2015-02-09	22:04:11	1199	11	1	358	308	35	-5	357	-727	0	7	359	629	40	0	30	447	207
2015-02-09	22:05:11	1199	11	1	360	311	35	-5	357	-723	0	7	361	632	40	0	30	447	207
2015-02-09	22:06:11	1199	11	1	362	314	35	-5	357	-719	0	7	364	638	41	0	30	447	207
2015-02-09	22:07:11	1199	11	1	365	317	37	-5	357	-712	0	7	367	641	41	0	30	447	207
2015-02-09	22:08:11	1199	11	2	369	320	36	-4	357	-702	0	7	370	646	43	0	30	447	207
2015-02-09	22:09:11	1199	11	2	371	323	30	-6	357	-689	0	7	374	649	34	0	30	447	207
2015-02-09	22:10:11	1199	11	2	373	326	26	-10	357	-674	0	7	374	654	34	0	30	447	207
2015-02-09	22:11:11	1199	11	2	375	328	24	-12	357	-657	0	7	376	660	34	0	30	447	207
2015-02-09	22:12:11	1199	11	2	377	330	22	-13	357	-637	0	7	379	663	27	0	30	447	207
2015-02-09	22:13:11	1199	11	2	379	331	21	-14	357	-616	0	7	380	667	31	0	30	447	207
2015-02-09	22:14:11	1199	11	2	381	333	21	-15	357	-593	0	7	382	670	29	0	30	447	207
2015-02-09	22:15:11	1199	11	2	383	335	21	-15	357	-568	0	7	383	673	29	0	30	447	207
2015-02-09	22:16:11	1199	11	2	384	337	19	-15	357	-541	0	7	385	677	30	0	30	447	207
2015-02-09	22:17:11	1199	11	2	386	338	19	-15	357	-513	0	7	386	678	27	0	30	447	207
2015-02-09	22:18:11	1199	11	2	387	340	19	-15	357	-484	0	7	386	682	30	0	30	447	207
2015-02-09	22:19:11	1199	11	2	388	341	18	-15	357	-454	0	7	388	682	27	0	30	447	207
2015-02-09	22:20:11	1199	11	2	389	343	18	-16	357	-423	0	7	389	685	27	0	30	447	207
2015-02-09	22:21:11	1199	11	2	390	344	18	-16	357	-390	0	7	390	688	30	0	30	446	207
2015-02-09	22:22:11	1199	11	2	391	345	18	-16	357	-356	0	7	391	689	26	0	30	446	207
2015-02-09	22:23:11	1199	11	2	392	346	16	-17	357	-321	0	7	392	692	26	0	30	446	207
2015-02-09	22:24:11	1199	11	2	393	347	14	-18	357	-285	0	7	393	695	27	0	30	446	207
2015-02-09	22:25:11	1199	11	2	394	348	13	-19	354	-248	0	7	394	696	24	0	30	446	208
2015-02-09	22:26:11	1199	11	2	395	349	13	-19	357	-210	0	7	395	698	22	0	30	446	207
2015-02-09	22:27:11	1199	11	2	396	350	13	-19	357	-171	0	7	395	701	27	0	30	446	207
2015-02-09	22:28:11	1199	11	2	397	351	13	-19	357	-132	0	7	396	702	25	0	30	446	207
2015-02-09	22:29:11	1199	11	2	397	352	13	-19	357	-92	0	7	397	702	22	0	30	446	207
2015-02-09	22:30:11	1199	11	2	398	353	11	-19	357	-51	0	7	398	705	26	0	30	446	207
2015-02-09	22:31:11	1199	11	2	399	353	11	-20	357	-9	0	7	398	707	26	0	30	446	207
2015-02-09	22:32:11	1199	12	2	399	353	11	-16	356	33	0	2	401	699	27	0	10	446	207
2015-02-09	22:33:11	1199	12	2	399	352	14	8	356	76	0	2	412	636	63	0	10	446	207
2015-02-09	22:34:11	1199	11	2	399	351	19	14	357	121	0	2	420	575	98	0	10	446	207
2015-02-09	22:35:11	1199	12	2	399	351	21	19	356	164	0	2	420	523	133	0	10	445	207
2015-02-09	22:36:11	1199	12	2	399	350	24	21	356	207	0	2	415	487	160	0	10	445	207
2015-02-09	22:37:11	1199	12	3	397	348	27	24	356	252	0	2	408	464	185	0	10	445	207
2015-02-09	22:38:11	1199	12	3	394	347	30	29	353	291	0	2	400	446	208	0	10	445	208
2015-02-09	22:39:11	1199	13	3	390	345	34	34	357	330	0	2	392	431	225	0	10	445	207
2015-02-09	22:40:11	1199	13	3	386	343	36	38	357	361	0	2	385	419	236	0	10	445	207
2015-02-09	22:41:11	1199	13	3	382	341	38	41	357	391	0	2	377	407	246	0	10	445	207
2015-02-09	22:42:11	1199	13	3	377	340	41	43	357	413	0	2	370	397	252	0	10	445	207
2015-02-09	22:43:11	1199	12	3	372	338	44	44	356	430	0	2	365	389	257	0	10	444	207
2015-02-09	22:44:11	1199	13	3	367	337	47	47	357	442	0	2	360	382	261	0	10	444	207
2015-02-09	22:45:11	1199	13	3	364	336	49	47	357	450	0	2	358	375	264	0	10	444	207
2015-02-09	22:46:11	1199	13	3	360	335	52	49	357	457	0	2	355	370	266	0	10	444	207
2015-02-09	22:47:11	1199	13	3	358	334	55	50	354	461	0	2	352	365	268	0	10	444	208
2015-02-09	22:48:11	1199	13	3	355	332	57	52	357	461	0	2	350	361	269	0	10	444	207
2015-02-09	22:49:11	1199	13	3	352	331	59	53	354	461	0	2	348	358	269	0	10	444	208
2015-02-09	22:50:11	1199	13	3	351	331	62	53	357	455	0	2	347	356	269	0	10	443	207
2015-02-09	22:51:11	1199	13	3	349	331	63	55	354	448	0	2	345	354	270	0	10	443	208
2015-02-09	22:52:11	1199	13	3	348	330	66	55	354	442	0	2	344	351	270	0	10	443	208
2015-02-09	22:53:11	1199	13	3	347	329	68	56	354	432	0	2	343	349	270	0	10	443	208
2015-02-09	22:54:11	1199	13	3	346	328	71	58	354	424	0	2	342	347	269	0	10	443	208
2015-02-09	22:55:11	1199	13	3	345	327	72	58	357	412	0	2	341	345	269	0	10	443	207
2015-02-09	22:56:11	1199	13	3	344	325	74	59	354	402	0	2	339	343	268	0	10	442	208
2015-02-09	22:57:11	1199	13	3	343	324	76	60	354	392	0	2	338	341	268	0	10	442	208
2015-02-09	22:58:11	1199	13	3	343	323	78	61	354	378	0	2	337	340	267	0	10	442	208
2015-02-09	22:59:11	1199	13	3	342	322	80	62	354	363	0	2	336	338	267	0	10	442	208
2015-02-09	23:00:11	1199	13	3	341	321	82	62	354	350	0	2	335	336	266	0	10	441	208
2015-02-09	23:01:11	1199	13	3	340	320	83	63	354	333	0	2	333	334	265	0	10	441	208
2015-02-09	23:02:11	1199	13	3	339	319	85	65	354	318	0	2	332	333	265	0	10	441	208
2015-02-09	23:03:11	1199	13	3	339	318	86	65	354	299	0	2	331	331	264	0	10	441	208
2015-02-09	23:04:11	1199	13	4	337	317	88	66	354	282	0	2	331	331	264	0	10	440	208
2015-02-09	23:05:11	1199	13	4	336	315	90	66	354	264	0	2	330	329	263	0	10	440	208
2015-02-09	23:06:11	1199	13	4	335	314	91	68	354	245	0	2	329	328	262	0	10	439	208
2015-02-09	23:07:11	1199	13	4	334	313	92	69	354	225	0	2	328	326	262	0	10	439	208
2015-02-09	23:08:11	1199	13	4	333	312	95	69	354	205	0	2	327	325	261	0	10	439	208
2015-02-09	23:09:12	1199	13	4	332	311	96	71	354	184	0	2	326	324	260	0	10	438	208
2015-02-09	23:10:12	1199	13	4	331	310	98	71	354	162	0	2	325	323	260	0	10	438	208
2015-02-09	23:11:12	1199	13	4	331	308	99	72	354	139	0	2	324	322	259	0	10	437	208
2015-02-09	23:12:12	1199	13	4	331	307	100	72	354	113	0	2	324	320	258	0	10	437	208
2015-02-09	23:13:12	1199	13	4	329	306	102	73	357	90	0	2	323	319	258	0	10	436	207
2015-02-09	23:14:12	1199	13	4	329	305	103	73	354	65	0	2	322	318	257	0	10	434	208
2015-02-09	23:15:12	1199	12	4	328	304	104	75	353	40	0	14	321	317	257	0	20	418	208
2015-02-09	23:16:12	1199	12	4	315	332	32	49	353	15	0	15	340	508	22	0	20	346	208
2015-02-09	23:17:12	1199	12	4	382	351	29	7	353	-10	0	15	399	586	4	0	20	269	208
2015-02-09	23:18:13	1199	12	4	418	365	29	-5	353	-35	0	15	425	648	39	0	20	217	208
2015-02-09	23:19:13	1199	12	4	442	383	31	-5	353	-60	0	15	448	681	38	0	20	186	208
2015-02-09	23:20:13	1199	11	4	459	397	32	-3	354	-85	0	15	463	707	44	0	20	172	208
2015-02-09	23:21:13	1199	11	4	472	408	33	-1	354	-110	0	15	475	723	42	0	20	168	208
2015-02-09	23:22:13	1199	11	4	481	416	34	1	354	-135	0	15	483	739	44	0	20	172	208
2015-02-09	23:23:13	1199	11	4	490	422	33	1	354	-160	0	15	491	751	47	0	20	180	208
2015-02-09	23:24:13	1199	11	4	496	428	32	1	354	-185	0	15	497	761	43	0	20	190	208
2015-02-09	23:25:13	1199	11	4	501	434	32	2	354	-210	0	15	502	771	44	0	20	201	208
2015-02-09	23:26:13	1199	11	4	506	440	32	2	354	-235	0	15	507	781	47	0	20	212	208
2015-02-09	23:27:13	1199	11	4	512	445	32	2	354	-260	0	15	513	790	46	0	20	225	208
2015-02-09	23:28:13	1199	11	4	517	451	34	4	354	-285	0	15	518	797	45	0	20	237	208
2015-02-09	23:29:13	1199	11	4	521	449	35	4	354	-310	0	15	520	805	50	0	20	250	208
2015-02-09	23:30:13	1199	11	4	519	442	32	4	354	-335	0	15	517	803	47	0	20	260	208
2015-02-09	23:31:13	1199	11	4	513	431	27	1	354	-360	0	15	508	799	39	0	20	267	208
2015-02-09	23:32:13	1199	11	4	502	420	24	-3	354	-385	0	15	498	792	37	0	20	272	208
2015-02-09	23:33:13	1199	11	4	492	409	23	-6	354	-410	0	15	488	787	38	0	20	270	208
2015-02-09	23:34:13	1199	11	4	482	398	22	-8	351	-435	0	15	478	780	38	0	20	258	209
2015-02-09	23:35:13	1199	11	4	474	392	22	-9	351	-460	0	15	470	773	35	0	20	240	209
2015-02-09	23:36:13	1199	11	4	469	392	21	-9	351	-485	0	15	468	769	32	0	20	226	209
2015-02-09	23:37:13	1199	11	4	469	395	21	-10	354	-510	0	15	468	771	35	0	20	218	208
2015-02-09	23:38:13	1199	11	5	471	400	21	-10	351	-535	0	15	471	776	37	0	20	215	209
2015-02-09	23:39:13	1199	11	5	475	406	21	-10	351	-560	0	15	475	780	35	0	20	219	209
2015-02-09	23:40:13	1199	11	5	480	412	20	-9	354	-585	0	15	481	785	33	0	20	225	208
2015-02-09	23:41:13	1199	11	5	482	326	21	-8	351	-610	0	7	475	780	34	0	30	234	209
2015-02-09	23:42:13	1199	11	5	358	284	21	-13	351	-610	0	7	338	677	37	0	30	244	209
2015-02-09	23:43:13	1199	11	5	337	276	20	-13	351	-610	0	7	335	659	26	0	30	254	209
2015-02-09	23:44:13	1199	11	5	332	281	19	-15	351	-629	0	7	333	653	27	0	30	261	209
2015-02-09	23:45:13	1199	11	5	335	284	19	-17	351	-646	0	7	337	654	29	0	30	266	209
2015-02-09	23:46:13	1199	11	5	339	293	18	-17	351	-661	0	7	344	655	21	0	30	271	209
2015-02-09	23:47:13	1199	11	5	345	299	16	-19	351	-669	0	7	348	660	29	0	30	274	209
2015-02-09	23:48:13	1199	11	5	352	305	16	-19	351	-671	0	7	356	666	24	0	30	277	209
2015-02-09	23:49:13	1199	11	5	356	309	16	-19	351	-670	0	7	358	667	24	0	30	279	209
2015-02-09	23:50:13	1199	11	5	358	311	14	-19	351	-663	0	7	361	671	26	0	30	281	209
2015-02-09	23:51:13	1199	11	5	360	315	14	-19	354	-654	0	7	363	671	21	0	30	283	208
2015-02-09	23:52:13	1199	11	5	363	317	14	-20	351	-643	0	7	364	674	26	0	30	284	209
2015-02-09	23:53:13	1199	11	5	366	320	14	-19	351	-629	0	7	369	677	23	0	30	286	209
2015-02-09	23:54:13	1199	11	5	369	324	13	-20	351	-613	0	7	370	678	22	0	30	287	209
2015-02-09	23:55:13	1199	11	5	371	327	11	-21	351	-594	0	7	373	682	26	0	30	288	209
2015-02-09	23:56:13	1199	11	5	375	311	10	-22	351	-572	0	15	381	687	21	0	20	290	209
2015-02-09	23:57:13	1199	11	5	399	363	9	-21	351	-572	0	15	415	710	17	0	20	291	209
2015-02-09	23:58:13	1199	11	5	437	396	9	-19	351	-572	0	15	448	743	27	0	20	293	209
2015-02-09	23:59:13	1199	11	5	465	416	8	-19	351	-572	0	15	471	766	25	0	20	294	209
2015-02-10	00:00:13	1199	11	5	483	429	9	-19	351	-572	0	15	489	783	24	0	20	297	209
2015-02-10	00:01:13	1199	11	5	496	439	8	-17	354	-572	0	15	500	799	25	0	20	302	208
2015-02-10	00:02:13	1199	11	5	505	448	6	-17	354	-572	0	15	507	811	27	0	20	307	208
2015-02-10	00:03:13	1199	11	5	513	454	8	-17	351	-572	0	15	515	821	28	0	20	313	209
2015-02-10	00:04:13	1199	11	5	519	460	9	-17	351	-572	0	15	520	829	26	0	20	320	209
2015-02-10	00:05:13	1199	11	5	524	466	8	-15	354	-572	0	15	526	837	26	0	20	326	208
2015-02-10	00:06:13	1199	11	5	530	471	9	-15	351	-572	0	15	531	845	30	0	20	331	209
2015-02-10	00:07:13	1199	11	5	535	477	8	-14	351	-572	0	15	536	853	30	0	20	338	209
2015-02-10	00:08:13	1199	11	5	539	482	8	-15	351	-572	0	15	540	860	29	0	20	344	209
2015-02-10	00:09:13	1199	11	5	544	487	6	-14	351	-572	0	15	545	866	25	0	20	350	209
2015-02-10	00:10:13	1199	11	5	548	492	8	-14	351	-572	0	15	549	875	30	0	20	356	209
2015-02-10	00:11:13	1199	11	5	553	497	8	-13	351	-572	0	15	554	881	32	0	20	361	209
2015-02-10	00:12:13	1199	11	5	557	501	9	-13	351	-572	0	15	558	888	32	0	20	367	209
2015-02-10	00:13:13	1199	11	5	562	505	9	-12	351	-572	0	15	563	893	32	0	20	374	209
2015-02-10	00:14:13	1199	11	5	566	510	9	-11	354	-572	0	15	567	899	32	0	20	380	208
2015-02-10	00:15:13	1199	11	5	570	515	8	-12	354	-572	0	15	571	907	34	0	20	386	208
2015-02-10	00:16:13	1199	11	5	571	368	8	-12	351	-572	0	7	561	899	34	0	30	392	209
2015-02-10	00:17:13	1199	11	5	396	312	9	-19	351	-572	0	7	367	745	28	0	30	398	209
2015-02-10	00:18:13	1199	11	5	361	298	9	-23	351	-572	0	7	356	713	18	0	30	402	209
2015-02-10	00:19:13	1199	11	5	354	304	9	-22	354	-571	0	7	355	702	19	0	30	406	208
2015-02-10	00:20:13	1199	11	5	357	311	9	-23	351	-569	0	7	358	704	24	0	30	409	209
2015-02-10	00:21:13	1199	11	5	365	321	8	-23	351	-559	0	7	369	706	17	0	30	411	209
2015-02-10	00:22:13	1199	11	5	372	330	9	-23	351	-541	0	7	374	711	22	0	30	412	209
2015-02-10	00:23:13	1199	11	6	378	332	10	-23	351	-518	0	7	381	714	24	0	30	413	209
2015-02-10	00:24:14	1199	11	6	382	333	10	-21	351	-492	0	7	383	711	19	0	30	414	209
2015-02-10	00:25:14	1199	11	6	383	335	9	-22	351	-461	0	7	383	713	22	0	30	414	209
2015-02-10	00:26:14	1199	11	6	385	338	11	-21	351	-428	0	7	385	714	26	0	30	414	209
2015-02-10	00:27:14	1199	11	6	385	333	11	-21	351	-393	0	7	384	708	21	0	30	414	209
2015-02-10	00:28:14	1199	10	6	383	334	9	-21	351	-361	0	7	383	707	21	0	30	414	209
2015-02-10	00:29:14	1199	9	6	383	336	7	-21	353	-328	0	7	384	709	22	0	30	413	208
2015-02-10	00:30:14	1199	9	6	385	337	5	-25	350	-294	0	7	385	710	19	0	30	413	209
2015-02-10	00:31:14	1199	9	6	386	382	6	-25	353	-259	0	15	392	714	16	0	20	413	208
2015-02-10	00:32:14	1199	9	6	457	430	2	-22	350	-259	0	15	477	780	18	0	20	412	209
2015-02-10	00:33:14	1199	9	6	505	473	4	-20	353	-259	0	15	519	823	21	0	20	412	208
2015-02-10	00:34:14	1199	9	6	537	499	5	-17	350	-259	0	15	545	854	27	0	20	413	209
2015-02-10	00:35:14	1199	9	6	557	515	4	-15	350	-259	0	15	563	876	30	0	20	415	209
2015-02-10	00:36:14	1199	8	6	571	524	4	-15	353	-259	0	15	574	893	29	0	20	418	208
2015-02-10	00:37:14	1199	8	6	580	531	6	-14	353	-259	0	15	582	906	31	0	20	420	208
2015-02-10	00:38:14	1199	8	6	587	537	6	-13	350	-259	0	15	588	916	34	0	20	423	209
2015-02-10	00:39:14	1199	8	6	592	542	5	-12	350	-259	0	15	594	926	31	0	20	428	209
2015-02-10	00:40:14	1199	8	6	596	547	4	-12	350	-259	0	15	597	935	34	0	20	433	209
2015-02-10	00:41:14	1199	8	6	601	550	6	-12	350	-259	0	15	602	944	35	0	20	437	209
2015-02-10	00:42:14	1199	8	6	605	555	4	-11	350	-259	0	15	607	952	35	0	20	441	209
2015-02-10	00:43:14	1199	8	6	607	558	4	-12	350	-259	0	15	613	960	26	0	20	446	209
2015-02-10	00:44:14	1199	8	6	611	562	4	-12	350	-259	0	15	617	968	29	0	20	451	209
2015-02-10	00:45:14	1199	8	6	614	566	7	-9	350	-259	0	15	621	977	36	0	20	456	209
2015-02-10	00:46:14	1199	8	6	618	570	6	-8	350	-259	0	15	624	982	36	0	20	460	209
2015-02-10	00:47:14	1199	8	6	498	310	9	-13	350	-259	0	7	437	832	34	0	30	464	209
2015-02-10	00:48:14	1199	8	6	389	310	8	-19	350	-259	0	7	376	753	-2	0	30	469	209
2015-02-10	00:49:14	1199	8	6	364	308	9	-22	350	-259	0	7	360	731	22	0	30	472	209
2015-02-10	00:50:14	1199	8	6	363	313	8	-25	350	-247	0	7	364	723	20	0	30	475	209
2015-02-10	00:51:14	1199	9	6	365	322	9	-23	350	-234	0	7	368	720	18	0	30	476	209
2015-02-10	00:52:14	1199	9	6	374	329	9	-23	350	-216	0	7	376	726	26	0	30	478	209
2015-02-10	00:53:14	1199	9	6	381	335	9	-23	350	-191	0	7	383	726	21	0	30	478	209
2015-02-10	00:54:14	1199	9	6	385	336	9	-21	350	-157	0	7	386	725	19	0	30	479	209
2015-02-10	00:55:14	1199	9	6	385	335	9	-23	350	-122	0	7	385	724	22	0	30	479	209
2015-02-10	00:56:14	1199	9	6	385	336	9	-23	350	-87	0	7	385	723	26	0	30	479	209
2015-02-10	00:57:14	1199	9	6	386	338	10	-21	350	-51	0	7	386	719	21	0	30	479	209
2015-02-10	00:58:14	1199	9	6	387	340	9	-21	350	-15	0	7	388	719	21	0	30	478	209
2015-02-10	00:59:14	1199	9	6	389	342	9	-15	350	23	0	2	389	712	34	0	10	478	209
2015-02-10	01:00:14	1199	9	6	389	341	12	2	350	62	0	2	399	652	73	0	10	478	209
2015-02-10	01:01:14	1199	10	6	389	341	16	9	351	101	0	2	408	594	111	0	10	477	209
2015-02-10	01:02:14	1199	10	6	388	340	19	14	351	139	0	2	408	549	146	0	10	477	209
2015-02-10	01:03:14	1199	11	6	387	340	22	19	351	173	0	2	404	516	175	0	10	476	209
2015-02-10	01:04:14	1199	11	6	386	339	26	21	351	205	0	2	397	494	201	0	10	475	209
2015-02-10	01:05:14	1199	11	6	383	337	29	26	351	238	0	2	390	476	225	0	10	474	209
2015-02-10	01:06:14	1199	11	6	380	335	32	30	351	268	0	2	383	461	243	0	10	474	209
2015-02-10	01:07:14	1199	11	6	377	333	35	35	351	295	0	2	376	448	257	0	10	473	209
2015-02-10	01:08:14	1199	11	6	373	332	38	37	351	318	0	2	369	437	266	0	10	472	209
2015-02-10	01:09:14	1199	11	6	369	331	41	40	351	337	0	2	363	428	273	0	10	471	209
2015-02-10	01:10:14	1199	11	6	365	330	44	42	351	352	0	2	358	420	279	0	10	471	209
2015-02-10	01:11:14	1199	11	6	361	329	47	43	351	364	0	2	355	413	283	0	10	470	209
2015-02-10	01:12:14	1199	11	6	358	328	50	46	351	373	0	2	351	407	286	0	10	469	209
2015-02-10	01:13:14	1199	11	6	356	327	53	47	351	380	0	2	348	401	288	0	10	469	209
2015-02-10	01:14:14	1199	11	6	353	326	56	49	351	384	0	2	345	396	290	0	10	468	209
2015-02-10	01:15:14	1199	11	6	351	326	58	49	351	385	0	2	343	392	291	0	10	468	209
2015-02-10	01:16:14	1199	11	6	348	325	61	50	351	383	0	2	341	388	291	0	10	468	209
2015-02-10	01:17:14	1199	11	6	346	324	63	52	351	379	0	2	340	385	291	0	10	467	209
2015-02-10	01:18:14	1199	11	6	344	324	66	53	351	377	0	2	338	381	291	0	10	467	209
2015-02-10	01:19:14	1199	11	6	342	323	69	53	351	369	0	2	338	378	291	0	10	467	209
2015-02-10	01:20:14	1199	12	6	341	323	71	55	351	363	0	2	337	375	290	0	10	467	209
2015-02-10	01:21:14	1199	12	6	339	322	73	56	351	352	0	2	336	372	290	0	10	467	209
2015-02-10	01:22:14	1199	11	6	339	321	75	57	351	340	0	2	335	369	289	0	10	467	209
2015-02-10	01:23:14	1199	11	6	337	321	78	58	351	327	0	2	334	367	289	0	10	467	209
2015-02-10	01:24:14	1199	11	6	337	320	79	58	351	313	0	2	334	364	288	0	10	467	209
2015-02-10	01:25:14	1199	11	6	336	320	82	59	351	298	0	2	333	362	287	0	10	467	209
2015-02-10	01:26:14	1199	11	6	335	319	83	61	351	283	0	2	332	360	286	0	10	467	209
2015-02-10	01:27:14	1199	11	6	335	318	84	61	351	267	0	2	331	358	286	0	10	467	209
2015-02-10	01:28:14	1199	11	6	334	317	87	62	351	251	0	2	331	358	285	0	10	467	209
2015-02-10	01:29:14	1199	11	6	334	316	88	62	351	234	0	2	330	356	284	0	10	467	209
2015-02-10	01:30:14	1199	11	6	333	315	90	63	351	216	0	2	329	354	283	0	10	467	209
2015-02-10	01:31:14	1199	11	7	333	314	92	65	351	198	0	2	328	352	282	0	10	467	209
2015-02-10	01:32:14	1199	11	7	332	313	93	65	347	183	0	2	328	351	281	0	10	467	210
2015-02-10	01:33:14	1199	11	7	331	312	95	66	351	164	0	2	326	349	280	0	10	467	209
2015-02-10	01:34:14	1199	11	7	331	312	96	67	347	144	0	2	326	348	279	0	10	467	210
2015-02-10	01:35:14	1199	11	7	331	311	98	68	351	124	0	2	325	346	278	0	10	466	209
2015-02-10	01:36:14	1199	11	7	330	310	99	69	347	104	0	2	324	345	278	0	10	467	210
2015-02-10	01:37:14	1199	11	7	330	309	100	70	351	83	0	2	323	343	277	0	10	467	209
2015-02-10	01:38:15	1199	11	7	329	308	102	71	351	65	0	2	322	342	276	0	10	466	209
2015-02-10	01:39:15	1199	10	7	328	307	103	71	351	45	0	2	321	340	275	0	10	466	209
2015-02-10	01:40:15	1199	9	7	328	306	104	72	347	24	0	2	321	339	274	0	10	466	210
2015-02-10	01:41:15	1199	9	7	327	305	106	73	350	1	0	2	320	338	274	0	10	466	209
2015-02-10	01:42:15	1199	9	7	326	304	107	73	350	-20	0	2	319	336	273	0	10	466	209
2015-02-10	01:43:15	1199	9	7	325	303	108	75	350	-44	0	2	318	335	272	0	10	466	209
2015-02-10	01:44:15	1199	9	7	324	302	109	75	350	-66	0	2	318	334	272	0	10	466	209
2015-02-10	01:45:15	1199	9	7	324	302	111	76	347	-92	0	2	317	333	271	0	10	466	210
2015-02-10	01:46:15	1199	9	7	323	301	112	76	347	-119	0	2	316	332	270	0	10	466	210
2015-02-10	01:47:15	1199	9	7	322	300	113	78	347	-146	0	2	316	331	270	0	10	466	210
2015-02-10	01:48:15	1199	9	7	321	299	115	78	350	-174	0	2	315	331	269	0	10	466	209
2015-02-10	01:49:15	1199	9	7	321	298	116	79	350	-203	0	2	315	330	269	0	10	466	209
2015-02-10	01:50:15	1199	9	7	320	297	116	79	347	-230	0	2	314	329	268	0	10	466	210
2015-02-10	01:51:15	1199	9	7	319	296	117	80	350	-261	0	2	313	328	268	0	10	466	209
2015-02-10	01:52:15	1199	9	7	319	295	118	80	350	-289	0	2	313	327	267	0	10	466	209
2015-02-10	01:53:15	1199	9	7	318	295	120	81	347	-318	0	2	312	326	266	0	10	466	210
2015-02-10	01:54:15	1199	9	7	317	294	121	82	350	-350	0	2	312	325	266	0	10	466	209
2015-02-10	01:55:15	1199	9	7	317	294	121	82	347	-380	0	2	311	324	265	0	10	466	210
2015-02-10	01:56:15	1199	9	7	316	293	122	83	350	-414	0	2	310	323	265	0	10	465	209
2015-02-10	01:57:15	1199	9	7	315	292	123	83	350	-448	0	2	310	322	265	0	10	465	209
2015-02-10	01:58:15	1199	9	7	315	292	125	83	347	-480	0	2	309	321	264	0	10	465	210
2015-02-10	01:59:15	1199	9	7	315	291	125	84	350	-512	0	2	309	320	263	0	10	465	209
2015-02-10	02:00:15	1199	9	7	314	290	126	84	347	-548	0	2	308	320	263	0	10	465	210
2015-02-10	02:01:15	1199	9	7	313	290	127	85	347	-585	0	2	308	319	263	0	10	466	210
2015-02-10	02:02:15	1199	9	7	310	281	109	84	350	-622	0	7	302	319	262	0	30	465	209
2015-02-10	02:03:15	1199	8	7	313	269	30	26	350	-622	0	7	321	505	6	0	30	465	209
2015-02-10	02:04:15	1199	8	7	323	273	29	-4	350	-622	0	7	329	552	14	0	30	465	209
2015-02-10	02:05:15	1199	9	7	327	274	30	-10	350	-643	0	7	327	581	41	0	30	465	209
2015-02-10	02:06:15	1199	9	7	329	278	32	-9	350	-665	0	7	333	590	34	0	30	465	209
2015-02-10	02:07:15	1199	9	7	333	283	34	-9	347	-681	0	7	337	600	40	0	30	465	210
2015-02-10	02:08:15	1199	9	7	338	289	34	-8	350	-692	0	7	344	607	35	0	30	465	209
2015-02-10	02:09:15	1199	9	7	344	294	35	-8	350	-700	0	7	347	614	43	0	30	465	209
2015-02-10	02:10:15	1199	9	7	349	299	34	-6	350	-703	0	7	354	620	36	0	30	464	209
2015-02-10	02:11:15	1199	9	7	353	303	34	-6	350	-701	0	7	356	626	40	0	30	464	209
2015-02-10	02:12:15	1199	9	7	358	307	34	-6	350	-695	0	7	359	632	38	0	30	464	209
2015-02-10	02:13:15	1199	9	7	359	311	32	-6	350	-687	0	7	361	636	38	0	30	464	209
2015-02-10	02:14:15	1199	10	7	363	314	32	-6	351	-676	0	7	365	641	38	0	30	464	209
2015-02-10	02:15:15	1199	11	7	366	317	34	-6	351	-663	0	7	368	645	38	0	30	464	209
2015-02-10	02:16:15	1199	11	7	369	320	34	-5	351	-646	0	7	370	649	41	0	30	464	209
2015-02-10	02:17:15	1199	11	7	372	324	28	-8	351	-626	0	7	374	653	32	0	30	464	209
2015-02-10	02:18:15	1199	11	7	374	327	24	-12	351	-600	0	7	375	658	30	0	30	463	209
2015-02-10	02:19:15	1199	11	7	377	329	21	-13	351	-572	0	7	377	663	32	0	30	463	209
2015-02-10	02:20:15	1199	11	7	378	331	21	-15	351	-545	0	7	380	666	26	0	30	463	209
2015-02-10	02:21:15	1199	12	7	381	332	19	-15	351	-516	0	7	381	670	29	0	30	463	209
2015-02-10	02:22:15	1199	12	7	383	334	19	-17	351	-485	0	7	383	674	29	0	30	463	209
2015-02-10	02:23:15	1199	13	7	385	336	19	-15	350	-451	0	7	386	675	25	0	30	462	209
2015-02-10	02:24:15	1199	13	7	386	338	18	-15	350	-415	0	7	386	680	29	0	30	462	209
2015-02-10	02:25:15	1199	13	7	387	340	18	-17	350	-379	0	7	388	682	29	0	30	462	209
2015-02-10	02:26:15	1199	13	7	389	342	18	-17	350	-341	0	7	389	684	24	0	30	462	209
2015-02-10	02:27:15	1199	12	7	390	343	17	-17	351	-302	0	7	390	688	29	0	30	462	209
2015-02-10	02:28:15	1199	12	7	392	344	17	-17	351	-262	0	7	391	689	27	0	30	461	209
2015-02-10	02:29:15	1199	11	7	393	346	16	-17	351	-221	0	7	393	691	26	0	30	461	209
2015-02-10	02:30:15	1199	11	7	394	347	16	-17	351	-178	0	7	393	694	28	0	30	461	209
2015-02-10	02:31:15	1199	11	7	395	348	14	-17	351	-134	0	7	395	695	25	0	30	461	209
2015-02-10	02:32:15	1199	11	7	396	349	13	-19	351	-90	0	7	396	698	22	0	30	460	209
2015-02-10	02:33:15	1199	11	7	397	351	13	-19	351	-44	0	7	396	701	26	0	30	460	209
2015-02-10	02:34:15	1199	11	7	398	351	12	-14	351	2	0	2	399	693	30	0	10	460	209
2015-02-10	02:35:15	1199	11	7	397	350	16	8	351	49	0	2	410	631	67	0	10	460	209
2015-02-10	02:36:15	1199	11	7	398	349	21	16	351	95	0	2	419	567	104	0	10	459	209
2015-02-10	02:37:16	1199	11	7	398	348	24	22	351	142	0	2	418	518	137	0	10	459	209
2015-02-10	02:38:16	1199	11	7	397	347	27	31	351	189	0	2	413	483	163	0	10	459	209
2015-02-10	02:39:16	1199	11	7	396	346	30	40	351	235	0	2	407	459	185	0	10	458	209
2015-02-10	02:40:16	1199	11	7	393	344	32	47	351	279	0	2	399	442	207	0	10	458	209
2015-02-10	02:41:16	1199	11	7	390	342	35	52	351	320	0	2	391	427	224	0	10	458	209
2015-02-10	02:42:16	1199	11	7	386	340	38	55	351	357	0	2	384	415	235	0	10	457	209
2015-02-10	02:43:16	1199	11	7	383	338	41	56	351	391	0	2	376	403	244	0	10	457	209
2015-02-10	02:44:16	1199	11	7	378	336	44	58	351	420	0	2	369	394	252	0	10	457	209
2015-02-10	02:45:16	1199	11	7	373	335	46	59	351	444	0	2	364	386	256	0	10	456	209
2015-02-10	02:46:16	1199	11	7	369	334	49	61	351	463	0	2	360	379	260	0	10	456	209
2015-02-10	02:47:16	1199	11	7	365	332	50	61	351	478	0	2	357	372	263	0	10	456	209
2015-02-10	02:48:16	1199	11	7	361	331	53	61	351	490	0	2	354	366	265	0	10	456	209
2015-02-10	02:49:16	1199	11	7	358	331	55	62	351	499	0	2	351	362	266	0	10	455	209
2015-02-10	02:50:16	1199	11	7	356	330	58	62	351	506	0	2	349	359	267	0	10	455	209
2015-02-10	02:51:16	1199	11	7	354	329	59	63	351	510	0	2	347	357	268	0	10	455	209
2015-02-10	02:52:16	1199	11	7	352	329	62	63	351	512	0	2	345	354	268	0	10	455	209
2015-02-10	02:53:17	1199	11	8	350	328	63	65	351	511	0	2	344	351	268	0	10	454	209
2015-02-10	02:54:17	1199	11	8	348	327	66	65	351	509	0	2	343	349	268	0	10	454	209
2015-02-10	02:55:17	1199	11	8	346	326	68	66	351	505	0	2	341	347	268	0	10	454	209
2015-02-10	02:56:17	1199	11	8	345	325	71	66	351	500	0	2	340	345	268	0	10	454	209
2015-02-10	02:57:17	1199	11	8	344	324	72	68	351	498	0	2	339	342	267	0	10	453	209
2015-02-10	02:58:17	1199	11	8	343	324	73	68	351	491	0	2	338	341	267	0	10	453	209
2015-02-10	02:59:17	1199	11	8	342	323	76	69	351	483	0	2	337	338	266	0	10	453	209
2015-02-10	03:00:17	1199	11	8	342	322	78	71	351	474	0	2	336	337	266	0	10	453	209
2015-02-10	03:01:17	1199	11	8	341	321	79	71	351	464	0	2	334	335	265	0	10	453	209
2015-02-10	03:02:17	1199	11	8	340	320	82	72	351	453	0	2	333	333	265	0	10	452	209
2015-02-10	03:03:17	1199	11	8	340	319	83	72	347	441	0	2	333	331	264	0	10	452	210
2015-02-10	03:04:17	1199	11	8	338	318	84	73	347	429	0	2	331	331	263	0	10	452	210
2015-02-10	03:05:17	1199	11	8	337	317	87	73	351	416	0	2	331	329	263	0	10	452	209
2015-02-10	03:06:17	1199	11	8	336	316	88	75	351	402	0	2	330	328	262	0	10	452	209
2015-02-10	03:07:17	1199	11	8	336	315	90	76	351	387	0	2	329	327	262	0	10	451	209
2015-02-10	03:08:17	1199	11	8	335	314	91	76	351	371	0	2	328	325	261	0	10	451	209
2015-02-10	03:09:17	1199	11	8	334	313	92	76	351	354	0	2	327	324	260	0	10	451	209
2015-02-10	03:10:17	1199	11	8	333	312	94	78	351	340	0	2	326	323	260	0	10	451	209
2015-02-10	03:11:17	1199	11	8	332	311	95	78	347	321	0	2	325	321	259	0	10	450	210
2015-02-10	03:12:17	1199	11	8	331	309	96	79	351	305	0	2	324	320	259	0	10	450	209
2015-02-10	03:13:17	1199	11	8	331	309	98	79	351	285	0	2	323	319	258	0	10	450	209
2015-02-10	03:14:17	1199	11	8	330	308	99	80	351	265	0	2	322	318	257	0	10	450	209
2015-02-10	03:15:17	1199	11	8	329	307	100	80	351	244	0	2	321	317	257	0	10	449	209
2015-02-10	03:16:17	1199	11	8	328	306	102	80	347	222	0	2	321	316	256	0	10	449	210
2015-02-10	03:17:17	1199	11	8	327	304	103	82	347	199	0	2	320	315	256	0	10	449	210
2015-02-10	03:18:17	1199	11	8	327	304	104	82	351	175	0	2	319	314	255	0	10	449	209
2015-02-10	03:19:17	1199	11	8	326	303	105	82	351	150	0	2	318	313	255	0	10	449	209
2015-02-10	03:20:17	1199	11	8	325	302	107	83	347	124	0	2	318	312	254	0	10	448	210
2015-02-10	03:21:17	1199	11	8	324	301	108	83	347	97	0	2	317	311	254	0	10	448	210
2015-02-10	03:22:17	1199	11	8	323	300	108	83	351	70	0	2	316	310	253	0	10	448	209
2015-02-10	03:23:17	1199	11	8	322	299	109	83	351	42	0	2	316	309	253	0	10	447	209
2015-02-10	03:24:17	1199	11	8	322	298	111	84	347	17	0	2	315	309	252	0	10	447	210
2015-02-10	03:25:17	1199	11	8	321	297	112	84	351	-13	0	2	314	308	252	0	10	447	209
2015-02-10	03:26:17	1199	11	8	320	296	112	84	351	-40	0	2	314	307	252	0	10	447	209
2015-02-10	03:27:17	1199	11	8	319	295	113	86	351	-67	0	2	313	306	251	0	10	446	209
2015-02-10	03:28:17	1199	11	8	319	295	115	86	347	-95	0	2	313	305	251	0	10	446	210
2015-02-10	03:29:17	1199	11	8	319	294	116	87	351	-128	0	2	312	305	251	0	10	446	209
2015-02-10	03:30:17	1199	11	8	318	294	116	87	351	-157	0	2	311	304	250	0	10	445	209
2015-02-10	03:31:17	1199	11	8	317	293	117	87	351	-191	0	2	311	303	250	0	10	445	209
2015-02-10	03:32:17	1199	11	8	316	293	118	87	347	-226	0	2	310	303	249	0	10	445	210
2015-02-10	03:33:17	1199	11	8	315	292	118	87	351	-261	0	2	310	302	249	0	10	445	209
2015-02-10	03:34:17	1199	11	8	315	291	120	88	351	-293	0	2	309	302	249	0	10	444	209
2015-02-10	03:35:17	1199	11	8	314	290	121	88	351	-329	0	2	308	301	248	0	10	444	209
2015-02-10	03:36:17	1199	11	8	313	289	121	88	351	-366	0	2	308	300	248	0	10	444	209
2015-02-10	03:37:17	1199	11	8	313	289	122	89	351	-404	0	2	307	300	248	0	10	443	209
2015-02-10	03:38:17	1199	11	8	312	288	123	90	351	-442	0	2	306	299	248	0	10	443	209
2015-02-10	03:39:17	1199	11	8	312	287	123	90	351	-481	0	2	306	299	247	0	10	443	209
2015-02-10	03:40:17	1199	11	8	311	287	125	90	347	-521	0	2	305	298	247	0	10	442	210
2015-02-10	03:41:17	1199	11	8	311	286	125	91	351	-557	0	2	305	298	247	0	10	442	209
2015-02-10	03:42:17	1199	11	8	310	285	126	91	351	-597	0	2	304	297	246	0	10	442	209
2015-02-10	03:43:17	1199	11	8	306	277	106	90	351	-634	0	7	297	297	246	0	30	442	209
2015-02-10	03:44:17	1199	11	8	311	267	33	26	351	-634	0	7	319	491	7	0	30	441	209
2015-02-10	03:45:17	1199	11	8	321	271	32	-2	351	-634	0	7	327	544	22	0	30	441	209
2015-02-10	03:46:17	1199	11	8	325	273	34	-6	351	-661	0	7	326	568	43	0	30	441	209
2015-02-10	03:47:17	1199	11	8	328	276	36	-6	351	-685	0	7	332	579	37	0	30	440	209
2015-02-10	03:48:17	1199	11	8	331	281	37	-6	351	-706	0	7	335	589	43	0	30	440	209
2015-02-10	03:49:17	1199	11	8	337	287	37	-6	351	-723	0	7	342	597	38	0	30	440	209
2015-02-10	03:50:17	1199	11	8	343	293	38	-5	351	-734	0	7	346	605	46	0	30	440	209
2015-02-10	03:51:17	1199	11	8	348	297	38	-4	351	-739	0	7	353	612	39	0	30	440	209
2015-02-10	03:52:17	1199	11	8	352	302	37	-4	351	-739	0	7	355	618	43	0	30	439	209
2015-02-10	03:53:17	1199	11	8	356	306	38	-5	351	-735	0	7	359	624	40	0	30	439	209
2015-02-10	03:54:17	1199	11	8	358	309	35	-5	351	-728	0	7	360	628	41	0	30	439	209
2015-02-10	03:55:17	1199	11	8	362	313	35	-5	351	-719	0	7	364	634	41	0	30	439	209
2015-02-10	03:56:17	1199	11	8	365	316	36	-5	351	-707	0	7	366	638	41	0	30	439	209
2015-02-10	03:57:17	1199	11	8	368	320	35	-4	351	-691	0	7	370	643	43	0	30	439	209
2015-02-10	03:58:17	1199	11	8	371	323	30	-5	351	-672	0	7	374	648	34	0	30	438	209
2015-02-10	03:59:17	1199	11	8	373	326	27	-10	351	-651	0	7	374	654	35	0	30	438	209
2015-02-10	04:00:17	1199	11	8	375	328	24	-11	351	-628	0	7	378	658	32	0	30	438	209
2015-02-10	04:01:17	1199	11	8	378	331	22	-12	351	-602	0	7	379	662	30	0	30	438	209
2015-02-10	04:02:17	1199	11	8	380	332	22	-13	351	-574	0	7	381	667	32	0	30	437	209
2015-02-10	04:03:17	1199	11	8	382	334	21	-14	351	-544	0	7	383	669	28	0	30	437	209
2015-02-10	04:04:17	1199	11	8	384	336	21	-15	351	-512	0	7	385	673	30	0	30	437	209
2015-02-10	04:05:17	1199	11	8	386	338	21	-15	351	-478	0	7	386	677	30	0	30	437	209
2015-02-10	04:06:17	1199	11	8	387	339	20	-14	351	-443	0	7	387	678	27	0	30	437	209
2015-02-10	04:07:17	1199	11	8	388	341	19	-15	354	-406	0	7	388	682	30	0	30	437	208
2015-02-10	04:08:17	1199	11	8	390	343	19	-15	351	-368	0	7	390	683	27	0	30	437	209
2015-02-10	04:09:18	1199	11	8	391	344	19	-15	354	-329	0	7	391	687	29	0	30	436	208
2015-02-10	04:10:18	1199	11	8	392	346	18	-15	351	-288	0	7	392	689	31	0	30	436	209
2015-02-10	04:11:18	1199	11	8	394	347	18	-15	351	-246	0	7	394	690	26	0	30	436	209
2015-02-10	04:12:18	1199	11	8	395	348	16	-15	351	-206	0	7	395	693	26	0	30	436	209
2015-02-10	04:13:18	1199	11	8	396	349	15	-17	354	-162	0	7	395	696	29	0	30	436	208
2015-02-10	04:14:18	1199	11	8	397	350	16	-17	351	-117	0	7	397	698	24	0	30	436	209
2015-02-10	04:15:18	1199	11	8	398	351	14	-17	351	-71	0	7	397	699	25	0	30	436	209
2015-02-10	04:16:18	1199	11	8	398	352	13	-18	351	-24	0	7	398	703	27	0	30	436	209
2015-02-10	04:17:18	1199	11	8	399	352	13	-13	351	24	0	2	403	695	29	0	10	436	209
2015-02-10	04:18:18	1199	12	8	399	351	16	8	351	72	0	2	420	632	66	0	10	435	209
2015-02-10	04:19:18	1199	12	8	400	350	21	16	351	120	0	2	429	571	100	0	10	435	209
2015-02-10	04:20:18	1199	13	8	401	350	25	24	354	171	0	2	428	519	136	0	10	435	208
2015-02-10	04:21:18	1199	13	9	402	349	27	33	350	223	0	2	423	483	162	0	10	435	209
2015-02-10	04:22:18	1199	13	9	401	347	30	43	354	275	0	2	416	459	184	0	10	435	208
2015-02-10	04:23:18	1199	13	9	400	346	32	50	350	326	0	2	407	442	206	0	10	435	209
2015-02-10	04:24:18	1199	13	9	397	343	35	55	350	375	0	2	398	427	224	0	10	435	209
2015-02-10	04:25:18	1199	13	9	393	341	38	58	350	420	0	2	390	415	236	0	10	435	209
2015-02-10	04:26:18	1199	13	9	388	339	40	59	350	460	0	2	383	404	246	0	10	435	209
2015-02-10	04:27:18	1199	13	9	383	338	43	61	350	496	0	2	376	394	252	0	10	434	209
2015-02-10	04:28:18	1199	13	9	378	336	46	62	350	527	0	2	369	386	257	0	10	434	209
2015-02-10	04:29:18	1199	13	9	373	335	47	63	350	552	0	2	364	379	261	0	10	434	209
2015-02-10	04:30:18	1199	13	9	368	334	50	65	350	572	0	2	360	372	263	0	10	434	209
2015-02-10	04:31:18	1199	13	9	365	333	52	65	350	588	0	2	357	366	265	0	10	434	209
2015-02-10	04:32:18	1199	13	9	361	332	55	65	350	600	0	2	355	362	267	0	10	434	209
2015-02-10	04:33:18	1199	13	9	358	331	57	66	350	605	0	2	352	359	268	0	10	434	209
2015-02-10	04:34:18	1199	13	9	356	331	59	66	350	612	0	2	350	357	268	0	10	433	209
2015-02-10	04:35:18	1199	13	9	354	330	61	66	350	617	0	2	348	354	268	0	10	433	209
2015-02-10	04:36:18	1199	13	9	352	329	63	68	350	619	0	2	346	351	268	0	10	433	209
2015-02-10	04:37:18	1199	13	9	350	328	65	68	350	620	0	2	344	349	268	0	10	433	209
2015-02-10	04:38:18	1199	13	9	348	327	68	69	350	619	0	2	343	347	268	0	10	433	209
2015-02-10	04:39:18	1199	13	9	347	326	69	69	350	617	0	2	341	345	268	0	10	433	209
2015-02-10	04:40:18	1199	13	9	346	325	71	71	350	613	0	2	340	342	267	0	10	433	209
2015-02-10	04:41:18	1199	13	9	344	324	73	71	350	608	0	2	338	340	267	0	10	432	209
2015-02-10	04:42:18	1199	13	9	343	323	75	72	350	602	0	2	337	339	266	0	10	432	209
2015-02-10	04:43:18	1199	13	9	342	322	78	72	350	595	0	2	336	337	266	0	10	432	209
2015-02-10	04:44:18	1199	13	9	341	321	79	73	350	586	0	2	334	335	265	0	10	432	209
2015-02-10	04:45:18	1199	12	9	340	320	80	73	351	577	0	2	333	333	265	0	10	432	209
2015-02-10	04:46:18	1199	12	9	339	319	82	75	351	567	0	2	332	331	264	0	10	432	209
2015-02-10	04:47:18	1199	12	9	338	318	84	75	351	556	0	2	331	331	263	0	10	432	209
2015-02-10	04:48:18	1199	12	9	337	317	86	76	351	543	0	2	331	329	263	0	10	432	209
2015-02-10	04:49:18	1199	12	9	336	316	87	76	351	529	0	2	330	328	262	0	10	432	209
2015-02-10	04:50:18	1199	12	9	335	315	88	77	351	513	0	2	329	327	261	0	10	431	209
2015-02-10	04:51:18	1199	12	9	334	314	90	78	351	496	0	2	328	325	261	0	10	431	209
2015-02-10	04:52:18	1199	13	9	333	313	91	78	350	478	0	2	327	324	260	0	10	431	209
2015-02-10	04:53:18	1199	12	9	332	312	93	79	351	459	0	2	326	323	259	0	10	431	209
2015-02-10	04:54:18	1199	13	9	331	310	95	79	350	440	0	2	325	321	259	0	10	431	209
2015-02-10	04:55:18	1199	13	9	331	309	96	79	347	421	0	2	325	320	258	0	10	431	210
2015-02-10	04:56:18	1199	13	9	330	308	98	80	350	401	0	2	323	319	258	0	10	430	209
2015-02-10	04:57:18	1199	13	9	329	307	99	80	350	380	0	2	322	318	257	0	10	430	209
2015-02-10	04:58:18	1199	13	9	328	306	100	81	347	358	0	2	321	317	256	0	10	430	210
2015-02-10	04:59:18	1199	13	9	327	305	102	82	350	336	0	2	321	316	256	0	10	430	209
2015-02-10	05:00:18	1199	13	9	326	304	102	82	350	316	0	2	320	315	255	0	10	430	209
2015-02-10	05:01:18	1199	13	9	325	303	103	82	350	292	0	2	319	314	255	0	10	430	209
2015-02-10	05:02:18	1199	13	9	325	302	104	83	350	267	0	2	319	313	254	0	10	429	209
2015-02-10	05:03:18	1199	13	9	324	301	106	83	350	241	0	2	318	312	254	0	10	429	209
2015-02-10	05:04:18	1199	13	9	323	300	107	83	350	214	0	2	317	311	253	0	10	429	209
2015-02-10	05:05:18	1199	13	9	322	299	108	84	350	187	0	2	316	310	253	0	10	429	209
2015-02-10	05:06:18	1199	13	9	321	298	109	84	350	162	0	2	316	309	252	0	10	429	209
2015-02-10	05:07:18	1199	13	9	321	297	111	84	350	133	0	2	315	308	252	0	10	429	209
2015-02-10	05:08:18	1199	13	9	320	296	111	84	350	103	0	2	315	308	252	0	10	428	209
2015-02-10	05:09:18	1199	13	9	319	295	112	86	350	73	0	2	314	307	251	0	10	428	209
2015-02-10	05:10:18	1199	13	9	319	294	113	86	350	42	0	2	314	306	251	0	10	428	209
2015-02-10	05:11:18	1199	13	9	318	294	114	86	347	11	0	2	313	305	250	0	10	428	210
2015-02-10	05:12:18	1199	13	9	317	294	115	87	350	-21	0	2	312	304	250	0	10	428	209
2015-02-10	05:13:18	1199	13	9	317	293	116	87	350	-54	0	2	311	304	250	0	10	427	209
2015-02-10	05:14:18	1199	13	9	316	292	117	87	350	-88	0	2	311	303	249	0	10	427	209
2015-02-10	05:15:18	1199	13	9	316	291	117	87	347	-122	0	2	310	302	249	0	10	427	210
2015-02-10	05:16:18	1199	13	9	315	291	118	88	350	-157	0	2	310	302	249	0	10	427	209
2015-02-10	05:17:18	1199	13	9	314	290	120	88	347	-190	0	2	309	301	248	0	10	427	210
2015-02-10	05:18:18	1199	13	9	313	289	120	88	347	-226	0	2	308	301	248	0	10	426	210
2015-02-10	05:19:18	1199	13	9	313	288	121	88	350	-263	0	2	307	300	248	0	10	426	209
2015-02-10	05:20:18	1199	13	9	312	288	122	90	350	-300	0	2	307	300	247	0	10	426	209
2015-02-10	05:21:18	1199	13	9	312	287	122	90	350	-338	0	2	306	299	247	0	10	426	209
2015-02-10	05:22:18	1199	13	9	311	287	123	90	350	-377	0	2	306	298	247	0	10	426	209
2015-02-10	05:23:18	1199	13	9	311	285	123	90	350	-416	0	2	305	298	247	0	10	426	209
2015-02-10	05:24:18	1199	13	9	310	285	125	91	350	-456	0	2	304	297	246	0	10	425	209
2015-02-10	05:25:19	1199	13	9	309	284	126	91	350	-496	0	2	303	297	246	0	10	425	209
2015-02-10	05:26:19	1199	13	9	309	283	126	91	350	-537	0	2	303	296	246	0	10	425	209
2015-02-10	05:27:19	1199	13	9	308	282	127	91	350	-579	0	2	302	295	245	0	10	425	209
2015-02-10	05:28:19	1199	13	10	303	275	107	90	350	-621	0	7	295	296	244	0	30	424	209
2015-02-10	05:29:19	1199	13	10	310	266	35	26	350	-621	0	7	318	493	8	0	30	424	209
2015-02-10	05:30:19	1199	12	10	320	270	34	0	351	-621	0	7	326	546	27	0	30	424	209
2015-02-10	05:31:19	1199	12	10	325	272	35	-6	351	-649	0	7	326	569	44	0	30	424	209
2015-02-10	05:32:19	1199	11	10	327	276	37	-6	351	-674	0	7	332	580	38	0	30	424	209
2015-02-10	05:33:19	1199	11	10	331	280	38	-5	351	-695	0	7	335	589	44	0	30	424	209
2015-02-10	05:34:19	1199	11	10	336	287	39	-5	351	-713	0	7	342	597	39	0	30	423	209
2015-02-10	05:35:19	1199	11	10	342	293	40	-3	351	-725	0	7	346	605	46	0	30	423	209
2015-02-10	05:36:19	1199	11	10	347	297	40	-3	351	-731	0	7	352	611	41	0	30	423	209
2015-02-10	05:37:19	1199	11	10	352	302	38	-3	351	-732	0	7	355	618	44	0	30	423	209
2015-02-10	05:38:19	1199	11	10	356	305	38	-3	351	-729	0	7	359	624	41	0	30	423	209
2015-02-10	05:39:19	1199	11	10	358	309	37	-3	351	-722	0	7	360	628	43	0	30	423	209
2015-02-10	05:40:19	1199	11	10	361	313	37	-4	351	-713	0	7	364	634	41	0	30	422	209
2015-02-10	05:41:19	1199	11	10	364	316	37	-4	351	-701	0	7	366	638	41	0	30	422	209
2015-02-10	05:42:19	1199	11	10	368	319	37	-3	351	-686	0	7	370	643	43	0	30	422	209
2015-02-10	05:43:19	1199	11	10	371	323	32	-5	351	-668	0	7	374	647	35	0	30	422	209
2015-02-10	05:44:19	1199	11	10	373	325	28	-8	351	-647	0	7	374	654	36	0	30	422	209
2015-02-10	05:45:19	1199	11	10	375	328	26	-11	351	-624	0	7	378	658	34	0	30	421	209
2015-02-10	05:46:19	1199	11	10	378	331	24	-12	351	-598	0	7	379	661	30	0	30	421	209
2015-02-10	05:47:19	1199	11	10	380	332	23	-13	351	-570	0	7	381	667	34	0	30	421	209
2015-02-10	05:48:19	1199	11	10	382	334	22	-13	351	-540	0	7	383	669	30	0	30	421	209
2015-02-10	05:49:19	1199	11	10	384	336	22	-13	351	-511	0	7	385	672	29	0	30	420	209
2015-02-10	05:50:19	1199	11	10	386	338	21	-13	351	-477	0	7	386	677	34	0	30	420	209
2015-02-10	05:51:19	1199	11	10	386	339	21	-13	354	-442	0	7	388	677	28	0	30	420	208
2015-02-10	05:52:19	1199	11	10	388	341	21	-13	354	-405	0	7	388	681	30	0	30	420	208
2015-02-10	05:53:19	1199	11	10	390	343	21	-14	351	-370	0	7	390	684	30	0	30	420	209
2015-02-10	05:54:19	1199	11	10	391	344	20	-14	351	-331	0	7	392	685	27	0	30	420	208
2015-02-10	05:55:20	1199	11	10	392	346	19	-15	351	-290	0	7	393	689	31	0	30	420	209
2015-02-10	05:56:20	1199	11	10	394	347	19	-15	351	-251	0	7	394	689	27	0	30	420	209
2015-02-10	05:57:20	1199	11	10	395	348	18	-15	351	-211	0	7	395	692	27	0	30	420	209
2015-02-10	05:58:20	1199	11	10	396	350	18	-15	351	-167	0	7	396	696	30	0	30	420	209
2015-02-10	05:59:20	1199	11	10	397	354	16	-17	351	-122	0	15	398	697	24	0	20	420	209
2015-02-10	06:00:20	1199	11	10	454	423	15	-15	351	-122	0	15	477	760	24	0	20	420	209
2015-02-10	06:01:20	1199	11	10	503	474	14	-12	354	-122	0	15	518	806	32	0	20	419	208
2015-02-10	06:02:20	1199	11	10	538	501	14	-10	354	-122	0	15	546	838	35	0	20	419	208
2015-02-10	06:03:20	1199	11	10	559	516	13	-8	354	-122	0	15	565	862	35	0	20	420	208
2015-02-10	06:04:20	1199	11	10	573	525	13	-7	351	-122	0	15	577	879	35	0	20	421	209
2015-02-10	06:05:20	1199	11	10	582	532	13	-6	351	-122	0	15	584	893	38	0	20	424	209
2015-02-10	06:06:20	1199	11	10	588	537	13	-6	354	-122	0	15	592	904	37	0	20	427	208
2015-02-10	06:07:20	1199	11	10	593	542	13	-6	351	-122	0	15	595	913	38	0	20	431	209
2015-02-10	06:08:20	1199	11	10	597	546	13	-6	354	-122	0	15	600	923	38	0	20	435	208
2015-02-10	06:09:20	1199	11	10	601	550	13	-6	354	-122	0	15	603	931	41	0	20	439	208
2015-02-10	06:10:20	1199	11	10	605	555	12	-5	351	-122	0	15	610	941	38	0	20	443	209
2015-02-10	06:11:20	1199	11	10	608	558	11	-6	354	-122	0	15	614	949	40	0	20	447	208
2015-02-10	06:12:20	1199	11	10	612	563	13	-5	351	-122	0	15	617	957	41	0	20	451	209
2015-02-10	06:13:20	1199	11	10	616	566	13	-5	351	-122	0	15	621	963	43	0	20	456	209
2015-02-10	06:14:20	1199	11	10	619	570	13	-3	354	-122	0	15	624	971	44	0	20	460	208
2015-02-10	06:15:20	1199	11	10	495	316	14	-9	354	-122	0	7	434	822	40	0	30	464	208
2015-02-10	06:16:20	1199	11	10	394	315	14	-15	351	-122	0	7	382	748	2	0	30	468	209
2015-02-10	06:17:20	1199	11	10	369	313	14	-17	351	-122	0	7	365	729	27	0	30	471	209
2015-02-10	06:18:20	1199	11	10	368	319	14	-19	354	-109	0	7	370	723	27	0	30	473	208
2015-02-10	06:19:20	1199	11	10	371	328	14	-18	351	-91	0	7	374	719	21	0	30	475	209
2015-02-10	06:20:20	1199	11	10	380	334	14	-18	351	-65	0	7	382	725	28	0	30	476	209
2015-02-10	06:21:20	1199	11	10	386	341	15	-17	351	-33	0	7	388	727	29	0	30	477	209
2015-02-10	06:22:20	1199	11	10	390	341	14	-11	351	5	0	2	392	713	32	0	10	477	209
2015-02-10	06:23:20	1199	11	10	390	340	19	12	351	44	0	2	403	653	72	0	10	477	209
2015-02-10	06:24:20	1199	11	10	390	340	22	21	354	83	0	2	412	599	107	0	10	477	208
2015-02-10	06:25:20	1199	11	10	390	339	26	29	351	122	0	2	411	555	144	0	10	477	209
2015-02-10	06:26:20	1199	11	10	389	338	31	40	351	160	0	2	406	523	174	0	10	477	209
2015-02-10	06:27:20	1199	11	10	386	337	34	49	351	197	0	2	400	500	208	0	10	477	209
2015-02-10	06:28:20	1199	11	10	384	336	36	55	351	232	0	2	392	482	235	0	10	476	209
2015-02-10	06:29:20	1199	11	10	381	334	38	58	351	263	0	2	384	467	254	0	10	476	209
2015-02-10	06:30:20	1199	11	10	377	332	40	61	351	291	0	2	376	454	266	0	10	475	209
2015-02-10	06:31:20	1199	11	10	372	331	43	62	351	314	0	2	369	443	275	0	10	475	209
2015-02-10	06:32:20	1199	11	10	368	330	45	65	351	333	0	2	363	433	281	0	10	474	209
2015-02-10	06:33:20	1199	11	10	364	329	47	66	351	348	0	2	358	425	286	0	10	473	209
2015-02-10	06:34:20	1199	11	10	360	328	50	68	351	359	0	2	355	419	290	0	10	473	209
2015-02-10	06:35:20	1199	11	10	358	326	53	69	354	366	0	2	351	413	292	0	10	472	208
2015-02-10	06:36:20	1199	11	10	355	326	56	71	351	371	0	2	348	407	294	0	10	471	209
2015-02-10	06:37:20	1199	11	10	352	325	58	72	351	373	0	2	345	402	295	0	10	470	209
2015-02-10	06:38:20	1199	11	10	349	324	61	72	351	372	0	2	342	398	295	0	10	469	209
2015-02-10	06:39:21	1199	11	10	346	323	62	73	351	368	0	2	341	394	295	0	10	469	209
2015-02-10	06:40:21	1199	11	10	344	322	65	73	351	362	0	2	339	390	295	0	10	468	209
2015-02-10	06:41:21	1199	11	10	342	322	67	74	351	354	0	2	338	387	295	0	10	467	209
2015-02-10	06:42:21	1199	11	10	340	321	69	75	351	344	0	2	337	384	295	0	10	467	209
2015-02-10	06:43:21	1199	11	10	339	320	72	75	351	332	0	2	336	381	294	0	10	467	209
2015-02-10	06:44:21	1199	11	10	338	320	73	76	351	319	0	2	335	378	294	0	10	466	209
2015-02-10	06:45:21	1199	11	10	337	319	76	76	351	305	0	2	334	375	294	0	10	466	209
2015-02-10	06:46:21	1199	11	10	336	318	78	76	351	290	0	2	333	372	293	0	10	466	209
2015-02-10	06:47:21	1199	11	10	336	318	80	78	351	275	0	2	332	370	292	0	10	465	209
2015-02-10	06:48:21	1199	11	10	335	317	82	78	351	259	0	2	331	367	291	0	10	465	209
2015-02-10	06:49:21	1199	11	10	334	316	83	78	351	242	0	2	331	365	290	0	10	465	209
2015-02-10	06:50:21	1199	11	10	334	316	86	79	351	225	0	2	331	363	289	0	10	465	209
2015-02-10	06:51:21	1199	11	10	333	315	87	78	351	207	0	2	330	362	288	0	10	465	209
2015-02-10	06:52:21	1199	11	10	332	314	90	79	351	189	0	2	328	359	287	0	10	465	209
2015-02-10	06:53:21	1199	11	10	332	313	91	79	351	170	0	2	327	358	286	0	10	465	209
2015-02-10	06:54:21	1199	11	10	331	312	92	80	351	150	0	2	326	357	285	0	10	465	209
2015-02-10	06:55:21	1199	11	10	331	311	95	80	351	130	0	2	325	355	284	0	10	465	209
2015-02-10	06:56:21	1199	11	10	330	310	96	80	351	114	0	2	324	354	283	0	10	465	209
2015-02-10	06:57:21	1199	11	10	330	309	98	81	347	94	0	2	323	352	282	0	10	465	210
2015-02-10	06:58:21	1199	11	10	329	308	99	82	351	72	0	2	322	351	282	0	10	465	209
2015-02-10	06:59:21	1199	11	10	328	307	100	82	351	49	0	2	321	349	281	0	10	465	209
2015-02-10	07:00:21	1199	11	10	327	306	102	82	351	26	0	2	321	348	280	0	10	465	209
2015-02-10	07:01:21	1199	11	10	326	305	103	83	351	6	0	2	320	346	279	0	10	465	209
2015-02-10	07:02:21	1199	11	10	326	304	104	83	351	-19	0	2	319	345	278	0	10	465	209
2015-02-10	07:03:21	1199	11	10	325	303	106	83	351	-45	0	2	318	343	277	0	10	465	209
2015-02-10	07:04:21	1199	11	10	324	302	108	84	351	-72	0	2	317	342	277	0	10	465	209
2015-02-10	07:05:21	1199	11	10	323	301	109	84	351	-99	0	2	317	341	276	0	10	465	209
2015-02-10	07:06:21	1199	11	10	322	300	111	84	351	-123	0	2	316	340	275	0	10	465	209
2015-02-10	07:07:21	1199	11	10	322	299	111	84	351	-152	0	2	315	339	274	0	10	465	209
2015-02-10	07:08:21	1199	11	10	321	298	112	86	351	-178	0	2	315	337	274	0	10	465	209
2015-02-10	07:09:21	1199	11	10	320	297	113	86	351	-209	0	2	314	336	274	0	10	465	209
2015-02-10	07:10:21	1199	11	10	319	297	115	86	351	-240	0	2	313	335	273	0	10	464	209
2015-02-10	07:11:21	1199	11	10	319	296	116	87	347	-272	0	2	313	334	272	0	10	464	210
2015-02-10	07:12:21	1199	11	10	318	295	117	87	351	-305	0	2	312	333	272	0	10	464	209
2015-02-10	07:13:21	1199	11	10	317	295	118	87	351	-338	0	2	312	332	271	0	10	464	209
2015-02-10	07:14:21	1199	11	10	317	294	120	87	347	-372	0	2	311	331	270	0	10	464	210
2015-02-10	07:15:21	1199	11	10	316	294	120	88	351	-403	0	2	311	331	270	0	10	464	209
2015-02-10	07:16:21	1199	11	10	315	293	121	88	351	-434	0	2	310	329	269	0	10	464	209
2015-02-10	07:17:21	1199	11	10	315	293	122	88	351	-470	0	2	309	329	269	0	10	464	209
2015-02-10	07:18:21	1199	11	10	314	292	123	88	351	-506	0	2	309	327	268	0	10	464	209
2015-02-10	07:19:21	1199	11	10	314	291	125	89	351	-543	0	2	308	327	268	0	10	464	209
2015-02-10	07:20:21	1199	11	10	313	290	125	90	351	-581	0	2	308	326	268	0	10	464	209
2015-02-10	07:21:21	1199	11	10	309	280	99	88	351	-619	0	7	301	326	267	0	30	464	209
2015-02-10	07:22:21	1199	11	10	316	270	32	25	351	-619	0	7	324	516	6	0	30	464	209
2015-02-10	07:23:21	1199	11	10	325	274	32	-2	351	-619	0	7	331	562	21	0	30	464	209
2015-02-10	07:24:21	1199	11	10	329	276	34	-6	351	-642	0	7	329	587	42	0	30	464	209
2015-02-10	07:25:21	1199	11	10	331	280	35	-6	351	-663	0	7	336	596	36	0	30	464	209
2015-02-10	07:26:21	1199	11	10	335	284	37	-6	351	-681	0	7	339	605	43	0	30	464	209
2015-02-10	07:27:21	1199	11	10	341	291	37	-6	351	-690	0	7	346	612	38	0	30	463	209
2015-02-10	07:28:21	1199	11	10	346	296	37	-5	351	-697	0	7	349	618	43	0	30	463	209
2015-02-10	07:29:21	1199	11	10	352	301	37	-5	351	-699	0	7	356	624	40	0	30	463	209
2015-02-10	07:30:21	1199	11	10	356	305	37	-5	351	-696	0	7	358	629	41	0	30	463	209
2015-02-10	07:31:21	1199	11	10	358	309	35	-5	351	-689	0	7	361	636	41	0	30	463	209
2015-02-10	07:32:21	1199	11	10	361	312	35	-5	351	-680	0	7	364	638	38	0	30	463	209
2015-02-10	07:33:21	1199	11	10	365	316	35	-5	351	-668	0	7	367	645	41	0	30	463	209
2015-02-10	07:34:21	1199	11	10	368	319	35	-5	351	-653	0	7	370	647	38	0	30	463	209
2015-02-10	07:35:21	1199	11	10	372	322	35	-5	351	-634	0	7	373	652	42	0	30	463	209
2015-02-10	07:36:21	1199	11	10	374	325	30	-6	351	-612	0	7	377	655	35	0	30	463	209
2015-02-10	07:37:21	1199	11	10	377	328	27	-9	351	-587	0	7	378	660	34	0	30	463	209
2015-02-10	07:38:21	1199	11	10	379	331	24	-12	351	-560	0	7	379	666	35	0	30	462	209
2015-02-10	07:39:21	1199	11	10	381	332	22	-12	351	-531	0	7	383	669	29	0	30	463	209
2015-02-10	07:40:21	1199	11	10	383	334	22	-13	351	-500	0	7	384	672	30	0	30	462	209
2015-02-10	07:41:21	1199	11	10	385	337	21	-13	351	-467	0	7	386	677	30	0	30	462	209
2015-02-10	07:42:21	1199	11	10	386	338	21	-14	351	-432	0	7	387	678	27	0	30	462	209
2015-02-10	07:43:21	1199	11	10	388	340	20	-14	351	-396	0	7	388	681	30	0	30	462	209
2015-02-10	07:44:21	1199	11	10	389	342	19	-15	351	-358	0	7	390	684	29	0	30	462	209
2015-02-10	07:45:21	1199	11	10	391	343	19	-15	351	-319	0	7	391	685	27	0	30	461	209
2015-02-10	07:46:21	1199	11	10	392	345	19	-15	351	-278	0	7	392	688	29	0	30	461	209
2015-02-10	07:47:21	1199	11	10	394	346	19	-15	351	-236	0	7	394	691	27	0	30	461	209
2015-02-10	07:48:21	1199	11	10	395	348	19	-15	351	-195	0	7	395	692	28	0	30	461	209
2015-02-10	07:49:21	1199	12	10	396	349	18	-15	351	-150	0	7	396	695	29	0	30	461	209
2015-02-10	07:50:21	1199	13	10	397	350	18	-15	350	-104	0	7	397	696	26	0	30	461	209
2015-02-10	07:51:21	1199	13	10	398	351	16	-17	350	-56	0	7	398	699	26	0	30	460	209
2015-02-10	07:52:21	1199	13	10	399	352	14	-17	350	-11	0	7	399	702	28	0	30	460	209
2015-02-10	07:53:21	1199	13	10	400	352	13	-13	350	39	0	2	403	694	29	0	10	461	209
2015-02-10	07:54:22	1199	13	10	399	351	16	9	350	89	0	2	420	632	66	0	10	460	209
2015-02-10	07:55:22	1199	13	10	400	350	21	17	350	139	0	2	428	570	101	0	10	460	209
2015-02-10	07:56:22	1199	12	10	402	350	26	24	351	189	0	2	427	520	137	0	10	459	209
2015-02-10	07:57:22	1199	12	10	402	349	28	34	351	238	0	2	422	484	164	0	10	459	209
2015-02-10	07:58:22	1199	11	10	401	348	30	43	351	289	0	2	416	462	193	0	10	459	209
2015-02-10	07:59:22	1199	11	10	400	346	32	49	351	339	0	2	407	444	215	0	10	459	209
2015-02-10	08:00:22	1199	11	10	397	344	35	53	351	387	0	2	398	428	230	0	10	459	209
2015-02-10	08:01:22	1199	12	10	393	342	38	56	351	431	0	2	390	416	241	0	10	458	209
2015-02-10	08:02:22	1199	13	10	388	340	41	58	350	471	0	2	383	405	249	0	10	458	209
2015-02-10	08:03:22	1199	13	10	383	338	43	61	350	507	0	2	376	396	255	0	10	458	209
2015-02-10	08:04:22	1199	13	10	378	336	46	62	350	538	0	2	369	387	260	0	10	457	209
2015-02-10	08:05:22	1199	13	10	373	335	48	63	350	560	0	2	364	381	263	0	10	457	209
2015-02-10	08:06:22	1199	13	10	369	334	50	63	350	581	0	2	360	374	265	0	10	457	209
2015-02-10	08:07:22	1199	13	10	365	333	53	65	350	598	0	2	358	368	267	0	10	457	209
2015-02-10	08:08:22	1199	13	10	361	332	55	65	350	611	0	2	355	364	269	0	10	456	209
2015-02-10	08:09:22	1199	13	10	358	331	58	65	350	621	0	2	352	360	270	0	10	456	209
2015-02-10	08:10:22	1199	13	10	357	331	59	66	350	629	0	2	350	358	270	0	10	456	209
2015-02-10	08:11:22	1199	13	10	354	330	62	66	350	634	0	2	348	356	270	0	10	456	209
2015-02-10	08:12:22	1199	13	10	352	329	63	67	350	637	0	2	346	353	270	0	10	455	209
2015-02-10	08:13:22	1199	12	10	350	329	66	68	351	638	0	2	345	351	270	0	10	455	209
2015-02-10	08:14:22	1199	11	10	349	328	68	68	351	636	0	2	343	348	270	0	10	455	209
2015-02-10	08:15:22	1199	11	10	348	327	71	69	351	633	0	2	342	346	270	0	10	455	209
2015-02-10	08:16:22	1199	11	10	346	326	72	70	351	629	0	2	340	344	269	0	10	454	209
2015-02-10	08:17:22	1199	12	10	346	325	73	71	351	624	0	2	339	342	269	0	10	454	209
2015-02-10	08:18:22	1199	12	10	344	324	76	72	351	618	0	2	338	340	268	0	10	454	209
2015-02-10	08:19:22	1199	13	10	343	323	78	72	350	612	0	2	336	338	268	0	10	453	209
2015-02-10	08:20:22	1199	13	10	342	322	79	73	350	605	0	2	335	337	267	0	10	453	209
2015-02-10	08:21:22	1199	13	10	341	321	82	73	350	597	0	2	334	335	267	0	10	453	209
2015-02-10	08:22:22	1199	13	10	340	320	83	75	350	587	0	2	333	333	266	0	10	453	209
2015-02-10	08:23:22	1199	13	10	339	319	84	75	350	576	0	2	332	332	265	0	10	453	209
2015-02-10	08:24:22	1199	13	10	338	318	86	76	350	564	0	2	331	331	264	0	10	453	209
2015-02-10	08:25:22	1199	13	10	337	317	88	76	350	551	0	2	330	329	264	0	10	452	209
2015-02-10	08:26:22	1199	13	10	336	316	90	76	347	540	0	2	329	328	263	0	10	452	210
2015-02-10	08:27:22	1199	13	10	335	315	91	78	347	525	0	2	328	327	262	0	10	452	210
2015-02-10	08:28:22	1199	13	10	334	314	92	78	347	509	0	2	327	325	262	0	10	451	210
2015-02-10	08:29:22	1199	13	10	333	313	94	79	350	495	0	2	326	324	261	0	10	451	209
2015-02-10	08:30:22	1199	13	10	332	311	95	79	350	477	0	2	325	323	261	0	10	451	209
2015-02-10	08:31:22	1199	13	10	331	310	96	79	347	458	0	2	325	322	260	0	10	451	210
2015-02-10	08:32:22	1199	13	10	331	309	98	79	350	442	0	2	324	321	259	0	10	451	209
2015-02-10	08:33:22	1199	13	10	330	308	99	80	347	423	0	2	323	320	259	0	10	451	210
2015-02-10	08:34:22	1199	13	11	329	307	100	80	350	402	0	2	322	319	258	0	10	450	209
2015-02-10	08:35:22	1199	13	11	328	306	103	81	350	380	0	2	321	317	258	0	10	450	209
2015-02-10	08:36:22	1199	13	11	327	305	103	82	350	358	0	2	321	316	257	0	10	449	209
2015-02-10	08:37:22	1199	13	11	326	304	104	82	350	335	0	2	320	315	256	0	10	449	209
2015-02-10	08:38:22	1199	13	11	326	303	106	82	350	311	0	2	319	314	256	0	10	449	209
2015-02-10	08:39:22	1199	13	11	325	302	107	83	350	286	0	2	318	313	255	0	10	449	209
2015-02-10	08:40:22	1199	13	11	324	301	108	83	350	263	0	2	318	312	255	0	10	448	209
2015-02-10	08:41:22	1199	13	11	323	300	109	84	350	240	0	2	317	312	254	0	10	448	209
2015-02-10	08:42:22	1199	13	11	323	299	109	84	350	216	0	2	316	311	254	0	10	448	209
2015-02-10	08:43:22	1199	13	11	322	298	111	84	350	188	0	2	316	310	254	0	10	447	209
2015-02-10	08:44:22	1199	13	11	321	297	112	84	350	162	0	2	315	309	253	0	10	447	209
2015-02-10	08:45:22	1199	13	11	320	296	113	85	350	133	0	2	315	308	253	0	10	446	209
2015-02-10	08:46:22	1199	13	11	320	295	114	86	350	103	0	2	314	308	252	0	10	446	209
2015-02-10	08:47:22	1199	12	11	319	295	115	86	351	72	0	2	313	307	252	0	10	445	209
2015-02-10	08:48:22	1199	12	11	319	294	116	87	351	40	0	2	313	306	252	0	10	445	209
2015-02-10	08:49:22	1199	12	11	318	294	117	87	351	8	0	2	312	305	251	0	10	444	209
2015-02-10	08:50:22	1199	12	11	317	293	118	87	351	-22	0	2	311	305	251	0	10	444	209
2015-02-10	08:51:22	1199	12	11	317	293	118	87	351	-56	0	2	311	304	251	0	10	443	209
2015-02-10	08:52:22	1199	12	11	316	292	120	88	351	-91	0	2	310	303	250	0	10	443	209
2015-02-10	08:53:22	1199	12	11	315	291	121	88	351	-126	0	2	310	303	250	0	10	442	209
2015-02-10	08:54:22	1199	12	11	315	290	121	88	351	-162	0	2	309	302	249	0	10	442	209
2015-02-10	08:55:22	1199	11	11	314	289	122	89	351	-198	0	2	308	302	249	0	10	441	209
2015-02-10	08:56:22	1199	11	11	314	289	123	89	347	-235	0	2	308	301	249	0	10	440	210
2015-02-10	08:57:22	1199	11	11	313	288	123	90	347	-273	0	2	307	300	249	0	10	439	210
2015-02-10	08:58:22	1199	11	11	312	287	125	90	351	-311	0	2	307	300	248	0	10	437	209
2015-02-10	08:59:22	1199	11	11	312	286	125	90	351	-350	0	2	305	299	248	0	10	436	209
2015-02-10	09:00:22	1199	11	11	311	286	126	91	351	-390	0	2	305	299	248	0	10	434	209
2015-02-10	09:01:22	1199	11	11	311	285	126	91	351	-430	0	2	304	298	247	0	10	433	209
2015-02-10	09:02:22	1199	11	11	310	284	127	91	351	-471	0	2	303	298	247	0	10	431	209
2015-02-10	09:03:22	1199	11	11	309	284	128	91	351	-512	0	2	303	297	247	0	10	429	209
2015-02-10	09:04:22	1199	11	11	309	283	128	91	351	-554	0	2	302	296	246	0	10	427	209
2015-02-10	09:05:22	1199	11	11	308	282	129	92	351	-597	0	2	301	296	246	0	10	426	209
2015-02-10	09:06:22	1199	11	11	303	272	101	91	351	-643	0	7	294	296	246	0	30	424	209
2015-02-10	09:07:22	1199	11	11	309	266	35	26	354	-643	0	7	317	493	8	0	30	423	208
2015-02-10	09:08:22	1199	11	11	320	270	34	0	354	-643	0	7	326	546	27	0	30	421	208
2015-02-10	09:09:22	1199	11	11	325	272	37	-5	351	-671	0	7	325	570	44	0	30	420	209
2015-02-10	09:10:23	1199	11	11	328	275	38	-5	351	-696	0	7	332	579	38	0	30	420	209
2015-02