Divisors		1	10	10	10	10	10	10	10	10	1	1	10	10	10	100	1	10	10
Date	Time	Version	BT1	BT1 Mean	BT2	BT3	BT10	BT11	Calc Supply	GM	Alarm	RELAYS PCA BASE	BT12	BT14	BT17	Tot.int.add.	Prio	BT6	BT50
2015-04-02	15:49:41	1199	41	31	318	295	122	90	346	19	0	2	313	315	260	0	10	463	208
2015-04-02	15:50:41	1199	41	31	318	294	123	90	346	-9	0	2	313	315	260	0	10	462	208
2015-04-02	15:51:41	1199	41	31	317	294	123	90	346	-38	0	2	312	314	259	0	10	462	208
2015-04-02	15:52:41	1199	41	31	317	294	125	90	346	-67	0	2	311	313	259	0	10	462	208
2015-04-02	15:53:41	1199	41	31	316	293	126	91	346	-97	0	2	311	312	258	0	10	462	208
2015-04-02	15:54:41	1199	41	31	315	292	126	91	346	-127	0	2	310	312	258	0	10	462	208
2015-04-02	15:55:41	1199	41	31	315	291	127	91	346	-158	0	2	309	311	258	0	10	462	208
2015-04-02	15:56:41	1199	41	31	314	290	128	92	346	-189	0	2	309	310	257	0	10	462	208
2015-04-02	15:57:41	1199	41	31	314	290	128	92	346	-221	0	2	308	310	257	0	10	462	208
2015-04-02	15:58:41	1199	43	31	313	289	129	92	344	-252	0	2	307	309	257	0	10	462	208
2015-04-02	15:59:41	1199	43	31	313	288	130	92	344	-283	0	2	306	309	256	0	10	461	208
2015-04-02	16:00:42	1199	43	31	312	287	131	93	344	-315	0	2	306	308	256	0	10	461	208
2015-04-02	16:01:42	1199	43	31	311	287	132	93	344	-347	0	2	305	307	256	0	10	461	208
2015-04-02	16:02:42	1199	43	31	311	286	133	94	344	-380	0	2	304	307	255	0	10	461	208
2015-04-02	16:03:42	1199	43	31	310	285	133	94	344	-413	0	2	303	306	255	0	10	461	208
2015-04-02	16:04:42	1199	43	31	309	285	134	94	344	-447	0	2	303	306	255	0	10	461	208
2015-04-02	16:05:42	1199	43	31	309	284	134	95	344	-482	0	2	302	305	254	0	10	461	208
2015-04-02	16:06:42	1199	43	31	308	283	135	95	344	-517	0	2	301	305	254	0	10	460	208
2015-04-02	16:07:42	1199	43	32	308	283	136	95	344	-553	0	2	301	304	254	0	10	460	208
2015-04-02	16:08:42	1199	43	32	307	282	137	95	344	-590	0	2	300	304	254	0	10	460	208
2015-04-02	16:09:42	1199	43	32	297	267	72	94	344	-628	0	7	286	310	247	0	30	460	208
2015-04-02	16:10:42	1199	43	32	312	266	35	22	344	-628	0	7	320	504	8	0	30	459	208
2015-04-02	16:11:42	1199	44	32	322	271	37	-1	344	-628	0	7	327	554	32	0	30	459	208
2015-04-02	16:12:42	1199	44	32	326	272	38	-4	344	-648	0	7	327	574	46	0	30	459	208
2015-04-02	16:13:42	1199	44	32	329	276	40	-5	344	-665	0	7	333	584	40	0	30	459	208
2015-04-02	16:14:42	1199	44	32	332	280	41	-3	344	-678	0	7	336	593	46	0	30	459	208
2015-04-02	16:15:42	1199	44	32	337	287	41	-3	344	-688	0	7	343	600	41	0	30	458	208
2015-04-02	16:16:42	1199	45	32	343	293	42	-2	343	-692	0	7	346	607	47	0	30	458	208
2015-04-02	16:17:42	1199	46	32	349	297	41	-1	342	-689	0	7	354	614	43	0	30	458	208
2015-04-02	16:18:42	1199	46	32	353	302	41	-1	342	-680	0	7	356	620	47	0	30	458	208
2015-04-02	16:19:42	1199	46	32	357	306	40	-1	342	-667	0	7	360	626	43	0	30	458	208
2015-04-02	16:20:42	1199	46	32	360	310	40	-1	342	-651	0	7	361	631	44	0	30	457	208
2015-04-02	16:21:42	1199	46	32	363	313	40	-2	342	-632	0	7	366	637	43	0	30	457	208
2015-04-02	16:22:42	1199	47	32	366	317	40	-1	341	-610	0	7	367	640	44	0	30	457	208
2015-04-02	16:23:42	1199	47	32	369	320	40	-1	341	-584	0	7	371	645	46	0	30	457	208
2015-04-02	16:24:42	1199	47	32	372	323	34	-3	341	-554	0	7	375	649	35	0	30	456	208
2015-04-02	16:25:42	1199	47	32	374	326	30	-6	341	-522	0	7	375	656	40	0	30	456	208
2015-04-02	16:26:42	1199	49	32	377	328	29	-9	340	-487	0	7	379	659	34	0	30	456	208
2015-04-02	16:27:42	1199	49	33	376	326	27	-10	340	-450	0	7	375	659	34	0	30	455	208
2015-04-02	16:28:42	1199	49	33	373	322	26	-12	342	-417	0	7	373	659	35	0	30	455	207
2015-04-02	16:29:42	1199	49	33	371	322	25	-12	340	-385	0	7	372	659	29	0	30	455	208
2015-04-02	16:30:42	1199	49	33	372	323	24	-13	340	-354	0	7	372	662	34	0	30	455	208
2015-04-02	16:31:42	1199	47	33	373	326	24	-13	341	-322	0	7	375	664	30	0	30	454	208
2015-04-02	16:32:42	1199	47	33	377	331	23	-13	344	-292	0	7	378	669	32	0	30	454	207
2015-04-02	16:33:42	1199	47	33	381	334	22	-13	341	-258	0	7	383	673	32	0	30	454	208
2015-04-02	16:34:42	1199	47	33	383	335	22	-13	344	-220	0	7	384	674	28	0	30	453	207
2015-04-02	16:35:42	1199	47	33	384	335	22	-13	341	-180	0	7	384	678	34	0	30	453	208
2015-04-02	16:36:42	1199	46	33	385	336	22	-13	345	-141	0	7	386	678	30	0	30	453	207
2015-04-02	16:37:42	1199	46	33	385	337	21	-13	345	-101	0	7	386	680	29	0	30	453	207
2015-04-02	16:38:42	1199	46	33	386	338	20	-15	345	-57	0	7	386	684	32	0	30	453	207
2015-04-02	16:39:42	1199	46	33	387	340	19	-15	345	-16	0	7	388	684	26	0	30	452	207
2015-04-02	16:40:42	1199	46	33	387	340	18	-2	345	26	0	2	386	668	43	0	10	452	207
2015-04-02	16:41:42	1199	46	33	387	339	22	16	345	68	0	2	390	607	79	0	10	452	207
2015-04-02	16:42:42	1199	46	33	386	339	26	22	342	110	0	2	395	549	112	0	10	452	208
2015-04-02	16:43:42	1199	46	33	385	338	30	30	345	151	0	2	394	502	144	0	10	451	207
2015-04-02	16:44:42	1199	46	33	381	337	32	40	345	190	0	2	390	470	166	0	10	452	207
2015-04-02	16:45:42	1199	46	34	377	336	35	48	345	224	0	2	385	448	187	0	10	451	207
2015-04-02	16:46:42	1199	47	34	373	334	37	55	344	255	0	2	377	432	209	0	10	451	207
2015-04-02	16:47:42	1199	47	34	369	332	38	59	344	282	0	2	370	419	225	0	10	451	207
2015-04-02	16:48:42	1199	47	34	366	331	41	61	344	306	0	2	363	406	235	0	10	450	207
2015-04-02	16:49:42	1199	47	34	363	330	44	63	344	327	0	2	358	396	243	0	10	450	207
2015-04-02	16:50:42	1199	47	34	359	328	47	65	344	344	0	2	354	386	250	0	10	450	207
2015-04-02	16:51:42	1199	47	34	357	327	49	66	344	358	0	2	350	379	254	0	10	450	207
2015-04-02	16:52:42	1199	47	34	354	326	52	68	344	370	0	2	346	371	258	0	10	449	207
2015-04-02	16:53:42	1199	47	34	351	325	53	68	344	382	0	2	343	365	260	0	10	449	207
2015-04-02	16:54:42	1199	47	34	348	324	56	69	341	388	0	2	340	361	262	0	10	449	208
2015-04-02	16:55:42	1199	47	34	345	323	58	69	344	394	0	2	337	358	264	0	10	449	207
2015-04-02	16:56:42	1199	46	34	343	322	61	71	342	394	0	2	335	355	265	0	10	449	208
2015-04-02	16:57:42	1199	46	34	340	321	62	71	345	391	0	2	333	352	265	0	10	449	207
2015-04-02	16:58:42	1199	46	34	338	320	65	71	345	388	0	2	332	349	265	0	10	448	207
2015-04-02	16:59:42	1199	44	34	336	319	66	72	346	379	0	2	331	346	265	0	10	448	207
2015-04-02	17:00:42	1199	44	34	335	318	69	72	346	368	0	2	331	344	265	0	10	448	207
2015-04-02	17:01:42	1199	44	34	333	318	71	72	344	356	0	2	331	342	265	0	10	448	208
2015-04-02	17:02:42	1199	43	34	333	317	72	73	347	343	0	2	331	340	265	0	10	448	207
2015-04-02	17:03:42	1199	43	34	332	316	73	73	347	328	0	2	330	338	264	0	10	447	207
2015-04-02	17:04:42	1199	43	34	331	315	76	75	347	315	0	2	329	336	264	0	10	447	207
2015-04-02	17:05:42	1199	43	34	331	315	78	75	344	299	0	2	328	334	263	0	10	447	208
2015-04-02	17:06:42	1199	43	34	331	313	79	76	347	283	0	2	328	333	263	0	10	447	207
2015-04-02	17:07:42	1199	43	34	331	313	81	77	347	267	0	2	327	331	262	0	10	446	207
2015-04-02	17:08:42	1199	43	34	330	312	83	78	347	250	0	2	326	330	262	0	10	447	207
2015-04-02	17:09:42	1199	42	34	329	311	84	78	348	232	0	2	325	329	261	0	10	446	207
2015-04-02	17:10:42	1199	42	35	329	310	87	79	348	213	0	2	324	327	261	0	10	446	207
2015-04-02	17:11:42	1199	42	35	328	309	88	79	348	195	0	2	323	326	260	0	10	445	207
2015-04-02	17:12:42	1199	43	35	328	308	90	79	347	176	0	2	322	325	259	0	10	445	207
2015-04-02	17:13:42	1199	43	35	327	307	91	80	347	157	0	2	321	323	259	0	10	445	207
2015-04-02	17:14:42	1199	43	35	327	306	92	80	347	137	0	2	320	322	258	0	10	445	207
2015-04-02	17:15:42	1199	43	35	326	305	94	80	347	116	0	2	319	321	258	0	10	444	207
2015-04-02	17:16:43	1199	44	35	325	304	95	82	346	95	0	2	318	319	257	0	10	444	207
2015-04-02	17:17:43	1199	44	35	324	303	96	82	346	74	0	2	317	318	256	0	10	444	207
2015-04-02	17:18:43	1199	44	35	324	302	98	82	346	52	0	2	317	317	256	0	10	444	207
2015-04-02	17:19:43	1199	44	35	323	301	99	83	346	29	0	2	316	316	255	0	10	443	207
2015-04-02	17:20:43	1199	46	35	322	301	100	83	345	6	0	2	315	315	255	0	10	443	207
2015-04-02	17:21:43	1199	46	35	321	300	102	83	342	-14	0	2	314	314	254	0	10	443	208
2015-04-02	17:22:43	1199	46	35	321	299	103	84	345	-38	0	2	313	313	254	0	10	443	207
2015-04-02	17:23:43	1199	46	35	320	298	104	84	345	-63	0	2	312	312	253	0	10	442	207
2015-04-02	17:24:43	1199	46	35	319	297	106	84	345	-89	0	2	312	311	253	0	10	442	207
2015-04-02	17:25:43	1199	46	35	319	296	107	85	345	-115	0	2	311	310	252	0	10	442	207
2015-04-02	17:26:43	1199	46	35	318	295	108	86	345	-139	0	2	310	309	252	0	10	441	207
2015-04-02	17:27:43	1199	46	35	317	294	108	86	345	-164	0	2	309	309	251	0	10	441	207
2015-04-02	17:28:43	1199	46	35	316	294	109	86	345	-193	0	2	309	308	251	0	10	441	207
2015-04-02	17:29:43	1199	45	35	315	294	111	87	346	-222	0	2	308	307	251	0	10	441	207
2015-04-02	17:30:43	1199	45	35	315	293	111	87	346	-252	0	2	307	306	250	0	10	440	207
2015-04-02	17:31:43	1199	44	35	314	292	112	87	344	-281	0	2	307	305	250	0	10	440	208
2015-04-02	17:32:43	1199	44	35	313	292	113	87	346	-314	0	2	307	305	249	0	10	440	207
2015-04-02	17:33:43	1199	44	35	312	291	115	88	344	-345	0	2	306	304	249	0	10	440	208
2015-04-02	17:34:43	1199	45	35	312	291	116	88	346	-379	0	2	305	303	249	0	10	439	207
2015-04-02	17:35:43	1199	44	35	311	290	116	89	344	-413	0	2	304	303	248	0	10	439	208
2015-04-02	17:36:43	1199	46	35	310	289	117	90	345	-448	0	2	304	302	248	0	10	439	207
2015-04-02	17:37:43	1199	46	36	310	288	118	90	342	-483	0	2	303	301	248	0	10	438	208
2015-04-02	17:38:43	1199	46	36	309	288	118	90	342	-516	0	2	303	301	247	0	10	438	208
2015-04-02	17:39:43	1199	46	36	308	287	120	90	345	-549	0	2	302	300	247	0	10	438	207
2015-04-02	17:40:43	1199	46	36	308	286	121	91	342	-586	0	2	302	299	247	0	10	438	208
2015-04-02	17:41:43	1199	46	36	300	275	66	88	345	-623	0	7	291	320	212	0	30	437	207
2015-04-02	17:42:43	1199	46	36	318	268	35	19	345	-623	0	7	325	506	7	0	30	437	207
2015-04-02	17:43:43	1199	46	36	323	271	35	-2	342	-623	0	7	326	554	36	0	30	437	208
2015-04-02	17:44:43	1199	46	36	324	271	37	-5	342	-645	0	7	325	571	44	0	30	437	208
2015-04-02	17:45:43	1199	46	36	327	276	38	-5	345	-665	0	7	331	580	40	0	30	436	207
2015-04-02	17:46:43	1199	46	36	331	280	40	-5	345	-681	0	7	335	589	46	0	30	436	207
2015-04-02	17:47:43	1199	46	36	335	286	40	-4	345	-694	0	7	341	597	41	0	30	436	207
2015-04-02	17:48:43	1199	46	36	341	291	41	-3	345	-701	0	7	344	603	47	0	30	436	207
2015-04-02	17:49:43	1199	46	36	346	295	41	-2	345	-700	0	7	351	609	41	0	30	436	207
2015-04-02	17:50:43	1199	45	36	350	300	40	-3	346	-695	0	7	353	616	46	0	30	435	207
2015-04-02	17:51:43	1199	45	36	354	303	39	-2	346	-689	0	7	357	621	41	0	30	435	207
2015-04-02	17:52:43	1199	45	36	356	306	38	-3	346	-680	0	7	358	626	44	0	30	435	207
2015-04-02	17:53:43	1199	45	36	358	309	38	-3	346	-668	0	7	362	631	41	0	30	435	207
2015-04-02	17:54:43	1199	46	36	361	313	39	-3	342	-655	0	7	362	634	45	0	30	435	208
2015-04-02	17:55:43	1199	46	36	364	315	38	-3	345	-638	0	7	367	639	42	0	30	435	207
2015-04-02	17:56:43	1199	45	36	366	318	34	-5	346	-618	0	7	369	643	37	0	30	434	207
2015-04-02	17:57:43	1199	44	36	368	321	30	-8	344	-597	0	7	370	650	38	0	30	434	208
2015-04-02	17:58:43	1199	44	36	370	323	27	-10	346	-574	0	7	373	653	30	0	30	434	207
2015-04-02	17:59:43	1199	44	36	372	325	26	-12	346	-547	0	7	373	658	35	0	30	434	207
2015-04-02	18:00:43	1199	44	36	374	327	25	-12	346	-520	0	7	377	660	30	0	30	433	207
2015-04-02	18:01:43	1199	44	36	376	330	24	-12	346	-491	0	7	377	663	33	0	30	433	207
2015-04-02	18:02:43	1199	44	36	378	331	23	-13	346	-460	0	7	380	667	32	0	30	433	207
2015-04-02	18:03:43	1199	44	36	380	332	22	-13	344	-427	0	7	381	669	30	0	30	433	208
2015-04-02	18:04:43	1199	44	36	381	334	22	-13	346	-393	0	7	382	673	33	0	30	433	207
2015-04-02	18:05:43	1199	44	36	383	335	22	-13	346	-355	0	7	384	674	29	0	30	432	207
2015-04-02	18:06:43	1199	44	37	384	336	22	-13	346	-317	0	7	385	677	32	0	30	432	207
2015-04-02	18:07:43	1199	44	37	386	338	21	-14	344	-278	0	7	386	678	30	0	30	432	208
2015-04-02	18:08:43	1199	44	37	386	339	21	-14	346	-238	0	7	386	680	29	0	30	431	207
2015-04-02	18:09:43	1199	44	37	387	340	21	-15	346	-195	0	7	387	684	30	0	30	431	207
2015-04-02	18:10:43	1199	44	37	388	341	19	-15	344	-154	0	7	389	684	26	0	30	431	208
2015-04-02	18:11:43	1199	44	37	389	343	18	-15	346	-109	0	7	389	688	30	0	30	431	207
2015-04-02	18:12:43	1199	44	37	390	344	18	-17	344	-64	0	7	390	691	29	0	30	431	208
2015-04-02	18:13:43	1199	44	37	391	345	16	-17	344	-18	0	7	392	691	23	0	30	430	208
2015-04-02	18:14:43	1199	44	37	392	344	16	-6	344	27	0	2	396	679	41	0	10	430	208
2015-04-02	18:15:43	1199	44	37	391	343	19	12	344	74	0	2	411	615	76	0	10	430	208
2015-04-02	18:16:43	1199	44	37	392	343	24	20	344	119	0	2	419	556	109	0	10	430	208
2015-04-02	18:17:43	1199	44	37	393	342	27	27	344	168	0	2	417	507	142	0	10	430	208
2015-04-02	18:18:43	1199	44	37	393	341	30	37	346	215	0	2	411	474	166	0	10	429	207
2015-04-02	18:19:43	1199	44	37	392	340	32	47	344	263	0	2	403	451	186	0	10	429	208
2015-04-02	18:20:43	1199	44	37	389	338	35	53	344	310	0	2	395	434	206	0	10	429	208
2015-04-02	18:21:43	1199	44	37	386	336	37	58	344	354	0	2	386	420	223	0	10	429	208
2015-04-02	18:22:43	1199	44	37	382	335	40	60	346	395	0	2	378	409	235	0	10	428	207
2015-04-02	18:23:43	1199	44	37	376	333	42	62	344	430	0	2	370	398	243	0	10	428	208
2015-04-02	18:24:43	1199	44	37	371	331	44	63	344	460	0	2	364	389	250	0	10	428	208
2015-04-02	18:25:43	1199	43	37	366	331	47	65	347	483	0	2	360	382	255	0	10	427	207
2015-04-02	18:26:43	1199	43	37	362	330	49	66	344	503	0	2	356	373	258	0	10	427	208
2015-04-02	18:27:43	1199	43	37	358	329	52	68	344	519	0	2	352	367	261	0	10	426	208
2015-04-02	18:28:43	1199	43	37	356	328	54	68	347	533	0	2	348	363	263	0	10	426	207
2015-04-02	18:29:43	1199	42	37	352	327	56	68	345	543	0	2	345	358	264	0	10	425	208
2015-04-02	18:30:43	1199	41	37	349	325	59	69	346	549	0	2	343	356	265	0	10	425	208
2015-04-02	18:31:44	1199	41	37	347	325	61	69	346	551	0	2	341	353	266	0	10	423	208
2015-04-02	18:32:44	1199	41	37	344	324	62	70	346	551	0	2	339	351	266	0	10	423	208
2015-04-02	18:33:44	1199	41	37	342	323	65	71	346	548	0	2	338	348	266	0	10	422	208
2015-04-02	18:34:44	1199	41	37	341	322	66	71	346	544	0	2	336	346	266	0	10	421	208
2015-04-02	18:35:44	1199	40	37	339	321	69	72	347	537	0	2	335	343	266	0	10	420	208
2015-04-02	18:36:44	1199	40	37	338	320	71	72	347	529	0	14	334	342	265	0	20	420	208
2015-04-02	18:37:44	1199	40	37	375	382	26	42	347	521	0	15	419	571	18	0	20	419	208
2015-04-02	18:38:44	1199	40	37	453	448	27	9	347	513	0	15	478	670	9	0	20	418	208
2015-04-02	18:39:44	1199	40	37	505	481	26	2	347	505	0	15	523	745	34	0	20	417	208
2015-04-02	18:40:44	1199	40	37	540	503	27	2	347	497	0	15	550	791	46	0	20	418	208
2015-04-02	18:41:44	1199	40	37	562	517	29	4	347	489	0	15	570	822	49	0	20	420	208
2015-04-02	18:42:44	1199	40	37	576	527	29	5	347	481	0	15	583	845	49	0	20	421	208
2015-04-02	18:43:44	1199	40	37	586	535	30	6	347	473	0	15	590	862	50	0	20	424	208
2015-04-02	18:44:44	1199	40	37	593	542	30	8	347	465	0	15	597	877	52	0	20	428	208
2015-04-02	18:45:44	1199	40	37	599	546	29	8	347	457	0	15	603	890	52	0	20	432	208
2015-04-02	18:46:44	1199	40	37	603	552	29	8	347	449	0	15	607	901	52	0	20	437	208
2015-04-02	18:47:44	1199	40	37	608	556	29	8	347	441	0	15	612	911	53	0	20	441	208
2015-04-02	18:48:44	1199	40	37	612	560	29	9	347	433	0	15	617	921	53	0	20	446	208
2015-04-02	18:49:44	1199	40	37	617	564	29	9	347	425	0	15	622	931	54	0	20	450	208
2015-04-02	18:50:44	1199	40	37	621	568	30	10	347	417	0	15	624	939	56	0	20	455	208
2015-04-02	18:51:44	1199	40	37	623	568	30	22	347	417	0	2	632	917	71	0	10	459	208
2015-04-02	18:52:44	1199	40	37	622	565	35	35	347	417	162	2	660	819	110	0	10	464	208
2015-04-02	18:53:44	1199	39	37	622	416	39	41	347	417	0	2	650	714	167	0	10	467	208
2015-04-02	18:54:44	1199	39	37	608	325	43	47	347	689	0	2	622	645	208	0	10	470	208
2015-04-02	18:55:44	1199	39	37	588	311	47	60	347	942	0	2	600	604	236	0	10	472	208
2015-04-02	18:56:44	1199	39	37	562	306	50	71	347	1000	0	2	570	570	257	0	10	474	208
2015-04-02	18:57:44	1199	39	37	488	304	53	76	347	1000	0	2	513	541	272	0	10	474	208
2015-04-02	18:58:44	1199	38	37	409	302	56	80	347	1000	0	2	453	518	283	0	10	475	208
2015-04-02	18:59:44	1199	39	37	364	301	59	83	347	1000	0	2	408	499	292	0	10	475	208
2015-04-02	19:00:44	1199	39	37	344	301	62	84	347	1000	0	2	376	483	298	0	10	475	208
2015-04-02	19:01:44	1199	39	37	332	301	65	85	347	991	0	2	358	471	303	0	10	475	208
2015-04-02	19:02:44	1199	38	37	326	300	68	86	347	973	0	2	344	460	306	0	10	475	208
2015-04-02	19:03:44	1199	38	37	321	300	71	87	347	950	0	2	335	451	309	0	10	474	208
2015-04-02	19:04:45	1199	38	37	318	299	72	87	347	923	0	2	329	444	310	0	10	473	208
2015-04-02	19:05:45	1199	38	37	316	298	75	87	347	893	0	2	324	437	311	0	10	473	208
2015-04-02	19:06:45	1199	38	37	314	298	78	88	347	861	0	2	320	431	312	0	10	472	208
2015-04-02	19:07:45	1199	39	37	313	297	80	89	347	827	0	2	317	426	312	0	10	472	208
2015-04-02	19:08:45	1199	39	37	311	296	83	90	347	792	0	2	315	421	311	0	10	471	208
2015-04-02	19:09:45	1199	39	37	310	296	84	90	347	756	0	2	313	418	311	0	10	470	208
2015-04-02	19:10:45	1199	39	37	309	295	87	91	347	719	0	2	311	414	310	0	10	470	208
2015-04-02	19:11:45	1199	39	37	308	295	89	92	347	681	0	2	310	411	309	0	10	469	208
2015-04-02	19:12:45	1199	39	37	308	294	91	92	347	642	0	2	309	407	308	0	10	468	208
2015-04-02	19:13:45	1199	39	37	307	294	93	93	347	602	0	2	308	404	307	0	10	467	208
2015-04-02	19:14:45	1199	38	38	306	294	95	94	347	562	0	2	307	401	305	0	10	466	208
2015-04-02	19:15:45	1199	38	38	307	294	96	95	347	521	0	2	307	398	304	0	10	465	208
2015-04-02	19:16:45	1199	38	38	305	294	99	95	347	480	0	2	306	395	303	0	10	464	208
2015-04-02	19:17:45	1199	38	38	305	294	100	96	347	438	0	2	306	392	302	0	10	463	208
2015-04-02	19:18:45	1199	38	38	305	293	103	97	347	396	0	2	305	389	301	0	10	463	208
2015-04-02	19:19:45	1199	38	38	304	293	104	98	347	356	0	2	305	386	300	0	10	462	208
2015-04-02	19:20:45	1199	38	38	304	292	106	99	347	313	0	2	304	385	298	0	10	461	208
2015-04-02	19:21:45	1199	38	38	304	292	108	99	347	270	0	2	304	382	297	0	10	461	208
2015-04-02	19:22:45	1199	38	38	303	291	109	100	347	226	0	2	303	379	296	0	10	460	208
2015-04-02	19:23:45	1199	38	38	303	291	111	100	347	182	0	2	303	377	295	0	10	460	208
2015-04-02	19:24:45	1199	38	38	303	290	112	102	347	138	0	2	302	374	294	0	10	460	208
2015-04-02	19:25:45	1199	38	38	303	290	113	102	347	94	0	2	302	372	294	0	10	459	208
2015-04-02	19:26:45	1199	38	38	302	289	116	103	347	49	0	2	302	370	293	0	10	459	208
2015-04-02	19:27:45	1199	37	38	302	288	117	103	348	3	0	2	301	368	292	0	10	459	208
2015-04-02	19:28:45	1199	37	38	302	288	118	104	348	-43	0	2	301	366	291	0	10	459	208
2015-04-02	19:29:45	1199	37	37	301	287	120	105	348	-89	0	2	301	365	290	0	10	458	208
2015-04-02	19:30:45	1199	37	37	301	286	121	106	348	-136	0	2	300	363	289	0	10	458	208
2015-04-02	19:31:45	1199	37	37	301	286	122	106	348	-183	0	2	300	361	288	0	10	458	208
2015-04-02	19:32:45	1199	37	37	301	285	123	107	348	-230	0	2	299	360	288	0	10	458	208
2015-04-02	19:33:45	1199	37	37	300	284	125	108	348	-277	0	2	299	358	287	0	10	458	208
2015-04-02	19:34:45	1199	37	37	300	284	126	108	348	-325	0	2	299	358	286	0	10	458	208
2015-04-02	19:35:45	1199	37	37	300	283	127	109	348	-373	0	2	298	357	286	0	10	458	208
2015-04-02	19:36:45	1199	37	37	299	282	128	109	348	-421	0	2	298	355	285	0	10	458	208
2015-04-02	19:37:45	1199	37	37	299	281	129	111	348	-470	0	2	297	354	284	0	10	457	208
2015-04-02	19:38:45	1199	37	37	299	280	131	111	348	-519	0	2	297	353	284	0	10	457	208
2015-04-02	19:39:45	1199	37	37	299	280	131	112	348	-568	0	2	297	352	283	0	10	457	208
2015-04-02	19:40:45	1199	37	37	291	266	65	105	348	-617	0	7	284	384	225	0	30	457	208
2015-04-02	19:41:45	1199	37	37	311	262	37	24	348	-617	0	7	319	526	9	0	30	457	208
2015-04-02	19:42:45	1199	37	37	319	267	35	1	348	-617	0	7	324	569	28	0	30	457	208
2015-04-02	19:43:45	1199	37	37	322	268	37	-4	348	-644	0	7	323	588	45	0	30	457	208
2015-04-02	19:44:45	1199	37	37	324	273	38	-5	348	-670	0	7	330	596	38	0	30	457	208
2015-04-02	19:45:46	1199	37	37	330	278	40	-5	348	-691	0	7	332	605	46	0	30	457	208
2015-04-02	19:46:46	1199	37	37	334	283	40	-4	348	-708	0	7	339	610	41	0	30	457	208
2015-04-02	19:47:46	1199	37	37	339	289	41	-3	348	-720	0	7	342	616	47	0	30	457	208
2015-04-02	19:48:46	1199	37	37	344	294	41	-1	348	-727	0	7	349	622	43	0	30	457	208
2015-04-02	19:49:46	1199	37	37	348	297	40	-1	348	-729	0	7	351	626	45	0	30	458	208
2015-04-02	19:50:46	1199	37	37	352	301	39	-3	348	-727	0	7	355	631	43	0	30	457	208
2015-04-02	19:51:46	1199	37	37	355	304	38	-3	348	-722	0	7	357	633	41	0	30	457	208
2015-04-02	19:52:46	1199	37	37	358	307	38	-3	348	-714	0	7	359	640	46	0	30	457	208
2015-04-02	19:53:46	1199	37	37	360	310	39	-2	348	-704	0	7	362	641	41	0	30	457	208
2015-04-02	19:54:46	1199	37	37	363	313	38	-2	348	-691	0	7	364	646	46	0	30	457	208
2015-04-02	19:55:46	1199	37	37	365	316	34	-3	348	-675	0	7	368	650	36	0	30	457	208
2015-04-02	19:56:46	1199	37	37	367	319	30	-6	348	-657	0	7	368	653	37	0	30	457	208
2015-04-02	19:57:46	1199	37	37	369	321	27	-10	348	-637	0	7	370	659	37	0	30	457	208
2015-04-02	19:58:46	1199	37	37	371	324	26	-11	348	-615	0	7	373	660	29	0	30	457	208
2015-04-02	19:59:46	1199	37	37	373	326	24	-12	348	-591	0	7	373	664	35	0	30	457	208
2015-04-02	20:00:46	1199	37	37	375	328	24	-12	348	-565	0	7	377	667	32	0	30	457	208
2015-04-02	20:01:46	1199	37	37	377	330	23	-12	348	-537	0	7	378	669	30	0	30	457	208
2015-04-02	20:02:46	1199	37	37	379	331	22	-13	348	-507	0	7	379	673	34	0	30	457	208
2015-04-02	20:03:46	1199	37	37	381	332	22	-13	348	-476	0	7	382	673	29	0	30	457	208
2015-04-02	20:04:46	1199	37	37	382	334	22	-13	348	-443	0	7	382	677	32	0	30	457	208
2015-04-02	20:05:46	1199	37	37	383	335	22	-13	348	-409	0	7	384	680	32	0	30	457	208
2015-04-02	20:06:46	1199	37	37	385	336	21	-13	348	-373	0	7	386	680	29	0	30	457	208
2015-04-02	20:07:46	1199	37	37	386	338	21	-13	348	-336	0	7	386	682	32	0	30	457	208
2015-04-02	20:08:46	1199	37	37	386	339	21	-14	348	-298	0	7	387	684	30	0	30	457	208
2015-04-02	20:09:46	1199	37	37	387	340	19	-15	348	-260	0	7	388	685	26	0	30	457	208
2015-04-02	20:10:46	1199	37	37	388	341	18	-15	348	-220	0	7	388	688	30	0	30	457	208
2015-04-02	20:11:46	1199	37	37	389	342	18	-15	348	-180	0	7	389	691	30	0	30	457	208
2015-04-02	20:12:46	1199	36	37	390	343	17	-17	350	-139	0	7	391	691	24	0	30	457	208
2015-04-02	20:13:46	1199	36	37	391	344	16	-17	350	-99	0	7	390	694	27	0	30	457	208
2015-04-02	20:14:46	1199	35	37	392	346	15	-19	351	-59	0	7	391	696	29	0	30	457	208
2015-04-02	20:15:46	1199	35	37	393	346	16	-17	351	-18	0	7	393	696	24	0	30	456	208
2015-04-02	20:16:46	1199	35	37	393	346	15	-4	351	24	0	2	393	679	42	0	10	456	208
2015-04-02	20:17:46	1199	35	37	392	345	19	11	351	66	0	2	401	615	78	0	10	456	208
2015-04-02	20:18:46	1199	35	37	392	345	23	19	351	107	0	2	407	557	113	0	10	456	208
2015-04-02	20:19:46	1199	35	37	391	344	27	27	351	148	0	2	405	511	145	0	10	456	208
2015-04-02	20:20:46	1199	35	37	389	343	30	37	351	188	0	2	401	479	173	0	10	456	208
2015-04-02	20:21:46	1199	35	37	386	342	32	46	351	225	0	2	394	458	200	0	10	456	208
2015-04-02	20:22:46	1199	35	37	382	340	34	52	351	259	0	2	386	441	221	0	10	455	208
2015-04-02	20:23:46	1199	35	37	379	338	37	55	351	289	0	2	379	425	234	0	10	455	208
2015-04-02	20:24:46	1199	35	37	375	336	39	58	351	315	0	2	371	414	244	0	10	455	208
2015-04-02	20:25:46	1199	35	37	371	335	43	60	351	337	0	2	365	403	252	0	10	455	208
2015-04-02	20:26:46	1199	35	37	367	333	44	62	347	355	0	2	360	394	257	0	10	455	209
2015-04-02	20:27:46	1199	35	37	363	332	47	63	351	369	0	2	356	386	261	0	10	455	208
2015-04-02	20:28:46	1199	35	37	359	331	50	65	347	379	0	2	353	379	264	0	10	454	209
2015-04-02	20:29:46	1199	35	37	357	331	52	66	351	390	0	2	349	373	267	0	10	454	208
2015-04-02	20:30:46	1199	35	37	354	329	55	66	351	395	0	2	346	367	268	0	10	454	208
2015-04-02	20:31:46	1199	34	37	351	328	56	67	351	397	0	2	344	363	269	0	10	453	208
2015-04-02	20:32:46	1199	34	37	348	327	59	68	351	396	0	2	342	360	270	0	10	453	208
2015-04-02	20:33:46	1199	34	37	346	327	61	68	351	393	0	2	340	358	271	0	10	452	208
2015-04-02	20:34:46	1199	34	37	344	326	63	68	351	387	0	2	339	355	271	0	10	451	208
2015-04-02	20:35:46	1199	34	37	342	325	65	69	351	379	0	2	338	353	271	0	10	450	208
2015-04-02	20:36:46	1199	34	37	341	324	68	69	351	370	0	2	337	351	271	0	10	449	208
2015-04-02	20:37:46	1199	34	37	340	323	69	71	351	359	0	2	336	349	270	0	10	446	208
2015-04-02	20:38:46	1199	34	37	339	322	71	71	348	350	0	2	335	347	270	0	10	444	209
2015-04-02	20:39:46	1199	34	37	338	321	73	72	351	340	0	2	335	344	269	0	10	441	208
2015-04-02	20:40:46	1199	34	37	337	320	75	72	351	327	0	2	334	342	269	0	10	437	208
2015-04-02	20:41:46	1199	33	37	336	320	77	72	351	313	0	2	333	341	268	0	10	434	208
2015-04-02	20:42:46	1199	33	37	336	319	79	73	351	298	0	2	332	339	268	0	10	430	208
2015-04-02	20:43:46	1199	32	37	335	318	80	74	352	286	0	2	331	337	267	0	10	427	208
2015-04-02	20:44:46	1199	32	37	335	317	82	75	352	269	0	2	331	335	266	0	10	425	208
2015-04-02	20:45:46	1199	32	37	334	316	84	76	352	252	0	2	330	334	266	0	10	423	208
2015-04-02	20:46:46	1199	32	37	334	315	86	76	352	234	0	2	329	332	265	0	10	421	208
2015-04-02	20:47:46	1199	32	37	333	314	87	76	352	217	0	2	328	331	265	0	10	420	208
2015-04-02	20:48:46	1199	32	37	332	313	88	78	352	197	0	2	327	330	264	0	10	420	208
2015-04-02	20:49:46	1199	32	37	330	378	74	75	352	177	0	15	322	329	264	0	20	419	208
2015-04-02	20:50:46	1199	32	37	422	390	30	30	352	157	0	15	447	602	14	0	20	419	208
2015-04-02	20:51:46	1199	32	37	482	456	29	9	352	137	0	15	505	705	12	0	20	419	208
2015-04-02	20:52:46	1199	32	37	526	495	30	4	350	117	0	15	543	773	46	0	20	420	209
2015-04-02	20:53:46	1199	32	37	556	518	32	6	352	97	0	15	567	813	49	0	20	421	208
2015-04-02	20:54:46	1199	32	37	575	531	33	8	352	77	0	15	583	840	53	0	20	424	208
2015-04-02	20:55:46	1199	32	37	589	539	34	9	352	57	0	15	595	862	55	0	20	428	208
2015-04-02	20:56:46	1199	32	37	597	547	35	11	352	37	0	15	604	879	56	0	20	433	208
2015-04-02	20:57:46	1199	32	37	605	554	34	11	350	17	0	15	611	894	55	0	20	438	209
2015-04-02	20:58:46	1199	31	37	611	559	33	11	350	-3	0	15	616	907	57	0	20	444	209
2015-04-02	20:59:46	1199	30	37	616	564	34	12	351	-23	0	15	621	919	58	0	20	449	209
2015-04-02	21:00:46	1199	30	37	620	568	32	13	354	-43	0	15	626	928	58	0	20	453	208
2015-04-02	21:01:47	1199	30	37	600	311	32	11	354	-63	0	7	558	867	54	0	30	458	208
2015-04-02	21:02:47	1199	30	37	386	299	33	-2	354	-63	0	7	360	707	43	0	30	463	208
2015-04-02	21:03:47	1199	30	37	351	284	34	-6	354	-63	0	7	344	675	42	0	30	466	208
2015-04-02	21:04:47	1199	30	37	342	288	31	-8	354	-63	0	7	343	663	32	0	30	469	208
2015-04-02	21:05:47	1199	30	37	344	292	29	-9	354	-75	0	7	345	662	36	0	30	471	208
2015-04-02	21:06:47	1199	30	37	348	301	27	-11	351	-85	0	7	352	666	35	0	30	473	209
2015-04-02	21:07:47	1199	30	37	357	311	27	-12	354	-85	0	7	361	671	30	0	30	474	208
2015-04-02	21:08:47	1199	30	37	363	317	26	-12	351	-80	0	7	365	677	35	0	30	474	209
2015-04-02	21:09:47	1199	30	37	367	318	26	-12	354	-69	0	7	368	678	35	0	30	474	208
2015-04-02	21:10:47	1199	30	37	368	319	26	-11	354	-55	0	7	369	677	31	0	30	474	208
2015-04-02	21:11:47	1199	30	37	369	320	26	-12	354	-40	0	7	370	677	34	0	30	474	208
2015-04-02	21:12:47	1199	29	37	370	322	25	-12	351	-25	0	7	372	678	34	0	30	474	209
2015-04-02	21:13:47	1199	29	37	373	325	24	-12	354	-5	0	7	374	678	30	0	30	473	208
2015-04-02	21:14:47	1199	29	37	375	326	24	2	354	15	0	2	378	662	48	0	10	472	208
2015-04-02	21:15:47	1199	29	36	375	325	28	21	354	36	0	2	388	604	83	0	10	472	208
2015-04-02	21:16:47	1199	29	36	376	325	32	29	354	57	0	2	394	552	115	0	10	471	208
2015-04-02	21:17:47	1199	29	36	375	325	37	35	351	78	0	2	393	509	146	0	10	470	209
2015-04-02	21:18:47	1199	29	36	374	324	40	44	351	99	0	2	388	478	171	0	10	469	209
2015-04-02	21:19:47	1199	29	36	373	324	41	53	354	119	0	2	383	458	199	0	10	468	208
2015-04-02	21:20:47	1199	29	36	370	322	43	59	354	139	0	2	374	442	222	0	10	467	208
2015-04-02	21:21:47	1199	29	36	366	321	45	62	354	156	0	2	366	428	236	0	10	466	208
2015-04-02	21:22:47	1199	29	36	363	319	47	65	351	167	0	2	360	417	247	0	10	465	209
2015-04-02	21:23:47	1199	29	36	359	318	50	66	354	174	0	2	355	407	254	0	10	464	208
2015-04-02	21:24:47	1199	29	36	357	316	53	68	354	181	0	2	350	399	260	0	10	463	208
2015-04-02	21:25:47	1199	28	36	353	315	55	71	351	185	0	2	346	391	265	0	10	462	209
2015-04-02	21:26:47	1199	27	36	349	314	58	72	351	185	0	2	341	385	268	0	10	461	209
2015-04-02	21:27:47	1199	27	36	346	313	59	73	351	180	0	2	337	379	270	0	10	460	209
2015-04-02	21:28:47	1199	27	36	343	312	62	73	351	174	0	2	334	373	272	0	10	459	209
2015-04-02	21:29:47	1199	27	36	340	311	64	75	353	165	0	2	331	368	273	0	10	458	208
2015-04-02	21:30:47	1199	27	36	337	311	66	75	351	153	0	2	329	364	274	0	10	457	209
2015-04-02	21:31:47	1199	27	36	335	310	68	76	351	138	0	2	327	361	275	0	10	457	209
2015-04-02	21:32:47	1199	27	36	333	310	71	76	351	121	0	2	325	358	275	0	10	456	209
2015-04-02	21:33:47	1199	27	36	331	309	72	76	351	100	0	2	324	357	275	0	10	455	209
2015-04-02	21:34:47	1199	27	36	330	308	75	78	351	80	0	2	323	355	275	0	10	454	209
2015-04-02	21:35:47	1199	27	36	328	308	76	78	351	58	0	2	322	352	274	0	10	453	209
2015-04-02	21:36:47	1199	27	36	326	307	78	79	351	34	0	2	321	350	274	0	10	452	209
2015-04-02	21:37:47	1199	27	36	325	307	80	79	351	9	0	2	320	348	273	0	10	451	209
2015-04-02	21:38:47	1199	26	36	324	306	82	80	351	-17	0	2	319	347	273	0	10	450	209
2015-04-02	21:39:47	1199	26	36	323	306	83	80	351	-44	0	2	319	344	272	0	10	449	209
2015-04-02	21:40:47	1199	26	36	323	305	86	81	351	-72	0	2	318	343	272	0	10	448	209
2015-04-02	21:41:47	1199	26	36	322	305	87	82	351	-101	0	2	317	341	271	0	10	446	209
2015-04-02	21:42:47	1199	26	36	321	304	88	82	351	-130	0	2	316	339	270	0	10	445	209
2015-04-02	21:43:47	1199	26	36	321	303	90	83	351	-160	0	2	316	338	269	0	10	444	209
2015-04-02	21:44:47	1199	26	36	320	303	92	83	351	-193	0	2	315	336	269	0	10	444	209
2015-04-02	21:45:47	1199	26	35	320	302	93	83	351	-224	0	2	314	335	268	0	10	444	209
2015-04-02	21:46:47	1199	26	35	319	302	95	83	351	-256	0	2	313	333	267	0	10	444	209
2015-04-02	21:47:47	1199	26	35	319	301	96	84	351	-291	0	2	312	332	267	0	10	443	209
2015-04-02	21:48:47	1199	26	35	318	300	98	84	351	-323	0	2	312	331	266	0	10	444	209
2015-04-02	21:49:47	1199	26	35	318	300	99	84	351	-356	0	2	311	331	265	0	10	444	209
2015-04-02	21:50:47	1199	25	35	317	299	100	86	351	-389	0	2	310	329	264	0	10	444	209
2015-04-02	21:51:47	1199	25	35	317	299	103	86	351	-426	0	2	310	328	264	0	10	444	209
2015-04-02	21:52:47	1199	24	35	316	297	104	86	351	-461	0	2	309	327	263	0	10	444	209
2015-04-02	21:53:47	1199	24	35	316	297	106	87	351	-496	0	2	308	325	262	0	10	444	209
2015-04-02	21:54:47	1199	24	35	315	296	106	87	351	-532	0	2	307	324	262	0	10	445	209
2015-04-02	21:55:47	1199	24	35	314	295	108	87	351	-568	0	2	307	323	261	0	10	445	209
2015-04-02	21:56:47	1199	24	35	306	281	58	83	351	-605	0	7	297	340	231	0	30	445	209
2015-04-02	21:57:47	1199	24	35	323	275	34	18	351	-605	0	7	330	521	6	0	30	445	209
2015-04-02	21:58:47	1199	24	35	331	279	32	-3	351	-605	0	7	334	567	30	0	30	445	209
2015-04-02	21:59:47	1199	24	35	333	281	34	-6	351	-625	0	7	334	586	41	0	30	445	209
2015-04-02	22:00:47	1199	24	35	336	286	35	-6	351	-642	0	7	342	596	37	0	30	445	209
2015-04-02	22:01:47	1199	24	35	340	290	37	-6	351	-655	0	7	344	603	42	0	30	446	209
2015-04-02	22:02:47	1199	24	35	346	295	37	-6	354	-664	0	7	350	612	40	0	30	446	208
2015-04-02	22:03:47	1199	24	35	351	300	37	-5	351	-667	0	7	353	618	42	0	30	446	209
2015-04-02	22:04:47	1199	24	35	355	305	37	-5	351	-666	0	7	358	626	41	0	30	446	209
2015-04-02	22:05:47	1199	24	35	358	309	36	-5	351	-660	0	7	361	629	39	0	30	446	209
2015-04-02	22:06:47	1199	23	35	362	313	35	-5	354	-651	0	7	364	636	42	0	30	446	208
2015-04-02	22:07:47	1199	23	35	365	316	35	-5	354	-642	0	7	368	640	38	0	30	446	208
2015-04-02	22:08:47	1199	22	35	368	319	35	-5	353	-627	0	7	369	645	41	0	30	447	208
2015-04-02	22:09:47	1199	22	35	371	323	36	-5	353	-609	0	7	374	649	40	0	30	447	208
2015-04-02	22:10:47	1199	22	34	374	326	35	-5	351	-587	0	7	375	653	41	0	30	447	209
2015-04-02	22:11:47	1199	22	34	377	328	30	-6	351	-563	0	7	379	658	36	0	30	447	209
2015-04-02	22:12:47	1199	22	34	379	331	27	-8	353	-536	0	7	381	662	32	0	30	447	208
2015-04-02	22:13:47	1199	22	34	381	332	25	-12	351	-509	0	7	382	667	35	0	30	447	209
2015-04-02	22:14:47	1199	22	34	383	334	23	-12	351	-480	0	7	385	670	30	0	30	447	209
2015-04-02	22:15:47	1199	22	34	385	336	22	-13	351	-447	0	7	386	673	30	0	30	447	209
2015-04-02	22:16:47	1199	21	34	386	339	22	-13	351	-414	0	7	386	677	33	0	30	447	209
2015-04-02	22:17:48	1199	21	34	388	340	22	-14	351	-378	0	7	389	680	30	0	30	447	209
2015-04-02	22:18:48	1199	21	34	389	342	21	-13	351	-341	0	7	390	681	29	0	30	447	209
2015-04-02	22:19:48	1199	21	34	391	343	21	-13	354	-305	0	7	391	685	31	0	30	